java.util.concurrent.TimeoutException: Future timed out after [30 seconds]
  scala.concurrent.Future$.timeoutError(Future.scala:581)
  scala.concurrent.impl.Promise$DefaultPromise.tryAwait0(Promise.scala:258)
  scala.concurrent.impl.Promise$DefaultPromise.result(Promise.scala:271)
  scala.concurrent.Await$.$anonfun$result$1(package.scala:208)
  scala.concurrent.BlockContext$DefaultBlockContext$.blockOn(BlockContext.scala:62)
  scala.concurrent.Await$.result(package.scala:125)
  bloop.rifle.internal.Operations$.timeout(Operations.scala:534)
  bloop.rifle.internal.Operations$.about(Operations.scala:503)
  bloop.rifle.BloopRifle$.getCurrentBloopVersion(BloopRifle.scala:158)
  bloop.rifle.BloopServer$.ensureBloopRunning(BloopServer.scala:112)
  bloop.rifle.BloopServer$.bsp(BloopServer.scala:156)
  bloop.rifle.BloopServer$.buildServer(BloopServer.scala:186)
  scala.build.bsp.BspImpl.$anonfun$10(BspImpl.scala:424)
  scala.build.compiler.BloopCompiler.<init>(BloopCompiler.scala:12)
  scala.build.bsp.BspImpl.newBloopSession(BspImpl.scala:429)
  scala.build.bsp.BspImpl.run(BspImpl.scala:465)
  scala.cli.commands.bsp.Bsp$.runCommand$$anonfun$1(Bsp.scala:184)
  scala.runtime.function.JProcedure1.apply(JProcedure1.java:15)
  scala.runtime.function.JProcedure1.apply(JProcedure1.java:10)
  scala.build.bsp.BspThreads$.withThreads(BspThreads.scala:23)
  scala.cli.commands.bsp.Bsp$.runCommand(Bsp.scala:173)
  scala.cli.commands.bsp.Bsp$.runCommand(Bsp.scala:75)
  scala.cli.commands.ScalaCommand.run(ScalaCommand.scala:400)
  scala.cli.commands.ScalaCommand.run(ScalaCommand.scala:381)
  caseapp.core.app.CaseApp.main(CaseApp.scala:166)
  scala.cli.commands.ScalaCommand.main(ScalaCommand.scala:366)
  caseapp.core.app.CommandsEntryPoint.main(CommandsEntryPoint.scala:370)
  scala.cli.ScalaCliCommands.main(ScalaCliCommands.scala:125)
  scala.cli.ScalaCli$.main0$$anonfun$1(ScalaCli.scala:338)
  scala.runtime.function.JProcedure1.apply(JProcedure1.java:15)
  scala.runtime.function.JProcedure1.apply(JProcedure1.java:10)
  scala.build.EitherCps$Helper.apply(EitherCps.scala:19)
  scala.cli.ScalaCli$.main0(ScalaCli.scala:239)
  scala.cli.ScalaCli$.main(ScalaCli.scala:123)
  scala.cli.ScalaCli.main(ScalaCli.scala)
