2025.12.15 15:59:11 INFO  Started: Metals version 1.6.4 in folders '/home/casperh/GitHub/Computer-Science-ITU/advanced-programming/excercises/07-prop' for client Visual Studio Code 1.105.1.
2025.12.15 15:59:13 WARN  Using H2 2.4.240 which is newer than the version Flyway has been verified with. The latest verified version of H2 is 2.3.232.
2025.12.15 15:59:13 INFO  no build target found for /home/casperh/GitHub/Computer-Science-ITU/advanced-programming/excercises/07-prop/Exercises.scala. Using presentation compiler with project's scala-library version: 3.3.6
2025.12.15 15:59:13 INFO  Attempting to connect to the build server...
2025.12.15 15:59:13 INFO  Running BSP server List(/usr/local/bin/scala-cli, bsp, --json-options, /home/casperh/GitHub/Computer-Science-ITU/advanced-programming/excercises/07-prop/.scala-build/ide-options-v2.json, --json-launcher-options, /home/casperh/GitHub/Computer-Science-ITU/advanced-programming/excercises/07-prop/.scala-build/ide-launcher-options.json, --envs-file, /home/casperh/GitHub/Computer-Science-ITU/advanced-programming/excercises/07-prop/.scala-build/ide-envs.json, /home/casperh/GitHub/Computer-Science-ITU/advanced-programming/excercises/07-prop)
2025.12.15 15:59:14 INFO  tracing is disabled for protocol BSP, to enable tracing of incoming and outgoing JSON messages create an empty file at /home/casperh/GitHub/Computer-Science-ITU/advanced-programming/excercises/07-prop/.metals/bsp.trace.json or /home/casperh/.cache/metals/bsp.trace.json
2025.12.15 15:59:15 INFO  BSP server: Starting compilation server
Dec 15, 2025 3:59:17 PM org.eclipse.lsp4j.jsonrpc.RemoteEndpoint handleCancellation
WARNING: Unmatched cancel notification for request id 3
Dec 15, 2025 3:59:17 PM org.eclipse.lsp4j.jsonrpc.RemoteEndpoint handleCancellation
WARNING: Unmatched cancel notification for request id 2
Dec 15, 2025 3:59:17 PM org.eclipse.lsp4j.jsonrpc.RemoteEndpoint handleCancellation
WARNING: Unmatched cancel notification for request id 1
2025.12.15 15:59:17 WARN  no build target for: /home/casperh/GitHub/Computer-Science-ITU/advanced-programming/excercises/07-prop/Exercises.scala
2025.12.15 15:59:17 INFO  no build target found for /home/casperh/GitHub/Computer-Science-ITU/advanced-programming/excercises/07-prop/Exercises.scala. Using presentation compiler with project's scala-library version: 3.3.6
2025.12.15 15:59:18 INFO  no build target found for /home/casperh/GitHub/Computer-Science-ITU/advanced-programming/excercises/07-prop/Exercises.scala. Using presentation compiler with project's scala-library version: 3.3.6
2025.12.15 15:59:25 INFO  no build target found for /home/casperh/GitHub/Computer-Science-ITU/advanced-programming/excercises/07-prop/Exercises.scala. Using presentation compiler with project's scala-library version: 3.3.6
2025.12.15 15:59:27 INFO  no build target found for /home/casperh/GitHub/Computer-Science-ITU/advanced-programming/excercises/07-prop/Exercises.scala. Using presentation compiler with project's scala-library version: 3.3.6
2025.12.15 15:59:47 INFO  BSP server: Error: java.util.concurrent.TimeoutException: Future timed out after [30 seconds]
2025.12.15 15:59:47 INFO  BSP server: For more details, please see '/home/casperh/GitHub/Computer-Science-ITU/advanced-programming/excercises/07-prop/.scala-build/stacktraces/1765810787-18344490426746102915.log'
2025.12.15 16:00:14 ERROR Timeout waiting for 'build/initialize' response
2025.12.15 16:00:14 WARN  Retrying connection to the build server scala-cli
2025.12.15 16:00:14 INFO  Running BSP server List(/usr/local/bin/scala-cli, bsp, --json-options, /home/casperh/GitHub/Computer-Science-ITU/advanced-programming/excercises/07-prop/.scala-build/ide-options-v2.json, --json-launcher-options, /home/casperh/GitHub/Computer-Science-ITU/advanced-programming/excercises/07-prop/.scala-build/ide-launcher-options.json, --envs-file, /home/casperh/GitHub/Computer-Science-ITU/advanced-programming/excercises/07-prop/.scala-build/ide-envs.json, /home/casperh/GitHub/Computer-Science-ITU/advanced-programming/excercises/07-prop)
2025.12.15 16:00:14 INFO  tracing is disabled for protocol BSP, to enable tracing of incoming and outgoing JSON messages create an empty file at /home/casperh/GitHub/Computer-Science-ITU/advanced-programming/excercises/07-prop/.metals/bsp.trace.json or /home/casperh/.cache/metals/bsp.trace.json
2025.12.15 16:00:16 INFO  BSP server: Checking https://repo1.maven.org/maven2/org/scalacheck/scalacheck_3/
2025.12.15 16:00:16 INFO  BSP server: Checked https://repo1.maven.org/maven2/org/scalacheck/scalacheck_3/
2025.12.15 16:00:16 INFO  BSP server: Checking https://repo1.maven.org/maven2/org/scalacheck/scalacheck_3/maven-metadata.xml
2025.12.15 16:00:16 INFO  BSP server: Checked https://repo1.maven.org/maven2/org/scalacheck/scalacheck_3/maven-metadata.xml
2025.12.15 16:00:16 INFO  time: Connected to build server in 1m2s
2025.12.15 16:00:16 INFO  Connected to Build server: scala-cli v1.8.5
2025.12.15 16:00:16 INFO  time: Imported build in 0.24s
2025.12.15 16:00:21 WARN  Using H2 2.4.240 which is newer than the version Flyway has been verified with. The latest verified version of H2 is 2.3.232.
2025.12.15 16:00:23 INFO  time: indexed workspace in 6.83s
2025.12.15 16:02:47 INFO  Shutting down server
2025.12.15 16:02:47 INFO  shutting down Metals
2025.12.15 16:02:47 INFO  Shut down connection with build server.
2025.12.15 16:02:47 INFO  BSP server: Dec 15, 2025 4:02:47 PM org.eclipse.lsp4j.jsonrpc.RemoteEndpoint handleNotification
2025.12.15 16:02:47 INFO  BSP server: WARNING: Notification threw an exception: {
2025.12.15 16:02:47 INFO  BSP server:   "jsonrpc": "2.0",
2025.12.15 16:02:47 INFO  BSP server:   "method": "build/exit",
2025.12.15 16:02:47 INFO  BSP server:   "params": null
2025.12.15 16:02:47 INFO  BSP server: }
2025.12.15 16:02:47 INFO  BSP server: java.lang.RuntimeException: java.lang.reflect.InvocationTargetException
2025.12.15 16:02:47 INFO  BSP server: 	at org.eclipse.lsp4j.jsonrpc.services.GenericEndpoint.lambda$null$0(GenericEndpoint.java:67)
2025.12.15 16:02:47 INFO  BSP server: 	at org.eclipse.lsp4j.jsonrpc.services.GenericEndpoint.notify(GenericEndpoint.java:152)
2025.12.15 16:02:47 INFO  BSP server: 	at org.eclipse.lsp4j.jsonrpc.RemoteEndpoint.handleNotification(RemoteEndpoint.java:220)
2025.12.15 16:02:47 INFO  BSP server: 	at org.eclipse.lsp4j.jsonrpc.RemoteEndpoint.consume(RemoteEndpoint.java:187)
2025.12.15 16:02:47 INFO  BSP server: 	at org.eclipse.lsp4j.jsonrpc.json.StreamMessageProducer.handleMessage(StreamMessageProducer.java:194)
2025.12.15 16:02:47 INFO  BSP server: 	at org.eclipse.lsp4j.jsonrpc.json.StreamMessageProducer.listen(StreamMessageProducer.java:94)
2025.12.15 16:02:47 INFO  BSP server: 	at org.eclipse.lsp4j.jsonrpc.json.ConcurrentMessageProcessor.run(ConcurrentMessageProcessor.java:113)
2025.12.15 16:02:47 INFO  BSP server: 	at java.base@17.0.6/java.util.concurrent.Executors$RunnableAdapter.call(Executors.java:539)
2025.12.15 16:02:47 INFO  BSP server: 	at java.base@17.0.6/java.util.concurrent.FutureTask.run(FutureTask.java:264)
2025.12.15 16:02:47 INFO  BSP server: 	at java.base@17.0.6/java.util.concurrent.ThreadPoolExecutor.runWorker(ThreadPoolExecutor.java:1136)
2025.12.15 16:02:47 INFO  BSP server: 	at java.base@17.0.6/java.util.concurrent.ThreadPoolExecutor$Worker.run(ThreadPoolExecutor.java:635)
2025.12.15 16:02:47 INFO  BSP server: 	at java.base@17.0.6/java.lang.Thread.run(Thread.java:833)
2025.12.15 16:02:47 INFO  BSP server: 	at com.oracle.svm.core.thread.PlatformThreads.threadStartRoutine(PlatformThreads.java:775)
2025.12.15 16:02:47 INFO  BSP server: 	at com.oracle.svm.core.posix.thread.PosixPlatformThreads.pthreadStartRoutine(PosixPlatformThreads.java:203)
2025.12.15 16:02:47 INFO  BSP server: Caused by: java.lang.reflect.InvocationTargetException
2025.12.15 16:02:47 INFO  BSP server: 	at java.base@17.0.6/java.lang.reflect.Method.invoke(Method.java:568)
2025.12.15 16:02:47 INFO  BSP server: 	at org.eclipse.lsp4j.jsonrpc.services.GenericEndpoint.lambda$null$0(GenericEndpoint.java:65)
2025.12.15 16:02:47 INFO  BSP server: 	... 13 more
2025.12.15 16:02:47 INFO  BSP server: Caused by: java.lang.RuntimeException: BSP server not initialized yet
2025.12.15 16:02:47 INFO  BSP server: 	at scala.sys.package$.error(package.scala:27)
2025.12.15 16:02:47 INFO  BSP server: 	at scala.build.bsp.BloopSession$Reference.get(BloopSession.scala:70)
2025.12.15 16:02:47 INFO  BSP server: 	at scala.build.bsp.BspImpl.$anonfun$11(BspImpl.scala:475)
2025.12.15 16:02:47 INFO  BSP server: 	at scala.build.bsp.BuildServerProxy.onBuildExit(BuildServerProxy.scala:29)
2025.12.15 16:02:47 INFO  BSP server: 	... 15 more
2025.12.15 16:02:47 INFO  BSP server: 
2025.12.15 16:02:47 INFO  Exiting server
2025.12.15 16:18:25 INFO  Started: Metals version 1.6.4 in folders '/home/casperh/GitHub/Computer-Science-ITU/advanced-programming/excercises/07-prop' for client Visual Studio Code 1.105.1.
2025.12.15 16:18:26 WARN  Using H2 2.4.240 which is newer than the version Flyway has been verified with. The latest verified version of H2 is 2.3.232.
2025.12.15 16:18:26 INFO  Attempting to connect to the build server...
2025.12.15 16:18:26 INFO  Running BSP server List(/usr/local/bin/scala-cli, bsp, --json-options, /home/casperh/GitHub/Computer-Science-ITU/advanced-programming/excercises/07-prop/.scala-build/ide-options-v2.json, --json-launcher-options, /home/casperh/GitHub/Computer-Science-ITU/advanced-programming/excercises/07-prop/.scala-build/ide-launcher-options.json, --envs-file, /home/casperh/GitHub/Computer-Science-ITU/advanced-programming/excercises/07-prop/.scala-build/ide-envs.json, /home/casperh/GitHub/Computer-Science-ITU/advanced-programming/excercises/07-prop)
2025.12.15 16:18:26 INFO  tracing is disabled for protocol BSP, to enable tracing of incoming and outgoing JSON messages create an empty file at /home/casperh/GitHub/Computer-Science-ITU/advanced-programming/excercises/07-prop/.metals/bsp.trace.json or /home/casperh/.cache/metals/bsp.trace.json
2025.12.15 16:18:26 INFO  time: Connected to build server in 0.49s
2025.12.15 16:18:27 INFO  Connected to Build server: scala-cli v1.8.5
2025.12.15 16:18:28 WARN  Could not find semantic tokens for: file:///home/casperh/GitHub/Computer-Science-ITU/advanced-programming/excercises/07-prop/project.scala
2025.12.15 16:18:32 WARN  Using H2 2.4.240 which is newer than the version Flyway has been verified with. The latest verified version of H2 is 2.3.232.
2025.12.15 16:18:32 INFO  time: indexed workspace in 6.09s
2025.12.15 16:18:33 WARN  Could not find semantic tokens for: file:///home/casperh/GitHub/Computer-Science-ITU/advanced-programming/excercises/07-prop/project.scala
2025.12.15 16:18:34 WARN  Could not find semantic tokens for: file:///home/casperh/GitHub/Computer-Science-ITU/advanced-programming/excercises/07-prop/project.scala
2025.12.15 16:19:16 INFO  Shutting down server
2025.12.15 16:19:16 INFO  shutting down Metals
2025.12.15 16:19:16 INFO  Shut down connection with build server.
2025.12.15 16:19:16 INFO  BSP server: Dec 15, 2025 4:19:16 PM org.eclipse.lsp4j.jsonrpc.RemoteEndpoint handleNotification
2025.12.15 16:19:16 INFO  BSP server: WARNING: Notification threw an exception: {
2025.12.15 16:19:16 INFO  BSP server:   "jsonrpc": "2.0",
2025.12.15 16:19:16 INFO  BSP server:   "method": "build/exit",
2025.12.15 16:19:16 INFO  BSP server:   "params": null
2025.12.15 16:19:16 INFO  BSP server: }
2025.12.15 16:19:16 INFO  BSP server: java.lang.RuntimeException: java.lang.reflect.InvocationTargetException
2025.12.15 16:19:16 INFO  BSP server: 	at org.eclipse.lsp4j.jsonrpc.services.GenericEndpoint.lambda$null$0(GenericEndpoint.java:67)
2025.12.15 16:19:16 INFO  BSP server: 	at org.eclipse.lsp4j.jsonrpc.services.GenericEndpoint.notify(GenericEndpoint.java:152)
2025.12.15 16:19:16 INFO  BSP server: 	at org.eclipse.lsp4j.jsonrpc.RemoteEndpoint.handleNotification(RemoteEndpoint.java:220)
2025.12.15 16:19:16 INFO  BSP server: 	at org.eclipse.lsp4j.jsonrpc.RemoteEndpoint.consume(RemoteEndpoint.java:187)
2025.12.15 16:19:16 INFO  BSP server: 	at org.eclipse.lsp4j.jsonrpc.json.StreamMessageProducer.handleMessage(StreamMessageProducer.java:194)
2025.12.15 16:19:16 INFO  BSP server: 	at org.eclipse.lsp4j.jsonrpc.json.StreamMessageProducer.listen(StreamMessageProducer.java:94)
2025.12.15 16:19:16 INFO  BSP server: 	at org.eclipse.lsp4j.jsonrpc.json.ConcurrentMessageProcessor.run(ConcurrentMessageProcessor.java:113)
2025.12.15 16:19:16 INFO  BSP server: 	at java.base@17.0.6/java.util.concurrent.Executors$RunnableAdapter.call(Executors.java:539)
2025.12.15 16:19:16 INFO  BSP server: 	at java.base@17.0.6/java.util.concurrent.FutureTask.run(FutureTask.java:264)
2025.12.15 16:19:16 INFO  BSP server: 	at java.base@17.0.6/java.util.concurrent.ThreadPoolExecutor.runWorker(ThreadPoolExecutor.java:1136)
2025.12.15 16:19:16 INFO  BSP server: 	at java.base@17.0.6/java.util.concurrent.ThreadPoolExecutor$Worker.run(ThreadPoolExecutor.java:635)
2025.12.15 16:19:16 INFO  BSP server: 	at java.base@17.0.6/java.lang.Thread.run(Thread.java:833)
2025.12.15 16:19:16 INFO  BSP server: 	at com.oracle.svm.core.thread.PlatformThreads.threadStartRoutine(PlatformThreads.java:775)
2025.12.15 16:19:16 INFO  BSP server: 	at com.oracle.svm.core.posix.thread.PosixPlatformThreads.pthreadStartRoutine(PosixPlatformThreads.java:203)
2025.12.15 16:19:16 INFO  BSP server: Caused by: java.lang.reflect.InvocationTargetException
2025.12.15 16:19:16 INFO  BSP server: 	at java.base@17.0.6/java.lang.reflect.Method.invoke(Method.java:568)
2025.12.15 16:19:16 INFO  BSP server: 	at org.eclipse.lsp4j.jsonrpc.services.GenericEndpoint.lambda$null$0(GenericEndpoint.java:65)
2025.12.15 16:19:16 INFO  BSP server: 	... 13 more
2025.12.15 16:19:16 INFO  BSP server: Caused by: java.lang.RuntimeException: BSP server not initialized yet
2025.12.15 16:19:16 INFO  BSP server: 	at scala.sys.package$.error(package.scala:27)
2025.12.15 16:19:16 INFO  BSP server: 	at scala.build.bsp.BloopSession$Reference.get(BloopSession.scala:70)
2025.12.15 16:19:16 INFO  BSP server: 	at scala.build.bsp.BspImpl.$anonfun$11(BspImpl.scala:475)
2025.12.15 16:19:16 INFO  BSP server: 	at scala.build.bsp.BuildServerProxy.onBuildExit(BuildServerProxy.scala:29)
2025.12.15 16:19:16 INFO  BSP server: 	... 15 more
2025.12.15 16:19:16 INFO  BSP server: 
2025.12.15 16:19:16 INFO  Exiting server
