2025.12.23 19:25:49 INFO  Started: Metals version 1.6.4 in folders '/home/casperh/GitHub/Computer-Science-ITU/advanced-programming/exercises/04-lazy-list' for client VSCodium 1.106.3.
2025.12.23 19:25:50 WARN  Using H2 2.4.240 which is newer than the version Flyway has been verified with. The latest verified version of H2 is 2.3.232.
2025.12.23 19:25:59 INFO  Wrote configuration file for ide in: /home/casperh/GitHub/Computer-Science-ITU/advanced-programming/exercises/04-lazy-list/.bsp/scala-cli.json
2025.12.23 19:25:59 INFO  time: ran 'scala-cli bspConfig' in 74ms
2025.12.23 19:25:59 INFO  Attempting to connect to the build server...
2025.12.23 19:25:59 INFO  Running BSP server List(/home/casperh/.local/bin/scala-cli, bsp, --json-options, /home/casperh/GitHub/Computer-Science-ITU/advanced-programming/exercises/04-lazy-list/.scala-build/ide-options-v2.json, --json-launcher-options, /home/casperh/GitHub/Computer-Science-ITU/advanced-programming/exercises/04-lazy-list/.scala-build/ide-launcher-options.json, --envs-file, /home/casperh/GitHub/Computer-Science-ITU/advanced-programming/exercises/04-lazy-list/.scala-build/ide-envs.json, /home/casperh/GitHub/Computer-Science-ITU/advanced-programming/exercises/04-lazy-list)
2025.12.23 19:25:59 INFO  tracing is disabled for protocol BSP, to enable tracing of incoming and outgoing JSON messages create an empty file at /home/casperh/GitHub/Computer-Science-ITU/advanced-programming/exercises/04-lazy-list/.metals/bsp.trace.json or /home/casperh/.cache/metals/bsp.trace.json
2025.12.23 19:26:00 INFO  BSP server: [hint] ./project.scala:4:21
2025.12.23 19:26:00 INFO  BSP server: [hint] "scalacheck is outdated, update to 1.19.0"
2025.12.23 19:26:00 INFO  BSP server: [hint]      scalacheck 1.18.1 -> org.scalacheck::scalacheck:1.19.0
2025.12.23 19:26:00 INFO  BSP server: [hint] //> using test.dep "org.scalacheck::scalacheck:1.18.1"
2025.12.23 19:26:00 INFO  BSP server: [hint]                     ^^^^^^^^^^^^^^^^^^^^^^^^^^^^^^^^^
2025.12.23 19:25:59 INFO  time: Connected to build server in 0.64s
2025.12.23 19:26:00 INFO  Connected to Build server: scala-cli v1.8.5
2025.12.23 19:26:00 INFO  BSP server: [hint] ./project.scala:4:21
2025.12.23 19:26:00 INFO  BSP server: [hint] "scalacheck is outdated, update to 1.19.0"
2025.12.23 19:26:00 INFO  BSP server: [hint]      scalacheck 1.18.1 -> org.scalacheck::scalacheck:1.19.0
2025.12.23 19:26:00 INFO  BSP server: [hint] //> using test.dep "org.scalacheck::scalacheck:1.18.1"
2025.12.23 19:26:00 INFO  BSP server: [hint]                     ^^^^^^^^^^^^^^^^^^^^^^^^^^^^^^^^^
2025.12.23 19:25:59 INFO  compiling 04-lazy-list_0f10ccc8b3 (3 scala sources)
2025.12.23 19:26:02 INFO  time: compiled 04-lazy-list_0f10ccc8b3 in 1.79s
2025.12.23 19:26:02 INFO  compiling 04-lazy-list_0f10ccc8b3-test (1 scala source)
2025.12.23 19:26:05 WARN  Using H2 2.4.240 which is newer than the version Flyway has been verified with. The latest verified version of H2 is 2.3.232.
2025.12.23 19:26:05 INFO  time: compiled 04-lazy-list_0f10ccc8b3-test in 3.12s
2025.12.23 19:26:07 INFO  time: indexed workspace in 6.67s
2025.12.23 19:26:30 INFO  BSP server: [hint] ./project.scala:4:21
2025.12.23 19:26:30 INFO  BSP server: [hint] "scalacheck is outdated, update to 1.19.0"
2025.12.23 19:26:30 INFO  BSP server: [hint]      scalacheck 1.18.1 -> org.scalacheck::scalacheck:1.19.0
2025.12.23 19:26:30 INFO  BSP server: [hint] //> using test.dep "org.scalacheck::scalacheck:1.18.1"
2025.12.23 19:26:30 INFO  BSP server: [hint]                     ^^^^^^^^^^^^^^^^^^^^^^^^^^^^^^^^^
2025.12.23 19:32:00 INFO  BSP server: [hint] ./project.scala:4:21
2025.12.23 19:32:00 INFO  BSP server: [hint] "scalacheck is outdated, update to 1.19.0"
2025.12.23 19:32:00 INFO  BSP server: [hint]      scalacheck 1.18.1 -> org.scalacheck::scalacheck:1.19.0
2025.12.23 19:32:00 INFO  BSP server: [hint] //> using test.dep "org.scalacheck::scalacheck:1.18.1"
2025.12.23 19:32:00 INFO  BSP server: [hint]                     ^^^^^^^^^^^^^^^^^^^^^^^^^^^^^^^^^
2025.12.23 19:32:00 INFO  compiling 04-lazy-list_0f10ccc8b3 (1 scala source)
2025.12.23 19:32:03 INFO  time: compiled 04-lazy-list_0f10ccc8b3 in 3.25s
2025.12.23 19:32:12 INFO  BSP server: [hint] ./project.scala:4:21
2025.12.23 19:32:12 INFO  BSP server: [hint] "scalacheck is outdated, update to 1.19.0"
2025.12.23 19:32:12 INFO  BSP server: [hint]      scalacheck 1.18.1 -> org.scalacheck::scalacheck:1.19.0
2025.12.23 19:32:12 INFO  BSP server: [hint] //> using test.dep "org.scalacheck::scalacheck:1.18.1"
2025.12.23 19:32:12 INFO  BSP server: [hint]                     ^^^^^^^^^^^^^^^^^^^^^^^^^^^^^^^^^
2025.12.23 19:32:12 INFO  compiling 04-lazy-list_0f10ccc8b3 (1 scala source)
2025.12.23 19:32:15 INFO  time: compiled 04-lazy-list_0f10ccc8b3 in 2.6s
2025.12.23 19:33:22 INFO  BSP server: [hint] ./project.scala:4:21
2025.12.23 19:33:22 INFO  BSP server: [hint] "scalacheck is outdated, update to 1.19.0"
2025.12.23 19:33:22 INFO  BSP server: [hint]      scalacheck 1.18.1 -> org.scalacheck::scalacheck:1.19.0
2025.12.23 19:33:22 INFO  BSP server: [hint] //> using test.dep "org.scalacheck::scalacheck:1.18.1"
2025.12.23 19:33:22 INFO  BSP server: [hint]                     ^^^^^^^^^^^^^^^^^^^^^^^^^^^^^^^^^
2025.12.23 19:33:22 INFO  compiling 04-lazy-list_0f10ccc8b3 (1 scala source)
2025.12.23 19:33:22 INFO  time: compiled 04-lazy-list_0f10ccc8b3 in 0.59s
Dec 23, 2025 7:34:03 PM org.eclipse.lsp4j.jsonrpc.RemoteEndpoint handleCancellation
WARNING: Unmatched cancel notification for request id 691
2025.12.23 19:34:06 INFO  BSP server: [hint] ./project.scala:4:21
2025.12.23 19:34:06 INFO  BSP server: [hint] "scalacheck is outdated, update to 1.19.0"
2025.12.23 19:34:06 INFO  BSP server: [hint]      scalacheck 1.18.1 -> org.scalacheck::scalacheck:1.19.0
2025.12.23 19:34:06 INFO  BSP server: [hint] //> using test.dep "org.scalacheck::scalacheck:1.18.1"
2025.12.23 19:34:06 INFO  BSP server: [hint]                     ^^^^^^^^^^^^^^^^^^^^^^^^^^^^^^^^^
2025.12.23 19:34:06 INFO  compiling 04-lazy-list_0f10ccc8b3 (1 scala source)
2025.12.23 19:34:08 INFO  time: compiled 04-lazy-list_0f10ccc8b3-test in 16ms
2025.12.23 19:34:08 INFO  time: compiled 04-lazy-list_0f10ccc8b3 in 2.19s
Dec 23, 2025 7:34:58 PM org.eclipse.lsp4j.jsonrpc.RemoteEndpoint handleCancellation
WARNING: Unmatched cancel notification for request id 867
2025.12.23 19:35:24 INFO  BSP server: [hint] ./project.scala:4:21
2025.12.23 19:35:24 INFO  BSP server: [hint] "scalacheck is outdated, update to 1.19.0"
2025.12.23 19:35:24 INFO  BSP server: [hint]      scalacheck 1.18.1 -> org.scalacheck::scalacheck:1.19.0
2025.12.23 19:35:24 INFO  BSP server: [hint] //> using test.dep "org.scalacheck::scalacheck:1.18.1"
2025.12.23 19:35:24 INFO  BSP server: [hint]                     ^^^^^^^^^^^^^^^^^^^^^^^^^^^^^^^^^
2025.12.23 19:35:24 INFO  compiling 04-lazy-list_0f10ccc8b3 (1 scala source)
2025.12.23 19:35:29 INFO  time: compiled 04-lazy-list_0f10ccc8b3 in 4.37s
Dec 23, 2025 7:38:43 PM org.eclipse.lsp4j.jsonrpc.RemoteEndpoint handleCancellation
WARNING: Unmatched cancel notification for request id 1295
2025.12.23 19:39:09 INFO  BSP server: [hint] ./project.scala:4:21
2025.12.23 19:39:09 INFO  BSP server: [hint] "scalacheck is outdated, update to 1.19.0"
2025.12.23 19:39:09 INFO  BSP server: [hint]      scalacheck 1.18.1 -> org.scalacheck::scalacheck:1.19.0
2025.12.23 19:39:09 INFO  BSP server: [hint] //> using test.dep "org.scalacheck::scalacheck:1.18.1"
2025.12.23 19:39:09 INFO  BSP server: [hint]                     ^^^^^^^^^^^^^^^^^^^^^^^^^^^^^^^^^
2025.12.23 19:39:09 INFO  compiling 04-lazy-list_0f10ccc8b3 (1 scala source)
2025.12.23 19:39:14 INFO  time: compiled 04-lazy-list_0f10ccc8b3 in 4.45s
2025.12.23 19:39:57 INFO  BSP server: [hint] ./project.scala:4:21
2025.12.23 19:39:57 INFO  BSP server: [hint] "scalacheck is outdated, update to 1.19.0"
2025.12.23 19:39:57 INFO  BSP server: [hint]      scalacheck 1.18.1 -> org.scalacheck::scalacheck:1.19.0
2025.12.23 19:39:57 INFO  BSP server: [hint] //> using test.dep "org.scalacheck::scalacheck:1.18.1"
2025.12.23 19:39:57 INFO  BSP server: [hint]                     ^^^^^^^^^^^^^^^^^^^^^^^^^^^^^^^^^
2025.12.23 19:39:57 INFO  compiling 04-lazy-list_0f10ccc8b3 (1 scala source)
2025.12.23 19:39:58 INFO  time: compiled 04-lazy-list_0f10ccc8b3 in 1.36s
2025.12.23 19:40:07 INFO  BSP server: [hint] ./project.scala:4:21
2025.12.23 19:40:07 INFO  BSP server: [hint] "scalacheck is outdated, update to 1.19.0"
2025.12.23 19:40:07 INFO  BSP server: [hint]      scalacheck 1.18.1 -> org.scalacheck::scalacheck:1.19.0
2025.12.23 19:40:07 INFO  BSP server: [hint] //> using test.dep "org.scalacheck::scalacheck:1.18.1"
2025.12.23 19:40:07 INFO  BSP server: [hint]                     ^^^^^^^^^^^^^^^^^^^^^^^^^^^^^^^^^
2025.12.23 19:40:07 INFO  compiling 04-lazy-list_0f10ccc8b3 (1 scala source)
2025.12.23 19:40:07 INFO  time: compiled 04-lazy-list_0f10ccc8b3 in 0.7s
2025.12.23 19:41:17 INFO  BSP server: [hint] ./project.scala:4:21
2025.12.23 19:41:17 INFO  BSP server: [hint] "scalacheck is outdated, update to 1.19.0"
2025.12.23 19:41:17 INFO  BSP server: [hint]      scalacheck 1.18.1 -> org.scalacheck::scalacheck:1.19.0
2025.12.23 19:41:17 INFO  BSP server: [hint] //> using test.dep "org.scalacheck::scalacheck:1.18.1"
2025.12.23 19:41:17 INFO  BSP server: [hint]                     ^^^^^^^^^^^^^^^^^^^^^^^^^^^^^^^^^
2025.12.23 19:41:17 INFO  compiling 04-lazy-list_0f10ccc8b3 (1 scala source)
2025.12.23 19:41:17 INFO  time: compiled 04-lazy-list_0f10ccc8b3 in 0.94s
Dec 23, 2025 7:41:18 PM org.eclipse.lsp4j.jsonrpc.RemoteEndpoint handleCancellation
WARNING: Unmatched cancel notification for request id 1734
2025.12.23 19:42:12 INFO  BSP server: [hint] ./project.scala:4:21
2025.12.23 19:42:12 INFO  BSP server: [hint] "scalacheck is outdated, update to 1.19.0"
2025.12.23 19:42:12 INFO  BSP server: [hint]      scalacheck 1.18.1 -> org.scalacheck::scalacheck:1.19.0
2025.12.23 19:42:12 INFO  BSP server: [hint] //> using test.dep "org.scalacheck::scalacheck:1.18.1"
2025.12.23 19:42:12 INFO  BSP server: [hint]                     ^^^^^^^^^^^^^^^^^^^^^^^^^^^^^^^^^
2025.12.23 19:42:12 INFO  compiling 04-lazy-list_0f10ccc8b3 (1 scala source)
2025.12.23 19:42:12 INFO  time: compiled 04-lazy-list_0f10ccc8b3 in 0.52s
2025.12.23 19:42:14 INFO  BSP server: [hint] ./project.scala:4:21
2025.12.23 19:42:14 INFO  BSP server: [hint] "scalacheck is outdated, update to 1.19.0"
2025.12.23 19:42:14 INFO  BSP server: [hint]      scalacheck 1.18.1 -> org.scalacheck::scalacheck:1.19.0
2025.12.23 19:42:14 INFO  BSP server: [hint] //> using test.dep "org.scalacheck::scalacheck:1.18.1"
2025.12.23 19:42:14 INFO  BSP server: [hint]                     ^^^^^^^^^^^^^^^^^^^^^^^^^^^^^^^^^
2025.12.23 19:42:14 INFO  compiling 04-lazy-list_0f10ccc8b3 (1 scala source)
2025.12.23 19:42:16 INFO  time: compiled 04-lazy-list_0f10ccc8b3 in 2.25s
2025.12.23 19:44:27 INFO  BSP server: [hint] ./project.scala:4:21
2025.12.23 19:44:27 INFO  BSP server: [hint] "scalacheck is outdated, update to 1.19.0"
2025.12.23 19:44:27 INFO  BSP server: [hint]      scalacheck 1.18.1 -> org.scalacheck::scalacheck:1.19.0
2025.12.23 19:44:27 INFO  BSP server: [hint] //> using test.dep "org.scalacheck::scalacheck:1.18.1"
2025.12.23 19:44:27 INFO  BSP server: [hint]                     ^^^^^^^^^^^^^^^^^^^^^^^^^^^^^^^^^
2025.12.23 19:44:27 INFO  compiling 04-lazy-list_0f10ccc8b3 (1 scala source)
2025.12.23 19:44:31 INFO  time: compiled 04-lazy-list_0f10ccc8b3 in 3.7s
2025.12.23 19:44:31 WARN  Could not load snapshot text for /home/casperh/GitHub/Computer-Science-ITU/advanced-programming/exercises/04-lazy-list/Exercises.scala
Dec 23, 2025 7:44:34 PM org.eclipse.lsp4j.jsonrpc.RemoteEndpoint handleCancellation
WARNING: Unmatched cancel notification for request id 2252
2025.12.23 19:44:35 WARN  Could not load snapshot text for /home/casperh/GitHub/Computer-Science-ITU/advanced-programming/exercises/04-lazy-list/Exercises.scala
2025.12.23 19:44:36 WARN  Could not load snapshot text for /home/casperh/GitHub/Computer-Science-ITU/advanced-programming/exercises/04-lazy-list/Exercises.scala
2025.12.23 19:44:36 WARN  Could not load snapshot text for /home/casperh/GitHub/Computer-Science-ITU/advanced-programming/exercises/04-lazy-list/Exercises.scala
2025.12.23 19:44:37 WARN  Could not load snapshot text for /home/casperh/GitHub/Computer-Science-ITU/advanced-programming/exercises/04-lazy-list/Exercises.scala
2025.12.23 19:44:37 WARN  Could not load snapshot text for /home/casperh/GitHub/Computer-Science-ITU/advanced-programming/exercises/04-lazy-list/Exercises.scala
2025.12.23 19:44:38 WARN  Could not load snapshot text for /home/casperh/GitHub/Computer-Science-ITU/advanced-programming/exercises/04-lazy-list/Exercises.scala
2025.12.23 19:44:40 WARN  Could not load snapshot text for /home/casperh/GitHub/Computer-Science-ITU/advanced-programming/exercises/04-lazy-list/Exercises.scala
2025.12.23 19:44:40 WARN  Could not load snapshot text for /home/casperh/GitHub/Computer-Science-ITU/advanced-programming/exercises/04-lazy-list/Exercises.scala
2025.12.23 19:44:41 INFO  BSP server: [hint] ./project.scala:4:21
2025.12.23 19:44:41 INFO  BSP server: [hint] "scalacheck is outdated, update to 1.19.0"
2025.12.23 19:44:41 INFO  BSP server: [hint]      scalacheck 1.18.1 -> org.scalacheck::scalacheck:1.19.0
2025.12.23 19:44:41 INFO  BSP server: [hint] //> using test.dep "org.scalacheck::scalacheck:1.18.1"
2025.12.23 19:44:41 INFO  BSP server: [hint]                     ^^^^^^^^^^^^^^^^^^^^^^^^^^^^^^^^^
2025.12.23 19:44:41 INFO  compiling 04-lazy-list_0f10ccc8b3 (1 scala source)
2025.12.23 19:44:43 INFO  time: compiled 04-lazy-list_0f10ccc8b3 in 1.31s
2025.12.23 19:44:43 WARN  Could not load snapshot text for /home/casperh/GitHub/Computer-Science-ITU/advanced-programming/exercises/04-lazy-list/Exercises.scala
2025.12.23 19:44:49 WARN  Could not load snapshot text for /home/casperh/GitHub/Computer-Science-ITU/advanced-programming/exercises/04-lazy-list/Exercises.scala
2025.12.23 19:44:50 WARN  Could not load snapshot text for /home/casperh/GitHub/Computer-Science-ITU/advanced-programming/exercises/04-lazy-list/Exercises.scala
2025.12.23 19:44:50 WARN  Could not load snapshot text for /home/casperh/GitHub/Computer-Science-ITU/advanced-programming/exercises/04-lazy-list/Exercises.scala
2025.12.23 19:44:52 WARN  Could not load snapshot text for /home/casperh/GitHub/Computer-Science-ITU/advanced-programming/exercises/04-lazy-list/Exercises.scala
2025.12.23 19:44:54 WARN  Could not load snapshot text for /home/casperh/GitHub/Computer-Science-ITU/advanced-programming/exercises/04-lazy-list/Exercises.scala
2025.12.23 19:44:54 WARN  Could not load snapshot text for /home/casperh/GitHub/Computer-Science-ITU/advanced-programming/exercises/04-lazy-list/Exercises.scala
2025.12.23 19:44:55 WARN  Could not load snapshot text for /home/casperh/GitHub/Computer-Science-ITU/advanced-programming/exercises/04-lazy-list/Exercises.scala
2025.12.23 19:44:56 INFO  BSP server: [hint] ./project.scala:4:21
2025.12.23 19:44:56 INFO  BSP server: [hint] "scalacheck is outdated, update to 1.19.0"
2025.12.23 19:44:56 INFO  BSP server: [hint]      scalacheck 1.18.1 -> org.scalacheck::scalacheck:1.19.0
2025.12.23 19:44:56 INFO  BSP server: [hint] //> using test.dep "org.scalacheck::scalacheck:1.18.1"
2025.12.23 19:44:56 INFO  BSP server: [hint]                     ^^^^^^^^^^^^^^^^^^^^^^^^^^^^^^^^^
2025.12.23 19:44:56 INFO  compiling 04-lazy-list_0f10ccc8b3 (1 scala source)
2025.12.23 19:44:58 INFO  time: compiled 04-lazy-list_0f10ccc8b3 in 2.41s
2025.12.23 19:45:36 INFO  BSP server: [hint] ./project.scala:4:21
2025.12.23 19:45:36 INFO  BSP server: [hint] "scalacheck is outdated, update to 1.19.0"
2025.12.23 19:45:36 INFO  BSP server: [hint]      scalacheck 1.18.1 -> org.scalacheck::scalacheck:1.19.0
2025.12.23 19:45:36 INFO  BSP server: [hint] //> using test.dep "org.scalacheck::scalacheck:1.18.1"
2025.12.23 19:45:36 INFO  BSP server: [hint]                     ^^^^^^^^^^^^^^^^^^^^^^^^^^^^^^^^^
2025.12.23 19:45:36 INFO  compiling 04-lazy-list_0f10ccc8b3 (1 scala source)
2025.12.23 19:45:36 INFO  time: compiled 04-lazy-list_0f10ccc8b3 in 0.9s
2025.12.23 19:46:06 INFO  Created report: Optional[file:///home/casperh/GitHub/Computer-Science-ITU/advanced-programming/exercises/04-lazy-list/Exercises.scala]
2025.12.23 19:46:06 INFO  empty definition using pc, found symbol in pc:  (full report at: "/home/casperh/GitHub/Computer-Science-ITU/advanced-programming/exercises/04-lazy-list/.metals/.reports/metals-full/2025-12-23/r_empty-definition_(04-lazy-list_5f0f10ccc8b3)_19-46-06-625.md")
2025.12.23 19:46:10 INFO  BSP server: [hint] ./project.scala:4:21
2025.12.23 19:46:10 INFO  BSP server: [hint] "scalacheck is outdated, update to 1.19.0"
2025.12.23 19:46:10 INFO  BSP server: [hint]      scalacheck 1.18.1 -> org.scalacheck::scalacheck:1.19.0
2025.12.23 19:46:10 INFO  BSP server: [hint] //> using test.dep "org.scalacheck::scalacheck:1.18.1"
2025.12.23 19:46:10 INFO  BSP server: [hint]                     ^^^^^^^^^^^^^^^^^^^^^^^^^^^^^^^^^
2025.12.23 19:46:10 INFO  compiling 04-lazy-list_0f10ccc8b3 (1 scala source)
2025.12.23 19:46:10 INFO  time: compiled 04-lazy-list_0f10ccc8b3 in 0.64s
2025.12.23 19:46:15 INFO  empty definition using pc, found symbol in pc:  (full report at: "/home/casperh/GitHub/Computer-Science-ITU/advanced-programming/exercises/04-lazy-list/.metals/.reports/metals-full/2025-12-23/r_empty-definition_(04-lazy-list_5f0f10ccc8b3)_19-46-06-625.md")
2025.12.23 19:46:20 INFO  empty definition using pc, found symbol in pc:  (full report at: "/home/casperh/GitHub/Computer-Science-ITU/advanced-programming/exercises/04-lazy-list/.metals/.reports/metals-full/2025-12-23/r_empty-definition_(04-lazy-list_5f0f10ccc8b3)_19-46-06-625.md")
2025.12.23 19:46:20 INFO  BSP server: [hint] ./project.scala:4:21
2025.12.23 19:46:20 INFO  BSP server: [hint] "scalacheck is outdated, update to 1.19.0"
2025.12.23 19:46:20 INFO  BSP server: [hint]      scalacheck 1.18.1 -> org.scalacheck::scalacheck:1.19.0
2025.12.23 19:46:20 INFO  BSP server: [hint] //> using test.dep "org.scalacheck::scalacheck:1.18.1"
2025.12.23 19:46:20 INFO  BSP server: [hint]                     ^^^^^^^^^^^^^^^^^^^^^^^^^^^^^^^^^
2025.12.23 19:46:20 INFO  compiling 04-lazy-list_0f10ccc8b3 (1 scala source)
2025.12.23 19:46:20 INFO  time: compiled 04-lazy-list_0f10ccc8b3 in 0.69s
Dec 23, 2025 7:46:46 PM org.eclipse.lsp4j.jsonrpc.RemoteEndpoint handleCancellation
WARNING: Unmatched cancel notification for request id 2635
2025.12.23 19:47:48 INFO  BSP server: [hint] ./project.scala:4:21
2025.12.23 19:47:48 INFO  BSP server: [hint] "scalacheck is outdated, update to 1.19.0"
2025.12.23 19:47:48 INFO  BSP server: [hint]      scalacheck 1.18.1 -> org.scalacheck::scalacheck:1.19.0
2025.12.23 19:47:48 INFO  BSP server: [hint] //> using test.dep "org.scalacheck::scalacheck:1.18.1"
2025.12.23 19:47:48 INFO  BSP server: [hint]                     ^^^^^^^^^^^^^^^^^^^^^^^^^^^^^^^^^
2025.12.23 19:47:48 INFO  compiling 04-lazy-list_0f10ccc8b3 (1 scala source)
2025.12.23 19:47:48 INFO  time: compiled 04-lazy-list_0f10ccc8b3 in 0.4s
2025.12.23 19:47:56 INFO  BSP server: [hint] ./project.scala:4:21
2025.12.23 19:47:56 INFO  BSP server: [hint] "scalacheck is outdated, update to 1.19.0"
2025.12.23 19:47:56 INFO  BSP server: [hint]      scalacheck 1.18.1 -> org.scalacheck::scalacheck:1.19.0
2025.12.23 19:47:56 INFO  BSP server: [hint] //> using test.dep "org.scalacheck::scalacheck:1.18.1"
2025.12.23 19:47:56 INFO  BSP server: [hint]                     ^^^^^^^^^^^^^^^^^^^^^^^^^^^^^^^^^
2025.12.23 19:47:56 INFO  compiling 04-lazy-list_0f10ccc8b3 (1 scala source)
2025.12.23 19:47:58 INFO  time: compiled 04-lazy-list_0f10ccc8b3 in 2.03s
2025.12.23 19:49:16 INFO  BSP server: [hint] ./project.scala:4:21
2025.12.23 19:49:16 INFO  BSP server: [hint] "scalacheck is outdated, update to 1.19.0"
2025.12.23 19:49:16 INFO  BSP server: [hint]      scalacheck 1.18.1 -> org.scalacheck::scalacheck:1.19.0
2025.12.23 19:49:16 INFO  BSP server: [hint] //> using test.dep "org.scalacheck::scalacheck:1.18.1"
2025.12.23 19:49:16 INFO  BSP server: [hint]                     ^^^^^^^^^^^^^^^^^^^^^^^^^^^^^^^^^
2025.12.23 19:49:16 INFO  compiling 04-lazy-list_0f10ccc8b3 (1 scala source)
2025.12.23 19:49:16 INFO  time: compiled 04-lazy-list_0f10ccc8b3 in 0.42s
2025.12.23 19:49:22 INFO  BSP server: [hint] ./project.scala:4:21
2025.12.23 19:49:22 INFO  BSP server: [hint] "scalacheck is outdated, update to 1.19.0"
2025.12.23 19:49:22 INFO  BSP server: [hint]      scalacheck 1.18.1 -> org.scalacheck::scalacheck:1.19.0
2025.12.23 19:49:22 INFO  BSP server: [hint] //> using test.dep "org.scalacheck::scalacheck:1.18.1"
2025.12.23 19:49:22 INFO  BSP server: [hint]                     ^^^^^^^^^^^^^^^^^^^^^^^^^^^^^^^^^
2025.12.23 19:49:22 INFO  compiling 04-lazy-list_0f10ccc8b3 (1 scala source)
2025.12.23 19:49:22 INFO  time: compiled 04-lazy-list_0f10ccc8b3 in 0.38s
2025.12.23 19:49:37 INFO  BSP server: [hint] ./project.scala:4:21
2025.12.23 19:49:37 INFO  BSP server: [hint] "scalacheck is outdated, update to 1.19.0"
2025.12.23 19:49:37 INFO  BSP server: [hint]      scalacheck 1.18.1 -> org.scalacheck::scalacheck:1.19.0
2025.12.23 19:49:37 INFO  BSP server: [hint] //> using test.dep "org.scalacheck::scalacheck:1.18.1"
2025.12.23 19:49:37 INFO  BSP server: [hint]                     ^^^^^^^^^^^^^^^^^^^^^^^^^^^^^^^^^
2025.12.23 19:49:37 INFO  compiling 04-lazy-list_0f10ccc8b3 (1 scala source)
2025.12.23 19:49:39 INFO  time: compiled 04-lazy-list_0f10ccc8b3 in 1.65s
2025.12.23 19:52:30 INFO  Created report: Optional[file:///home/casperh/GitHub/Computer-Science-ITU/advanced-programming/exercises/04-lazy-list/Exercises.scala]
2025.12.23 19:52:30 INFO  java.lang.AssertionError: assertion failed (full report at: "/home/casperh/GitHub/Computer-Science-ITU/advanced-programming/exercises/04-lazy-list/.metals/.reports/metals-full/2025-12-23/r_compiler-error_(04-lazy-list_5f0f10ccc8b3)_19-52-30-203.md")
2025.12.23 19:52:44 INFO  Created report: Optional[file:///home/casperh/GitHub/Computer-Science-ITU/advanced-programming/exercises/04-lazy-list/Exercises.scala]
2025.12.23 19:52:44 INFO  java.lang.AssertionError: assertion failed (full report at: "/home/casperh/GitHub/Computer-Science-ITU/advanced-programming/exercises/04-lazy-list/.metals/.reports/metals-full/2025-12-23/r_compiler-error_(04-lazy-list_5f0f10ccc8b3)_19-52-44-882.md")
Dec 23, 2025 7:53:12 PM org.eclipse.lsp4j.jsonrpc.RemoteEndpoint handleCancellation
WARNING: Unmatched cancel notification for request id 3919
2025.12.23 19:53:39 INFO  BSP server: [hint] ./project.scala:4:21
2025.12.23 19:53:39 INFO  BSP server: [hint] "scalacheck is outdated, update to 1.19.0"
2025.12.23 19:53:39 INFO  BSP server: [hint]      scalacheck 1.18.1 -> org.scalacheck::scalacheck:1.19.0
2025.12.23 19:53:39 INFO  BSP server: [hint] //> using test.dep "org.scalacheck::scalacheck:1.18.1"
2025.12.23 19:53:39 INFO  BSP server: [hint]                     ^^^^^^^^^^^^^^^^^^^^^^^^^^^^^^^^^
2025.12.23 19:53:39 INFO  compiling 04-lazy-list_0f10ccc8b3 (1 scala source)
2025.12.23 19:53:42 INFO  time: compiled 04-lazy-list_0f10ccc8b3 in 2.68s
2025.12.23 19:53:51 INFO  BSP server: [hint] ./project.scala:4:21
2025.12.23 19:53:51 INFO  BSP server: [hint] "scalacheck is outdated, update to 1.19.0"
2025.12.23 19:53:51 INFO  BSP server: [hint]      scalacheck 1.18.1 -> org.scalacheck::scalacheck:1.19.0
2025.12.23 19:53:51 INFO  BSP server: [hint] //> using test.dep "org.scalacheck::scalacheck:1.18.1"
2025.12.23 19:53:51 INFO  BSP server: [hint]                     ^^^^^^^^^^^^^^^^^^^^^^^^^^^^^^^^^
2025.12.23 19:53:51 INFO  compiling 04-lazy-list_0f10ccc8b3 (1 scala source)
2025.12.23 19:53:53 INFO  time: compiled 04-lazy-list_0f10ccc8b3 in 1.77s
2025.12.23 19:53:55 INFO  BSP server: [hint] ./project.scala:4:21
2025.12.23 19:53:55 INFO  BSP server: [hint] "scalacheck is outdated, update to 1.19.0"
2025.12.23 19:53:55 INFO  BSP server: [hint]      scalacheck 1.18.1 -> org.scalacheck::scalacheck:1.19.0
2025.12.23 19:53:55 INFO  BSP server: [hint] //> using test.dep "org.scalacheck::scalacheck:1.18.1"
2025.12.23 19:53:55 INFO  BSP server: [hint]                     ^^^^^^^^^^^^^^^^^^^^^^^^^^^^^^^^^
2025.12.23 19:53:55 INFO  compiling 04-lazy-list_0f10ccc8b3 (1 scala source)
2025.12.23 19:53:55 INFO  time: compiled 04-lazy-list_0f10ccc8b3 in 0.93s
2025.12.23 19:54:03 INFO  BSP server: [hint] ./project.scala:4:21
2025.12.23 19:54:03 INFO  BSP server: [hint] "scalacheck is outdated, update to 1.19.0"
2025.12.23 19:54:03 INFO  BSP server: [hint]      scalacheck 1.18.1 -> org.scalacheck::scalacheck:1.19.0
2025.12.23 19:54:03 INFO  BSP server: [hint] //> using test.dep "org.scalacheck::scalacheck:1.18.1"
2025.12.23 19:54:03 INFO  BSP server: [hint]                     ^^^^^^^^^^^^^^^^^^^^^^^^^^^^^^^^^
2025.12.23 19:54:03 INFO  compiling 04-lazy-list_0f10ccc8b3 (1 scala source)
2025.12.23 19:54:06 INFO  time: compiled 04-lazy-list_0f10ccc8b3 in 2.43s
Dec 23, 2025 7:54:44 PM org.eclipse.lsp4j.jsonrpc.RemoteEndpoint handleCancellation
WARNING: Unmatched cancel notification for request id 4357
2025.12.23 19:54:59 INFO  BSP server: [hint] ./project.scala:4:21
2025.12.23 19:54:59 INFO  BSP server: [hint] "scalacheck is outdated, update to 1.19.0"
2025.12.23 19:54:59 INFO  BSP server: [hint]      scalacheck 1.18.1 -> org.scalacheck::scalacheck:1.19.0
2025.12.23 19:54:59 INFO  BSP server: [hint] //> using test.dep "org.scalacheck::scalacheck:1.18.1"
2025.12.23 19:54:59 INFO  BSP server: [hint]                     ^^^^^^^^^^^^^^^^^^^^^^^^^^^^^^^^^
2025.12.23 19:54:59 INFO  compiling 04-lazy-list_0f10ccc8b3 (1 scala source)
2025.12.23 19:55:00 INFO  time: compiled 04-lazy-list_0f10ccc8b3 in 1.27s
Dec 23, 2025 7:56:32 PM org.eclipse.lsp4j.jsonrpc.RemoteEndpoint handleCancellation
WARNING: Unmatched cancel notification for request id 4709
Dec 23, 2025 7:56:58 PM org.eclipse.lsp4j.jsonrpc.RemoteEndpoint handleCancellation
WARNING: Unmatched cancel notification for request id 4978
2025.12.23 19:57:00 INFO  BSP server: [hint] ./project.scala:4:21
2025.12.23 19:57:00 INFO  BSP server: [hint] "scalacheck is outdated, update to 1.19.0"
2025.12.23 19:57:00 INFO  BSP server: [hint]      scalacheck 1.18.1 -> org.scalacheck::scalacheck:1.19.0
2025.12.23 19:57:00 INFO  BSP server: [hint] //> using test.dep "org.scalacheck::scalacheck:1.18.1"
2025.12.23 19:57:00 INFO  BSP server: [hint]                     ^^^^^^^^^^^^^^^^^^^^^^^^^^^^^^^^^
2025.12.23 19:57:00 INFO  compiling 04-lazy-list_0f10ccc8b3 (1 scala source)
2025.12.23 19:57:05 INFO  time: compiled 04-lazy-list_0f10ccc8b3 in 4.21s
Dec 23, 2025 7:57:06 PM org.eclipse.lsp4j.jsonrpc.RemoteEndpoint handleCancellation
WARNING: Unmatched cancel notification for request id 5037
2025.12.23 19:57:09 INFO  BSP server: [hint] ./project.scala:4:21
2025.12.23 19:57:09 INFO  BSP server: [hint] "scalacheck is outdated, update to 1.19.0"
2025.12.23 19:57:09 INFO  BSP server: [hint]      scalacheck 1.18.1 -> org.scalacheck::scalacheck:1.19.0
2025.12.23 19:57:09 INFO  BSP server: [hint] //> using test.dep "org.scalacheck::scalacheck:1.18.1"
2025.12.23 19:57:09 INFO  BSP server: [hint]                     ^^^^^^^^^^^^^^^^^^^^^^^^^^^^^^^^^
2025.12.23 19:57:09 INFO  compiling 04-lazy-list_0f10ccc8b3 (1 scala source)
2025.12.23 19:57:12 INFO  time: compiled 04-lazy-list_0f10ccc8b3 in 2.77s
Dec 23, 2025 8:01:42 PM org.eclipse.lsp4j.jsonrpc.RemoteEndpoint handleCancellation
WARNING: Unmatched cancel notification for request id 5421
2025.12.23 20:01:53 INFO  BSP server: [hint] ./project.scala:4:21
2025.12.23 20:01:53 INFO  BSP server: [hint] "scalacheck is outdated, update to 1.19.0"
2025.12.23 20:01:53 INFO  BSP server: [hint]      scalacheck 1.18.1 -> org.scalacheck::scalacheck:1.19.0
2025.12.23 20:01:53 INFO  BSP server: [hint] //> using test.dep "org.scalacheck::scalacheck:1.18.1"
2025.12.23 20:01:53 INFO  BSP server: [hint]                     ^^^^^^^^^^^^^^^^^^^^^^^^^^^^^^^^^
2025.12.23 20:01:53 INFO  compiling 04-lazy-list_0f10ccc8b3 (1 scala source)
2025.12.23 20:01:55 INFO  time: compiled 04-lazy-list_0f10ccc8b3 in 2.42s
2025.12.23 20:01:57 INFO  BSP server: [hint] ./project.scala:4:21
2025.12.23 20:01:57 INFO  BSP server: [hint] "scalacheck is outdated, update to 1.19.0"
2025.12.23 20:01:57 INFO  BSP server: [hint]      scalacheck 1.18.1 -> org.scalacheck::scalacheck:1.19.0
2025.12.23 20:01:57 INFO  BSP server: [hint] //> using test.dep "org.scalacheck::scalacheck:1.18.1"
2025.12.23 20:01:57 INFO  BSP server: [hint]                     ^^^^^^^^^^^^^^^^^^^^^^^^^^^^^^^^^
2025.12.23 20:01:57 INFO  compiling 04-lazy-list_0f10ccc8b3 (1 scala source)
2025.12.23 20:01:57 INFO  time: compiled 04-lazy-list_0f10ccc8b3 in 0.95s
2025.12.23 20:02:02 INFO  BSP server: [hint] ./project.scala:4:21
2025.12.23 20:02:02 INFO  BSP server: [hint] "scalacheck is outdated, update to 1.19.0"
2025.12.23 20:02:02 INFO  BSP server: [hint]      scalacheck 1.18.1 -> org.scalacheck::scalacheck:1.19.0
2025.12.23 20:02:02 INFO  BSP server: [hint] //> using test.dep "org.scalacheck::scalacheck:1.18.1"
2025.12.23 20:02:02 INFO  BSP server: [hint]                     ^^^^^^^^^^^^^^^^^^^^^^^^^^^^^^^^^
2025.12.23 20:02:02 INFO  compiling 04-lazy-list_0f10ccc8b3 (1 scala source)
2025.12.23 20:02:05 INFO  time: compiled 04-lazy-list_0f10ccc8b3 in 2.59s
2025.12.23 20:03:24 INFO  BSP server: [hint] ./project.scala:4:21
2025.12.23 20:03:24 INFO  BSP server: [hint] "scalacheck is outdated, update to 1.19.0"
2025.12.23 20:03:24 INFO  BSP server: [hint]      scalacheck 1.18.1 -> org.scalacheck::scalacheck:1.19.0
2025.12.23 20:03:24 INFO  BSP server: [hint] //> using test.dep "org.scalacheck::scalacheck:1.18.1"
2025.12.23 20:03:24 INFO  BSP server: [hint]                     ^^^^^^^^^^^^^^^^^^^^^^^^^^^^^^^^^
2025.12.23 20:03:24 INFO  compiling 04-lazy-list_0f10ccc8b3 (1 scala source)
2025.12.23 20:03:26 INFO  time: compiled 04-lazy-list_0f10ccc8b3 in 1.51s
2025.12.23 20:06:36 INFO  BSP server: [hint] ./project.scala:4:21
2025.12.23 20:06:36 INFO  BSP server: [hint] "scalacheck is outdated, update to 1.19.0"
2025.12.23 20:06:36 INFO  BSP server: [hint]      scalacheck 1.18.1 -> org.scalacheck::scalacheck:1.19.0
2025.12.23 20:06:36 INFO  BSP server: [hint] //> using test.dep "org.scalacheck::scalacheck:1.18.1"
2025.12.23 20:06:36 INFO  BSP server: [hint]                     ^^^^^^^^^^^^^^^^^^^^^^^^^^^^^^^^^
2025.12.23 20:06:36 INFO  compiling 04-lazy-list_0f10ccc8b3 (1 scala source)
2025.12.23 20:06:41 INFO  time: compiled 04-lazy-list_0f10ccc8b3 in 5.1s
Exception in thread "pool-6-thread-1" java.lang.InterruptedException
	at scala.meta.internal.metals.FutureCancelToken.checkCanceled(FutureCancelToken.scala:29)
	at scala.meta.internal.pc.CompilerAccess.onCompilerJobQueue$$anonfun$1(CompilerAccess.scala:208)
	at scala.meta.internal.pc.CompilerJobQueue$Job.run(CompilerJobQueue.scala:153)
	at java.base/java.util.concurrent.ThreadPoolExecutor.runWorker(ThreadPoolExecutor.java:1144)
	at java.base/java.util.concurrent.ThreadPoolExecutor$Worker.run(ThreadPoolExecutor.java:642)
	at java.base/java.lang.Thread.run(Thread.java:1583)
2025.12.23 20:07:38 INFO  BSP server: [hint] ./project.scala:4:21
2025.12.23 20:07:38 INFO  BSP server: [hint] "scalacheck is outdated, update to 1.19.0"
2025.12.23 20:07:38 INFO  BSP server: [hint]      scalacheck 1.18.1 -> org.scalacheck::scalacheck:1.19.0
2025.12.23 20:07:38 INFO  BSP server: [hint] //> using test.dep "org.scalacheck::scalacheck:1.18.1"
2025.12.23 20:07:38 INFO  BSP server: [hint]                     ^^^^^^^^^^^^^^^^^^^^^^^^^^^^^^^^^
2025.12.23 20:07:38 INFO  compiling 04-lazy-list_0f10ccc8b3 (1 scala source)
2025.12.23 20:07:40 INFO  time: compiled 04-lazy-list_0f10ccc8b3 in 1.65s
2025.12.23 20:08:57 INFO  BSP server: [hint] ./project.scala:4:21
2025.12.23 20:08:57 INFO  BSP server: [hint] "scalacheck is outdated, update to 1.19.0"
2025.12.23 20:08:57 INFO  BSP server: [hint]      scalacheck 1.18.1 -> org.scalacheck::scalacheck:1.19.0
2025.12.23 20:08:57 INFO  BSP server: [hint] //> using test.dep "org.scalacheck::scalacheck:1.18.1"
2025.12.23 20:08:57 INFO  BSP server: [hint]                     ^^^^^^^^^^^^^^^^^^^^^^^^^^^^^^^^^
2025.12.23 20:08:57 INFO  compiling 04-lazy-list_0f10ccc8b3 (1 scala source)
2025.12.23 20:09:03 INFO  time: compiled 04-lazy-list_0f10ccc8b3 in 5.59s
2025.12.23 20:09:54 INFO  BSP server: [hint] ./project.scala:4:21
2025.12.23 20:09:54 INFO  BSP server: [hint] "scalacheck is outdated, update to 1.19.0"
2025.12.23 20:09:54 INFO  BSP server: [hint]      scalacheck 1.18.1 -> org.scalacheck::scalacheck:1.19.0
2025.12.23 20:09:54 INFO  BSP server: [hint] //> using test.dep "org.scalacheck::scalacheck:1.18.1"
2025.12.23 20:09:54 INFO  BSP server: [hint]                     ^^^^^^^^^^^^^^^^^^^^^^^^^^^^^^^^^
2025.12.23 20:09:54 INFO  compiling 04-lazy-list_0f10ccc8b3 (1 scala source)
2025.12.23 20:09:56 INFO  time: compiled 04-lazy-list_0f10ccc8b3 in 1.71s
2025.12.23 20:10:17 INFO  BSP server: [hint] ./project.scala:4:21
2025.12.23 20:10:17 INFO  BSP server: [hint] "scalacheck is outdated, update to 1.19.0"
2025.12.23 20:10:17 INFO  BSP server: [hint]      scalacheck 1.18.1 -> org.scalacheck::scalacheck:1.19.0
2025.12.23 20:10:17 INFO  BSP server: [hint] //> using test.dep "org.scalacheck::scalacheck:1.18.1"
2025.12.23 20:10:17 INFO  BSP server: [hint]                     ^^^^^^^^^^^^^^^^^^^^^^^^^^^^^^^^^
2025.12.23 20:10:18 INFO  compiling 04-lazy-list_0f10ccc8b3 (1 scala source)
2025.12.23 20:10:18 INFO  time: compiled 04-lazy-list_0f10ccc8b3 in 0.92s
2025.12.23 20:10:23 INFO  BSP server: [hint] ./project.scala:4:21
2025.12.23 20:10:23 INFO  BSP server: [hint] "scalacheck is outdated, update to 1.19.0"
2025.12.23 20:10:23 INFO  BSP server: [hint]      scalacheck 1.18.1 -> org.scalacheck::scalacheck:1.19.0
2025.12.23 20:10:23 INFO  BSP server: [hint] //> using test.dep "org.scalacheck::scalacheck:1.18.1"
2025.12.23 20:10:23 INFO  BSP server: [hint]                     ^^^^^^^^^^^^^^^^^^^^^^^^^^^^^^^^^
2025.12.23 20:10:23 INFO  compiling 04-lazy-list_0f10ccc8b3 (1 scala source)
2025.12.23 20:10:23 INFO  time: compiled 04-lazy-list_0f10ccc8b3 in 0.96s
2025.12.23 20:10:27 INFO  BSP server: [hint] ./project.scala:4:21
2025.12.23 20:10:27 INFO  BSP server: [hint] "scalacheck is outdated, update to 1.19.0"
2025.12.23 20:10:27 INFO  BSP server: [hint]      scalacheck 1.18.1 -> org.scalacheck::scalacheck:1.19.0
2025.12.23 20:10:27 INFO  BSP server: [hint] //> using test.dep "org.scalacheck::scalacheck:1.18.1"
2025.12.23 20:10:27 INFO  BSP server: [hint]                     ^^^^^^^^^^^^^^^^^^^^^^^^^^^^^^^^^
2025.12.23 20:10:27 INFO  compiling 04-lazy-list_0f10ccc8b3 (1 scala source)
2025.12.23 20:10:27 INFO  time: compiled 04-lazy-list_0f10ccc8b3 in 0.71s
2025.12.23 20:10:30 INFO  BSP server: [hint] ./project.scala:4:21
2025.12.23 20:10:30 INFO  BSP server: [hint] "scalacheck is outdated, update to 1.19.0"
2025.12.23 20:10:30 INFO  BSP server: [hint]      scalacheck 1.18.1 -> org.scalacheck::scalacheck:1.19.0
2025.12.23 20:10:30 INFO  BSP server: [hint] //> using test.dep "org.scalacheck::scalacheck:1.18.1"
2025.12.23 20:10:30 INFO  BSP server: [hint]                     ^^^^^^^^^^^^^^^^^^^^^^^^^^^^^^^^^
2025.12.23 20:10:30 INFO  compiling 04-lazy-list_0f10ccc8b3 (1 scala source)
2025.12.23 20:10:30 INFO  time: compiled 04-lazy-list_0f10ccc8b3 in 0.49s
2025.12.23 20:10:34 INFO  BSP server: [hint] ./project.scala:4:21
2025.12.23 20:10:34 INFO  BSP server: [hint] "scalacheck is outdated, update to 1.19.0"
2025.12.23 20:10:34 INFO  BSP server: [hint]      scalacheck 1.18.1 -> org.scalacheck::scalacheck:1.19.0
2025.12.23 20:10:34 INFO  BSP server: [hint] //> using test.dep "org.scalacheck::scalacheck:1.18.1"
2025.12.23 20:10:34 INFO  BSP server: [hint]                     ^^^^^^^^^^^^^^^^^^^^^^^^^^^^^^^^^
2025.12.23 20:10:34 INFO  compiling 04-lazy-list_0f10ccc8b3 (1 scala source)
2025.12.23 20:10:36 INFO  time: compiled 04-lazy-list_0f10ccc8b3 in 2.03s
2025.12.23 20:10:50 INFO  BSP server: [hint] ./project.scala:4:21
2025.12.23 20:10:50 INFO  BSP server: [hint] "scalacheck is outdated, update to 1.19.0"
2025.12.23 20:10:50 INFO  BSP server: [hint]      scalacheck 1.18.1 -> org.scalacheck::scalacheck:1.19.0
2025.12.23 20:10:50 INFO  BSP server: [hint] //> using test.dep "org.scalacheck::scalacheck:1.18.1"
2025.12.23 20:10:50 INFO  BSP server: [hint]                     ^^^^^^^^^^^^^^^^^^^^^^^^^^^^^^^^^
2025.12.23 20:10:50 INFO  compiling 04-lazy-list_0f10ccc8b3 (1 scala source)
2025.12.23 20:10:50 INFO  time: compiled 04-lazy-list_0f10ccc8b3 in 0.28s
2025.12.23 20:11:06 INFO  BSP server: [hint] ./project.scala:4:21
2025.12.23 20:11:06 INFO  BSP server: [hint] "scalacheck is outdated, update to 1.19.0"
2025.12.23 20:11:06 INFO  BSP server: [hint]      scalacheck 1.18.1 -> org.scalacheck::scalacheck:1.19.0
2025.12.23 20:11:06 INFO  BSP server: [hint] //> using test.dep "org.scalacheck::scalacheck:1.18.1"
2025.12.23 20:11:06 INFO  BSP server: [hint]                     ^^^^^^^^^^^^^^^^^^^^^^^^^^^^^^^^^
2025.12.23 20:11:06 INFO  compiling 04-lazy-list_0f10ccc8b3 (1 scala source)
2025.12.23 20:11:07 INFO  time: compiled 04-lazy-list_0f10ccc8b3 in 1.58s
Dec 23, 2025 8:11:39 PM org.eclipse.lsp4j.jsonrpc.RemoteEndpoint handleCancellation
WARNING: Unmatched cancel notification for request id 6626
2025.12.23 20:15:24 INFO  BSP server: [hint] ./project.scala:4:21
2025.12.23 20:15:24 INFO  BSP server: [hint] "scalacheck is outdated, update to 1.19.0"
2025.12.23 20:15:24 INFO  BSP server: [hint]      scalacheck 1.18.1 -> org.scalacheck::scalacheck:1.19.0
2025.12.23 20:15:24 INFO  BSP server: [hint] //> using test.dep "org.scalacheck::scalacheck:1.18.1"
2025.12.23 20:15:24 INFO  BSP server: [hint]                     ^^^^^^^^^^^^^^^^^^^^^^^^^^^^^^^^^
2025.12.23 20:15:24 INFO  compiling 04-lazy-list_0f10ccc8b3 (1 scala source)
2025.12.23 20:15:24 INFO  time: compiled 04-lazy-list_0f10ccc8b3 in 0.38s
2025.12.23 20:15:31 INFO  BSP server: [hint] ./project.scala:4:21
2025.12.23 20:15:31 INFO  BSP server: [hint] "scalacheck is outdated, update to 1.19.0"
2025.12.23 20:15:31 INFO  BSP server: [hint]      scalacheck 1.18.1 -> org.scalacheck::scalacheck:1.19.0
2025.12.23 20:15:31 INFO  BSP server: [hint] //> using test.dep "org.scalacheck::scalacheck:1.18.1"
2025.12.23 20:15:31 INFO  BSP server: [hint]                     ^^^^^^^^^^^^^^^^^^^^^^^^^^^^^^^^^
2025.12.23 20:15:31 INFO  compiling 04-lazy-list_0f10ccc8b3 (1 scala source)
2025.12.23 20:15:32 INFO  time: compiled 04-lazy-list_0f10ccc8b3 in 1.04s
2025.12.23 20:15:33 INFO  BSP server: [hint] ./project.scala:4:21
2025.12.23 20:15:33 INFO  BSP server: [hint] "scalacheck is outdated, update to 1.19.0"
2025.12.23 20:15:33 INFO  BSP server: [hint]      scalacheck 1.18.1 -> org.scalacheck::scalacheck:1.19.0
2025.12.23 20:15:33 INFO  BSP server: [hint] //> using test.dep "org.scalacheck::scalacheck:1.18.1"
2025.12.23 20:15:33 INFO  BSP server: [hint]                     ^^^^^^^^^^^^^^^^^^^^^^^^^^^^^^^^^
2025.12.23 20:15:32 INFO  compiling 04-lazy-list_0f10ccc8b3 (1 scala source)
2025.12.23 20:15:35 INFO  time: compiled 04-lazy-list_0f10ccc8b3 in 2.09s
2025.12.23 20:15:59 INFO  BSP server: [hint] ./project.scala:4:21
2025.12.23 20:15:59 INFO  BSP server: [hint] "scalacheck is outdated, update to 1.19.0"
2025.12.23 20:15:59 INFO  BSP server: [hint]      scalacheck 1.18.1 -> org.scalacheck::scalacheck:1.19.0
2025.12.23 20:15:59 INFO  BSP server: [hint] //> using test.dep "org.scalacheck::scalacheck:1.18.1"
2025.12.23 20:15:59 INFO  BSP server: [hint]                     ^^^^^^^^^^^^^^^^^^^^^^^^^^^^^^^^^
2025.12.23 20:15:59 INFO  compiling 04-lazy-list_0f10ccc8b3 (1 scala source)
2025.12.23 20:16:00 INFO  time: compiled 04-lazy-list_0f10ccc8b3 in 1.07s
Dec 23, 2025 8:16:01 PM org.eclipse.lsp4j.jsonrpc.RemoteEndpoint handleCancellation
WARNING: Unmatched cancel notification for request id 6781
Dec 23, 2025 8:16:51 PM org.eclipse.lsp4j.jsonrpc.RemoteEndpoint handleCancellation
WARNING: Unmatched cancel notification for request id 7048
Dec 23, 2025 8:17:02 PM org.eclipse.lsp4j.jsonrpc.RemoteEndpoint handleCancellation
WARNING: Unmatched cancel notification for request id 7178
2025.12.23 20:17:07 INFO  BSP server: [hint] ./project.scala:4:21
2025.12.23 20:17:07 INFO  BSP server: [hint] "scalacheck is outdated, update to 1.19.0"
2025.12.23 20:17:07 INFO  BSP server: [hint]      scalacheck 1.18.1 -> org.scalacheck::scalacheck:1.19.0
2025.12.23 20:17:07 INFO  BSP server: [hint] //> using test.dep "org.scalacheck::scalacheck:1.18.1"
2025.12.23 20:17:07 INFO  BSP server: [hint]                     ^^^^^^^^^^^^^^^^^^^^^^^^^^^^^^^^^
2025.12.23 20:17:07 INFO  compiling 04-lazy-list_0f10ccc8b3 (1 scala source)
2025.12.23 20:17:07 INFO  time: compiled 04-lazy-list_0f10ccc8b3 in 0.31s
Dec 23, 2025 8:17:19 PM org.eclipse.lsp4j.jsonrpc.RemoteEndpoint handleCancellation
WARNING: Unmatched cancel notification for request id 7294
2025.12.23 20:17:20 INFO  BSP server: [hint] ./project.scala:4:21
2025.12.23 20:17:20 INFO  BSP server: [hint] "scalacheck is outdated, update to 1.19.0"
2025.12.23 20:17:20 INFO  BSP server: [hint]      scalacheck 1.18.1 -> org.scalacheck::scalacheck:1.19.0
2025.12.23 20:17:20 INFO  BSP server: [hint] //> using test.dep "org.scalacheck::scalacheck:1.18.1"
2025.12.23 20:17:20 INFO  BSP server: [hint]                     ^^^^^^^^^^^^^^^^^^^^^^^^^^^^^^^^^
2025.12.23 20:17:20 INFO  compiling 04-lazy-list_0f10ccc8b3 (1 scala source)
2025.12.23 20:17:20 INFO  time: compiled 04-lazy-list_0f10ccc8b3 in 0.22s
2025.12.23 20:17:50 INFO  BSP server: [hint] ./project.scala:4:21
2025.12.23 20:17:50 INFO  BSP server: [hint] "scalacheck is outdated, update to 1.19.0"
2025.12.23 20:17:50 INFO  BSP server: [hint]      scalacheck 1.18.1 -> org.scalacheck::scalacheck:1.19.0
2025.12.23 20:17:50 INFO  BSP server: [hint] //> using test.dep "org.scalacheck::scalacheck:1.18.1"
2025.12.23 20:17:50 INFO  BSP server: [hint]                     ^^^^^^^^^^^^^^^^^^^^^^^^^^^^^^^^^
2025.12.23 20:17:50 INFO  compiling 04-lazy-list_0f10ccc8b3 (1 scala source)
2025.12.23 20:17:50 INFO  time: compiled 04-lazy-list_0f10ccc8b3 in 0.22s
Dec 23, 2025 8:18:01 PM org.eclipse.lsp4j.jsonrpc.RemoteEndpoint handleCancellation
WARNING: Unmatched cancel notification for request id 7442
2025.12.23 20:18:02 INFO  BSP server: [hint] ./project.scala:4:21
2025.12.23 20:18:02 INFO  BSP server: [hint] "scalacheck is outdated, update to 1.19.0"
2025.12.23 20:18:02 INFO  BSP server: [hint]      scalacheck 1.18.1 -> org.scalacheck::scalacheck:1.19.0
2025.12.23 20:18:02 INFO  BSP server: [hint] //> using test.dep "org.scalacheck::scalacheck:1.18.1"
2025.12.23 20:18:02 INFO  BSP server: [hint]                     ^^^^^^^^^^^^^^^^^^^^^^^^^^^^^^^^^
2025.12.23 20:18:02 INFO  compiling 04-lazy-list_0f10ccc8b3 (1 scala source)
2025.12.23 20:18:02 INFO  time: compiled 04-lazy-list_0f10ccc8b3 in 0.23s
Dec 23, 2025 8:18:03 PM org.eclipse.lsp4j.jsonrpc.RemoteEndpoint handleCancellation
WARNING: Unmatched cancel notification for request id 7448
2025.12.23 20:18:27 INFO  BSP server: [hint] ./project.scala:4:21
2025.12.23 20:18:27 INFO  BSP server: [hint] "scalacheck is outdated, update to 1.19.0"
2025.12.23 20:18:27 INFO  BSP server: [hint]      scalacheck 1.18.1 -> org.scalacheck::scalacheck:1.19.0
2025.12.23 20:18:27 INFO  BSP server: [hint] //> using test.dep "org.scalacheck::scalacheck:1.18.1"
2025.12.23 20:18:27 INFO  BSP server: [hint]                     ^^^^^^^^^^^^^^^^^^^^^^^^^^^^^^^^^
2025.12.23 20:18:27 INFO  compiling 04-lazy-list_0f10ccc8b3 (1 scala source)
2025.12.23 20:18:27 INFO  time: compiled 04-lazy-list_0f10ccc8b3 in 0.34s
2025.12.23 20:18:37 INFO  BSP server: [hint] ./project.scala:4:21
2025.12.23 20:18:37 INFO  BSP server: [hint] "scalacheck is outdated, update to 1.19.0"
2025.12.23 20:18:37 INFO  BSP server: [hint]      scalacheck 1.18.1 -> org.scalacheck::scalacheck:1.19.0
2025.12.23 20:18:37 INFO  BSP server: [hint] //> using test.dep "org.scalacheck::scalacheck:1.18.1"
2025.12.23 20:18:37 INFO  BSP server: [hint]                     ^^^^^^^^^^^^^^^^^^^^^^^^^^^^^^^^^
2025.12.23 20:18:37 INFO  compiling 04-lazy-list_0f10ccc8b3 (1 scala source)
2025.12.23 20:18:37 INFO  time: compiled 04-lazy-list_0f10ccc8b3 in 0.26s
2025.12.23 20:18:39 INFO  BSP server: [hint] ./project.scala:4:21
2025.12.23 20:18:39 INFO  BSP server: [hint] "scalacheck is outdated, update to 1.19.0"
2025.12.23 20:18:39 INFO  BSP server: [hint]      scalacheck 1.18.1 -> org.scalacheck::scalacheck:1.19.0
2025.12.23 20:18:39 INFO  BSP server: [hint] //> using test.dep "org.scalacheck::scalacheck:1.18.1"
2025.12.23 20:18:39 INFO  BSP server: [hint]                     ^^^^^^^^^^^^^^^^^^^^^^^^^^^^^^^^^
2025.12.23 20:18:39 INFO  compiling 04-lazy-list_0f10ccc8b3 (1 scala source)
2025.12.23 20:18:39 INFO  time: compiled 04-lazy-list_0f10ccc8b3 in 0.2s
Dec 23, 2025 8:18:45 PM org.eclipse.lsp4j.jsonrpc.RemoteEndpoint handleCancellation
WARNING: Unmatched cancel notification for request id 7622
2025.12.23 20:18:48 INFO  BSP server: [hint] ./project.scala:4:21
2025.12.23 20:18:48 INFO  BSP server: [hint] "scalacheck is outdated, update to 1.19.0"
2025.12.23 20:18:48 INFO  BSP server: [hint]      scalacheck 1.18.1 -> org.scalacheck::scalacheck:1.19.0
2025.12.23 20:18:48 INFO  BSP server: [hint] //> using test.dep "org.scalacheck::scalacheck:1.18.1"
2025.12.23 20:18:48 INFO  BSP server: [hint]                     ^^^^^^^^^^^^^^^^^^^^^^^^^^^^^^^^^
2025.12.23 20:18:48 INFO  compiling 04-lazy-list_0f10ccc8b3 (1 scala source)
2025.12.23 20:18:50 INFO  time: compiled 04-lazy-list_0f10ccc8b3 in 1.9s
2025.12.23 20:19:22 INFO  BSP server: [hint] ./project.scala:4:21
2025.12.23 20:19:22 INFO  BSP server: [hint] "scalacheck is outdated, update to 1.19.0"
2025.12.23 20:19:22 INFO  BSP server: [hint]      scalacheck 1.18.1 -> org.scalacheck::scalacheck:1.19.0
2025.12.23 20:19:22 INFO  BSP server: [hint] //> using test.dep "org.scalacheck::scalacheck:1.18.1"
2025.12.23 20:19:22 INFO  BSP server: [hint]                     ^^^^^^^^^^^^^^^^^^^^^^^^^^^^^^^^^
2025.12.23 20:19:22 INFO  compiling 04-lazy-list_0f10ccc8b3 (1 scala source)
2025.12.23 20:19:22 INFO  time: compiled 04-lazy-list_0f10ccc8b3 in 0.99s
Dec 23, 2025 8:19:33 PM org.eclipse.lsp4j.jsonrpc.RemoteEndpoint handleCancellation
WARNING: Unmatched cancel notification for request id 7861
2025.12.23 20:19:51 INFO  BSP server: [hint] ./project.scala:4:21
2025.12.23 20:19:51 INFO  BSP server: [hint] "scalacheck is outdated, update to 1.19.0"
2025.12.23 20:19:51 INFO  BSP server: [hint]      scalacheck 1.18.1 -> org.scalacheck::scalacheck:1.19.0
2025.12.23 20:19:51 INFO  BSP server: [hint] //> using test.dep "org.scalacheck::scalacheck:1.18.1"
2025.12.23 20:19:51 INFO  BSP server: [hint]                     ^^^^^^^^^^^^^^^^^^^^^^^^^^^^^^^^^
2025.12.23 20:19:51 INFO  compiling 04-lazy-list_0f10ccc8b3 (1 scala source)
2025.12.23 20:19:51 INFO  time: compiled 04-lazy-list_0f10ccc8b3 in 0.75s
2025.12.23 20:21:04 INFO  BSP server: [hint] ./project.scala:4:21
2025.12.23 20:21:04 INFO  BSP server: [hint] "scalacheck is outdated, update to 1.19.0"
2025.12.23 20:21:04 INFO  BSP server: [hint]      scalacheck 1.18.1 -> org.scalacheck::scalacheck:1.19.0
2025.12.23 20:21:04 INFO  BSP server: [hint] //> using test.dep "org.scalacheck::scalacheck:1.18.1"
2025.12.23 20:21:04 INFO  BSP server: [hint]                     ^^^^^^^^^^^^^^^^^^^^^^^^^^^^^^^^^
2025.12.23 20:21:05 INFO  compiling 04-lazy-list_0f10ccc8b3 (1 scala source)
2025.12.23 20:21:09 INFO  time: compiled 04-lazy-list_0f10ccc8b3 in 4.5s
Dec 23, 2025 8:23:36 PM org.eclipse.lsp4j.jsonrpc.RemoteEndpoint handleCancellation
WARNING: Unmatched cancel notification for request id 8201
2025.12.23 20:23:46 INFO  BSP server: [hint] ./project.scala:4:21
2025.12.23 20:23:46 INFO  BSP server: [hint] "scalacheck is outdated, update to 1.19.0"
2025.12.23 20:23:46 INFO  BSP server: [hint]      scalacheck 1.18.1 -> org.scalacheck::scalacheck:1.19.0
2025.12.23 20:23:46 INFO  BSP server: [hint] //> using test.dep "org.scalacheck::scalacheck:1.18.1"
2025.12.23 20:23:46 INFO  BSP server: [hint]                     ^^^^^^^^^^^^^^^^^^^^^^^^^^^^^^^^^
2025.12.23 20:23:46 INFO  compiling 04-lazy-list_0f10ccc8b3 (1 scala source)
2025.12.23 20:23:51 INFO  time: compiled 04-lazy-list_0f10ccc8b3 in 5.18s
2025.12.23 20:24:01 INFO  BSP server: [hint] ./project.scala:4:21
2025.12.23 20:24:01 INFO  BSP server: [hint] "scalacheck is outdated, update to 1.19.0"
2025.12.23 20:24:01 INFO  BSP server: [hint]      scalacheck 1.18.1 -> org.scalacheck::scalacheck:1.19.0
2025.12.23 20:24:01 INFO  BSP server: [hint] //> using test.dep "org.scalacheck::scalacheck:1.18.1"
2025.12.23 20:24:01 INFO  BSP server: [hint]                     ^^^^^^^^^^^^^^^^^^^^^^^^^^^^^^^^^
2025.12.23 20:24:01 INFO  compiling 04-lazy-list_0f10ccc8b3 (1 scala source)
2025.12.23 20:24:02 INFO  time: compiled 04-lazy-list_0f10ccc8b3 in 1.31s
2025.12.23 20:24:06 WARN  Could not load snapshot text for /home/casperh/GitHub/Computer-Science-ITU/advanced-programming/exercises/04-lazy-list/Exercises.scala
2025.12.23 20:25:12 WARN  Could not load snapshot text for /home/casperh/GitHub/Computer-Science-ITU/advanced-programming/exercises/04-lazy-list/Exercises.scala
2025.12.23 20:25:25 WARN  Could not load snapshot text for /home/casperh/GitHub/Computer-Science-ITU/advanced-programming/exercises/04-lazy-list/Exercises.scala
Dec 23, 2025 8:26:21 PM org.eclipse.lsp4j.jsonrpc.RemoteEndpoint handleCancellation
WARNING: Unmatched cancel notification for request id 8383
2025.12.23 20:26:22 WARN  Could not load snapshot text for /home/casperh/GitHub/Computer-Science-ITU/advanced-programming/exercises/04-lazy-list/Exercises.scala
2025.12.23 20:26:22 WARN  Could not load snapshot text for /home/casperh/GitHub/Computer-Science-ITU/advanced-programming/exercises/04-lazy-list/Exercises.scala
2025.12.23 20:26:22 WARN  Could not load snapshot text for /home/casperh/GitHub/Computer-Science-ITU/advanced-programming/exercises/04-lazy-list/Exercises.scala
2025.12.23 20:26:23 WARN  Could not load snapshot text for /home/casperh/GitHub/Computer-Science-ITU/advanced-programming/exercises/04-lazy-list/Exercises.scala
2025.12.23 20:26:23 WARN  Could not load snapshot text for /home/casperh/GitHub/Computer-Science-ITU/advanced-programming/exercises/04-lazy-list/Exercises.scala
2025.12.23 20:26:24 WARN  Could not load snapshot text for /home/casperh/GitHub/Computer-Science-ITU/advanced-programming/exercises/04-lazy-list/Exercises.scala
2025.12.23 20:26:25 WARN  Could not load snapshot text for /home/casperh/GitHub/Computer-Science-ITU/advanced-programming/exercises/04-lazy-list/Exercises.scala
2025.12.23 20:26:27 WARN  Could not load snapshot text for /home/casperh/GitHub/Computer-Science-ITU/advanced-programming/exercises/04-lazy-list/Exercises.scala
2025.12.23 20:26:28 WARN  Could not load snapshot text for /home/casperh/GitHub/Computer-Science-ITU/advanced-programming/exercises/04-lazy-list/Exercises.scala
2025.12.23 20:26:29 WARN  Could not load snapshot text for /home/casperh/GitHub/Computer-Science-ITU/advanced-programming/exercises/04-lazy-list/Exercises.scala
2025.12.23 20:26:31 WARN  Could not load snapshot text for /home/casperh/GitHub/Computer-Science-ITU/advanced-programming/exercises/04-lazy-list/Exercises.scala
2025.12.23 20:26:31 WARN  Could not load snapshot text for /home/casperh/GitHub/Computer-Science-ITU/advanced-programming/exercises/04-lazy-list/Exercises.scala
2025.12.23 20:26:31 WARN  Could not load snapshot text for /home/casperh/GitHub/Computer-Science-ITU/advanced-programming/exercises/04-lazy-list/Exercises.scala
2025.12.23 20:26:35 WARN  Could not load snapshot text for /home/casperh/GitHub/Computer-Science-ITU/advanced-programming/exercises/04-lazy-list/Exercises.scala
2025.12.23 20:26:38 WARN  Could not load snapshot text for /home/casperh/GitHub/Computer-Science-ITU/advanced-programming/exercises/04-lazy-list/Exercises.scala
2025.12.23 20:26:39 WARN  Could not load snapshot text for /home/casperh/GitHub/Computer-Science-ITU/advanced-programming/exercises/04-lazy-list/Exercises.scala
2025.12.23 20:26:39 INFO  BSP server: [hint] ./project.scala:4:21
2025.12.23 20:26:39 INFO  BSP server: [hint] "scalacheck is outdated, update to 1.19.0"
2025.12.23 20:26:39 INFO  BSP server: [hint]      scalacheck 1.18.1 -> org.scalacheck::scalacheck:1.19.0
2025.12.23 20:26:39 INFO  BSP server: [hint] //> using test.dep "org.scalacheck::scalacheck:1.18.1"
2025.12.23 20:26:39 INFO  BSP server: [hint]                     ^^^^^^^^^^^^^^^^^^^^^^^^^^^^^^^^^
2025.12.23 20:26:39 INFO  compiling 04-lazy-list_0f10ccc8b3 (1 scala source)
2025.12.23 20:26:44 INFO  time: compiled 04-lazy-list_0f10ccc8b3 in 4.74s
2025.12.23 20:29:38 INFO  BSP server: [hint] ./project.scala:4:21
2025.12.23 20:29:38 INFO  BSP server: [hint] "scalacheck is outdated, update to 1.19.0"
2025.12.23 20:29:38 INFO  BSP server: [hint]      scalacheck 1.18.1 -> org.scalacheck::scalacheck:1.19.0
2025.12.23 20:29:38 INFO  BSP server: [hint] //> using test.dep "org.scalacheck::scalacheck:1.18.1"
2025.12.23 20:29:38 INFO  BSP server: [hint]                     ^^^^^^^^^^^^^^^^^^^^^^^^^^^^^^^^^
2025.12.23 20:29:38 INFO  compiling 04-lazy-list_0f10ccc8b3 (1 scala source)
2025.12.23 20:29:41 INFO  time: compiled 04-lazy-list_0f10ccc8b3 in 2.8s
2025.12.23 20:29:59 INFO  BSP server: [hint] ./project.scala:4:21
2025.12.23 20:29:59 INFO  BSP server: [hint] "scalacheck is outdated, update to 1.19.0"
2025.12.23 20:29:59 INFO  BSP server: [hint]      scalacheck 1.18.1 -> org.scalacheck::scalacheck:1.19.0
2025.12.23 20:29:59 INFO  BSP server: [hint] //> using test.dep "org.scalacheck::scalacheck:1.18.1"
2025.12.23 20:29:59 INFO  BSP server: [hint]                     ^^^^^^^^^^^^^^^^^^^^^^^^^^^^^^^^^
2025.12.23 20:30:00 INFO  compiling 04-lazy-list_0f10ccc8b3 (1 scala source)
2025.12.23 20:30:02 INFO  time: compiled 04-lazy-list_0f10ccc8b3 in 2.86s
2025.12.23 20:32:12 INFO  BSP server: [hint] ./project.scala:4:21
2025.12.23 20:32:12 INFO  BSP server: [hint] "scalacheck is outdated, update to 1.19.0"
2025.12.23 20:32:12 INFO  BSP server: [hint]      scalacheck 1.18.1 -> org.scalacheck::scalacheck:1.19.0
2025.12.23 20:32:12 INFO  BSP server: [hint] //> using test.dep "org.scalacheck::scalacheck:1.18.1"
2025.12.23 20:32:12 INFO  BSP server: [hint]                     ^^^^^^^^^^^^^^^^^^^^^^^^^^^^^^^^^
2025.12.23 20:32:12 INFO  compiling 04-lazy-list_0f10ccc8b3 (1 scala source)
2025.12.23 20:32:15 INFO  time: compiled 04-lazy-list_0f10ccc8b3 in 3.61s
2025.12.23 20:32:29 INFO  BSP server: [hint] ./project.scala:4:21
2025.12.23 20:32:29 INFO  BSP server: [hint] "scalacheck is outdated, update to 1.19.0"
2025.12.23 20:32:29 INFO  BSP server: [hint]      scalacheck 1.18.1 -> org.scalacheck::scalacheck:1.19.0
2025.12.23 20:32:29 INFO  BSP server: [hint] //> using test.dep "org.scalacheck::scalacheck:1.18.1"
2025.12.23 20:32:29 INFO  BSP server: [hint]                     ^^^^^^^^^^^^^^^^^^^^^^^^^^^^^^^^^
2025.12.23 20:32:29 INFO  compiling 04-lazy-list_0f10ccc8b3 (1 scala source)
2025.12.23 20:32:29 INFO  time: compiled 04-lazy-list_0f10ccc8b3 in 0.79s
Dec 23, 2025 8:32:30 PM org.eclipse.lsp4j.jsonrpc.RemoteEndpoint handleCancellation
WARNING: Unmatched cancel notification for request id 9188
2025.12.23 20:32:31 INFO  BSP server: [hint] ./project.scala:4:21
2025.12.23 20:32:31 INFO  BSP server: [hint] "scalacheck is outdated, update to 1.19.0"
2025.12.23 20:32:31 INFO  BSP server: [hint]      scalacheck 1.18.1 -> org.scalacheck::scalacheck:1.19.0
2025.12.23 20:32:31 INFO  BSP server: [hint] //> using test.dep "org.scalacheck::scalacheck:1.18.1"
2025.12.23 20:32:31 INFO  BSP server: [hint]                     ^^^^^^^^^^^^^^^^^^^^^^^^^^^^^^^^^
2025.12.23 20:32:31 INFO  compiling 04-lazy-list_0f10ccc8b3 (1 scala source)
2025.12.23 20:32:31 INFO  time: compiled 04-lazy-list_0f10ccc8b3 in 0.55s
2025.12.23 20:32:32 INFO  BSP server: [hint] ./project.scala:4:21
2025.12.23 20:32:32 INFO  BSP server: [hint] "scalacheck is outdated, update to 1.19.0"
2025.12.23 20:32:32 INFO  BSP server: [hint]      scalacheck 1.18.1 -> org.scalacheck::scalacheck:1.19.0
2025.12.23 20:32:32 INFO  BSP server: [hint] //> using test.dep "org.scalacheck::scalacheck:1.18.1"
2025.12.23 20:32:32 INFO  BSP server: [hint]                     ^^^^^^^^^^^^^^^^^^^^^^^^^^^^^^^^^
2025.12.23 20:32:32 INFO  compiling 04-lazy-list_0f10ccc8b3 (1 scala source)
2025.12.23 20:32:33 INFO  time: compiled 04-lazy-list_0f10ccc8b3 in 1.18s
2025.12.23 20:32:48 INFO  BSP server: [hint] ./project.scala:4:21
2025.12.23 20:32:48 INFO  BSP server: [hint] "scalacheck is outdated, update to 1.19.0"
2025.12.23 20:32:48 INFO  BSP server: [hint]      scalacheck 1.18.1 -> org.scalacheck::scalacheck:1.19.0
2025.12.23 20:32:48 INFO  BSP server: [hint] //> using test.dep "org.scalacheck::scalacheck:1.18.1"
2025.12.23 20:32:48 INFO  BSP server: [hint]                     ^^^^^^^^^^^^^^^^^^^^^^^^^^^^^^^^^
2025.12.23 20:32:48 INFO  compiling 04-lazy-list_0f10ccc8b3 (1 scala source)
2025.12.23 20:32:50 INFO  time: compiled 04-lazy-list_0f10ccc8b3 in 2.18s
Dec 23, 2025 8:38:37 PM org.eclipse.lsp4j.jsonrpc.RemoteEndpoint handleCancellation
WARNING: Unmatched cancel notification for request id 9422
2025.12.23 20:40:00 INFO  BSP server: [hint] ./project.scala:4:21
2025.12.23 20:40:00 INFO  BSP server: [hint] "scalacheck is outdated, update to 1.19.0"
2025.12.23 20:40:00 INFO  BSP server: [hint]      scalacheck 1.18.1 -> org.scalacheck::scalacheck:1.19.0
2025.12.23 20:40:00 INFO  BSP server: [hint] //> using test.dep "org.scalacheck::scalacheck:1.18.1"
2025.12.23 20:40:00 INFO  BSP server: [hint]                     ^^^^^^^^^^^^^^^^^^^^^^^^^^^^^^^^^
2025.12.23 20:40:00 INFO  compiling 04-lazy-list_0f10ccc8b3 (1 scala source)
2025.12.23 20:40:02 INFO  time: compiled 04-lazy-list_0f10ccc8b3 in 2.02s
2025.12.23 20:40:57 INFO  BSP server: [hint] ./project.scala:4:21
2025.12.23 20:40:57 INFO  BSP server: [hint] "scalacheck is outdated, update to 1.19.0"
2025.12.23 20:40:57 INFO  BSP server: [hint]      scalacheck 1.18.1 -> org.scalacheck::scalacheck:1.19.0
2025.12.23 20:40:57 INFO  BSP server: [hint] //> using test.dep "org.scalacheck::scalacheck:1.18.1"
2025.12.23 20:40:57 INFO  BSP server: [hint]                     ^^^^^^^^^^^^^^^^^^^^^^^^^^^^^^^^^
2025.12.23 20:40:57 INFO  compiling 04-lazy-list_0f10ccc8b3 (1 scala source)
2025.12.23 20:40:58 INFO  time: compiled 04-lazy-list_0f10ccc8b3 in 1.01s
2025.12.23 20:41:10 INFO  BSP server: [hint] ./project.scala:4:21
2025.12.23 20:41:10 INFO  BSP server: [hint] "scalacheck is outdated, update to 1.19.0"
2025.12.23 20:41:10 INFO  BSP server: [hint]      scalacheck 1.18.1 -> org.scalacheck::scalacheck:1.19.0
2025.12.23 20:41:10 INFO  BSP server: [hint] //> using test.dep "org.scalacheck::scalacheck:1.18.1"
2025.12.23 20:41:10 INFO  BSP server: [hint]                     ^^^^^^^^^^^^^^^^^^^^^^^^^^^^^^^^^
2025.12.23 20:41:10 INFO  compiling 04-lazy-list_0f10ccc8b3 (1 scala source)
2025.12.23 20:41:11 INFO  time: compiled 04-lazy-list_0f10ccc8b3 in 1.64s
2025.12.23 20:41:24 INFO  BSP server: [hint] ./project.scala:4:21
2025.12.23 20:41:24 INFO  BSP server: [hint] "scalacheck is outdated, update to 1.19.0"
2025.12.23 20:41:24 INFO  BSP server: [hint]      scalacheck 1.18.1 -> org.scalacheck::scalacheck:1.19.0
2025.12.23 20:41:24 INFO  BSP server: [hint] //> using test.dep "org.scalacheck::scalacheck:1.18.1"
2025.12.23 20:41:24 INFO  BSP server: [hint]                     ^^^^^^^^^^^^^^^^^^^^^^^^^^^^^^^^^
2025.12.23 20:41:24 INFO  compiling 04-lazy-list_0f10ccc8b3 (1 scala source)
2025.12.23 20:41:24 INFO  time: compiled 04-lazy-list_0f10ccc8b3 in 0.33s
2025.12.23 20:41:40 INFO  BSP server: [hint] ./project.scala:4:21
2025.12.23 20:41:40 INFO  BSP server: [hint] "scalacheck is outdated, update to 1.19.0"
2025.12.23 20:41:40 INFO  BSP server: [hint]      scalacheck 1.18.1 -> org.scalacheck::scalacheck:1.19.0
2025.12.23 20:41:40 INFO  BSP server: [hint] //> using test.dep "org.scalacheck::scalacheck:1.18.1"
2025.12.23 20:41:40 INFO  BSP server: [hint]                     ^^^^^^^^^^^^^^^^^^^^^^^^^^^^^^^^^
2025.12.23 20:41:40 INFO  compiling 04-lazy-list_0f10ccc8b3 (1 scala source)
2025.12.23 20:41:40 INFO  time: compiled 04-lazy-list_0f10ccc8b3 in 0.73s
2025.12.23 20:41:45 INFO  BSP server: [hint] ./project.scala:4:21
2025.12.23 20:41:45 INFO  BSP server: [hint] "scalacheck is outdated, update to 1.19.0"
2025.12.23 20:41:45 INFO  BSP server: [hint]      scalacheck 1.18.1 -> org.scalacheck::scalacheck:1.19.0
2025.12.23 20:41:45 INFO  BSP server: [hint] //> using test.dep "org.scalacheck::scalacheck:1.18.1"
2025.12.23 20:41:45 INFO  BSP server: [hint]                     ^^^^^^^^^^^^^^^^^^^^^^^^^^^^^^^^^
2025.12.23 20:41:45 INFO  compiling 04-lazy-list_0f10ccc8b3 (1 scala source)
2025.12.23 20:41:45 INFO  time: compiled 04-lazy-list_0f10ccc8b3 in 0.63s
Dec 23, 2025 8:42:00 PM org.eclipse.lsp4j.jsonrpc.RemoteEndpoint handleCancellation
WARNING: Unmatched cancel notification for request id 10332
2025.12.23 20:42:07 INFO  BSP server: [hint] ./project.scala:4:21
2025.12.23 20:42:07 INFO  BSP server: [hint] "scalacheck is outdated, update to 1.19.0"
2025.12.23 20:42:07 INFO  BSP server: [hint]      scalacheck 1.18.1 -> org.scalacheck::scalacheck:1.19.0
2025.12.23 20:42:07 INFO  BSP server: [hint] //> using test.dep "org.scalacheck::scalacheck:1.18.1"
2025.12.23 20:42:07 INFO  BSP server: [hint]                     ^^^^^^^^^^^^^^^^^^^^^^^^^^^^^^^^^
2025.12.23 20:42:07 INFO  compiling 04-lazy-list_0f10ccc8b3 (1 scala source)
2025.12.23 20:42:09 INFO  time: compiled 04-lazy-list_0f10ccc8b3 in 2.19s
Dec 23, 2025 8:51:16 PM org.eclipse.lsp4j.jsonrpc.RemoteEndpoint handleCancellation
WARNING: Unmatched cancel notification for request id 10453
Dec 23, 2025 8:51:30 PM org.eclipse.lsp4j.jsonrpc.RemoteEndpoint handleCancellation
WARNING: Unmatched cancel notification for request id 10585
Dec 23, 2025 8:52:10 PM org.eclipse.lsp4j.jsonrpc.RemoteEndpoint handleCancellation
WARNING: Unmatched cancel notification for request id 10870
2025.12.23 20:52:16 INFO  BSP server: [hint] ./project.scala:4:21
2025.12.23 20:52:16 INFO  BSP server: [hint] "scalacheck is outdated, update to 1.19.0"
2025.12.23 20:52:16 INFO  BSP server: [hint]      scalacheck 1.18.1 -> org.scalacheck::scalacheck:1.19.0
2025.12.23 20:52:16 INFO  BSP server: [hint] //> using test.dep "org.scalacheck::scalacheck:1.18.1"
2025.12.23 20:52:16 INFO  BSP server: [hint]                     ^^^^^^^^^^^^^^^^^^^^^^^^^^^^^^^^^
2025.12.23 20:52:16 INFO  compiling 04-lazy-list_0f10ccc8b3 (1 scala source)
2025.12.23 20:52:18 INFO  time: compiled 04-lazy-list_0f10ccc8b3 in 2.29s
2025.12.23 20:52:23 INFO  BSP server: [hint] ./project.scala:4:21
2025.12.23 20:52:23 INFO  BSP server: [hint] "scalacheck is outdated, update to 1.19.0"
2025.12.23 20:52:23 INFO  BSP server: [hint]      scalacheck 1.18.1 -> org.scalacheck::scalacheck:1.19.0
2025.12.23 20:52:23 INFO  BSP server: [hint] //> using test.dep "org.scalacheck::scalacheck:1.18.1"
2025.12.23 20:52:23 INFO  BSP server: [hint]                     ^^^^^^^^^^^^^^^^^^^^^^^^^^^^^^^^^
2025.12.23 20:52:23 INFO  compiling 04-lazy-list_0f10ccc8b3 (1 scala source)
2025.12.23 20:52:26 INFO  time: compiled 04-lazy-list_0f10ccc8b3 in 2.14s
2025.12.23 20:53:23 INFO  BSP server: [hint] ./project.scala:4:21
2025.12.23 20:53:23 INFO  BSP server: [hint] "scalacheck is outdated, update to 1.19.0"
2025.12.23 20:53:23 INFO  BSP server: [hint]      scalacheck 1.18.1 -> org.scalacheck::scalacheck:1.19.0
2025.12.23 20:53:23 INFO  BSP server: [hint] //> using test.dep "org.scalacheck::scalacheck:1.18.1"
2025.12.23 20:53:23 INFO  BSP server: [hint]                     ^^^^^^^^^^^^^^^^^^^^^^^^^^^^^^^^^
2025.12.23 20:53:23 INFO  compiling 04-lazy-list_0f10ccc8b3 (1 scala source)
2025.12.23 20:53:24 INFO  time: compiled 04-lazy-list_0f10ccc8b3 in 1.51s
2025.12.23 20:53:37 INFO  BSP server: [hint] ./project.scala:4:21
2025.12.23 20:53:37 INFO  BSP server: [hint] "scalacheck is outdated, update to 1.19.0"
2025.12.23 20:53:37 INFO  BSP server: [hint]      scalacheck 1.18.1 -> org.scalacheck::scalacheck:1.19.0
2025.12.23 20:53:37 INFO  BSP server: [hint] //> using test.dep "org.scalacheck::scalacheck:1.18.1"
2025.12.23 20:53:37 INFO  BSP server: [hint]                     ^^^^^^^^^^^^^^^^^^^^^^^^^^^^^^^^^
2025.12.23 20:53:37 INFO  compiling 04-lazy-list_0f10ccc8b3 (1 scala source)
2025.12.23 20:53:37 INFO  time: compiled 04-lazy-list_0f10ccc8b3 in 0.93s
2025.12.23 20:53:39 INFO  BSP server: [hint] ./project.scala:4:21
2025.12.23 20:53:39 INFO  BSP server: [hint] "scalacheck is outdated, update to 1.19.0"
2025.12.23 20:53:39 INFO  BSP server: [hint]      scalacheck 1.18.1 -> org.scalacheck::scalacheck:1.19.0
2025.12.23 20:53:39 INFO  BSP server: [hint] //> using test.dep "org.scalacheck::scalacheck:1.18.1"
2025.12.23 20:53:39 INFO  BSP server: [hint]                     ^^^^^^^^^^^^^^^^^^^^^^^^^^^^^^^^^
2025.12.23 20:53:39 INFO  compiling 04-lazy-list_0f10ccc8b3 (1 scala source)
2025.12.23 20:53:41 INFO  time: compiled 04-lazy-list_0f10ccc8b3 in 1.05s
Dec 23, 2025 8:53:46 PM org.eclipse.lsp4j.jsonrpc.RemoteEndpoint handleCancellation
WARNING: Unmatched cancel notification for request id 11258
2025.12.23 20:53:50 INFO  BSP server: [hint] ./project.scala:4:21
2025.12.23 20:53:50 INFO  BSP server: [hint] "scalacheck is outdated, update to 1.19.0"
2025.12.23 20:53:50 INFO  BSP server: [hint]      scalacheck 1.18.1 -> org.scalacheck::scalacheck:1.19.0
2025.12.23 20:53:50 INFO  BSP server: [hint] //> using test.dep "org.scalacheck::scalacheck:1.18.1"
2025.12.23 20:53:50 INFO  BSP server: [hint]                     ^^^^^^^^^^^^^^^^^^^^^^^^^^^^^^^^^
2025.12.23 20:53:50 INFO  compiling 04-lazy-list_0f10ccc8b3 (1 scala source)
2025.12.23 20:53:50 INFO  time: compiled 04-lazy-list_0f10ccc8b3 in 0.92s
2025.12.23 20:53:52 INFO  BSP server: [hint] ./project.scala:4:21
2025.12.23 20:53:52 INFO  BSP server: [hint] "scalacheck is outdated, update to 1.19.0"
2025.12.23 20:53:52 INFO  BSP server: [hint]      scalacheck 1.18.1 -> org.scalacheck::scalacheck:1.19.0
2025.12.23 20:53:52 INFO  BSP server: [hint] //> using test.dep "org.scalacheck::scalacheck:1.18.1"
2025.12.23 20:53:52 INFO  BSP server: [hint]                     ^^^^^^^^^^^^^^^^^^^^^^^^^^^^^^^^^
2025.12.23 20:53:53 INFO  compiling 04-lazy-list_0f10ccc8b3 (1 scala source)
2025.12.23 20:53:53 INFO  time: compiled 04-lazy-list_0f10ccc8b3 in 0.71s
2025.12.23 20:54:02 INFO  BSP server: [hint] ./project.scala:4:21
2025.12.23 20:54:02 INFO  BSP server: [hint] "scalacheck is outdated, update to 1.19.0"
2025.12.23 20:54:02 INFO  BSP server: [hint]      scalacheck 1.18.1 -> org.scalacheck::scalacheck:1.19.0
2025.12.23 20:54:02 INFO  BSP server: [hint] //> using test.dep "org.scalacheck::scalacheck:1.18.1"
2025.12.23 20:54:02 INFO  BSP server: [hint]                     ^^^^^^^^^^^^^^^^^^^^^^^^^^^^^^^^^
2025.12.23 20:54:03 INFO  compiling 04-lazy-list_0f10ccc8b3 (1 scala source)
2025.12.23 20:54:03 INFO  time: compiled 04-lazy-list_0f10ccc8b3 in 0.61s
Dec 23, 2025 8:55:00 PM org.eclipse.lsp4j.jsonrpc.RemoteEndpoint handleCancellation
WARNING: Unmatched cancel notification for request id 11677
Dec 23, 2025 8:55:09 PM org.eclipse.lsp4j.jsonrpc.RemoteEndpoint handleCancellation
WARNING: Unmatched cancel notification for request id 11765
2025.12.23 20:55:17 INFO  BSP server: [hint] ./project.scala:4:21
2025.12.23 20:55:17 INFO  BSP server: [hint] "scalacheck is outdated, update to 1.19.0"
2025.12.23 20:55:17 INFO  BSP server: [hint]      scalacheck 1.18.1 -> org.scalacheck::scalacheck:1.19.0
2025.12.23 20:55:17 INFO  BSP server: [hint] //> using test.dep "org.scalacheck::scalacheck:1.18.1"
2025.12.23 20:55:17 INFO  BSP server: [hint]                     ^^^^^^^^^^^^^^^^^^^^^^^^^^^^^^^^^
2025.12.23 20:55:17 INFO  compiling 04-lazy-list_0f10ccc8b3 (1 scala source)
2025.12.23 20:55:19 INFO  time: compiled 04-lazy-list_0f10ccc8b3 in 2.45s
Dec 23, 2025 8:56:42 PM org.eclipse.lsp4j.jsonrpc.RemoteEndpoint handleCancellation
WARNING: Unmatched cancel notification for request id 12055
Dec 23, 2025 8:57:38 PM org.eclipse.lsp4j.jsonrpc.RemoteEndpoint handleCancellation
WARNING: Unmatched cancel notification for request id 12254
2025.12.23 20:58:06 INFO  BSP server: [hint] ./project.scala:4:21
2025.12.23 20:58:06 INFO  BSP server: [hint] "scalacheck is outdated, update to 1.19.0"
2025.12.23 20:58:06 INFO  BSP server: [hint]      scalacheck 1.18.1 -> org.scalacheck::scalacheck:1.19.0
2025.12.23 20:58:06 INFO  BSP server: [hint] //> using test.dep "org.scalacheck::scalacheck:1.18.1"
2025.12.23 20:58:06 INFO  BSP server: [hint]                     ^^^^^^^^^^^^^^^^^^^^^^^^^^^^^^^^^
2025.12.23 20:58:06 INFO  compiling 04-lazy-list_0f10ccc8b3 (1 scala source)
2025.12.23 20:58:11 INFO  time: compiled 04-lazy-list_0f10ccc8b3 in 5.2s
2025.12.23 20:58:15 INFO  BSP server: [hint] ./project.scala:4:21
2025.12.23 20:58:15 INFO  BSP server: [hint] "scalacheck is outdated, update to 1.19.0"
2025.12.23 20:58:15 INFO  BSP server: [hint]      scalacheck 1.18.1 -> org.scalacheck::scalacheck:1.19.0
2025.12.23 20:58:15 INFO  BSP server: [hint] //> using test.dep "org.scalacheck::scalacheck:1.18.1"
2025.12.23 20:58:15 INFO  BSP server: [hint]                     ^^^^^^^^^^^^^^^^^^^^^^^^^^^^^^^^^
2025.12.23 20:58:15 INFO  compiling 04-lazy-list_0f10ccc8b3 (1 scala source)
2025.12.23 20:58:16 INFO  time: compiled 04-lazy-list_0f10ccc8b3 in 1.77s
2025.12.23 20:58:28 INFO  BSP server: [hint] ./project.scala:4:21
2025.12.23 20:58:28 INFO  BSP server: [hint] "scalacheck is outdated, update to 1.19.0"
2025.12.23 20:58:28 INFO  BSP server: [hint]      scalacheck 1.18.1 -> org.scalacheck::scalacheck:1.19.0
2025.12.23 20:58:28 INFO  BSP server: [hint] //> using test.dep "org.scalacheck::scalacheck:1.18.1"
2025.12.23 20:58:28 INFO  BSP server: [hint]                     ^^^^^^^^^^^^^^^^^^^^^^^^^^^^^^^^^
2025.12.23 20:58:28 INFO  compiling 04-lazy-list_0f10ccc8b3 (1 scala source)
2025.12.23 20:58:28 INFO  time: compiled 04-lazy-list_0f10ccc8b3 in 0.6s
2025.12.23 20:58:48 INFO  BSP server: [hint] ./project.scala:4:21
2025.12.23 20:58:48 INFO  BSP server: [hint] "scalacheck is outdated, update to 1.19.0"
2025.12.23 20:58:48 INFO  BSP server: [hint]      scalacheck 1.18.1 -> org.scalacheck::scalacheck:1.19.0
2025.12.23 20:58:48 INFO  BSP server: [hint] //> using test.dep "org.scalacheck::scalacheck:1.18.1"
2025.12.23 20:58:48 INFO  BSP server: [hint]                     ^^^^^^^^^^^^^^^^^^^^^^^^^^^^^^^^^
2025.12.23 20:58:48 INFO  compiling 04-lazy-list_0f10ccc8b3 (1 scala source)
2025.12.23 20:58:50 INFO  time: compiled 04-lazy-list_0f10ccc8b3 in 1.65s
Dec 23, 2025 9:03:42 PM org.eclipse.lsp4j.jsonrpc.RemoteEndpoint handleCancellation
WARNING: Unmatched cancel notification for request id 13160
Dec 23, 2025 9:04:22 PM org.eclipse.lsp4j.jsonrpc.RemoteEndpoint handleCancellation
WARNING: Unmatched cancel notification for request id 13265
2025.12.23 21:04:30 INFO  BSP server: [hint] ./project.scala:4:21
2025.12.23 21:04:30 INFO  BSP server: [hint] "scalacheck is outdated, update to 1.19.0"
2025.12.23 21:04:30 INFO  BSP server: [hint]      scalacheck 1.18.1 -> org.scalacheck::scalacheck:1.19.0
2025.12.23 21:04:30 INFO  BSP server: [hint] //> using test.dep "org.scalacheck::scalacheck:1.18.1"
2025.12.23 21:04:30 INFO  BSP server: [hint]                     ^^^^^^^^^^^^^^^^^^^^^^^^^^^^^^^^^
2025.12.23 21:04:31 INFO  compiling 04-lazy-list_0f10ccc8b3 (1 scala source)
2025.12.23 21:04:36 INFO  time: compiled 04-lazy-list_0f10ccc8b3 in 5.17s
2025.12.23 21:05:54 INFO  BSP server: [hint] ./project.scala:4:21
2025.12.23 21:05:54 INFO  BSP server: [hint] "scalacheck is outdated, update to 1.19.0"
2025.12.23 21:05:54 INFO  BSP server: [hint]      scalacheck 1.18.1 -> org.scalacheck::scalacheck:1.19.0
2025.12.23 21:05:54 INFO  BSP server: [hint] //> using test.dep "org.scalacheck::scalacheck:1.18.1"
2025.12.23 21:05:54 INFO  BSP server: [hint]                     ^^^^^^^^^^^^^^^^^^^^^^^^^^^^^^^^^
2025.12.23 21:05:54 INFO  compiling 04-lazy-list_0f10ccc8b3 (1 scala source)
2025.12.23 21:05:54 INFO  time: compiled 04-lazy-list_0f10ccc8b3 in 0.97s
Dec 23, 2025 9:06:00 PM org.eclipse.lsp4j.jsonrpc.RemoteEndpoint handleCancellation
WARNING: Unmatched cancel notification for request id 13774
2025.12.23 21:08:13 INFO  BSP server: [hint] ./project.scala:4:21
2025.12.23 21:08:13 INFO  BSP server: [hint] "scalacheck is outdated, update to 1.19.0"
2025.12.23 21:08:13 INFO  BSP server: [hint]      scalacheck 1.18.1 -> org.scalacheck::scalacheck:1.19.0
2025.12.23 21:08:13 INFO  BSP server: [hint] //> using test.dep "org.scalacheck::scalacheck:1.18.1"
2025.12.23 21:08:13 INFO  BSP server: [hint]                     ^^^^^^^^^^^^^^^^^^^^^^^^^^^^^^^^^
2025.12.23 21:08:13 INFO  compiling 04-lazy-list_0f10ccc8b3 (1 scala source)
2025.12.23 21:08:16 INFO  time: compiled 04-lazy-list_0f10ccc8b3 in 2.86s
2025.12.23 21:08:28 INFO  BSP server: [hint] ./project.scala:4:21
2025.12.23 21:08:28 INFO  BSP server: [hint] "scalacheck is outdated, update to 1.19.0"
2025.12.23 21:08:28 INFO  BSP server: [hint]      scalacheck 1.18.1 -> org.scalacheck::scalacheck:1.19.0
2025.12.23 21:08:28 INFO  BSP server: [hint] //> using test.dep "org.scalacheck::scalacheck:1.18.1"
2025.12.23 21:08:28 INFO  BSP server: [hint]                     ^^^^^^^^^^^^^^^^^^^^^^^^^^^^^^^^^
2025.12.23 21:08:28 INFO  compiling 04-lazy-list_0f10ccc8b3 (1 scala source)
2025.12.23 21:08:28 INFO  time: compiled 04-lazy-list_0f10ccc8b3 in 0.82s
2025.12.23 21:08:37 INFO  BSP server: [hint] ./project.scala:4:21
2025.12.23 21:08:37 INFO  BSP server: [hint] "scalacheck is outdated, update to 1.19.0"
2025.12.23 21:08:37 INFO  BSP server: [hint]      scalacheck 1.18.1 -> org.scalacheck::scalacheck:1.19.0
2025.12.23 21:08:37 INFO  BSP server: [hint] //> using test.dep "org.scalacheck::scalacheck:1.18.1"
2025.12.23 21:08:37 INFO  BSP server: [hint]                     ^^^^^^^^^^^^^^^^^^^^^^^^^^^^^^^^^
2025.12.23 21:08:37 INFO  compiling 04-lazy-list_0f10ccc8b3 (1 scala source)
2025.12.23 21:08:38 INFO  time: compiled 04-lazy-list_0f10ccc8b3 in 1.27s
2025.12.23 21:08:43 INFO  BSP server: [hint] ./project.scala:4:21
2025.12.23 21:08:43 INFO  BSP server: [hint] "scalacheck is outdated, update to 1.19.0"
2025.12.23 21:08:43 INFO  BSP server: [hint]      scalacheck 1.18.1 -> org.scalacheck::scalacheck:1.19.0
2025.12.23 21:08:43 INFO  BSP server: [hint] //> using test.dep "org.scalacheck::scalacheck:1.18.1"
2025.12.23 21:08:43 INFO  BSP server: [hint]                     ^^^^^^^^^^^^^^^^^^^^^^^^^^^^^^^^^
2025.12.23 21:08:43 INFO  compiling 04-lazy-list_0f10ccc8b3 (1 scala source)
2025.12.23 21:08:45 INFO  time: compiled 04-lazy-list_0f10ccc8b3 in 2.29s
Dec 23, 2025 9:09:15 PM org.eclipse.lsp4j.jsonrpc.RemoteEndpoint handleCancellation
WARNING: Unmatched cancel notification for request id 14686
Dec 23, 2025 9:12:45 PM org.eclipse.lsp4j.jsonrpc.RemoteEndpoint handleCancellation
WARNING: Unmatched cancel notification for request id 15076
2025.12.23 21:13:01 INFO  BSP server: [hint] ./project.scala:4:21
2025.12.23 21:13:01 INFO  BSP server: [hint] "scalacheck is outdated, update to 1.19.0"
2025.12.23 21:13:01 INFO  BSP server: [hint]      scalacheck 1.18.1 -> org.scalacheck::scalacheck:1.19.0
2025.12.23 21:13:01 INFO  BSP server: [hint] //> using test.dep "org.scalacheck::scalacheck:1.18.1"
2025.12.23 21:13:01 INFO  BSP server: [hint]                     ^^^^^^^^^^^^^^^^^^^^^^^^^^^^^^^^^
2025.12.23 21:13:01 INFO  compiling 04-lazy-list_0f10ccc8b3 (1 scala source)
2025.12.23 21:13:05 INFO  time: compiled 04-lazy-list_0f10ccc8b3 in 4.09s
2025.12.23 21:14:10 INFO  BSP server: [hint] ./project.scala:4:21
2025.12.23 21:14:10 INFO  BSP server: [hint] "scalacheck is outdated, update to 1.19.0"
2025.12.23 21:14:10 INFO  BSP server: [hint]      scalacheck 1.18.1 -> org.scalacheck::scalacheck:1.19.0
2025.12.23 21:14:10 INFO  BSP server: [hint] //> using test.dep "org.scalacheck::scalacheck:1.18.1"
2025.12.23 21:14:10 INFO  BSP server: [hint]                     ^^^^^^^^^^^^^^^^^^^^^^^^^^^^^^^^^
2025.12.23 21:14:10 INFO  compiling 04-lazy-list_0f10ccc8b3 (1 scala source)
2025.12.23 21:14:14 INFO  time: compiled 04-lazy-list_0f10ccc8b3 in 4.61s
2025.12.23 21:15:10 INFO  BSP server: [hint] ./project.scala:4:21
2025.12.23 21:15:10 INFO  BSP server: [hint] "scalacheck is outdated, update to 1.19.0"
2025.12.23 21:15:10 INFO  BSP server: [hint]      scalacheck 1.18.1 -> org.scalacheck::scalacheck:1.19.0
2025.12.23 21:15:10 INFO  BSP server: [hint] //> using test.dep "org.scalacheck::scalacheck:1.18.1"
2025.12.23 21:15:10 INFO  BSP server: [hint]                     ^^^^^^^^^^^^^^^^^^^^^^^^^^^^^^^^^
2025.12.23 21:15:10 INFO  compiling 04-lazy-list_0f10ccc8b3 (1 scala source)
2025.12.23 21:15:11 INFO  time: compiled 04-lazy-list_0f10ccc8b3 in 1.4s
2025.12.23 21:15:17 INFO  BSP server: [hint] ./project.scala:4:21
2025.12.23 21:15:17 INFO  BSP server: [hint] "scalacheck is outdated, update to 1.19.0"
2025.12.23 21:15:17 INFO  BSP server: [hint]      scalacheck 1.18.1 -> org.scalacheck::scalacheck:1.19.0
2025.12.23 21:15:17 INFO  BSP server: [hint] //> using test.dep "org.scalacheck::scalacheck:1.18.1"
2025.12.23 21:15:17 INFO  BSP server: [hint]                     ^^^^^^^^^^^^^^^^^^^^^^^^^^^^^^^^^
2025.12.23 21:15:17 INFO  compiling 04-lazy-list_0f10ccc8b3 (1 scala source)
2025.12.23 21:15:19 INFO  time: compiled 04-lazy-list_0f10ccc8b3 in 2.4s
2025.12.23 21:16:12 INFO  Shutting down server
2025.12.23 21:16:12 INFO  shutting down Metals
2025.12.23 21:16:12 INFO  Shut down connection with build server.
2025.12.23 21:16:12 INFO  BSP server: Dec 23, 2025 9:16:12 PM org.eclipse.lsp4j.jsonrpc.RemoteEndpoint handleNotification
2025.12.23 21:16:12 INFO  BSP server: WARNING: Notification threw an exception: {
2025.12.23 21:16:12 INFO  BSP server:   "jsonrpc": "2.0",
2025.12.23 21:16:12 INFO  BSP server:   "method": "build/exit",
2025.12.23 21:16:12 INFO  BSP server:   "params": null
2025.12.23 21:16:12 INFO  BSP server: }
2025.12.23 21:16:12 INFO  BSP server: java.lang.RuntimeException: java.lang.reflect.InvocationTargetException
2025.12.23 21:16:12 INFO  BSP server: 	at org.eclipse.lsp4j.jsonrpc.services.GenericEndpoint.lambda$null$0(GenericEndpoint.java:67)
2025.12.23 21:16:12 INFO  BSP server: 	at org.eclipse.lsp4j.jsonrpc.services.GenericEndpoint.notify(GenericEndpoint.java:152)
2025.12.23 21:16:12 INFO  BSP server: 	at org.eclipse.lsp4j.jsonrpc.RemoteEndpoint.handleNotification(RemoteEndpoint.java:220)
2025.12.23 21:16:12 INFO  BSP server: 	at org.eclipse.lsp4j.jsonrpc.RemoteEndpoint.consume(RemoteEndpoint.java:187)
2025.12.23 21:16:12 INFO  BSP server: 	at org.eclipse.lsp4j.jsonrpc.json.StreamMessageProducer.handleMessage(StreamMessageProducer.java:194)
2025.12.23 21:16:12 INFO  BSP server: 	at org.eclipse.lsp4j.jsonrpc.json.StreamMessageProducer.listen(StreamMessageProducer.java:94)
2025.12.23 21:16:12 INFO  BSP server: 	at org.eclipse.lsp4j.jsonrpc.json.ConcurrentMessageProcessor.run(ConcurrentMessageProcessor.java:113)
2025.12.23 21:16:12 INFO  BSP server: 	at java.base@17.0.6/java.util.concurrent.Executors$RunnableAdapter.call(Executors.java:539)
2025.12.23 21:16:12 INFO  BSP server: 	at java.base@17.0.6/java.util.concurrent.FutureTask.run(FutureTask.java:264)
2025.12.23 21:16:12 INFO  BSP server: 	at java.base@17.0.6/java.util.concurrent.ThreadPoolExecutor.runWorker(ThreadPoolExecutor.java:1136)
2025.12.23 21:16:12 INFO  BSP server: 	at java.base@17.0.6/java.util.concurrent.ThreadPoolExecutor$Worker.run(ThreadPoolExecutor.java:635)
2025.12.23 21:16:12 INFO  BSP server: 	at java.base@17.0.6/java.lang.Thread.run(Thread.java:833)
2025.12.23 21:16:12 INFO  BSP server: 	at com.oracle.svm.core.thread.PlatformThreads.threadStartRoutine(PlatformThreads.java:775)
2025.12.23 21:16:12 INFO  BSP server: 	at com.oracle.svm.core.posix.thread.PosixPlatformThreads.pthreadStartRoutine(PosixPlatformThreads.java:203)
2025.12.23 21:16:12 INFO  BSP server: Caused by: java.lang.reflect.InvocationTargetException
2025.12.23 21:16:12 INFO  BSP server: 	at java.base@17.0.6/java.lang.reflect.Method.invoke(Method.java:568)
2025.12.23 21:16:12 INFO  BSP server: 	at org.eclipse.lsp4j.jsonrpc.services.GenericEndpoint.lambda$null$0(GenericEndpoint.java:65)
2025.12.23 21:16:12 INFO  BSP server: 	... 13 more
2025.12.23 21:16:12 INFO  BSP server: Caused by: java.lang.RuntimeException: BSP server not initialized yet
2025.12.23 21:16:12 INFO  BSP server: 	at scala.sys.package$.error(package.scala:27)
2025.12.23 21:16:12 INFO  BSP server: 	at scala.build.bsp.BloopSession$Reference.get(BloopSession.scala:70)
2025.12.23 21:16:12 INFO  BSP server: 	at scala.build.bsp.BspImpl.$anonfun$11(BspImpl.scala:475)
2025.12.23 21:16:12 INFO  BSP server: 	at scala.build.bsp.BuildServerProxy.onBuildExit(BuildServerProxy.scala:29)
2025.12.23 21:16:12 INFO  BSP server: 	... 15 more
2025.12.23 21:16:12 INFO  BSP server: 
2025.12.23 21:16:12 INFO  Exiting server
2025.12.27 22:18:51 INFO  Started: Metals version 1.6.4 in folders '/home/casperh/GitHub/Computer-Science-ITU/advanced-programming/exercises/04-lazy-list' for client VSCodium 1.107.1.
2025.12.27 22:18:51 WARN  Using H2 2.4.240 which is newer than the version Flyway has been verified with. The latest verified version of H2 is 2.3.232.
2025.12.27 22:18:52 INFO  no build target found for /home/casperh/GitHub/Computer-Science-ITU/advanced-programming/exercises/04-lazy-list/Exercises.scala. Using presentation compiler with project's scala-library version: 3.3.6
2025.12.27 22:18:52 INFO  Attempting to connect to the build server...
2025.12.27 22:18:52 INFO  Running BSP server List(/home/casperh/.local/bin/scala-cli, bsp, --json-options, /home/casperh/GitHub/Computer-Science-ITU/advanced-programming/exercises/04-lazy-list/.scala-build/ide-options-v2.json, --json-launcher-options, /home/casperh/GitHub/Computer-Science-ITU/advanced-programming/exercises/04-lazy-list/.scala-build/ide-launcher-options.json, --envs-file, /home/casperh/GitHub/Computer-Science-ITU/advanced-programming/exercises/04-lazy-list/.scala-build/ide-envs.json, /home/casperh/GitHub/Computer-Science-ITU/advanced-programming/exercises/04-lazy-list)
2025.12.27 22:18:52 INFO  tracing is disabled for protocol BSP, to enable tracing of incoming and outgoing JSON messages create an empty file at /home/casperh/GitHub/Computer-Science-ITU/advanced-programming/exercises/04-lazy-list/.metals/bsp.trace.json or /home/casperh/.cache/metals/bsp.trace.json
2025.12.27 22:18:53 INFO  BSP server: [hint] ./project.scala:4:21
2025.12.27 22:18:53 INFO  BSP server: [hint] "scalacheck is outdated, update to 1.19.0"
2025.12.27 22:18:53 INFO  BSP server: [hint]      scalacheck 1.18.1 -> org.scalacheck::scalacheck:1.19.0
2025.12.27 22:18:53 INFO  BSP server: [hint] //> using test.dep "org.scalacheck::scalacheck:1.18.1"
2025.12.27 22:18:53 INFO  BSP server: [hint]                     ^^^^^^^^^^^^^^^^^^^^^^^^^^^^^^^^^
2025.12.27 22:18:52 INFO  time: Connected to build server in 0.81s
2025.12.27 22:18:53 INFO  Connected to Build server: scala-cli v1.8.5
2025.12.27 22:18:52 INFO  time: Imported build in 0.12s
2025.12.27 22:18:53 INFO  BSP server: [hint] ./project.scala:4:21
2025.12.27 22:18:53 INFO  BSP server: [hint] "scalacheck is outdated, update to 1.19.0"
2025.12.27 22:18:53 INFO  BSP server: [hint]      scalacheck 1.18.1 -> org.scalacheck::scalacheck:1.19.0
2025.12.27 22:18:53 INFO  BSP server: [hint] //> using test.dep "org.scalacheck::scalacheck:1.18.1"
2025.12.27 22:18:53 INFO  BSP server: [hint]                     ^^^^^^^^^^^^^^^^^^^^^^^^^^^^^^^^^
2025.12.27 22:18:54 INFO  compiling 04-lazy-list_0f10ccc8b3-test (1 scala source)
2025.12.27 22:18:58 WARN  Using H2 2.4.240 which is newer than the version Flyway has been verified with. The latest verified version of H2 is 2.3.232.
2025.12.27 22:18:58 INFO  time: indexed workspace in 5.21s
2025.12.27 22:19:00 INFO  time: compiled 04-lazy-list_0f10ccc8b3-test in 5.99s
2025.12.27 22:19:00 INFO  BSP server: [hint] ./project.scala:4:21
2025.12.27 22:19:00 INFO  BSP server: [hint] "scalacheck is outdated, update to 1.19.0"
2025.12.27 22:19:00 INFO  BSP server: [hint]      scalacheck 1.18.1 -> org.scalacheck::scalacheck:1.19.0
2025.12.27 22:19:00 INFO  BSP server: [hint] //> using test.dep "org.scalacheck::scalacheck:1.18.1"
2025.12.27 22:19:00 INFO  BSP server: [hint]                     ^^^^^^^^^^^^^^^^^^^^^^^^^^^^^^^^^
2025.12.27 22:19:03 INFO  Shutting down server
2025.12.27 22:19:03 INFO  shutting down Metals
2025.12.27 22:19:03 INFO  Shut down connection with build server.
2025.12.27 22:19:03 INFO  Exiting server
