2026.01.05 09:39:46 INFO  Started: Metals version 1.6.4 in folders '/home/casper/GitHub/Computer-Science-ITU/advanced-programming/exercises/14-old-exams' for client VSCodium 1.107.1.
2026.01.05 09:39:46 WARN  Using H2 2.4.240 which is newer than the version Flyway has been verified with. The latest verified version of H2 is 2.3.232.
2026.01.05 09:39:46 INFO  no build target found for /home/casper/GitHub/Computer-Science-ITU/advanced-programming/exercises/14-old-exams/2023/Exam.solution.test.scala. Using presentation compiler with project's scala-library version: 3.3.6
2026.01.05 09:39:47 INFO  no build target found for /home/casper/GitHub/Computer-Science-ITU/advanced-programming/exercises/14-old-exams/2023/Exam.solution.test.scala. Using presentation compiler with project's scala-library version: 3.3.6
2026.01.05 09:39:49 INFO  no build target found for /home/casper/GitHub/Computer-Science-ITU/advanced-programming/exercises/14-old-exams/2023/Exam.scala. Using presentation compiler with project's scala-library version: 3.3.6
2026.01.05 09:39:50 INFO  no build target found for /home/casper/GitHub/Computer-Science-ITU/advanced-programming/exercises/14-old-exams/2023/Exam.scala. Using presentation compiler with project's scala-library version: 3.3.6
2026.01.05 09:40:11 INFO  no build target found for /home/casper/GitHub/Computer-Science-ITU/advanced-programming/exercises/14-old-exams/2023/Exam.scala. Using presentation compiler with project's scala-library version: 3.3.6
2026.01.05 09:40:11 INFO  no build target found for /home/casper/GitHub/Computer-Science-ITU/advanced-programming/exercises/14-old-exams/2022/Exam.solution.scala. Using presentation compiler with project's scala-library version: 3.3.6
2026.01.05 09:40:11 INFO  no build target found for /home/casper/GitHub/Computer-Science-ITU/advanced-programming/exercises/14-old-exams/2022/Exam.solution.scala. Using presentation compiler with project's scala-library version: 3.3.6
2026.01.05 09:40:11 INFO  no build target found for /home/casper/GitHub/Computer-Science-ITU/advanced-programming/exercises/14-old-exams/2022/Exam.solution.scala. Using presentation compiler with project's scala-library version: 3.3.6
2026.01.05 09:40:12 INFO  no build target found for /home/casper/GitHub/Computer-Science-ITU/advanced-programming/exercises/14-old-exams/2022/Exam.solution.scala. Using presentation compiler with project's scala-library version: 3.3.6
2026.01.05 09:40:28 INFO  no build target found for /home/casper/GitHub/Computer-Science-ITU/advanced-programming/exercises/14-old-exams/2022/Exam.solution.scala. Using presentation compiler with project's scala-library version: 3.3.6
2026.01.05 09:40:28 INFO  no build target found for /home/casper/GitHub/Computer-Science-ITU/advanced-programming/exercises/14-old-exams/2021/Exam.scala. Using presentation compiler with project's scala-library version: 3.3.6
2026.01.05 09:40:28 INFO  no build target found for /home/casper/GitHub/Computer-Science-ITU/advanced-programming/exercises/14-old-exams/2021/Exam.scala. Using presentation compiler with project's scala-library version: 3.3.6
2026.01.05 09:40:28 INFO  no build target found for /home/casper/GitHub/Computer-Science-ITU/advanced-programming/exercises/14-old-exams/2021/Exam.scala. Using presentation compiler with project's scala-library version: 3.3.6
2026.01.05 09:40:35 INFO  no build target found for /home/casper/GitHub/Computer-Science-ITU/advanced-programming/exercises/14-old-exams/2021/Exam.scala. Using presentation compiler with project's scala-library version: 3.3.6
2026.01.05 09:40:39 INFO  no build target found for /home/casper/GitHub/Computer-Science-ITU/advanced-programming/exercises/14-old-exams/2021/Exam.scala. Using presentation compiler with project's scala-library version: 3.3.6
2026.01.05 09:40:39 INFO  no build target found for /home/casper/GitHub/Computer-Science-ITU/advanced-programming/exercises/14-old-exams/2021/Exam.scala. Using presentation compiler with project's scala-library version: 3.3.6
2026.01.05 09:40:39 INFO  no build target found for /home/casper/GitHub/Computer-Science-ITU/advanced-programming/exercises/14-old-exams/2021/Exam.scala. Using presentation compiler with project's scala-library version: 3.3.6
2026.01.05 09:40:40 INFO  no build target found for /home/casper/GitHub/Computer-Science-ITU/advanced-programming/exercises/14-old-exams/2021/Exam.scala. Using presentation compiler with project's scala-library version: 3.3.6
2026.01.05 09:40:40 INFO  no build target found for /home/casper/GitHub/Computer-Science-ITU/advanced-programming/exercises/14-old-exams/2021/Exam.scala. Using presentation compiler with project's scala-library version: 3.3.6
2026.01.05 09:40:40 INFO  no build target found for /home/casper/GitHub/Computer-Science-ITU/advanced-programming/exercises/14-old-exams/2021/Exam.scala. Using presentation compiler with project's scala-library version: 3.3.6
2026.01.05 09:40:40 INFO  no build target found for /home/casper/GitHub/Computer-Science-ITU/advanced-programming/exercises/14-old-exams/2021/Exam.scala. Using presentation compiler with project's scala-library version: 3.3.6
2026.01.05 09:40:40 WARN  no build target for: /home/casper/GitHub/Computer-Science-ITU/advanced-programming/exercises/14-old-exams/2023/Exam.solution.test.scala
2026.01.05 09:40:40 INFO  no build target found for /home/casper/GitHub/Computer-Science-ITU/advanced-programming/exercises/14-old-exams/2023/Exam.solution.test.scala. Using presentation compiler with project's scala-library version: 3.3.6
2026.01.05 09:40:40 INFO  no build target found for /home/casper/GitHub/Computer-Science-ITU/advanced-programming/exercises/14-old-exams/2023/Exam.solution.test.scala. Using presentation compiler with project's scala-library version: 3.3.6
Jan 05, 2026 9:40:40 AM org.eclipse.lsp4j.jsonrpc.RemoteEndpoint handleCancellation
WARNING: Unmatched cancel notification for request id 86
2026.01.05 09:40:40 INFO  no build target found for /home/casper/GitHub/Computer-Science-ITU/advanced-programming/exercises/14-old-exams/2023/Exam.solution.test.scala. Using presentation compiler with project's scala-library version: 3.3.6
2026.01.05 10:00:33 WARN  no build target for: /home/casper/GitHub/Computer-Science-ITU/advanced-programming/exercises/14-old-exams/2023/Exam.solution.test.scala
2026.01.05 10:00:33 INFO  no build target found for /home/casper/GitHub/Computer-Science-ITU/advanced-programming/exercises/14-old-exams/2023/Exam.solution.test.scala. Using presentation compiler with project's scala-library version: 3.3.6
2026.01.05 10:00:33 INFO  no build target found for /home/casper/GitHub/Computer-Science-ITU/advanced-programming/exercises/14-old-exams/2023/Exam.solution.test.scala. Using presentation compiler with project's scala-library version: 3.3.6
2026.01.05 10:00:36 INFO  no build target found for /home/casper/GitHub/Computer-Science-ITU/advanced-programming/exercises/14-old-exams/2023/Exam.solution.test.scala. Using presentation compiler with project's scala-library version: 3.3.6
2026.01.05 10:04:46 INFO  no build target found for /home/casper/GitHub/Computer-Science-ITU/advanced-programming/exercises/14-old-exams/2024/Exam.scala. Using presentation compiler with project's scala-library version: 3.3.6
2026.01.05 10:04:47 INFO  no build target found for /home/casper/GitHub/Computer-Science-ITU/advanced-programming/exercises/14-old-exams/2024/Exam.scala. Using presentation compiler with project's scala-library version: 3.3.6
Jan 05, 2026 10:04:47 AM org.eclipse.lsp4j.jsonrpc.RemoteEndpoint handleCancellation
WARNING: Unmatched cancel notification for request id 99
2026.01.05 10:04:49 INFO  no build target found for /home/casper/GitHub/Computer-Science-ITU/advanced-programming/exercises/14-old-exams/2024/Exam.scala. Using presentation compiler with project's scala-library version: 3.3.6
2026.01.05 10:04:49 INFO  no build target found for /home/casper/GitHub/Computer-Science-ITU/advanced-programming/exercises/14-old-exams/2023/Exam.scala. Using presentation compiler with project's scala-library version: 3.3.6
2026.01.05 10:04:51 INFO  no build target found for /home/casper/GitHub/Computer-Science-ITU/advanced-programming/exercises/14-old-exams/2023/Exam.scala. Using presentation compiler with project's scala-library version: 3.3.6
2026.01.05 10:04:51 INFO  no build target found for /home/casper/GitHub/Computer-Science-ITU/advanced-programming/exercises/14-old-exams/2023/Exam.scala. Using presentation compiler with project's scala-library version: 3.3.6
2026.01.05 10:04:51 INFO  no build target found for /home/casper/GitHub/Computer-Science-ITU/advanced-programming/exercises/14-old-exams/2023/Exam.scala. Using presentation compiler with project's scala-library version: 3.3.6
2026.01.05 10:04:52 INFO  no build target found for /home/casper/GitHub/Computer-Science-ITU/advanced-programming/exercises/14-old-exams/2023/Exam.scala. Using presentation compiler with project's scala-library version: 3.3.6
2026.01.05 10:05:11 INFO  no build target found for /home/casper/GitHub/Computer-Science-ITU/advanced-programming/exercises/14-old-exams/2023/Exam.scala. Using presentation compiler with project's scala-library version: 3.3.6
2026.01.05 10:05:11 INFO  no build target found for /home/casper/GitHub/Computer-Science-ITU/advanced-programming/exercises/14-old-exams/2023/Exam.scala. Using presentation compiler with project's scala-library version: 3.3.6
2026.01.05 10:07:19 INFO  no build target found for /home/casper/GitHub/Computer-Science-ITU/advanced-programming/exercises/14-old-exams/2021/Exam.scala. Using presentation compiler with project's scala-library version: 3.3.6
2026.01.05 10:07:21 INFO  no build target found for /home/casper/GitHub/Computer-Science-ITU/advanced-programming/exercises/14-old-exams/2021/Exam.scala. Using presentation compiler with project's scala-library version: 3.3.6
Jan 05, 2026 10:07:22 AM org.eclipse.lsp4j.jsonrpc.RemoteEndpoint handleCancellation
WARNING: Unmatched cancel notification for request id 126
Jan 05, 2026 10:07:22 AM org.eclipse.lsp4j.jsonrpc.RemoteEndpoint handleCancellation
WARNING: Unmatched cancel notification for request id 129
2026.01.05 10:07:22 INFO  no build target found for /home/casper/GitHub/Computer-Science-ITU/advanced-programming/exercises/14-old-exams/2021/Exam.scala. Using presentation compiler with project's scala-library version: 3.3.6
2026.01.05 10:07:22 INFO  no build target found for /home/casper/GitHub/Computer-Science-ITU/advanced-programming/exercises/14-old-exams/2021/Exam.scala. Using presentation compiler with project's scala-library version: 3.3.6
2026.01.05 10:07:22 INFO  no build target found for /home/casper/GitHub/Computer-Science-ITU/advanced-programming/exercises/14-old-exams/2021/Exam.scala. Using presentation compiler with project's scala-library version: 3.3.6
Jan 05, 2026 10:07:22 AM org.eclipse.lsp4j.jsonrpc.RemoteEndpoint handleCancellation
WARNING: Unmatched cancel notification for request id 136
Jan 05, 2026 10:07:22 AM org.eclipse.lsp4j.jsonrpc.RemoteEndpoint handleCancellation
WARNING: Unmatched cancel notification for request id 137
2026.01.05 10:07:22 INFO  no build target found for /home/casper/GitHub/Computer-Science-ITU/advanced-programming/exercises/14-old-exams/2021/Exam.scala. Using presentation compiler with project's scala-library version: 3.3.6
2026.01.05 10:07:22 INFO  no build target found for /home/casper/GitHub/Computer-Science-ITU/advanced-programming/exercises/14-old-exams/2021/Exam.scala. Using presentation compiler with project's scala-library version: 3.3.6
2026.01.05 10:07:25 INFO  no build target found for /home/casper/GitHub/Computer-Science-ITU/advanced-programming/exercises/14-old-exams/2021/Exam.scala. Using presentation compiler with project's scala-library version: 3.3.6
2026.01.05 10:07:34 INFO  no build target found for /home/casper/GitHub/Computer-Science-ITU/advanced-programming/exercises/14-old-exams/2021/Exam.scala. Using presentation compiler with project's scala-library version: 3.3.6
2026.01.05 10:07:34 INFO  no build target found for /home/casper/GitHub/Computer-Science-ITU/advanced-programming/exercises/14-old-exams/2021/Exam.scala. Using presentation compiler with project's scala-library version: 3.3.6
2026.01.05 10:07:44 INFO  no build target found for /home/casper/GitHub/Computer-Science-ITU/advanced-programming/exercises/14-old-exams/2021/Exam.scala. Using presentation compiler with project's scala-library version: 3.3.6
2026.01.05 10:07:49 INFO  no build target found for /home/casper/GitHub/Computer-Science-ITU/advanced-programming/exercises/14-old-exams/2021/Exam.scala. Using presentation compiler with project's scala-library version: 3.3.6
2026.01.05 10:08:18 INFO  no build target found for /home/casper/GitHub/Computer-Science-ITU/advanced-programming/exercises/14-old-exams/2021/Exam.scala. Using presentation compiler with project's scala-library version: 3.3.6
Jan 05, 2026 10:08:20 AM org.eclipse.lsp4j.jsonrpc.RemoteEndpoint handleCancellation
WARNING: Unmatched cancel notification for request id 149
2026.01.05 10:08:20 INFO  no build target found for /home/casper/GitHub/Computer-Science-ITU/advanced-programming/exercises/14-old-exams/2021/Exam.scala. Using presentation compiler with project's scala-library version: 3.3.6
2026.01.05 10:28:18 INFO  no build target found for /home/casper/GitHub/Computer-Science-ITU/advanced-programming/exercises/14-old-exams/2021/Exam.scala. Using presentation compiler with project's scala-library version: 3.3.6
2026.01.05 10:28:18 INFO  no build target found for /home/casper/GitHub/Computer-Science-ITU/advanced-programming/exercises/14-old-exams/2021/Exam.scala. Using presentation compiler with project's scala-library version: 3.3.6
2026.01.05 10:28:18 INFO  no build target found for /home/casper/GitHub/Computer-Science-ITU/advanced-programming/exercises/14-old-exams/2021/Exam.scala. Using presentation compiler with project's scala-library version: 3.3.6
2026.01.05 10:28:18 INFO  no build target found for /home/casper/GitHub/Computer-Science-ITU/advanced-programming/exercises/14-old-exams/2021/Exam.scala. Using presentation compiler with project's scala-library version: 3.3.6
2026.01.05 10:28:40 INFO  no build target found for /home/casper/GitHub/Computer-Science-ITU/advanced-programming/exercises/14-old-exams/2021/Exam.scala. Using presentation compiler with project's scala-library version: 3.3.6
2026.01.05 10:28:40 INFO  no build target found for /home/casper/GitHub/Computer-Science-ITU/advanced-programming/exercises/14-old-exams/2022/Exam.scala. Using presentation compiler with project's scala-library version: 3.3.6
2026.01.05 10:28:41 INFO  no build target found for /home/casper/GitHub/Computer-Science-ITU/advanced-programming/exercises/14-old-exams/2022/Exam.scala. Using presentation compiler with project's scala-library version: 3.3.6
2026.01.05 10:28:49 INFO  no build target found for /home/casper/GitHub/Computer-Science-ITU/advanced-programming/exercises/14-old-exams/2022/Exam.scala. Using presentation compiler with project's scala-library version: 3.3.6
2026.01.05 10:28:51 INFO  no build target found for /home/casper/GitHub/Computer-Science-ITU/advanced-programming/exercises/14-old-exams/2022/Exam.scala. Using presentation compiler with project's scala-library version: 3.3.6
2026.01.05 10:30:58 INFO  no build target found for /home/casper/GitHub/Computer-Science-ITU/advanced-programming/exercises/14-old-exams/2022/Exam.scala. Using presentation compiler with project's scala-library version: 3.3.6
2026.01.05 10:30:58 INFO  no build target found for /home/casper/GitHub/Computer-Science-ITU/advanced-programming/exercises/14-old-exams/2023/Exam.scala. Using presentation compiler with project's scala-library version: 3.3.6
2026.01.05 10:31:00 INFO  no build target found for /home/casper/GitHub/Computer-Science-ITU/advanced-programming/exercises/14-old-exams/2023/Exam.scala. Using presentation compiler with project's scala-library version: 3.3.6
2026.01.05 10:31:00 INFO  no build target found for /home/casper/GitHub/Computer-Science-ITU/advanced-programming/exercises/14-old-exams/2023/Exam.scala. Using presentation compiler with project's scala-library version: 3.3.6
Jan 05, 2026 10:31:01 AM org.eclipse.lsp4j.jsonrpc.RemoteEndpoint handleCancellation
WARNING: Unmatched cancel notification for request id 188
2026.01.05 10:31:00 INFO  no build target found for /home/casper/GitHub/Computer-Science-ITU/advanced-programming/exercises/14-old-exams/2023/Exam.scala. Using presentation compiler with project's scala-library version: 3.3.6
Jan 05, 2026 10:31:01 AM org.eclipse.lsp4j.jsonrpc.RemoteEndpoint handleCancellation
WARNING: Unmatched cancel notification for request id 191
Jan 05, 2026 10:31:03 AM org.eclipse.lsp4j.jsonrpc.RemoteEndpoint handleCancellation
WARNING: Unmatched cancel notification for request id 198
2026.01.05 10:31:16 INFO  no build target found for /home/casper/GitHub/Computer-Science-ITU/advanced-programming/exercises/14-old-exams/2023/Exam.scala. Using presentation compiler with project's scala-library version: 3.3.6
2026.01.05 10:31:16 INFO  no build target found for /home/casper/GitHub/Computer-Science-ITU/advanced-programming/exercises/14-old-exams/2024/Exam.scala. Using presentation compiler with project's scala-library version: 3.3.6
2026.01.05 10:31:17 INFO  no build target found for /home/casper/GitHub/Computer-Science-ITU/advanced-programming/exercises/14-old-exams/2024/Exam.scala. Using presentation compiler with project's scala-library version: 3.3.6
2026.01.05 10:31:23 INFO  no build target found for /home/casper/GitHub/Computer-Science-ITU/advanced-programming/exercises/14-old-exams/2024/Exam.scala. Using presentation compiler with project's scala-library version: 3.3.6
2026.01.05 12:58:54 INFO  Shutting down server
2026.01.05 12:58:54 INFO  shutting down Metals
2026.01.05 12:58:54 INFO  Exiting server
