2025.12.29 14:53:00 INFO  Started: Metals version 1.6.4 in folders '/home/casperh/GitHub/Computer-Science-ITU/advanced-programming/exercises/07-prop' for client VSCodium 1.107.1.
2025.12.29 14:53:00 WARN  Using H2 2.4.240 which is newer than the version Flyway has been verified with. The latest verified version of H2 is 2.3.232.
2025.12.29 14:53:00 INFO  no build target found for /home/casperh/GitHub/Computer-Science-ITU/advanced-programming/exercises/07-prop/Exercises.scala. Using presentation compiler with project's scala-library version: 3.3.6
Dec 29, 2025 2:53:02 PM org.eclipse.lsp4j.jsonrpc.services.GenericEndpoint notify
INFO: Unsupported notification method: $/setTrace
Dec 29, 2025 2:53:02 PM org.eclipse.lsp4j.jsonrpc.RemoteEndpoint handleCancellation
WARNING: Unmatched cancel notification for request id 1
2025.12.29 14:53:02 INFO  no build target found for /home/casperh/GitHub/Computer-Science-ITU/advanced-programming/exercises/07-prop/Exercises.scala. Using presentation compiler with project's scala-library version: 3.3.6
2025.12.29 14:53:02 INFO  Wrote configuration file for ide in: /home/casperh/GitHub/Computer-Science-ITU/advanced-programming/exercises/07-prop/.bsp/scala-cli.json
2025.12.29 14:53:02 INFO  time: ran 'scala-cli bspConfig' in 48ms
Dec 29, 2025 2:53:02 PM org.eclipse.lsp4j.jsonrpc.RemoteEndpoint handleCancellation
WARNING: Unmatched cancel notification for request id 2
2025.12.29 14:53:02 INFO  no build target found for /home/casperh/GitHub/Computer-Science-ITU/advanced-programming/exercises/07-prop/Exercises.scala. Using presentation compiler with project's scala-library version: 3.3.6
2025.12.29 14:53:02 INFO  Attempting to connect to the build server...
2025.12.29 14:53:02 INFO  Running BSP server List(/home/casperh/.local/bin/scala-cli, bsp, --json-options, /home/casperh/GitHub/Computer-Science-ITU/advanced-programming/exercises/07-prop/.scala-build/ide-options-v2.json, --json-launcher-options, /home/casperh/GitHub/Computer-Science-ITU/advanced-programming/exercises/07-prop/.scala-build/ide-launcher-options.json, --envs-file, /home/casperh/GitHub/Computer-Science-ITU/advanced-programming/exercises/07-prop/.scala-build/ide-envs.json, /home/casperh/GitHub/Computer-Science-ITU/advanced-programming/exercises/07-prop)
2025.12.29 14:53:02 INFO  tracing is disabled for protocol BSP, to enable tracing of incoming and outgoing JSON messages create an empty file at /home/casperh/GitHub/Computer-Science-ITU/advanced-programming/exercises/07-prop/.metals/bsp.trace.json or /home/casperh/.cache/metals/bsp.trace.json
2025.12.29 14:53:02 INFO  time: Connected to build server in 0.33s
2025.12.29 14:53:02 INFO  Connected to Build server: scala-cli v1.8.5
2025.12.29 14:53:02 INFO  compiling 07-prop_0f10ccc8b3 (3 scala sources)
2025.12.29 14:53:05 WARN  Using H2 2.4.240 which is newer than the version Flyway has been verified with. The latest verified version of H2 is 2.3.232.
2025.12.29 14:53:05 INFO  time: indexed workspace in 3.5s
2025.12.29 14:53:06 INFO  time: compiled 07-prop_0f10ccc8b3 in 3.87s
2025.12.29 14:53:06 INFO  compiling 07-prop_0f10ccc8b3-test (1 scala source)
2025.12.29 14:53:09 INFO  time: compiled 07-prop_0f10ccc8b3-test in 2.17s
Dec 29, 2025 3:05:37 PM org.eclipse.lsp4j.jsonrpc.RemoteEndpoint handleCancellation
WARNING: Unmatched cancel notification for request id 73
2025.12.29 15:05:44 INFO  compiling 07-prop_0f10ccc8b3 (1 scala source)
2025.12.29 15:05:45 INFO  time: compiled 07-prop_0f10ccc8b3 in 1.12s
2025.12.29 15:05:56 INFO  compiling 07-prop_0f10ccc8b3 (1 scala source)
2025.12.29 15:05:56 INFO  time: compiled 07-prop_0f10ccc8b3 in 0.42s
2025.12.29 15:05:59 INFO  Created report: Optional[file:///home/casperh/GitHub/Computer-Science-ITU/advanced-programming/exercises/07-prop/Exercises.scala]
2025.12.29 15:05:59 INFO  empty definition using pc, found symbol in pc:  (full report at: "/home/casperh/GitHub/Computer-Science-ITU/advanced-programming/exercises/07-prop/.metals/.reports/metals-full/2025-12-29/r_empty-definition_(07-prop_5f0f10ccc8b3)_15-05-59-130.md")
2025.12.29 15:06:00 INFO  empty definition using pc, found symbol in pc:  (full report at: "/home/casperh/GitHub/Computer-Science-ITU/advanced-programming/exercises/07-prop/.metals/.reports/metals-full/2025-12-29/r_empty-definition_(07-prop_5f0f10ccc8b3)_15-05-59-130.md")
2025.12.29 15:06:00 INFO  empty definition using pc, found symbol in pc:  (full report at: "/home/casperh/GitHub/Computer-Science-ITU/advanced-programming/exercises/07-prop/.metals/.reports/metals-full/2025-12-29/r_empty-definition_(07-prop_5f0f10ccc8b3)_15-05-59-130.md")
Dec 29, 2025 3:06:05 PM org.eclipse.lsp4j.jsonrpc.RemoteEndpoint handleCancellation
WARNING: Unmatched cancel notification for request id 266
2025.12.29 15:06:06 INFO  compiling 07-prop_0f10ccc8b3 (1 scala source)
2025.12.29 15:06:06 INFO  time: compiled 07-prop_0f10ccc8b3-test in 9ms
2025.12.29 15:06:07 INFO  time: compiled 07-prop_0f10ccc8b3 in 1s
2025.12.29 15:06:49 INFO  compiling 07-prop_0f10ccc8b3 (1 scala source)
2025.12.29 15:06:49 INFO  time: compiled 07-prop_0f10ccc8b3 in 0.81s
2025.12.29 15:07:04 INFO  compiling 07-prop_0f10ccc8b3 (1 scala source)
2025.12.29 15:07:04 INFO  time: compiled 07-prop_0f10ccc8b3 in 0.56s
2025.12.29 15:08:12 INFO  compiling 07-prop_0f10ccc8b3 (1 scala source)
2025.12.29 15:08:12 INFO  time: compiled 07-prop_0f10ccc8b3 in 0.95s
2025.12.29 15:08:18 INFO  compiling 07-prop_0f10ccc8b3 (1 scala source)
2025.12.29 15:08:19 INFO  time: compiled 07-prop_0f10ccc8b3 in 1.34s
Dec 29, 2025 3:08:50 PM org.eclipse.lsp4j.jsonrpc.RemoteEndpoint handleCancellation
WARNING: Unmatched cancel notification for request id 826
2025.12.29 15:10:40 INFO  Shutting down server
2025.12.29 15:10:40 INFO  shutting down Metals
2025.12.29 15:10:40 INFO  Shut down connection with build server.
2025.12.29 15:10:40 INFO  Exiting server
2025.12.30 11:26:39 INFO  Started: Metals version 1.6.4 in folders '/home/casperh/GitHub/Computer-Science-ITU/advanced-programming/exercises/07-prop' for client VSCodium 1.107.1.
2025.12.30 11:26:39 WARN  Using H2 2.4.240 which is newer than the version Flyway has been verified with. The latest verified version of H2 is 2.3.232.
Dec 30, 2025 11:26:40 AM org.eclipse.lsp4j.jsonrpc.services.GenericEndpoint notify
INFO: Unsupported notification method: $/setTrace
2025.12.30 11:26:40 INFO  no build target found for /home/casperh/GitHub/Computer-Science-ITU/advanced-programming/exercises/07-prop/Exercises.scala. Using presentation compiler with project's scala-library version: 3.3.6
2025.12.30 11:26:40 INFO  Attempting to connect to the build server...
2025.12.30 11:26:40 INFO  Running BSP server List(/home/casperh/.local/bin/scala-cli, bsp, --json-options, /home/casperh/GitHub/Computer-Science-ITU/advanced-programming/exercises/07-prop/.scala-build/ide-options-v2.json, --json-launcher-options, /home/casperh/GitHub/Computer-Science-ITU/advanced-programming/exercises/07-prop/.scala-build/ide-launcher-options.json, --envs-file, /home/casperh/GitHub/Computer-Science-ITU/advanced-programming/exercises/07-prop/.scala-build/ide-envs.json, /home/casperh/GitHub/Computer-Science-ITU/advanced-programming/exercises/07-prop)
2025.12.30 11:26:40 INFO  tracing is disabled for protocol BSP, to enable tracing of incoming and outgoing JSON messages create an empty file at /home/casperh/GitHub/Computer-Science-ITU/advanced-programming/exercises/07-prop/.metals/bsp.trace.json or /home/casperh/.cache/metals/bsp.trace.json
2025.12.30 11:26:41 INFO  BSP server: Checking https://repo1.maven.org/maven2/org/scalacheck/scalacheck_3/
2025.12.30 11:26:41 INFO  BSP server: Checked https://repo1.maven.org/maven2/org/scalacheck/scalacheck_3/
2025.12.30 11:26:41 INFO  BSP server: Checking https://repo1.maven.org/maven2/org/scalacheck/scalacheck_3/maven-metadata.xml
2025.12.30 11:26:41 INFO  BSP server: Checked https://repo1.maven.org/maven2/org/scalacheck/scalacheck_3/maven-metadata.xml
2025.12.30 11:26:40 INFO  time: Connected to build server in 0.78s
2025.12.30 11:26:41 INFO  Connected to Build server: scala-cli v1.8.5
2025.12.30 11:26:41 INFO  time: Imported build in 0.12s
2025.12.30 11:26:41 INFO  compiling 07-prop_0f10ccc8b3-test (1 scala source)
2025.12.30 11:26:44 WARN  Using H2 2.4.240 which is newer than the version Flyway has been verified with. The latest verified version of H2 is 2.3.232.
2025.12.30 11:26:44 INFO  time: indexed workspace in 2.83s
2025.12.30 11:26:44 INFO  compiling 07-prop_0f10ccc8b3-test (1 scala source)
2025.12.30 11:26:45 INFO  time: compiled 07-prop_0f10ccc8b3-test in 1.13s
2025.12.30 11:46:10 INFO  compiling 07-prop_0f10ccc8b3 (1 scala source)
2025.12.30 11:46:11 INFO  time: compiled 07-prop_0f10ccc8b3 in 1.46s
2025.12.30 11:46:14 INFO  compiling 07-prop_0f10ccc8b3 (1 scala source)
2025.12.30 11:46:14 INFO  time: compiled 07-prop_0f10ccc8b3 in 0.37s
Dec 30, 2025 11:46:24 AM org.eclipse.lsp4j.jsonrpc.RemoteEndpoint handleCancellation
WARNING: Unmatched cancel notification for request id 474
2025.12.30 11:46:27 INFO  compiling 07-prop_0f10ccc8b3 (1 scala source)
2025.12.30 11:46:27 INFO  time: compiled 07-prop_0f10ccc8b3 in 0.33s
2025.12.30 11:46:29 INFO  compiling 07-prop_0f10ccc8b3 (1 scala source)
2025.12.30 11:46:29 INFO  compiling 07-prop_0f10ccc8b3-test (1 scala source)
2025.12.30 11:46:29 INFO  time: compiled 07-prop_0f10ccc8b3 in 0.93s
2025.12.30 11:46:31 INFO  time: compiled 07-prop_0f10ccc8b3-test in 0.5s
2025.12.30 11:48:11 INFO  compiling 07-prop_0f10ccc8b3 (1 scala source)
2025.12.30 11:48:14 INFO  compiling 07-prop_0f10ccc8b3-test (1 scala source)
2025.12.30 11:48:14 INFO  time: compiled 07-prop_0f10ccc8b3 in 2.37s
2025.12.30 11:48:16 INFO  time: compiled 07-prop_0f10ccc8b3-test in 1.92s
2025.12.30 11:48:53 INFO  compiling 07-prop_0f10ccc8b3 (1 scala source)
2025.12.30 11:48:54 INFO  time: compiled 07-prop_0f10ccc8b3 in 1.23s
Dec 30, 2025 11:52:58 AM org.eclipse.lsp4j.jsonrpc.RemoteEndpoint handleCancellation
WARNING: Unmatched cancel notification for request id 1063
2025.12.30 11:53:20 INFO  compiling 07-prop_0f10ccc8b3 (1 scala source)
2025.12.30 11:53:22 INFO  time: compiled 07-prop_0f10ccc8b3-test in 5ms
2025.12.30 11:53:22 INFO  time: compiled 07-prop_0f10ccc8b3 in 2.03s
2025.12.30 11:53:41 INFO  compiling 07-prop_0f10ccc8b3 (1 scala source)
2025.12.30 11:53:41 INFO  time: compiled 07-prop_0f10ccc8b3 in 0.5s
Dec 30, 2025 11:54:10 AM org.eclipse.lsp4j.jsonrpc.RemoteEndpoint handleCancellation
WARNING: Unmatched cancel notification for request id 1590
2025.12.30 11:54:16 INFO  compiling 07-prop_0f10ccc8b3 (1 scala source)
2025.12.30 11:54:16 INFO  time: compiled 07-prop_0f10ccc8b3 in 0.47s
2025.12.30 11:55:59 INFO  compiling 07-prop_0f10ccc8b3 (1 scala source)
2025.12.30 11:56:00 INFO  time: compiled 07-prop_0f10ccc8b3 in 1.47s
2025.12.30 11:56:09 INFO  compiling 07-prop_0f10ccc8b3 (1 scala source)
2025.12.30 11:56:10 INFO  time: compiled 07-prop_0f10ccc8b3 in 1.1s
2025.12.30 11:56:22 INFO  compiling 07-prop_0f10ccc8b3 (1 scala source)
2025.12.30 11:56:22 INFO  time: compiled 07-prop_0f10ccc8b3 in 0.44s
2025.12.30 11:57:59 INFO  compiling 07-prop_0f10ccc8b3 (1 scala source)
2025.12.30 11:57:59 INFO  time: compiled 07-prop_0f10ccc8b3 in 0.84s
2025.12.30 11:58:33 INFO  compiling 07-prop_0f10ccc8b3 (1 scala source)
2025.12.30 11:58:33 INFO  time: compiled 07-prop_0f10ccc8b3 in 0.37s
2025.12.30 11:58:38 INFO  Created report: Optional[jar:file:///home/casperh/.cache/coursier/v1/https/repo1.maven.org/maven2/org/scala-lang/scala-library/2.13.16/scala-library-2.13.16-sources.jar!/scala/Predef.scala]
2025.12.30 11:58:38 INFO  java.lang.AssertionError: assertion failed (full report at: "/home/casperh/GitHub/Computer-Science-ITU/advanced-programming/exercises/07-prop/.metals/.reports/metals-full/2025-12-30/r_compiler-error_(07-prop_5f0f10ccc8b3-test)_11-58-38-201.md")
2025.12.30 11:58:50 INFO  compiling 07-prop_0f10ccc8b3 (1 scala source)
2025.12.30 11:58:50 INFO  time: compiled 07-prop_0f10ccc8b3 in 0.12s
2025.12.30 11:58:52 INFO  compiling 07-prop_0f10ccc8b3 (1 scala source)
2025.12.30 11:58:53 INFO  time: compiled 07-prop_0f10ccc8b3-test in 4ms
2025.12.30 11:58:53 INFO  time: compiled 07-prop_0f10ccc8b3 in 1.14s
2025.12.30 12:00:52 INFO  compiling 07-prop_0f10ccc8b3 (1 scala source)
2025.12.30 12:00:54 INFO  time: compiled 07-prop_0f10ccc8b3 in 1.43s
2025.12.30 12:00:55 INFO  compiling 07-prop_0f10ccc8b3 (1 scala source)
2025.12.30 12:00:55 INFO  time: compiled 07-prop_0f10ccc8b3 in 0.34s
2025.12.30 12:01:19 INFO  time: compiled 07-prop_0f10ccc8b3 in 17ms
2025.12.30 12:01:53 INFO  compiling 07-prop_0f10ccc8b3 (1 scala source)
2025.12.30 12:01:54 INFO  time: compiled 07-prop_0f10ccc8b3 in 1.18s
2025.12.30 12:01:54 INFO  time: compiled 07-prop_0f10ccc8b3 in 20ms
2025.12.30 12:03:40 INFO  compiling 07-prop_0f10ccc8b3 (1 scala source)
2025.12.30 12:03:41 INFO  time: compiled 07-prop_0f10ccc8b3 in 1.25s
2025.12.30 12:04:17 INFO  compiling 07-prop_0f10ccc8b3 (1 scala source)
2025.12.30 12:04:17 INFO  time: compiled 07-prop_0f10ccc8b3 in 0.51s
Dec 30, 2025 12:10:51 PM org.eclipse.lsp4j.jsonrpc.RemoteEndpoint handleCancellation
WARNING: Unmatched cancel notification for request id 2857
2025.12.30 12:10:52 INFO  compiling 07-prop_0f10ccc8b3 (1 scala source)
2025.12.30 12:10:53 INFO  time: compiled 07-prop_0f10ccc8b3 in 1.15s
2025.12.30 12:11:05 INFO  compiling 07-prop_0f10ccc8b3 (1 scala source)
2025.12.30 12:11:06 INFO  time: compiled 07-prop_0f10ccc8b3 in 1.5s
2025.12.30 12:11:29 INFO  compiling 07-prop_0f10ccc8b3 (1 scala source)
2025.12.30 12:11:29 INFO  time: compiled 07-prop_0f10ccc8b3 in 0.67s
2025.12.30 12:46:12 INFO  compiling 07-prop_0f10ccc8b3 (1 scala source)
2025.12.30 12:46:13 INFO  time: compiled 07-prop_0f10ccc8b3 in 1.52s
Dec 30, 2025 12:46:41 PM org.eclipse.lsp4j.jsonrpc.RemoteEndpoint handleCancellation
WARNING: Unmatched cancel notification for request id 3951
2025.12.30 12:46:59 INFO  compiling 07-prop_0f10ccc8b3 (1 scala source)
2025.12.30 12:46:59 INFO  time: compiled 07-prop_0f10ccc8b3 in 0.86s
2025.12.30 12:48:27 INFO  compiling 07-prop_0f10ccc8b3 (1 scala source)
2025.12.30 12:48:27 INFO  time: compiled 07-prop_0f10ccc8b3 in 0.52s
Dec 30, 2025 12:48:55 PM org.eclipse.lsp4j.jsonrpc.RemoteEndpoint handleCancellation
WARNING: Unmatched cancel notification for request id 4367
2025.12.30 12:52:15 INFO  compiling 07-prop_0f10ccc8b3 (1 scala source)
2025.12.30 12:52:17 INFO  time: compiled 07-prop_0f10ccc8b3 in 1.76s
Dec 30, 2025 12:52:33 PM org.eclipse.lsp4j.jsonrpc.RemoteEndpoint handleCancellation
WARNING: Unmatched cancel notification for request id 4574
2025.12.30 12:52:34 INFO  compiling 07-prop_0f10ccc8b3 (1 scala source)
2025.12.30 12:52:34 INFO  time: compiled 07-prop_0f10ccc8b3 in 0.54s
Dec 30, 2025 12:52:35 PM org.eclipse.lsp4j.jsonrpc.RemoteEndpoint handleCancellation
WARNING: Unmatched cancel notification for request id 4598
Dec 30, 2025 12:52:35 PM org.eclipse.lsp4j.jsonrpc.RemoteEndpoint handleCancellation
WARNING: Unmatched cancel notification for request id 4600
2025.12.30 12:52:35 INFO  compiling 07-prop_0f10ccc8b3 (1 scala source)
2025.12.30 12:52:35 INFO  time: compiled 07-prop_0f10ccc8b3 in 0.39s
2025.12.30 12:53:07 INFO  compiling 07-prop_0f10ccc8b3 (1 scala source)
2025.12.30 12:53:07 INFO  time: compiled 07-prop_0f10ccc8b3 in 0.4s
2025.12.30 12:53:22 INFO  compiling 07-prop_0f10ccc8b3 (1 scala source)
2025.12.30 12:53:22 INFO  time: compiled 07-prop_0f10ccc8b3 in 0.3s
2025.12.30 12:53:40 INFO  compiling 07-prop_0f10ccc8b3 (1 scala source)
2025.12.30 12:53:40 INFO  time: compiled 07-prop_0f10ccc8b3 in 0.91s
2025.12.30 12:53:41 INFO  compiling 07-prop_0f10ccc8b3 (1 scala source)
2025.12.30 12:53:41 INFO  time: compiled 07-prop_0f10ccc8b3 in 0.44s
2025.12.30 12:54:50 INFO  compiling 07-prop_0f10ccc8b3 (1 scala source)
2025.12.30 12:54:52 INFO  time: compiled 07-prop_0f10ccc8b3 in 1.63s
2025.12.30 12:54:53 INFO  compiling 07-prop_0f10ccc8b3 (1 scala source)
2025.12.30 12:54:53 INFO  time: compiled 07-prop_0f10ccc8b3 in 0.83s
Dec 30, 2025 12:56:08 PM org.eclipse.lsp4j.jsonrpc.RemoteEndpoint handleCancellation
WARNING: Unmatched cancel notification for request id 5319
2025.12.30 12:56:31 INFO  compiling 07-prop_0f10ccc8b3 (1 scala source)
2025.12.30 12:56:33 INFO  time: compiled 07-prop_0f10ccc8b3 in 1.79s
2025.12.30 12:56:33 WARN  Could not load snapshot text for /home/casperh/GitHub/Computer-Science-ITU/advanced-programming/exercises/07-prop/Exercises.scala
2025.12.30 12:56:43 WARN  Could not load snapshot text for /home/casperh/GitHub/Computer-Science-ITU/advanced-programming/exercises/07-prop/Exercises.scala
2025.12.30 12:56:43 INFO  compiling 07-prop_0f10ccc8b3 (1 scala source)
2025.12.30 12:56:45 INFO  time: compiled 07-prop_0f10ccc8b3 in 1.23s
2025.12.30 12:59:13 INFO  Shutting down server
2025.12.30 12:59:13 INFO  shutting down Metals
2025.12.30 12:59:13 INFO  Shut down connection with build server.
2025.12.30 12:59:13 INFO  Cancelling compilation on scala-cli server
2025.12.30 12:59:13 INFO  Exiting server
2025.12.30 13:00:23 INFO  Started: Metals version 1.6.4 in folders '/home/casperh/GitHub/Computer-Science-ITU/advanced-programming/exercises/07-prop' for client VSCodium 1.107.1.
2025.12.30 13:00:25 WARN  Using H2 2.4.240 which is newer than the version Flyway has been verified with. The latest verified version of H2 is 2.3.232.
Dec 30, 2025 1:00:26 PM org.eclipse.lsp4j.jsonrpc.services.GenericEndpoint notify
INFO: Unsupported notification method: $/setTrace
Dec 30, 2025 1:00:26 PM org.eclipse.lsp4j.jsonrpc.RemoteEndpoint handleCancellation
WARNING: Unmatched cancel notification for request id 7
2025.12.30 13:00:26 INFO  no build target found for /home/casperh/GitHub/Computer-Science-ITU/advanced-programming/exercises/07-prop/Exercises.scala. Using presentation compiler with project's scala-library version: 3.3.6
2025.12.30 13:00:25 INFO  no build target found for /home/casperh/GitHub/Computer-Science-ITU/advanced-programming/exercises/07-prop/Exercises.scala. Using presentation compiler with project's scala-library version: 3.3.6
2025.12.30 13:00:26 INFO  Attempting to connect to the build server...
2025.12.30 13:00:26 INFO  Running BSP server List(/home/casperh/.local/bin/scala-cli, bsp, --json-options, /home/casperh/GitHub/Computer-Science-ITU/advanced-programming/exercises/07-prop/.scala-build/ide-options-v2.json, --json-launcher-options, /home/casperh/GitHub/Computer-Science-ITU/advanced-programming/exercises/07-prop/.scala-build/ide-launcher-options.json, --envs-file, /home/casperh/GitHub/Computer-Science-ITU/advanced-programming/exercises/07-prop/.scala-build/ide-envs.json, /home/casperh/GitHub/Computer-Science-ITU/advanced-programming/exercises/07-prop)
2025.12.30 13:00:26 INFO  tracing is disabled for protocol BSP, to enable tracing of incoming and outgoing JSON messages create an empty file at /home/casperh/GitHub/Computer-Science-ITU/advanced-programming/exercises/07-prop/.metals/bsp.trace.json or /home/casperh/.cache/metals/bsp.trace.json
2025.12.30 13:00:26 INFO  time: Connected to build server in 0.43s
2025.12.30 13:00:26 INFO  Connected to Build server: scala-cli v1.8.5
2025.12.30 13:00:26 INFO  compiling 07-prop_0f10ccc8b3 (1 scala source)
2025.12.30 13:00:26 INFO  no build target found for /home/casperh/GitHub/Computer-Science-ITU/advanced-programming/exercises/07-prop/Exercises.scala. Using presentation compiler with project's scala-library version: 3.3.6
Dec 30, 2025 1:00:26 PM org.eclipse.lsp4j.jsonrpc.RemoteEndpoint handleCancellation
WARNING: Unmatched cancel notification for request id 5
Dec 30, 2025 1:00:27 PM org.eclipse.lsp4j.jsonrpc.RemoteEndpoint handleCancellation
WARNING: Unmatched cancel notification for request id 11
Dec 30, 2025 1:00:27 PM org.eclipse.lsp4j.jsonrpc.RemoteEndpoint handleCancellation
WARNING: Unmatched cancel notification for request id 10
Dec 30, 2025 1:00:27 PM org.eclipse.lsp4j.jsonrpc.RemoteEndpoint handleCancellation
WARNING: Unmatched cancel notification for request id 17
Dec 30, 2025 1:00:27 PM org.eclipse.lsp4j.jsonrpc.RemoteEndpoint handleCancellation
WARNING: Unmatched cancel notification for request id 16
Dec 30, 2025 1:00:28 PM org.eclipse.lsp4j.jsonrpc.RemoteEndpoint handleCancellation
WARNING: Unmatched cancel notification for request id 28
2025.12.30 13:00:29 WARN  Using H2 2.4.240 which is newer than the version Flyway has been verified with. The latest verified version of H2 is 2.3.232.
2025.12.30 13:00:30 INFO  compiling 07-prop_0f10ccc8b3 (1 scala source)
2025.12.30 13:00:29 INFO  time: indexed workspace in 3.62s
2025.12.30 13:00:31 INFO  time: compiled 07-prop_0f10ccc8b3 in 1.35s
2025.12.30 13:00:31 INFO  compiling 07-prop_0f10ccc8b3 (1 scala source)
2025.12.30 13:00:31 INFO  time: compiled 07-prop_0f10ccc8b3 in 0.82s
Dec 30, 2025 1:00:33 PM org.eclipse.lsp4j.jsonrpc.RemoteEndpoint handleCancellation
WARNING: Unmatched cancel notification for request id 87
2025.12.30 13:00:36 INFO  compiling 07-prop_0f10ccc8b3 (1 scala source)
2025.12.30 13:00:36 INFO  time: compiled 07-prop_0f10ccc8b3 in 0.84s
2025.12.30 13:00:40 INFO  compiling 07-prop_0f10ccc8b3 (1 scala source)
2025.12.30 13:00:40 INFO  time: compiled 07-prop_0f10ccc8b3 in 0.45s
2025.12.30 13:00:58 INFO  compiling 07-prop_0f10ccc8b3 (1 scala source)
2025.12.30 13:00:58 INFO  time: compiled 07-prop_0f10ccc8b3 in 0.26s
2025.12.30 13:01:22 INFO  compiling 07-prop_0f10ccc8b3 (1 scala source)
2025.12.30 13:01:23 INFO  time: compiled 07-prop_0f10ccc8b3-test in 11ms
2025.12.30 13:01:23 INFO  time: compiled 07-prop_0f10ccc8b3 in 1.22s
Dec 30, 2025 1:02:15 PM org.eclipse.lsp4j.jsonrpc.RemoteEndpoint handleCancellation
WARNING: Unmatched cancel notification for request id 464
Dec 30, 2025 1:02:17 PM org.eclipse.lsp4j.jsonrpc.RemoteEndpoint handleCancellation
WARNING: Unmatched cancel notification for request id 516
Dec 30, 2025 1:02:56 PM org.eclipse.lsp4j.jsonrpc.RemoteEndpoint handleCancellation
WARNING: Unmatched cancel notification for request id 813
2025.12.30 13:03:07 INFO  compiling 07-prop_0f10ccc8b3 (1 scala source)
2025.12.30 13:03:08 INFO  time: compiled 07-prop_0f10ccc8b3 in 1.26s
2025.12.30 13:03:09 WARN  Could not load snapshot text for /home/casperh/GitHub/Computer-Science-ITU/advanced-programming/exercises/07-prop/Exercises.scala
2025.12.30 13:03:10 WARN  Could not load snapshot text for /home/casperh/GitHub/Computer-Science-ITU/advanced-programming/exercises/07-prop/Exercises.scala
2025.12.30 13:03:11 WARN  Could not load snapshot text for /home/casperh/GitHub/Computer-Science-ITU/advanced-programming/exercises/07-prop/Exercises.scala
2025.12.30 13:03:13 WARN  Could not load snapshot text for /home/casperh/GitHub/Computer-Science-ITU/advanced-programming/exercises/07-prop/Exercises.scala
2025.12.30 13:03:13 WARN  Could not load snapshot text for /home/casperh/GitHub/Computer-Science-ITU/advanced-programming/exercises/07-prop/Exercises.scala
2025.12.30 13:03:14 INFO  compiling 07-prop_0f10ccc8b3 (1 scala source)
2025.12.30 13:03:15 INFO  time: compiled 07-prop_0f10ccc8b3 in 1.45s
2025.12.30 13:04:54 INFO  compiling 07-prop_0f10ccc8b3 (1 scala source)
2025.12.30 13:04:56 INFO  time: compiled 07-prop_0f10ccc8b3 in 1.93s
2025.12.30 13:05:08 INFO  time: compiled 07-prop_0f10ccc8b3 in 18ms
2025.12.30 13:05:52 INFO  compiling 07-prop_0f10ccc8b3 (1 scala source)
2025.12.30 13:05:53 INFO  time: compiled 07-prop_0f10ccc8b3 in 1.3s
2025.12.30 13:05:59 INFO  compiling 07-prop_0f10ccc8b3 (1 scala source)
2025.12.30 13:06:01 INFO  time: compiled 07-prop_0f10ccc8b3 in 1.4s
2025.12.30 13:06:23 INFO  compiling 07-prop_0f10ccc8b3 (1 scala source)
2025.12.30 13:06:23 INFO  time: compiled 07-prop_0f10ccc8b3 in 0.47s
2025.12.30 13:06:28 INFO  compiling 07-prop_0f10ccc8b3 (1 scala source)
2025.12.30 13:06:28 INFO  time: compiled 07-prop_0f10ccc8b3 in 0.74s
2025.12.30 13:08:38 INFO  compiling 07-prop_0f10ccc8b3 (1 scala source)
2025.12.30 13:08:40 INFO  time: compiled 07-prop_0f10ccc8b3 in 2.24s
2025.12.30 13:08:52 INFO  compiling 07-prop_0f10ccc8b3 (1 scala source)
2025.12.30 13:08:53 INFO  time: compiled 07-prop_0f10ccc8b3 in 1.27s
2025.12.30 13:11:07 INFO  compiling 07-prop_0f10ccc8b3 (1 scala source)
2025.12.30 13:11:07 INFO  time: compiled 07-prop_0f10ccc8b3 in 0.89s
2025.12.30 13:12:45 INFO  compiling 07-prop_0f10ccc8b3 (1 scala source)
2025.12.30 13:12:46 INFO  time: compiled 07-prop_0f10ccc8b3 in 1.3s
2025.12.30 13:12:47 INFO  time: compiled 07-prop_0f10ccc8b3 in 11ms
Dec 30, 2025 1:13:19 PM org.eclipse.lsp4j.jsonrpc.RemoteEndpoint handleCancellation
WARNING: Unmatched cancel notification for request id 2703
2025.12.30 13:14:06 INFO  compiling 07-prop_0f10ccc8b3 (1 scala source)
2025.12.30 13:14:08 INFO  time: compiled 07-prop_0f10ccc8b3 in 1.21s
Exception in thread "pool-6-thread-1" java.lang.InterruptedException
	at scala.meta.internal.metals.FutureCancelToken.checkCanceled(FutureCancelToken.scala:29)
	at scala.meta.internal.pc.CompilerAccess.onCompilerJobQueue$$anonfun$1(CompilerAccess.scala:208)
	at scala.meta.internal.pc.CompilerJobQueue$Job.run(CompilerJobQueue.scala:153)
	at java.base/java.util.concurrent.ThreadPoolExecutor.runWorker(ThreadPoolExecutor.java:1144)
	at java.base/java.util.concurrent.ThreadPoolExecutor$Worker.run(ThreadPoolExecutor.java:642)
	at java.base/java.lang.Thread.run(Thread.java:1583)
2025.12.30 13:14:41 INFO  empty definition using pc, found symbol in pc:  (full report at: "/home/casperh/GitHub/Computer-Science-ITU/advanced-programming/exercises/07-prop/.metals/.reports/metals-full/2025-12-29/r_empty-definition_(07-prop_5f0f10ccc8b3)_15-05-59-130.md")
2025.12.30 13:14:41 INFO  empty definition using pc, found symbol in pc:  (full report at: "/home/casperh/GitHub/Computer-Science-ITU/advanced-programming/exercises/07-prop/.metals/.reports/metals-full/2025-12-29/r_empty-definition_(07-prop_5f0f10ccc8b3)_15-05-59-130.md")
2025.12.30 13:14:52 INFO  compiling 07-prop_0f10ccc8b3 (1 scala source)
2025.12.30 13:14:52 INFO  time: compiled 07-prop_0f10ccc8b3 in 0.57s
2025.12.30 13:15:46 INFO  compiling 07-prop_0f10ccc8b3 (1 scala source)
2025.12.30 13:15:46 INFO  time: compiled 07-prop_0f10ccc8b3 in 0.89s
2025.12.30 13:16:48 INFO  compiling 07-prop_0f10ccc8b3 (1 scala source)
2025.12.30 13:16:48 INFO  time: compiled 07-prop_0f10ccc8b3 in 0.72s
2025.12.30 13:17:19 INFO  compiling 07-prop_0f10ccc8b3 (1 scala source)
2025.12.30 13:17:19 INFO  time: compiled 07-prop_0f10ccc8b3 in 0.38s
2025.12.30 13:17:23 INFO  compiling 07-prop_0f10ccc8b3 (1 scala source)
2025.12.30 13:17:23 INFO  time: compiled 07-prop_0f10ccc8b3 in 0.32s
Dec 30, 2025 1:19:13 PM org.eclipse.lsp4j.jsonrpc.RemoteEndpoint handleCancellation
WARNING: Unmatched cancel notification for request id 4701
2025.12.30 13:19:31 INFO  compiling 07-prop_0f10ccc8b3 (1 scala source)
2025.12.30 13:19:31 INFO  time: compiled 07-prop_0f10ccc8b3 in 0.22s
2025.12.30 13:19:37 INFO  compiling 07-prop_0f10ccc8b3 (1 scala source)
2025.12.30 13:19:37 INFO  time: compiled 07-prop_0f10ccc8b3 in 0.15s
2025.12.30 13:19:46 INFO  compiling 07-prop_0f10ccc8b3 (1 scala source)
2025.12.30 13:19:46 INFO  time: compiled 07-prop_0f10ccc8b3 in 0.3s
2025.12.30 13:19:52 INFO  compiling 07-prop_0f10ccc8b3 (1 scala source)
2025.12.30 13:19:52 INFO  time: compiled 07-prop_0f10ccc8b3 in 0.31s
2025.12.30 13:20:01 INFO  compiling 07-prop_0f10ccc8b3 (1 scala source)
2025.12.30 13:20:01 INFO  time: compiled 07-prop_0f10ccc8b3 in 0.24s
2025.12.30 13:20:46 INFO  compiling 07-prop_0f10ccc8b3 (1 scala source)
2025.12.30 13:20:46 INFO  time: compiled 07-prop_0f10ccc8b3 in 0.3s
2025.12.30 13:21:00 INFO  compiling 07-prop_0f10ccc8b3 (1 scala source)
2025.12.30 13:21:00 INFO  time: compiled 07-prop_0f10ccc8b3 in 0.27s
2025.12.30 13:21:07 INFO  compiling 07-prop_0f10ccc8b3 (1 scala source)
2025.12.30 13:21:07 INFO  time: compiled 07-prop_0f10ccc8b3 in 0.15s
2025.12.30 13:21:10 INFO  compiling 07-prop_0f10ccc8b3 (1 scala source)
2025.12.30 13:21:10 INFO  time: compiled 07-prop_0f10ccc8b3 in 0.24s
2025.12.30 13:21:29 INFO  compiling 07-prop_0f10ccc8b3 (1 scala source)
2025.12.30 13:21:29 INFO  time: compiled 07-prop_0f10ccc8b3 in 0.22s
2025.12.30 13:21:40 INFO  compiling 07-prop_0f10ccc8b3 (1 scala source)
2025.12.30 13:21:40 INFO  time: compiled 07-prop_0f10ccc8b3 in 0.25s
2025.12.30 13:21:43 INFO  compiling 07-prop_0f10ccc8b3 (1 scala source)
2025.12.30 13:21:43 INFO  time: compiled 07-prop_0f10ccc8b3 in 0.12s
2025.12.30 13:23:12 INFO  compiling 07-prop_0f10ccc8b3 (1 scala source)
2025.12.30 13:23:12 INFO  time: compiled 07-prop_0f10ccc8b3 in 0.16s
2025.12.30 13:23:17 INFO  compiling 07-prop_0f10ccc8b3 (1 scala source)
2025.12.30 13:23:17 INFO  time: compiled 07-prop_0f10ccc8b3 in 0.12s
Dec 30, 2025 1:23:20 PM org.eclipse.lsp4j.jsonrpc.RemoteEndpoint handleCancellation
WARNING: Unmatched cancel notification for request id 5520
2025.12.30 13:23:41 INFO  compiling 07-prop_0f10ccc8b3 (1 scala source)
2025.12.30 13:23:41 INFO  time: compiled 07-prop_0f10ccc8b3 in 0.91s
2025.12.30 13:25:26 INFO  compiling 07-prop_0f10ccc8b3 (1 scala source)
2025.12.30 13:25:26 INFO  time: compiled 07-prop_0f10ccc8b3 in 0.29s
Dec 30, 2025 1:26:02 PM org.eclipse.lsp4j.jsonrpc.RemoteEndpoint handleCancellation
WARNING: Unmatched cancel notification for request id 5950
Dec 30, 2025 1:26:04 PM org.eclipse.lsp4j.jsonrpc.RemoteEndpoint handleCancellation
WARNING: Unmatched cancel notification for request id 5983
2025.12.30 13:26:07 INFO  compiling 07-prop_0f10ccc8b3 (1 scala source)
2025.12.30 13:26:07 INFO  time: compiled 07-prop_0f10ccc8b3 in 0.86s
2025.12.30 13:29:50 INFO  compiling 07-prop_0f10ccc8b3 (1 scala source)
2025.12.30 13:29:51 INFO  time: compiled 07-prop_0f10ccc8b3 in 1.38s
2025.12.30 13:30:16 INFO  compiling 07-prop_0f10ccc8b3 (1 scala source)
2025.12.30 13:30:17 INFO  time: compiled 07-prop_0f10ccc8b3 in 1.38s
2025.12.30 13:30:25 INFO  compiling 07-prop_0f10ccc8b3 (1 scala source)
2025.12.30 13:30:25 INFO  time: compiled 07-prop_0f10ccc8b3 in 0.39s
2025.12.30 13:34:26 INFO  compiling 07-prop_0f10ccc8b3 (1 scala source)
2025.12.30 13:34:27 INFO  time: compiled 07-prop_0f10ccc8b3 in 1.58s
2025.12.30 13:34:29 INFO  compiling 07-prop_0f10ccc8b3 (1 scala source)
2025.12.30 13:34:29 INFO  time: compiled 07-prop_0f10ccc8b3 in 0.64s
2025.12.30 13:34:54 INFO  compiling 07-prop_0f10ccc8b3 (1 scala source)
2025.12.30 13:34:54 INFO  time: compiled 07-prop_0f10ccc8b3 in 0.41s
2025.12.30 13:35:07 INFO  compiling 07-prop_0f10ccc8b3 (1 scala source)
2025.12.30 13:35:07 INFO  time: compiled 07-prop_0f10ccc8b3 in 0.22s
2025.12.30 13:35:10 INFO  compiling 07-prop_0f10ccc8b3 (1 scala source)
2025.12.30 13:35:10 INFO  time: compiled 07-prop_0f10ccc8b3 in 0.21s
2025.12.30 13:35:18 INFO  compiling 07-prop_0f10ccc8b3 (1 scala source)
2025.12.30 13:35:18 INFO  time: compiled 07-prop_0f10ccc8b3 in 0.18s
Dec 30, 2025 1:35:19 PM org.eclipse.lsp4j.jsonrpc.RemoteEndpoint handleCancellation
WARNING: Unmatched cancel notification for request id 7385
2025.12.30 13:35:18 INFO  compiling 07-prop_0f10ccc8b3 (1 scala source)
2025.12.30 13:35:20 INFO  time: compiled 07-prop_0f10ccc8b3 in 1.14s
2025.12.30 13:35:38 INFO  Created report: Optional[file:///home/casperh/GitHub/Computer-Science-ITU/advanced-programming/exercises/07-prop/Exercises.scala]
2025.12.30 13:35:38 INFO  java.lang.AssertionError: assertion failed (full report at: "/home/casperh/GitHub/Computer-Science-ITU/advanced-programming/exercises/07-prop/.metals/.reports/metals-full/2025-12-30/r_compiler-error_(07-prop_5f0f10ccc8b3)_13-35-38-392.md")
2025.12.30 13:35:38 WARN  Could not find semantic tokens for: file:///home/casperh/GitHub/Computer-Science-ITU/advanced-programming/exercises/07-prop/Exercises.scala
2025.12.30 13:35:44 INFO  compiling 07-prop_0f10ccc8b3 (1 scala source)
2025.12.30 13:35:44 INFO  time: compiled 07-prop_0f10ccc8b3 in 0.33s
2025.12.30 13:41:28 INFO  compiling 07-prop_0f10ccc8b3 (1 scala source)
2025.12.30 13:41:30 INFO  time: compiled 07-prop_0f10ccc8b3 in 1.42s
2025.12.30 13:47:35 INFO  compiling 07-prop_0f10ccc8b3 (1 scala source)
2025.12.30 13:47:37 INFO  time: compiled 07-prop_0f10ccc8b3 in 1.91s
2025.12.30 13:47:41 INFO  compiling 07-prop_0f10ccc8b3 (1 scala source)
2025.12.30 13:47:41 INFO  time: compiled 07-prop_0f10ccc8b3 in 0.43s
2025.12.30 13:47:51 INFO  compiling 07-prop_0f10ccc8b3 (1 scala source)
2025.12.30 13:47:51 INFO  time: compiled 07-prop_0f10ccc8b3 in 0.56s
2025.12.30 13:48:02 INFO  compiling 07-prop_0f10ccc8b3 (1 scala source)
2025.12.30 13:48:02 INFO  time: compiled 07-prop_0f10ccc8b3 in 0.39s
Dec 30, 2025 1:48:46 PM org.eclipse.lsp4j.jsonrpc.RemoteEndpoint handleCancellation
WARNING: Unmatched cancel notification for request id 8384
2025.12.30 13:48:56 INFO  compiling 07-prop_0f10ccc8b3 (1 scala source)
2025.12.30 13:48:56 INFO  time: compiled 07-prop_0f10ccc8b3 in 0.25s
2025.12.30 13:49:20 INFO  compiling 07-prop_0f10ccc8b3 (1 scala source)
2025.12.30 13:49:20 INFO  time: compiled 07-prop_0f10ccc8b3 in 0.15s
Exception in thread "pool-6-thread-2" java.lang.InterruptedException
	at scala.meta.internal.metals.FutureCancelToken.checkCanceled(FutureCancelToken.scala:29)
	at scala.meta.internal.pc.CompilerAccess.onCompilerJobQueue$$anonfun$1(CompilerAccess.scala:208)
	at scala.meta.internal.pc.CompilerJobQueue$Job.run(CompilerJobQueue.scala:153)
	at java.base/java.util.concurrent.ThreadPoolExecutor.runWorker(ThreadPoolExecutor.java:1144)
	at java.base/java.util.concurrent.ThreadPoolExecutor$Worker.run(ThreadPoolExecutor.java:642)
	at java.base/java.lang.Thread.run(Thread.java:1583)
2025.12.30 13:50:46 INFO  compiling 07-prop_0f10ccc8b3 (1 scala source)
2025.12.30 13:50:48 INFO  time: compiled 07-prop_0f10ccc8b3 in 1.5s
2025.12.30 13:51:04 INFO  compiling 07-prop_0f10ccc8b3 (1 scala source)
2025.12.30 13:51:04 INFO  time: compiled 07-prop_0f10ccc8b3 in 0.7s
2025.12.30 13:51:27 INFO  compiling 07-prop_0f10ccc8b3 (1 scala source)
2025.12.30 13:51:27 INFO  time: compiled 07-prop_0f10ccc8b3 in 0.45s
2025.12.30 13:51:34 INFO  compiling 07-prop_0f10ccc8b3 (1 scala source)
2025.12.30 13:51:34 INFO  time: compiled 07-prop_0f10ccc8b3 in 0.53s
2025.12.30 13:51:55 INFO  compiling 07-prop_0f10ccc8b3 (1 scala source)
2025.12.30 13:51:55 INFO  time: compiled 07-prop_0f10ccc8b3 in 0.43s
2025.12.30 13:53:09 INFO  compiling 07-prop_0f10ccc8b3 (1 scala source)
2025.12.30 13:53:11 INFO  time: compiled 07-prop_0f10ccc8b3 in 1.81s
2025.12.30 13:53:15 INFO  compiling 07-prop_0f10ccc8b3 (1 scala source)
2025.12.30 13:53:15 INFO  time: compiled 07-prop_0f10ccc8b3 in 0.47s
2025.12.30 13:53:48 INFO  compiling 07-prop_0f10ccc8b3 (1 scala source)
2025.12.30 13:53:50 INFO  time: compiled 07-prop_0f10ccc8b3 in 1.43s
2025.12.30 13:54:44 INFO  compiling 07-prop_0f10ccc8b3 (1 scala source)
2025.12.30 13:54:46 INFO  time: compiled 07-prop_0f10ccc8b3 in 2.81s
2025.12.30 14:13:35 INFO  compiling 07-prop_0f10ccc8b3 (1 scala source)
2025.12.30 14:13:36 INFO  time: compiled 07-prop_0f10ccc8b3 in 1.54s
2025.12.30 14:13:45 INFO  compiling 07-prop_0f10ccc8b3 (1 scala source)
2025.12.30 14:13:45 INFO  time: compiled 07-prop_0f10ccc8b3 in 0.59s
2025.12.30 14:13:47 INFO  compiling 07-prop_0f10ccc8b3 (1 scala source)
2025.12.30 14:13:47 INFO  time: compiled 07-prop_0f10ccc8b3 in 0.59s
Dec 30, 2025 2:14:16 PM org.eclipse.lsp4j.jsonrpc.RemoteEndpoint handleCancellation
WARNING: Unmatched cancel notification for request id 10199
2025.12.30 14:14:26 INFO  compiling 07-prop_0f10ccc8b3 (1 scala source)
2025.12.30 14:14:26 INFO  time: compiled 07-prop_0f10ccc8b3 in 0.56s
2025.12.30 14:14:30 INFO  compiling 07-prop_0f10ccc8b3 (1 scala source)
2025.12.30 14:14:31 INFO  time: compiled 07-prop_0f10ccc8b3 in 1.21s
2025.12.30 14:14:38 INFO  compiling 07-prop_0f10ccc8b3 (1 scala source)
2025.12.30 14:14:38 INFO  time: compiled 07-prop_0f10ccc8b3 in 0.5s
2025.12.30 14:19:27 INFO  compiling 07-prop_0f10ccc8b3 (1 scala source)
Dec 30, 2025 2:19:28 PM org.eclipse.lsp4j.jsonrpc.RemoteEndpoint handleCancellation
WARNING: Unmatched cancel notification for request id 10733
2025.12.30 14:19:30 INFO  time: compiled 07-prop_0f10ccc8b3 in 2.75s
2025.12.30 14:20:46 INFO  compiling 07-prop_0f10ccc8b3 (1 scala source)
2025.12.30 14:20:47 WARN  Could not load snapshot text for /home/casperh/GitHub/Computer-Science-ITU/advanced-programming/exercises/07-prop/Exercises.scala
2025.12.30 14:20:48 INFO  time: compiled 07-prop_0f10ccc8b3 in 1.74s
2025.12.30 14:20:49 WARN  Could not load snapshot text for /home/casperh/GitHub/Computer-Science-ITU/advanced-programming/exercises/07-prop/Exercises.scala
2025.12.30 14:21:51 WARN  Could not load snapshot text for /home/casperh/GitHub/Computer-Science-ITU/advanced-programming/exercises/07-prop/Exercises.scala
2025.12.30 14:21:55 WARN  Could not load snapshot text for /home/casperh/GitHub/Computer-Science-ITU/advanced-programming/exercises/07-prop/Exercises.scala
2025.12.30 14:21:56 WARN  Could not load snapshot text for /home/casperh/GitHub/Computer-Science-ITU/advanced-programming/exercises/07-prop/Exercises.scala
2025.12.30 14:21:56 WARN  Could not load snapshot text for /home/casperh/GitHub/Computer-Science-ITU/advanced-programming/exercises/07-prop/Exercises.scala
2025.12.30 14:21:56 WARN  Could not load snapshot text for /home/casperh/GitHub/Computer-Science-ITU/advanced-programming/exercises/07-prop/Exercises.scala
2025.12.30 14:21:57 WARN  Could not load snapshot text for /home/casperh/GitHub/Computer-Science-ITU/advanced-programming/exercises/07-prop/Exercises.scala
2025.12.30 14:21:59 WARN  Could not load snapshot text for /home/casperh/GitHub/Computer-Science-ITU/advanced-programming/exercises/07-prop/Exercises.scala
2025.12.30 14:22:27 WARN  Could not load snapshot text for /home/casperh/GitHub/Computer-Science-ITU/advanced-programming/exercises/07-prop/Exercises.scala
2025.12.30 14:22:31 WARN  Could not load snapshot text for /home/casperh/GitHub/Computer-Science-ITU/advanced-programming/exercises/07-prop/Exercises.scala
2025.12.30 14:22:34 WARN  Could not load snapshot text for /home/casperh/GitHub/Computer-Science-ITU/advanced-programming/exercises/07-prop/Exercises.scala
2025.12.30 14:22:37 WARN  Could not load snapshot text for /home/casperh/GitHub/Computer-Science-ITU/advanced-programming/exercises/07-prop/Exercises.scala
2025.12.30 14:22:39 WARN  Could not load snapshot text for /home/casperh/GitHub/Computer-Science-ITU/advanced-programming/exercises/07-prop/Exercises.scala
2025.12.30 14:22:42 INFO  compiling 07-prop_0f10ccc8b3 (1 scala source)
2025.12.30 14:22:42 WARN  Could not load snapshot text for /home/casperh/GitHub/Computer-Science-ITU/advanced-programming/exercises/07-prop/Exercises.scala
2025.12.30 14:22:43 WARN  Could not load snapshot text for /home/casperh/GitHub/Computer-Science-ITU/advanced-programming/exercises/07-prop/Exercises.scala
2025.12.30 14:22:43 INFO  time: compiled 07-prop_0f10ccc8b3 in 1.79s
2025.12.30 14:22:44 WARN  Could not load snapshot text for /home/casperh/GitHub/Computer-Science-ITU/advanced-programming/exercises/07-prop/Exercises.scala
2025.12.30 14:22:44 WARN  Could not load snapshot text for /home/casperh/GitHub/Computer-Science-ITU/advanced-programming/exercises/07-prop/Exercises.scala
2025.12.30 14:22:46 WARN  Could not load snapshot text for /home/casperh/GitHub/Computer-Science-ITU/advanced-programming/exercises/07-prop/Exercises.scala
2025.12.30 14:23:24 WARN  Could not load snapshot text for /home/casperh/GitHub/Computer-Science-ITU/advanced-programming/exercises/07-prop/Exercises.scala
2025.12.30 14:23:34 WARN  Could not load snapshot text for /home/casperh/GitHub/Computer-Science-ITU/advanced-programming/exercises/07-prop/Exercises.scala
2025.12.30 14:23:35 WARN  Could not load snapshot text for /home/casperh/GitHub/Computer-Science-ITU/advanced-programming/exercises/07-prop/Exercises.scala
2025.12.30 14:23:35 WARN  Could not load snapshot text for /home/casperh/GitHub/Computer-Science-ITU/advanced-programming/exercises/07-prop/Exercises.scala
2025.12.30 14:23:36 WARN  Could not load snapshot text for /home/casperh/GitHub/Computer-Science-ITU/advanced-programming/exercises/07-prop/Exercises.scala
2025.12.30 14:23:37 WARN  Could not load snapshot text for /home/casperh/GitHub/Computer-Science-ITU/advanced-programming/exercises/07-prop/Exercises.scala
2025.12.30 14:23:37 WARN  Could not load snapshot text for /home/casperh/GitHub/Computer-Science-ITU/advanced-programming/exercises/07-prop/Exercises.scala
2025.12.30 14:23:39 WARN  Could not load snapshot text for /home/casperh/GitHub/Computer-Science-ITU/advanced-programming/exercises/07-prop/Exercises.scala
2025.12.30 14:23:40 WARN  Could not load snapshot text for /home/casperh/GitHub/Computer-Science-ITU/advanced-programming/exercises/07-prop/Exercises.scala
2025.12.30 14:23:41 WARN  Could not load snapshot text for /home/casperh/GitHub/Computer-Science-ITU/advanced-programming/exercises/07-prop/Exercises.scala
2025.12.30 14:23:42 WARN  Could not load snapshot text for /home/casperh/GitHub/Computer-Science-ITU/advanced-programming/exercises/07-prop/Exercises.scala
2025.12.30 14:23:59 WARN  Could not load snapshot text for /home/casperh/GitHub/Computer-Science-ITU/advanced-programming/exercises/07-prop/Exercises.scala
2025.12.30 14:24:00 INFO  compiling 07-prop_0f10ccc8b3 (1 scala source)
2025.12.30 14:24:01 INFO  time: compiled 07-prop_0f10ccc8b3 in 1.52s
2025.12.30 14:24:02 WARN  Could not load snapshot text for /home/casperh/GitHub/Computer-Science-ITU/advanced-programming/exercises/07-prop/Exercises.scala
2025.12.30 14:24:06 WARN  Could not load snapshot text for /home/casperh/GitHub/Computer-Science-ITU/advanced-programming/exercises/07-prop/Exercises.scala
2025.12.30 14:24:07 WARN  Could not load snapshot text for /home/casperh/GitHub/Computer-Science-ITU/advanced-programming/exercises/07-prop/Exercises.scala
2025.12.30 14:24:08 WARN  Could not load snapshot text for /home/casperh/GitHub/Computer-Science-ITU/advanced-programming/exercises/07-prop/Exercises.scala
2025.12.30 14:24:09 INFO  compiling 07-prop_0f10ccc8b3 (1 scala source)
2025.12.30 14:24:09 INFO  time: compiled 07-prop_0f10ccc8b3 in 0.67s
2025.12.30 14:24:11 WARN  Could not load snapshot text for /home/casperh/GitHub/Computer-Science-ITU/advanced-programming/exercises/07-prop/Exercises.scala
2025.12.30 14:24:16 WARN  Could not load snapshot text for /home/casperh/GitHub/Computer-Science-ITU/advanced-programming/exercises/07-prop/Exercises.scala
2025.12.30 14:24:16 WARN  Could not load snapshot text for /home/casperh/GitHub/Computer-Science-ITU/advanced-programming/exercises/07-prop/Exercises.scala
2025.12.30 14:24:16 WARN  Could not load snapshot text for /home/casperh/GitHub/Computer-Science-ITU/advanced-programming/exercises/07-prop/Exercises.scala
2025.12.30 14:24:17 INFO  compiling 07-prop_0f10ccc8b3 (1 scala source)
2025.12.30 14:24:17 WARN  Could not load snapshot text for /home/casperh/GitHub/Computer-Science-ITU/advanced-programming/exercises/07-prop/Exercises.scala
2025.12.30 14:24:17 INFO  time: compiled 07-prop_0f10ccc8b3 in 0.42s
2025.12.30 14:24:17 WARN  Could not load snapshot text for /home/casperh/GitHub/Computer-Science-ITU/advanced-programming/exercises/07-prop/Exercises.scala
2025.12.30 14:24:28 WARN  Could not load snapshot text for /home/casperh/GitHub/Computer-Science-ITU/advanced-programming/exercises/07-prop/Exercises.scala
2025.12.30 14:24:29 INFO  compiling 07-prop_0f10ccc8b3 (1 scala source)
2025.12.30 14:24:29 INFO  time: compiled 07-prop_0f10ccc8b3 in 0.4s
2025.12.30 14:24:29 WARN  Could not load snapshot text for /home/casperh/GitHub/Computer-Science-ITU/advanced-programming/exercises/07-prop/Exercises.scala
2025.12.30 14:24:32 INFO  compiling 07-prop_0f10ccc8b3 (1 scala source)
2025.12.30 14:24:32 WARN  Could not load snapshot text for /home/casperh/GitHub/Computer-Science-ITU/advanced-programming/exercises/07-prop/Exercises.scala
2025.12.30 14:24:32 INFO  time: compiled 07-prop_0f10ccc8b3 in 0.38s
2025.12.30 14:24:32 WARN  Could not load snapshot text for /home/casperh/GitHub/Computer-Science-ITU/advanced-programming/exercises/07-prop/Exercises.scala
2025.12.30 14:24:37 WARN  Could not load snapshot text for /home/casperh/GitHub/Computer-Science-ITU/advanced-programming/exercises/07-prop/Exercises.scala
2025.12.30 14:24:37 WARN  Could not load snapshot text for /home/casperh/GitHub/Computer-Science-ITU/advanced-programming/exercises/07-prop/Exercises.scala
2025.12.30 14:25:09 WARN  Could not load snapshot text for /home/casperh/GitHub/Computer-Science-ITU/advanced-programming/exercises/07-prop/Exercises.scala
2025.12.30 14:25:10 WARN  Could not load snapshot text for /home/casperh/GitHub/Computer-Science-ITU/advanced-programming/exercises/07-prop/Exercises.scala
2025.12.30 14:25:11 WARN  Could not load snapshot text for /home/casperh/GitHub/Computer-Science-ITU/advanced-programming/exercises/07-prop/Exercises.scala
2025.12.30 14:25:11 WARN  Could not load snapshot text for /home/casperh/GitHub/Computer-Science-ITU/advanced-programming/exercises/07-prop/Exercises.scala
2025.12.30 14:25:12 WARN  Could not load snapshot text for /home/casperh/GitHub/Computer-Science-ITU/advanced-programming/exercises/07-prop/Exercises.scala
2025.12.30 14:25:12 INFO  time: compiled 07-prop_0f10ccc8b3 in 20ms
2025.12.30 14:27:21 INFO  compiling 07-prop_0f10ccc8b3 (1 scala source)
2025.12.30 14:27:23 INFO  time: compiled 07-prop_0f10ccc8b3 in 1.83s
2025.12.30 14:27:45 INFO  compiling 07-prop_0f10ccc8b3 (1 scala source)
2025.12.30 14:27:45 INFO  time: compiled 07-prop_0f10ccc8b3 in 0.39s
2025.12.30 14:27:56 INFO  compiling 07-prop_0f10ccc8b3 (1 scala source)
2025.12.30 14:27:56 INFO  time: compiled 07-prop_0f10ccc8b3 in 0.34s
2025.12.30 14:29:56 INFO  compiling 07-prop_0f10ccc8b3 (1 scala source)
2025.12.30 14:29:58 INFO  time: compiled 07-prop_0f10ccc8b3 in 2.1s
Dec 30, 2025 2:50:19 PM org.eclipse.lsp4j.jsonrpc.RemoteEndpoint handleCancellation
WARNING: Unmatched cancel notification for request id 12320
2025.12.30 14:50:20 INFO  compiling 07-prop_0f10ccc8b3 (1 scala source)
2025.12.30 14:50:22 INFO  time: compiled 07-prop_0f10ccc8b3 in 1.95s
2025.12.30 14:50:32 INFO  compiling 07-prop_0f10ccc8b3 (1 scala source)
2025.12.30 14:50:32 INFO  time: compiled 07-prop_0f10ccc8b3 in 0.37s
2025.12.30 14:50:35 INFO  compiling 07-prop_0f10ccc8b3 (1 scala source)
2025.12.30 14:50:35 INFO  time: compiled 07-prop_0f10ccc8b3 in 0.42s
2025.12.30 14:56:38 INFO  Created report: Optional[file:///home/casperh/GitHub/Computer-Science-ITU/advanced-programming/exercises/07-prop/Exercises.scala]
2025.12.30 14:56:38 INFO  java.lang.IndexOutOfBoundsException: 0 (full report at: "/home/casperh/GitHub/Computer-Science-ITU/advanced-programming/exercises/07-prop/.metals/.reports/metals-full/2025-12-30/r_compiler-error_(07-prop_5f0f10ccc8b3)_14-56-38-577.md")
2025.12.30 14:56:43 INFO  Created report: Optional[file:///home/casperh/GitHub/Computer-Science-ITU/advanced-programming/exercises/07-prop/Exercises.scala]
2025.12.30 14:56:43 INFO  java.lang.IndexOutOfBoundsException: 0 (full report at: "/home/casperh/GitHub/Computer-Science-ITU/advanced-programming/exercises/07-prop/.metals/.reports/metals-full/2025-12-30/r_compiler-error_(07-prop_5f0f10ccc8b3)_14-56-43-426.md")
2025.12.30 14:56:50 INFO  Created report: Optional[file:///home/casperh/GitHub/Computer-Science-ITU/advanced-programming/exercises/07-prop/Exercises.scala]
2025.12.30 14:56:50 INFO  java.lang.IndexOutOfBoundsException: 0 (full report at: "/home/casperh/GitHub/Computer-Science-ITU/advanced-programming/exercises/07-prop/.metals/.reports/metals-full/2025-12-30/r_compiler-error_(07-prop_5f0f10ccc8b3)_14-56-50-556.md")
2025.12.30 14:56:50 INFO  Created report: Optional[file:///home/casperh/GitHub/Computer-Science-ITU/advanced-programming/exercises/07-prop/Exercises.scala]
2025.12.30 14:56:50 INFO  java.lang.IndexOutOfBoundsException: 1 (full report at: "/home/casperh/GitHub/Computer-Science-ITU/advanced-programming/exercises/07-prop/.metals/.reports/metals-full/2025-12-30/r_compiler-error_(07-prop_5f0f10ccc8b3)_14-56-51-190.md")
2025.12.30 14:57:03 INFO  Created report: Optional[file:///home/casperh/GitHub/Computer-Science-ITU/advanced-programming/exercises/07-prop/Exercises.scala]
2025.12.30 14:57:03 INFO  java.lang.IndexOutOfBoundsException: 0 (full report at: "/home/casperh/GitHub/Computer-Science-ITU/advanced-programming/exercises/07-prop/.metals/.reports/metals-full/2025-12-30/r_compiler-error_(07-prop_5f0f10ccc8b3)_14-57-03-066.md")
Dec 30, 2025 2:57:03 PM org.eclipse.lsp4j.jsonrpc.RemoteEndpoint handleCancellation
WARNING: Unmatched cancel notification for request id 13123
2025.12.30 14:57:10 INFO  compiling 07-prop_0f10ccc8b3 (1 scala source)
2025.12.30 14:57:11 INFO  time: compiled 07-prop_0f10ccc8b3 in 1.59s
2025.12.30 14:57:16 INFO  compiling 07-prop_0f10ccc8b3 (1 scala source)
2025.12.30 14:57:16 INFO  time: compiled 07-prop_0f10ccc8b3 in 0.42s
2025.12.30 14:57:35 INFO  Created report: Optional[file:///home/casperh/GitHub/Computer-Science-ITU/advanced-programming/exercises/07-prop/Exercises.scala]
2025.12.30 14:57:35 INFO  java.lang.IndexOutOfBoundsException: 0 (full report at: "/home/casperh/GitHub/Computer-Science-ITU/advanced-programming/exercises/07-prop/.metals/.reports/metals-full/2025-12-30/r_compiler-error_(07-prop_5f0f10ccc8b3)_14-57-35-378.md")
2025.12.30 14:57:37 INFO  Created report: Optional[file:///home/casperh/GitHub/Computer-Science-ITU/advanced-programming/exercises/07-prop/Exercises.scala]
2025.12.30 14:57:37 INFO  java.lang.IndexOutOfBoundsException: 0 (full report at: "/home/casperh/GitHub/Computer-Science-ITU/advanced-programming/exercises/07-prop/.metals/.reports/metals-full/2025-12-30/r_compiler-error_(07-prop_5f0f10ccc8b3)_14-57-37-939.md")
2025.12.30 14:57:41 INFO  Created report: Optional[file:///home/casperh/GitHub/Computer-Science-ITU/advanced-programming/exercises/07-prop/Exercises.scala]
2025.12.30 14:57:41 INFO  java.lang.IndexOutOfBoundsException: 1 (full report at: "/home/casperh/GitHub/Computer-Science-ITU/advanced-programming/exercises/07-prop/.metals/.reports/metals-full/2025-12-30/r_compiler-error_(07-prop_5f0f10ccc8b3)_14-57-41-333.md")
2025.12.30 14:57:42 INFO  Created report: Optional[file:///home/casperh/GitHub/Computer-Science-ITU/advanced-programming/exercises/07-prop/Exercises.scala]
2025.12.30 14:57:42 INFO  java.lang.IndexOutOfBoundsException: 1 (full report at: "/home/casperh/GitHub/Computer-Science-ITU/advanced-programming/exercises/07-prop/.metals/.reports/metals-full/2025-12-30/r_compiler-error_(07-prop_5f0f10ccc8b3)_14-57-42-642.md")
2025.12.30 14:57:48 INFO  compiling 07-prop_0f10ccc8b3 (1 scala source)
2025.12.30 14:57:48 INFO  time: compiled 07-prop_0f10ccc8b3 in 0.44s
Dec 30, 2025 2:58:04 PM org.eclipse.lsp4j.jsonrpc.RemoteEndpoint handleCancellation
WARNING: Unmatched cancel notification for request id 13465
2025.12.30 14:58:04 INFO  compiling 07-prop_0f10ccc8b3 (1 scala source)
2025.12.30 14:58:04 INFO  time: compiled 07-prop_0f10ccc8b3 in 0.58s
2025.12.30 14:58:35 INFO  compiling 07-prop_0f10ccc8b3 (1 scala source)
2025.12.30 14:58:35 INFO  time: compiled 07-prop_0f10ccc8b3 in 0.91s
2025.12.30 14:59:33 INFO  Created report: Optional[file:///home/casperh/GitHub/Computer-Science-ITU/advanced-programming/exercises/07-prop/Exercises.scala]
2025.12.30 14:59:33 INFO  java.lang.IndexOutOfBoundsException: 0 (full report at: "/home/casperh/GitHub/Computer-Science-ITU/advanced-programming/exercises/07-prop/.metals/.reports/metals-full/2025-12-30/r_compiler-error_(07-prop_5f0f10ccc8b3)_14-59-33-434.md")
2025.12.30 14:59:37 INFO  compiling 07-prop_0f10ccc8b3 (1 scala source)
2025.12.30 14:59:38 INFO  time: compiled 07-prop_0f10ccc8b3 in 1.35s
2025.12.30 14:59:40 INFO  empty definition using pc, found symbol in pc:  (full report at: "/home/casperh/GitHub/Computer-Science-ITU/advanced-programming/exercises/07-prop/.metals/.reports/metals-full/2025-12-29/r_empty-definition_(07-prop_5f0f10ccc8b3)_15-05-59-130.md")
2025.12.30 14:59:52 INFO  compiling 07-prop_0f10ccc8b3 (1 scala source)
2025.12.30 14:59:52 INFO  time: compiled 07-prop_0f10ccc8b3 in 0.52s
2025.12.30 14:59:54 INFO  Created report: Optional[file:///home/casperh/GitHub/Computer-Science-ITU/advanced-programming/exercises/07-prop/Exercises.scala]
2025.12.30 14:59:54 INFO  java.lang.IndexOutOfBoundsException: 0 (full report at: "/home/casperh/GitHub/Computer-Science-ITU/advanced-programming/exercises/07-prop/.metals/.reports/metals-full/2025-12-30/r_compiler-error_(07-prop_5f0f10ccc8b3)_14-59-54-439.md")
2025.12.30 14:59:57 INFO  Created report: Optional[file:///home/casperh/GitHub/Computer-Science-ITU/advanced-programming/exercises/07-prop/Exercises.scala]
2025.12.30 14:59:57 INFO  java.lang.IndexOutOfBoundsException: 1 (full report at: "/home/casperh/GitHub/Computer-Science-ITU/advanced-programming/exercises/07-prop/.metals/.reports/metals-full/2025-12-30/r_compiler-error_(07-prop_5f0f10ccc8b3)_14-59-57-198.md")
2025.12.30 14:59:57 INFO  Created report: Optional[file:///home/casperh/GitHub/Computer-Science-ITU/advanced-programming/exercises/07-prop/Exercises.scala]
2025.12.30 14:59:57 INFO  java.lang.IndexOutOfBoundsException: 1 (full report at: "/home/casperh/GitHub/Computer-Science-ITU/advanced-programming/exercises/07-prop/.metals/.reports/metals-full/2025-12-30/r_compiler-error_(07-prop_5f0f10ccc8b3)_14-59-58-114.md")
2025.12.30 15:00:15 INFO  compiling 07-prop_0f10ccc8b3 (1 scala source)
2025.12.30 15:00:15 INFO  time: compiled 07-prop_0f10ccc8b3 in 0.2s
2025.12.30 15:00:18 INFO  compiling 07-prop_0f10ccc8b3 (1 scala source)
2025.12.30 15:00:18 INFO  time: compiled 07-prop_0f10ccc8b3 in 0.54s
2025.12.30 15:00:30 INFO  compiling 07-prop_0f10ccc8b3 (1 scala source)
2025.12.30 15:00:30 INFO  time: compiled 07-prop_0f10ccc8b3 in 0.18s
2025.12.30 15:00:36 INFO  compiling 07-prop_0f10ccc8b3 (1 scala source)
2025.12.30 15:00:36 INFO  time: compiled 07-prop_0f10ccc8b3 in 0.62s
Dec 30, 2025 3:01:58 PM org.eclipse.lsp4j.jsonrpc.RemoteEndpoint handleCancellation
WARNING: Unmatched cancel notification for request id 14240
2025.12.30 15:02:16 INFO  compiling 07-prop_0f10ccc8b3 (1 scala source)
2025.12.30 15:02:18 INFO  time: compiled 07-prop_0f10ccc8b3 in 2.55s
2025.12.30 15:14:50 INFO  Shutting down server
2025.12.30 15:14:50 INFO  shutting down Metals
2025.12.30 15:14:50 INFO  Shut down connection with build server.
2025.12.30 15:14:50 INFO  Exiting server
