2025.08.26 11:25:50 INFO  Started: Metals version 1.6.2 in folders '/home/casper/GitHub/Computer-Science-ITU/advanced-programming/excercises/week01-intro' for client Visual Studio Code 1.102.2.
2025.08.26 11:25:51 INFO  no build target found for /home/casper/GitHub/Computer-Science-ITU/advanced-programming/excercises/week01-intro/Exercises.scala. Using presentation compiler with project's scala-library version: 3.3.6
2025.08.26 11:25:51 INFO  Attempting to connect to the build server...
2025.08.26 11:25:51 INFO  Running BSP server List(/usr/share/scala/scala-cli, bsp, --json-options, /home/casper/GitHub/Computer-Science-ITU/advanced-programming/excercises/week01-intro/.scala-build/ide-options-v2.json, --json-launcher-options, /home/casper/GitHub/Computer-Science-ITU/advanced-programming/excercises/week01-intro/.scala-build/ide-launcher-options.json, --envs-file, /home/casper/GitHub/Computer-Science-ITU/advanced-programming/excercises/week01-intro/.scala-build/ide-envs.json, /home/casper/GitHub/Computer-Science-ITU/advanced-programming/excercises/week01-intro)
2025.08.26 11:25:51 INFO  tracing is disabled for protocol BSP, to enable tracing of incoming and outgoing JSON messages create an empty file at /home/casper/GitHub/Computer-Science-ITU/advanced-programming/excercises/week01-intro/.metals/bsp.trace.json or /home/casper/.cache/metals/bsp.trace.json
2025.08.26 11:25:52 INFO  BSP server: Starting compilation server
2025.08.26 11:25:55 INFO  time: Connected to build server in 3.77s
2025.08.26 11:25:55 INFO  Connected to Build server: scala-cli v1.8.5
2025.08.26 11:25:55 INFO  time: Imported build in 0.17s
Aug 26, 2025 11:26:04 AM org.eclipse.lsp4j.jsonrpc.RemoteEndpoint handleCancellation
WARNING: Unmatched cancel notification for request id 1
Aug 26, 2025 11:26:04 AM org.eclipse.lsp4j.jsonrpc.RemoteEndpoint handleCancellation
WARNING: Unmatched cancel notification for request id 11
Aug 26, 2025 11:26:04 AM org.eclipse.lsp4j.jsonrpc.RemoteEndpoint handleCancellation
WARNING: Unmatched cancel notification for request id 12
Aug 26, 2025 11:26:04 AM org.eclipse.lsp4j.jsonrpc.RemoteEndpoint handleCancellation
WARNING: Unmatched cancel notification for request id 4
Aug 26, 2025 11:26:04 AM org.eclipse.lsp4j.jsonrpc.RemoteEndpoint handleCancellation
WARNING: Unmatched cancel notification for request id 7
Aug 26, 2025 11:26:04 AM org.eclipse.lsp4j.jsonrpc.RemoteEndpoint handleCancellation
WARNING: Unmatched cancel notification for request id 15
Aug 26, 2025 11:26:04 AM org.eclipse.lsp4j.jsonrpc.RemoteEndpoint handleCancellation
WARNING: Unmatched cancel notification for request id 2
Aug 26, 2025 11:26:04 AM org.eclipse.lsp4j.jsonrpc.RemoteEndpoint handleCancellation
WARNING: Unmatched cancel notification for request id 24
Aug 26, 2025 11:26:04 AM org.eclipse.lsp4j.jsonrpc.RemoteEndpoint handleCancellation
WARNING: Unmatched cancel notification for request id 31
2025.08.26 11:26:06 WARN  Could not find java sources in /usr/lib/jvm/src.zip, /usr/lib/jvm/lib/src.zip, /usr/lib/jvm/java-21-openjdk-amd64/src.zip, /usr/lib/jvm/java-21-openjdk-amd64/lib/src.zip. Java symbols will not be available.
2025.08.26 11:26:07 INFO  time: indexed workspace in 4.75s
2025.08.26 11:26:40 INFO  compiling week01-intro_d5c0a6989e (1 scala source)
2025.08.26 11:26:44 INFO  time: compiled week01-intro_d5c0a6989e in 3.72s
2025.08.26 11:26:45 INFO  tracing is disabled for protocol dap-server, to enable tracing of incoming and outgoing JSON messages create an empty file at /home/casper/GitHub/Computer-Science-ITU/advanced-programming/excercises/week01-intro/.metals/dap-server.trace.json or /home/casper/.cache/metals/dap-server.trace.json
2025.08.26 11:26:45 INFO  tracing is disabled for protocol dap-client, to enable tracing of incoming and outgoing JSON messages create an empty file at /home/casper/GitHub/Computer-Science-ITU/advanced-programming/excercises/week01-intro/.metals/dap-client.trace.json or /home/casper/.cache/metals/dap-client.trace.json
2025.08.26 11:26:45 INFO  Starting debug proxy for [adpro.intro.ExercisesSpec()]
2025.08.26 11:26:45 INFO  Initialized Scala 3 decoder in 5 milliseconds
2025.08.26 11:26:46 INFO  Trying to attach to remote debuggee VM localhost:38817 .
2025.08.26 11:26:46 INFO  Attaching to debuggee VM succeeded.
2025.08.26 11:26:48 INFO  Canceling debug proxy for [adpro.intro.ExercisesSpec()]
2025.08.26 11:26:48 INFO  Closing debug server tcp://0.0.0.0:43207
2025.08.26 11:27:52 INFO  Shutting down server
2025.08.26 11:27:52 INFO  shutting down Metals
2025.08.26 11:27:52 INFO  Shut down connection with build server.
2025.08.26 11:27:52 INFO  BSP server: Aug 26, 2025 11:27:52 AM org.eclipse.lsp4j.jsonrpc.RemoteEndpoint handleNotification
2025.08.26 11:27:52 INFO  BSP server: WARNING: Notification threw an exception: {
2025.08.26 11:27:52 INFO  BSP server:   "jsonrpc": "2.0",
2025.08.26 11:27:52 INFO  BSP server:   "method": "build/exit",
2025.08.26 11:27:52 INFO  BSP server:   "params": null
2025.08.26 11:27:52 INFO  BSP server: }
2025.08.26 11:27:52 INFO  BSP server: java.lang.RuntimeException: java.lang.reflect.InvocationTargetException
2025.08.26 11:27:52 INFO  BSP server: 	at org.eclipse.lsp4j.jsonrpc.services.GenericEndpoint.lambda$null$0(GenericEndpoint.java:67)
2025.08.26 11:27:52 INFO  BSP server: 	at org.eclipse.lsp4j.jsonrpc.services.GenericEndpoint.notify(GenericEndpoint.java:152)
2025.08.26 11:27:52 INFO  BSP server: 	at org.eclipse.lsp4j.jsonrpc.RemoteEndpoint.handleNotification(RemoteEndpoint.java:220)
2025.08.26 11:27:52 INFO  BSP server: 	at org.eclipse.lsp4j.jsonrpc.RemoteEndpoint.consume(RemoteEndpoint.java:187)
2025.08.26 11:27:52 INFO  Exiting server
2025.08.26 11:28:05 INFO  Started: Metals version 1.6.2 in folders '/home/casper/GitHub/Computer-Science-ITU/advanced-programming/excercises/week01-intro' for client Visual Studio Code 1.102.2.
2025.08.26 11:28:06 INFO  no build target found for /home/casper/GitHub/Computer-Science-ITU/advanced-programming/excercises/week01-intro/Exercises.scala. Using presentation compiler with project's scala-library version: 3.3.6
2025.08.26 11:28:06 INFO  Attempting to connect to the build server...
2025.08.26 11:28:06 INFO  Running BSP server List(/usr/share/scala/scala-cli, bsp, --json-options, /home/casper/GitHub/Computer-Science-ITU/advanced-programming/excercises/week01-intro/.scala-build/ide-options-v2.json, --json-launcher-options, /home/casper/GitHub/Computer-Science-ITU/advanced-programming/excercises/week01-intro/.scala-build/ide-launcher-options.json, --envs-file, /home/casper/GitHub/Computer-Science-ITU/advanced-programming/excercises/week01-intro/.scala-build/ide-envs.json, /home/casper/GitHub/Computer-Science-ITU/advanced-programming/excercises/week01-intro)
2025.08.26 11:28:06 INFO  tracing is disabled for protocol BSP, to enable tracing of incoming and outgoing JSON messages create an empty file at /home/casper/GitHub/Computer-Science-ITU/advanced-programming/excercises/week01-intro/.metals/bsp.trace.json or /home/casper/.cache/metals/bsp.trace.json
2025.08.26 11:28:06 INFO  time: Connected to build server in 0.71s
2025.08.26 11:28:07 INFO  Connected to Build server: scala-cli v1.8.5
2025.08.26 11:28:10 WARN  Could not find java sources in /usr/lib/jvm/src.zip, /usr/lib/jvm/lib/src.zip, /usr/lib/jvm/java-21-openjdk-amd64/src.zip, /usr/lib/jvm/java-21-openjdk-amd64/lib/src.zip. Java symbols will not be available.
2025.08.26 11:28:10 INFO  time: indexed workspace in 3.45s
Aug 26, 2025 11:31:37 AM org.eclipse.lsp4j.jsonrpc.RemoteEndpoint handleCancellation
WARNING: Unmatched cancel notification for request id 485
Aug 26, 2025 11:31:45 AM org.eclipse.lsp4j.jsonrpc.RemoteEndpoint handleCancellation
WARNING: Unmatched cancel notification for request id 565
2025.08.26 11:32:51 INFO  compiling week01-intro_d5c0a6989e (1 scala source)
2025.08.26 11:32:51 INFO  time: compiled week01-intro_d5c0a6989e in 0.8s
Aug 26, 2025 11:33:00 AM org.eclipse.lsp4j.jsonrpc.RemoteEndpoint handleCancellation
WARNING: Unmatched cancel notification for request id 1035
2025.08.26 11:33:17 INFO  compiling week01-intro_d5c0a6989e (1 scala source)
2025.08.26 11:33:18 INFO  time: compiled week01-intro_d5c0a6989e in 1.15s
2025.08.26 11:34:16 INFO  tracing is disabled for protocol dap-server, to enable tracing of incoming and outgoing JSON messages create an empty file at /home/casper/GitHub/Computer-Science-ITU/advanced-programming/excercises/week01-intro/.metals/dap-server.trace.json or /home/casper/.cache/metals/dap-server.trace.json
2025.08.26 11:34:16 INFO  tracing is disabled for protocol dap-client, to enable tracing of incoming and outgoing JSON messages create an empty file at /home/casper/GitHub/Computer-Science-ITU/advanced-programming/excercises/week01-intro/.metals/dap-client.trace.json or /home/casper/.cache/metals/dap-client.trace.json
2025.08.26 11:34:16 INFO  Starting debug proxy for [adpro.intro.ExercisesSpec()]
2025.08.26 11:34:16 INFO  Initialized Scala 3 decoder in 0 milliseconds
2025.08.26 11:34:16 INFO  Trying to attach to remote debuggee VM localhost:38259 .
2025.08.26 11:34:16 INFO  Attaching to debuggee VM succeeded.
2025.08.26 11:34:34 INFO  Canceling debug proxy for [adpro.intro.ExercisesSpec()]
2025.08.26 11:34:34 INFO  Created report: Optional.empty
2025.08.26 11:34:34 INFO  Failed to initialize communication: Socket closed (full report at: "/home/casper/GitHub/Computer-Science-ITU/advanced-programming/excercises/week01-intro/.metals/.reports/bloop/2025-08-26/r_Failed to initialize..._11-34-34-623.md")
2025.08.26 11:34:34 INFO  Closing debug server tcp://0.0.0.0:42871
Aug 26, 2025 11:34:47 AM org.eclipse.lsp4j.jsonrpc.RemoteEndpoint handleCancellation
WARNING: Unmatched cancel notification for request id 1118
2025.08.26 11:35:12 INFO  compiling week01-intro_d5c0a6989e (1 scala source)
2025.08.26 11:35:14 INFO  time: compiled week01-intro_d5c0a6989e in 2.41s
Aug 26, 2025 11:35:17 AM org.eclipse.lsp4j.jsonrpc.RemoteEndpoint handleCancellation
WARNING: Unmatched cancel notification for request id 1200
2025.08.26 11:35:49 INFO  compiling week01-intro_d5c0a6989e (1 scala source)
2025.08.26 11:35:49 INFO  time: compiled week01-intro_d5c0a6989e-test in 7ms
2025.08.26 11:35:49 INFO  time: compiled week01-intro_d5c0a6989e in 0.94s
Aug 26, 2025 11:36:50 AM org.eclipse.lsp4j.jsonrpc.RemoteEndpoint handleCancellation
WARNING: Unmatched cancel notification for request id 1409
2025.08.26 11:36:58 INFO  compiling week01-intro_d5c0a6989e (1 scala source)
2025.08.26 11:36:58 INFO  time: compiled week01-intro_d5c0a6989e in 0.47s
2025.08.26 11:37:01 INFO  tracing is disabled for protocol dap-server, to enable tracing of incoming and outgoing JSON messages create an empty file at /home/casper/GitHub/Computer-Science-ITU/advanced-programming/excercises/week01-intro/.metals/dap-server.trace.json or /home/casper/.cache/metals/dap-server.trace.json
2025.08.26 11:37:01 INFO  tracing is disabled for protocol dap-client, to enable tracing of incoming and outgoing JSON messages create an empty file at /home/casper/GitHub/Computer-Science-ITU/advanced-programming/excercises/week01-intro/.metals/dap-client.trace.json or /home/casper/.cache/metals/dap-client.trace.json
2025.08.26 11:37:01 INFO  Starting debug proxy for [adpro.intro.ExercisesSpec()]
2025.08.26 11:37:01 INFO  Initialized Scala 3 decoder in 1 millisecond
2025.08.26 11:37:01 INFO  Trying to attach to remote debuggee VM localhost:53489 .
2025.08.26 11:37:01 INFO  Attaching to debuggee VM succeeded.
2025.08.26 11:37:32 INFO  Canceling debug proxy for [adpro.intro.ExercisesSpec()]
2025.08.26 11:37:32 INFO  Failed to initialize communication: Socket closed (full report at: "/home/casper/GitHub/Computer-Science-ITU/advanced-programming/excercises/week01-intro/.metals/.reports/bloop/2025-08-26/r_Failed to initialize..._11-34-34-623.md")
2025.08.26 11:37:32 INFO  Closing debug server tcp://0.0.0.0:38799
2025.08.26 11:37:44 INFO  compiling week01-intro_d5c0a6989e (1 scala source)
2025.08.26 11:37:44 INFO  time: compiled week01-intro_d5c0a6989e in 0.47s
2025.08.26 11:37:48 INFO  compiling week01-intro_d5c0a6989e (1 scala source)
2025.08.26 11:37:48 INFO  time: compiled week01-intro_d5c0a6989e in 0.21s
2025.08.26 11:38:00 INFO  compiling week01-intro_d5c0a6989e (1 scala source)
2025.08.26 11:38:00 INFO  time: compiled week01-intro_d5c0a6989e in 0.4s
2025.08.26 11:38:04 INFO  tracing is disabled for protocol dap-server, to enable tracing of incoming and outgoing JSON messages create an empty file at /home/casper/GitHub/Computer-Science-ITU/advanced-programming/excercises/week01-intro/.metals/dap-server.trace.json or /home/casper/.cache/metals/dap-server.trace.json
2025.08.26 11:38:04 INFO  tracing is disabled for protocol dap-client, to enable tracing of incoming and outgoing JSON messages create an empty file at /home/casper/GitHub/Computer-Science-ITU/advanced-programming/excercises/week01-intro/.metals/dap-client.trace.json or /home/casper/.cache/metals/dap-client.trace.json
2025.08.26 11:38:04 INFO  Starting debug proxy for [adpro.intro.ExercisesSpec()]
2025.08.26 11:38:04 INFO  Initialized Scala 3 decoder in 1 millisecond
2025.08.26 11:38:04 INFO  Trying to attach to remote debuggee VM localhost:38527 .
2025.08.26 11:38:04 INFO  Attaching to debuggee VM succeeded.
2025.08.26 11:38:06 INFO  Closing debug server tcp://0.0.0.0:33879
2025.08.26 11:38:06 INFO  Canceling debug proxy for [adpro.intro.ExercisesSpec()]
2025.08.26 11:39:17 INFO  compiling week01-intro_d5c0a6989e (1 scala source)
2025.08.26 11:39:17 INFO  time: compiled week01-intro_d5c0a6989e in 0.47s
2025.08.26 11:39:21 INFO  compiling week01-intro_d5c0a6989e (1 scala source)
2025.08.26 11:39:21 INFO  time: compiled week01-intro_d5c0a6989e in 0.46s
Aug 26, 2025 11:39:21 AM org.eclipse.lsp4j.jsonrpc.RemoteEndpoint fallbackResponseError
SEVERE: Internal error: scala.meta.internal.metals.debug.DiscoveryFailures$WorkspaceErrorsException$: Cannot run class, since the workspace has errors.
java.util.concurrent.CompletionException: scala.meta.internal.metals.debug.DiscoveryFailures$WorkspaceErrorsException$: Cannot run class, since the workspace has errors.
	at java.base/java.util.concurrent.CompletableFuture.encodeThrowable(CompletableFuture.java:332)
	at java.base/java.util.concurrent.CompletableFuture.completeThrowable(CompletableFuture.java:347)
	at java.base/java.util.concurrent.CompletableFuture$UniAccept.tryFire(CompletableFuture.java:708)
	at java.base/java.util.concurrent.CompletableFuture.postComplete(CompletableFuture.java:510)
	at java.base/java.util.concurrent.CompletableFuture.completeExceptionally(CompletableFuture.java:2194)
	at scala.concurrent.java8.FuturesConvertersImpl$CF.apply(FutureConvertersImpl.scala:29)
	at scala.concurrent.java8.FuturesConvertersImpl$CF.apply(FutureConvertersImpl.scala:26)
	at scala.concurrent.impl.Promise$Transformation.run(Promise.scala:484)
	at scala.concurrent.ExecutionContext$parasitic$.execute(ExecutionContext.scala:222)
	at scala.concurrent.impl.Promise$Transformation.submitWithValue(Promise.scala:429)
	at scala.concurrent.impl.Promise$DefaultPromise.submitWithValue(Promise.scala:338)
	at scala.concurrent.impl.Promise$DefaultPromise.tryComplete0(Promise.scala:285)
	at scala.concurrent.impl.Promise$Transformation.run(Promise.scala:504)
	at java.base/java.util.concurrent.ThreadPoolExecutor.runWorker(ThreadPoolExecutor.java:1144)
	at java.base/java.util.concurrent.ThreadPoolExecutor$Worker.run(ThreadPoolExecutor.java:642)
	at java.base/java.lang.Thread.run(Thread.java:1583)
Caused by: scala.meta.internal.metals.debug.DiscoveryFailures$WorkspaceErrorsException$: Cannot run class, since the workspace has errors.
	at scala.meta.internal.metals.debug.DiscoveryFailures$WorkspaceErrorsException$.<clinit>(DiscoveryFailures.scala:53)
	at scala.meta.internal.metals.debug.DebugProvider.ensureNoWorkspaceErrors(DebugProvider.scala:473)
	at scala.meta.internal.metals.debug.DebugProvider.$anonfun$startTestSuite$5(DebugProvider.scala:646)
	at scala.concurrent.impl.Promise$Transformation.run(Promise.scala:470)
	... 3 more

Exception in thread "pool-5-thread-1" java.lang.InterruptedException
	at scala.meta.internal.metals.FutureCancelToken.checkCanceled(FutureCancelToken.scala:29)
	at scala.meta.internal.pc.CompilerAccess.onCompilerJobQueue$$anonfun$1(CompilerAccess.scala:208)
	at scala.meta.internal.pc.CompilerJobQueue$Job.run(CompilerJobQueue.scala:153)
	at java.base/java.util.concurrent.ThreadPoolExecutor.runWorker(ThreadPoolExecutor.java:1144)
	at java.base/java.util.concurrent.ThreadPoolExecutor$Worker.run(ThreadPoolExecutor.java:642)
	at java.base/java.lang.Thread.run(Thread.java:1583)
2025.08.26 11:39:39 INFO  compiling week01-intro_d5c0a6989e (1 scala source)
2025.08.26 11:39:39 INFO  time: compiled week01-intro_d5c0a6989e in 0.29s
2025.08.26 11:39:49 INFO  tracing is disabled for protocol dap-server, to enable tracing of incoming and outgoing JSON messages create an empty file at /home/casper/GitHub/Computer-Science-ITU/advanced-programming/excercises/week01-intro/.metals/dap-server.trace.json or /home/casper/.cache/metals/dap-server.trace.json
2025.08.26 11:39:49 INFO  tracing is disabled for protocol dap-client, to enable tracing of incoming and outgoing JSON messages create an empty file at /home/casper/GitHub/Computer-Science-ITU/advanced-programming/excercises/week01-intro/.metals/dap-client.trace.json or /home/casper/.cache/metals/dap-client.trace.json
2025.08.26 11:39:49 INFO  Starting debug proxy for [adpro.intro.ExercisesSpec()]
2025.08.26 11:39:49 INFO  Initialized Scala 3 decoder in 0 milliseconds
2025.08.26 11:39:49 INFO  Trying to attach to remote debuggee VM localhost:46785 .
2025.08.26 11:39:49 INFO  Attaching to debuggee VM succeeded.
2025.08.26 11:39:51 INFO  Canceling debug proxy for [adpro.intro.ExercisesSpec()]
2025.08.26 11:39:51 INFO  Closing debug server tcp://0.0.0.0:39323
2025.08.26 11:40:19 INFO  compiling week01-intro_d5c0a6989e (1 scala source)
2025.08.26 11:40:19 INFO  time: compiled week01-intro_d5c0a6989e in 0.46s
2025.08.26 11:40:21 INFO  tracing is disabled for protocol dap-server, to enable tracing of incoming and outgoing JSON messages create an empty file at /home/casper/GitHub/Computer-Science-ITU/advanced-programming/excercises/week01-intro/.metals/dap-server.trace.json or /home/casper/.cache/metals/dap-server.trace.json
2025.08.26 11:40:21 INFO  tracing is disabled for protocol dap-client, to enable tracing of incoming and outgoing JSON messages create an empty file at /home/casper/GitHub/Computer-Science-ITU/advanced-programming/excercises/week01-intro/.metals/dap-client.trace.json or /home/casper/.cache/metals/dap-client.trace.json
2025.08.26 11:40:21 INFO  Starting debug proxy for [adpro.intro.ExercisesSpec()]
2025.08.26 11:40:21 INFO  Initialized Scala 3 decoder in 0 milliseconds
2025.08.26 11:40:21 INFO  Trying to attach to remote debuggee VM localhost:56407 .
2025.08.26 11:40:21 INFO  Attaching to debuggee VM succeeded.
2025.08.26 11:40:22 INFO  Canceling debug proxy for [adpro.intro.ExercisesSpec()]
2025.08.26 11:40:22 INFO  Closing debug server tcp://0.0.0.0:46463
2025.08.26 11:40:33 INFO  compiling week01-intro_d5c0a6989e (1 scala source)
2025.08.26 11:40:33 INFO  time: compiled week01-intro_d5c0a6989e in 0.3s
2025.08.26 11:40:35 INFO  tracing is disabled for protocol dap-server, to enable tracing of incoming and outgoing JSON messages create an empty file at /home/casper/GitHub/Computer-Science-ITU/advanced-programming/excercises/week01-intro/.metals/dap-server.trace.json or /home/casper/.cache/metals/dap-server.trace.json
2025.08.26 11:40:35 INFO  tracing is disabled for protocol dap-client, to enable tracing of incoming and outgoing JSON messages create an empty file at /home/casper/GitHub/Computer-Science-ITU/advanced-programming/excercises/week01-intro/.metals/dap-client.trace.json or /home/casper/.cache/metals/dap-client.trace.json
2025.08.26 11:40:35 INFO  Starting debug proxy for [adpro.intro.ExercisesSpec()]
2025.08.26 11:40:35 INFO  Initialized Scala 3 decoder in 0 milliseconds
2025.08.26 11:40:35 INFO  Trying to attach to remote debuggee VM localhost:37443 .
2025.08.26 11:40:35 INFO  Attaching to debuggee VM succeeded.
2025.08.26 11:40:57 INFO  Canceling debug proxy for [adpro.intro.ExercisesSpec()]
2025.08.26 11:40:57 INFO  Closing debug server tcp://0.0.0.0:45459
2025.08.26 11:41:12 INFO  compiling week01-intro_d5c0a6989e (1 scala source)
2025.08.26 11:41:12 INFO  time: compiled week01-intro_d5c0a6989e in 0.32s
2025.08.26 11:41:14 INFO  tracing is disabled for protocol dap-server, to enable tracing of incoming and outgoing JSON messages create an empty file at /home/casper/GitHub/Computer-Science-ITU/advanced-programming/excercises/week01-intro/.metals/dap-server.trace.json or /home/casper/.cache/metals/dap-server.trace.json
2025.08.26 11:41:14 INFO  tracing is disabled for protocol dap-client, to enable tracing of incoming and outgoing JSON messages create an empty file at /home/casper/GitHub/Computer-Science-ITU/advanced-programming/excercises/week01-intro/.metals/dap-client.trace.json or /home/casper/.cache/metals/dap-client.trace.json
2025.08.26 11:41:15 INFO  Starting debug proxy for [adpro.intro.ExercisesSpec()]
2025.08.26 11:41:15 INFO  Initialized Scala 3 decoder in 0 milliseconds
2025.08.26 11:41:15 INFO  Trying to attach to remote debuggee VM localhost:56055 .
2025.08.26 11:41:15 INFO  Attaching to debuggee VM succeeded.
2025.08.26 11:41:16 INFO  Canceling debug proxy for [adpro.intro.ExercisesSpec()]
2025.08.26 11:41:16 INFO  Closing debug server tcp://0.0.0.0:46013
2025.08.26 11:42:35 INFO  compiling week01-intro_d5c0a6989e (1 scala source)
2025.08.26 11:42:35 INFO  time: compiled week01-intro_d5c0a6989e in 0.16s
2025.08.26 11:43:00 WARN  Could not load snapshot text for /home/casper/GitHub/Computer-Science-ITU/advanced-programming/excercises/week01-intro/Exercises.scala
2025.08.26 11:43:13 WARN  Could not load snapshot text for /home/casper/GitHub/Computer-Science-ITU/advanced-programming/excercises/week01-intro/Exercises.scala
2025.08.26 11:43:16 WARN  Could not load snapshot text for /home/casper/GitHub/Computer-Science-ITU/advanced-programming/excercises/week01-intro/Exercises.scala
2025.08.26 11:43:17 WARN  Could not load snapshot text for /home/casper/GitHub/Computer-Science-ITU/advanced-programming/excercises/week01-intro/Exercises.scala
2025.08.26 11:43:18 WARN  Could not load snapshot text for /home/casper/GitHub/Computer-Science-ITU/advanced-programming/excercises/week01-intro/Exercises.scala
2025.08.26 11:43:19 WARN  Could not load snapshot text for /home/casper/GitHub/Computer-Science-ITU/advanced-programming/excercises/week01-intro/Exercises.scala
2025.08.26 11:43:22 WARN  Could not load snapshot text for /home/casper/GitHub/Computer-Science-ITU/advanced-programming/excercises/week01-intro/Exercises.scala
2025.08.26 11:43:24 WARN  Could not load snapshot text for /home/casper/GitHub/Computer-Science-ITU/advanced-programming/excercises/week01-intro/Exercises.scala
2025.08.26 11:43:24 WARN  Could not load snapshot text for /home/casper/GitHub/Computer-Science-ITU/advanced-programming/excercises/week01-intro/Exercises.scala
2025.08.26 11:43:30 INFO  compiling week01-intro_d5c0a6989e (1 scala source)
2025.08.26 11:43:30 INFO  time: compiled week01-intro_d5c0a6989e in 0.16s
2025.08.26 11:43:30 WARN  Could not load snapshot text for /home/casper/GitHub/Computer-Science-ITU/advanced-programming/excercises/week01-intro/Exercises.scala
2025.08.26 11:43:34 WARN  Could not load snapshot text for /home/casper/GitHub/Computer-Science-ITU/advanced-programming/excercises/week01-intro/Exercises.scala
2025.08.26 11:43:34 INFO  compiling week01-intro_d5c0a6989e (1 scala source)
2025.08.26 11:43:34 INFO  time: compiled week01-intro_d5c0a6989e in 0.28s
2025.08.26 11:43:40 INFO  tracing is disabled for protocol dap-server, to enable tracing of incoming and outgoing JSON messages create an empty file at /home/casper/GitHub/Computer-Science-ITU/advanced-programming/excercises/week01-intro/.metals/dap-server.trace.json or /home/casper/.cache/metals/dap-server.trace.json
2025.08.26 11:43:40 INFO  tracing is disabled for protocol dap-client, to enable tracing of incoming and outgoing JSON messages create an empty file at /home/casper/GitHub/Computer-Science-ITU/advanced-programming/excercises/week01-intro/.metals/dap-client.trace.json or /home/casper/.cache/metals/dap-client.trace.json
2025.08.26 11:43:40 INFO  Starting debug proxy for [adpro.intro.ExercisesSpec()]
2025.08.26 11:43:40 INFO  Initialized Scala 3 decoder in 0 milliseconds
2025.08.26 11:43:40 INFO  Trying to attach to remote debuggee VM localhost:38521 .
2025.08.26 11:43:40 INFO  Attaching to debuggee VM succeeded.
2025.08.26 11:43:42 INFO  Canceling debug proxy for [adpro.intro.ExercisesSpec()]
2025.08.26 11:43:42 INFO  Closing debug server tcp://0.0.0.0:38883
Aug 26, 2025 11:44:45 AM org.eclipse.lsp4j.jsonrpc.RemoteEndpoint handleCancellation
WARNING: Unmatched cancel notification for request id 2577
2025.08.26 11:45:52 INFO  compiling week01-intro_d5c0a6989e (1 scala source)
2025.08.26 11:45:52 INFO  time: compiled week01-intro_d5c0a6989e in 0.69s
2025.08.26 11:46:05 INFO  compiling week01-intro_d5c0a6989e (1 scala source)
2025.08.26 11:46:05 INFO  time: compiled week01-intro_d5c0a6989e in 0.23s
2025.08.26 11:46:07 INFO  compiling week01-intro_d5c0a6989e (1 scala source)
2025.08.26 11:46:07 INFO  time: compiled week01-intro_d5c0a6989e in 0.27s
Aug 26, 2025 11:46:07 AM org.eclipse.lsp4j.jsonrpc.RemoteEndpoint fallbackResponseError
SEVERE: Internal error: scala.meta.internal.metals.debug.DiscoveryFailures$WorkspaceErrorsException$: Cannot run class, since the workspace has errors.
java.util.concurrent.CompletionException: scala.meta.internal.metals.debug.DiscoveryFailures$WorkspaceErrorsException$: Cannot run class, since the workspace has errors.
	at java.base/java.util.concurrent.CompletableFuture.encodeThrowable(CompletableFuture.java:332)
	at java.base/java.util.concurrent.CompletableFuture.completeThrowable(CompletableFuture.java:347)
	at java.base/java.util.concurrent.CompletableFuture$UniAccept.tryFire(CompletableFuture.java:708)
	at java.base/java.util.concurrent.CompletableFuture.postComplete(CompletableFuture.java:510)
	at java.base/java.util.concurrent.CompletableFuture.completeExceptionally(CompletableFuture.java:2194)
	at scala.concurrent.java8.FuturesConvertersImpl$CF.apply(FutureConvertersImpl.scala:29)
	at scala.concurrent.java8.FuturesConvertersImpl$CF.apply(FutureConvertersImpl.scala:26)
	at scala.concurrent.impl.Promise$Transformation.run(Promise.scala:484)
	at scala.concurrent.ExecutionContext$parasitic$.execute(ExecutionContext.scala:222)
	at scala.concurrent.impl.Promise$Transformation.submitWithValue(Promise.scala:429)
	at scala.concurrent.impl.Promise$DefaultPromise.submitWithValue(Promise.scala:338)
	at scala.concurrent.impl.Promise$DefaultPromise.tryComplete0(Promise.scala:285)
	at scala.concurrent.impl.Promise$Transformation.run(Promise.scala:504)
	at java.base/java.util.concurrent.ThreadPoolExecutor.runWorker(ThreadPoolExecutor.java:1144)
	at java.base/java.util.concurrent.ThreadPoolExecutor$Worker.run(ThreadPoolExecutor.java:642)
	at java.base/java.lang.Thread.run(Thread.java:1583)
Caused by: scala.meta.internal.metals.debug.DiscoveryFailures$WorkspaceErrorsException$: Cannot run class, since the workspace has errors.
	at scala.meta.internal.metals.debug.DiscoveryFailures$WorkspaceErrorsException$.<clinit>(DiscoveryFailures.scala:53)
	at scala.meta.internal.metals.debug.DebugProvider.ensureNoWorkspaceErrors(DebugProvider.scala:473)
	at scala.meta.internal.metals.debug.DebugProvider.$anonfun$startTestSuite$5(DebugProvider.scala:646)
	at scala.concurrent.impl.Promise$Transformation.run(Promise.scala:470)
	... 3 more

2025.08.26 11:47:00 INFO  compiling week01-intro_d5c0a6989e (1 scala source)
2025.08.26 11:47:00 INFO  time: compiled week01-intro_d5c0a6989e in 0.34s
2025.08.26 11:47:01 INFO  compiling week01-intro_d5c0a6989e (1 scala source)
2025.08.26 11:47:01 INFO  time: compiled week01-intro_d5c0a6989e in 0.22s
2025.08.26 11:47:03 INFO  time: compiled week01-intro_d5c0a6989e-test in 6ms
2025.08.26 11:47:03 INFO  tracing is disabled for protocol dap-server, to enable tracing of incoming and outgoing JSON messages create an empty file at /home/casper/GitHub/Computer-Science-ITU/advanced-programming/excercises/week01-intro/.metals/dap-server.trace.json or /home/casper/.cache/metals/dap-server.trace.json
2025.08.26 11:47:04 INFO  tracing is disabled for protocol dap-client, to enable tracing of incoming and outgoing JSON messages create an empty file at /home/casper/GitHub/Computer-Science-ITU/advanced-programming/excercises/week01-intro/.metals/dap-client.trace.json or /home/casper/.cache/metals/dap-client.trace.json
2025.08.26 11:47:04 INFO  Starting debug proxy for [adpro.intro.ExercisesSpec()]
2025.08.26 11:47:03 INFO  Initialized Scala 3 decoder in 0 milliseconds
2025.08.26 11:47:03 INFO  Trying to attach to remote debuggee VM localhost:45371 .
2025.08.26 11:47:03 INFO  Attaching to debuggee VM succeeded.
2025.08.26 11:47:06 INFO  Canceling debug proxy for [adpro.intro.ExercisesSpec()]
2025.08.26 11:47:06 INFO  Closing debug server tcp://0.0.0.0:38037
2025.08.26 11:49:15 INFO  compiling week01-intro_d5c0a6989e (1 scala source)
2025.08.26 11:49:15 INFO  time: compiled week01-intro_d5c0a6989e in 0.19s
2025.08.26 11:49:19 INFO  compiling week01-intro_d5c0a6989e (1 scala source)
2025.08.26 11:49:19 INFO  time: compiled week01-intro_d5c0a6989e in 0.2s
Aug 26, 2025 11:49:19 AM org.eclipse.lsp4j.jsonrpc.RemoteEndpoint fallbackResponseError
SEVERE: Internal error: scala.meta.internal.metals.debug.DiscoveryFailures$WorkspaceErrorsException$: Cannot run class, since the workspace has errors.
java.util.concurrent.CompletionException: scala.meta.internal.metals.debug.DiscoveryFailures$WorkspaceErrorsException$: Cannot run class, since the workspace has errors.
	at java.base/java.util.concurrent.CompletableFuture.encodeThrowable(CompletableFuture.java:332)
	at java.base/java.util.concurrent.CompletableFuture.completeThrowable(CompletableFuture.java:347)
	at java.base/java.util.concurrent.CompletableFuture$UniAccept.tryFire(CompletableFuture.java:708)
	at java.base/java.util.concurrent.CompletableFuture.postComplete(CompletableFuture.java:510)
	at java.base/java.util.concurrent.CompletableFuture.completeExceptionally(CompletableFuture.java:2194)
	at scala.concurrent.java8.FuturesConvertersImpl$CF.apply(FutureConvertersImpl.scala:29)
	at scala.concurrent.java8.FuturesConvertersImpl$CF.apply(FutureConvertersImpl.scala:26)
	at scala.concurrent.impl.Promise$Transformation.run(Promise.scala:484)
	at scala.concurrent.ExecutionContext$parasitic$.execute(ExecutionContext.scala:222)
	at scala.concurrent.impl.Promise$Transformation.submitWithValue(Promise.scala:429)
	at scala.concurrent.impl.Promise$DefaultPromise.submitWithValue(Promise.scala:338)
	at scala.concurrent.impl.Promise$DefaultPromise.tryComplete0(Promise.scala:285)
	at scala.concurrent.impl.Promise$Transformation.run(Promise.scala:504)
	at java.base/java.util.concurrent.ThreadPoolExecutor.runWorker(ThreadPoolExecutor.java:1144)
	at java.base/java.util.concurrent.ThreadPoolExecutor$Worker.run(ThreadPoolExecutor.java:642)
	at java.base/java.lang.Thread.run(Thread.java:1583)
Caused by: scala.meta.internal.metals.debug.DiscoveryFailures$WorkspaceErrorsException$: Cannot run class, since the workspace has errors.
	at scala.meta.internal.metals.debug.DiscoveryFailures$WorkspaceErrorsException$.<clinit>(DiscoveryFailures.scala:53)
	at scala.meta.internal.metals.debug.DebugProvider.ensureNoWorkspaceErrors(DebugProvider.scala:473)
	at scala.meta.internal.metals.debug.DebugProvider.$anonfun$startTestSuite$5(DebugProvider.scala:646)
	at scala.concurrent.impl.Promise$Transformation.run(Promise.scala:470)
	... 3 more

2025.08.26 11:56:25 INFO  compiling week01-intro_d5c0a6989e (1 scala source)
2025.08.26 11:56:25 INFO  time: compiled week01-intro_d5c0a6989e in 0.2s
2025.08.26 11:57:15 INFO  compiling week01-intro_d5c0a6989e (1 scala source)
2025.08.26 11:57:15 INFO  time: compiled week01-intro_d5c0a6989e in 0.18s
2025.08.26 11:57:55 INFO  compiling week01-intro_d5c0a6989e (1 scala source)
2025.08.26 11:57:55 INFO  time: compiled week01-intro_d5c0a6989e in 0.16s
2025.08.26 19:53:54 INFO  compiling week01-intro_d5c0a6989e (1 scala source)
2025.08.26 19:53:55 INFO  time: compiled week01-intro_d5c0a6989e in 1.02s
2025.08.26 19:53:59 INFO  compiling week01-intro_d5c0a6989e (1 scala source)
2025.08.26 19:53:59 INFO  time: compiled week01-intro_d5c0a6989e in 0.46s
2025.08.26 19:56:19 INFO  compiling week01-intro_d5c0a6989e (1 scala source)
2025.08.26 19:56:21 INFO  time: compiled week01-intro_d5c0a6989e in 2.14s
2025.08.26 19:56:34 INFO  compiling week01-intro_d5c0a6989e (1 scala source)
2025.08.26 19:56:34 INFO  time: compiled week01-intro_d5c0a6989e in 0.41s
2025.08.26 19:56:46 INFO  compiling week01-intro_d5c0a6989e (1 scala source)
2025.08.26 19:56:46 INFO  time: compiled week01-intro_d5c0a6989e in 0.36s
2025.08.26 19:57:28 INFO  compiling week01-intro_d5c0a6989e (1 scala source)
2025.08.26 19:57:28 INFO  time: compiled week01-intro_d5c0a6989e in 0.86s
2025.08.26 19:57:32 INFO  time: compiled week01-intro_d5c0a6989e-test in 9ms
2025.08.26 19:57:32 INFO  tracing is disabled for protocol dap-server, to enable tracing of incoming and outgoing JSON messages create an empty file at /home/casper/GitHub/Computer-Science-ITU/advanced-programming/excercises/week01-intro/.metals/dap-server.trace.json or /home/casper/.cache/metals/dap-server.trace.json
2025.08.26 19:57:32 INFO  tracing is disabled for protocol dap-client, to enable tracing of incoming and outgoing JSON messages create an empty file at /home/casper/GitHub/Computer-Science-ITU/advanced-programming/excercises/week01-intro/.metals/dap-client.trace.json or /home/casper/.cache/metals/dap-client.trace.json
2025.08.26 19:57:32 INFO  Starting debug proxy for [adpro.intro.ExercisesSpec()]
2025.08.26 19:57:32 INFO  Initialized Scala 3 decoder in 1 millisecond
2025.08.26 19:57:32 INFO  Trying to attach to remote debuggee VM localhost:59663 .
2025.08.26 19:57:32 INFO  Attaching to debuggee VM succeeded.
2025.08.26 19:57:34 INFO  Canceling debug proxy for [adpro.intro.ExercisesSpec()]
2025.08.26 19:57:34 INFO  Closing debug server tcp://0.0.0.0:38629
2025.08.26 20:03:42 INFO  compiling week01-intro_d5c0a6989e (1 scala source)
2025.08.26 20:03:43 INFO  time: compiled week01-intro_d5c0a6989e in 1.01s
2025.08.26 20:03:43 INFO  compiling week01-intro_d5c0a6989e (1 scala source)
2025.08.26 20:03:44 INFO  time: compiled week01-intro_d5c0a6989e in 0.37s
Aug 26, 2025 8:03:44 PM org.eclipse.lsp4j.jsonrpc.RemoteEndpoint fallbackResponseError
SEVERE: Internal error: scala.meta.internal.metals.debug.DiscoveryFailures$WorkspaceErrorsException$: Cannot run class, since the workspace has errors.
java.util.concurrent.CompletionException: scala.meta.internal.metals.debug.DiscoveryFailures$WorkspaceErrorsException$: Cannot run class, since the workspace has errors.
	at java.base/java.util.concurrent.CompletableFuture.encodeThrowable(CompletableFuture.java:332)
	at java.base/java.util.concurrent.CompletableFuture.completeThrowable(CompletableFuture.java:347)
	at java.base/java.util.concurrent.CompletableFuture$UniAccept.tryFire(CompletableFuture.java:708)
	at java.base/java.util.concurrent.CompletableFuture.postComplete(CompletableFuture.java:510)
	at java.base/java.util.concurrent.CompletableFuture.completeExceptionally(CompletableFuture.java:2194)
	at scala.concurrent.java8.FuturesConvertersImpl$CF.apply(FutureConvertersImpl.scala:29)
	at scala.concurrent.java8.FuturesConvertersImpl$CF.apply(FutureConvertersImpl.scala:26)
	at scala.concurrent.impl.Promise$Transformation.run(Promise.scala:484)
	at scala.concurrent.ExecutionContext$parasitic$.execute(ExecutionContext.scala:222)
	at scala.concurrent.impl.Promise$Transformation.submitWithValue(Promise.scala:429)
	at scala.concurrent.impl.Promise$DefaultPromise.submitWithValue(Promise.scala:338)
	at scala.concurrent.impl.Promise$DefaultPromise.tryComplete0(Promise.scala:285)
	at scala.concurrent.impl.Promise$Transformation.run(Promise.scala:504)
	at java.base/java.util.concurrent.ThreadPoolExecutor.runWorker(ThreadPoolExecutor.java:1144)
	at java.base/java.util.concurrent.ThreadPoolExecutor$Worker.run(ThreadPoolExecutor.java:642)
	at java.base/java.lang.Thread.run(Thread.java:1583)
Caused by: scala.meta.internal.metals.debug.DiscoveryFailures$WorkspaceErrorsException$: Cannot run class, since the workspace has errors.
	at scala.meta.internal.metals.debug.DiscoveryFailures$WorkspaceErrorsException$.<clinit>(DiscoveryFailures.scala:53)
	at scala.meta.internal.metals.debug.DebugProvider.ensureNoWorkspaceErrors(DebugProvider.scala:473)
	at scala.meta.internal.metals.debug.DebugProvider.$anonfun$startTestSuite$5(DebugProvider.scala:646)
	at scala.concurrent.impl.Promise$Transformation.run(Promise.scala:470)
	... 3 more

2025.08.26 20:03:54 INFO  compiling week01-intro_d5c0a6989e (1 scala source)
2025.08.26 20:03:55 INFO  time: compiled week01-intro_d5c0a6989e in 1.02s
2025.08.26 20:03:58 INFO  time: compiled week01-intro_d5c0a6989e-test in 9ms
2025.08.26 20:03:58 INFO  tracing is disabled for protocol dap-server, to enable tracing of incoming and outgoing JSON messages create an empty file at /home/casper/GitHub/Computer-Science-ITU/advanced-programming/excercises/week01-intro/.metals/dap-server.trace.json or /home/casper/.cache/metals/dap-server.trace.json
2025.08.26 20:03:58 INFO  tracing is disabled for protocol dap-client, to enable tracing of incoming and outgoing JSON messages create an empty file at /home/casper/GitHub/Computer-Science-ITU/advanced-programming/excercises/week01-intro/.metals/dap-client.trace.json or /home/casper/.cache/metals/dap-client.trace.json
2025.08.26 20:03:58 INFO  Starting debug proxy for [adpro.intro.ExercisesSpec()]
2025.08.26 20:03:58 INFO  Initialized Scala 3 decoder in 0 milliseconds
2025.08.26 20:03:58 INFO  Trying to attach to remote debuggee VM localhost:54303 .
2025.08.26 20:03:58 INFO  Attaching to debuggee VM succeeded.
2025.08.26 20:04:00 INFO  Canceling debug proxy for [adpro.intro.ExercisesSpec()]
2025.08.26 20:04:00 INFO  Closing debug server tcp://0.0.0.0:36661
2025.08.26 20:06:13 INFO  compiling week01-intro_d5c0a6989e (1 scala source)
2025.08.26 20:06:15 INFO  time: compiled week01-intro_d5c0a6989e in 1.47s
2025.08.26 20:06:24 INFO  compiling week01-intro_d5c0a6989e (1 scala source)
2025.08.26 20:06:24 INFO  time: compiled week01-intro_d5c0a6989e in 0.43s
Aug 26, 2025 8:06:24 PM org.eclipse.lsp4j.jsonrpc.RemoteEndpoint fallbackResponseError
SEVERE: Internal error: scala.meta.internal.metals.debug.DiscoveryFailures$WorkspaceErrorsException$: Cannot run class, since the workspace has errors.
java.util.concurrent.CompletionException: scala.meta.internal.metals.debug.DiscoveryFailures$WorkspaceErrorsException$: Cannot run class, since the workspace has errors.
	at java.base/java.util.concurrent.CompletableFuture.encodeThrowable(CompletableFuture.java:332)
	at java.base/java.util.concurrent.CompletableFuture.completeThrowable(CompletableFuture.java:347)
	at java.base/java.util.concurrent.CompletableFuture$UniAccept.tryFire(CompletableFuture.java:708)
	at java.base/java.util.concurrent.CompletableFuture.postComplete(CompletableFuture.java:510)
	at java.base/java.util.concurrent.CompletableFuture.completeExceptionally(CompletableFuture.java:2194)
	at scala.concurrent.java8.FuturesConvertersImpl$CF.apply(FutureConvertersImpl.scala:29)
	at scala.concurrent.java8.FuturesConvertersImpl$CF.apply(FutureConvertersImpl.scala:26)
	at scala.concurrent.impl.Promise$Transformation.run(Promise.scala:484)
	at scala.concurrent.ExecutionContext$parasitic$.execute(ExecutionContext.scala:222)
	at scala.concurrent.impl.Promise$Transformation.submitWithValue(Promise.scala:429)
	at scala.concurrent.impl.Promise$DefaultPromise.submitWithValue(Promise.scala:338)
	at scala.concurrent.impl.Promise$DefaultPromise.tryComplete0(Promise.scala:285)
	at scala.concurrent.impl.Promise$Transformation.run(Promise.scala:504)
	at java.base/java.util.concurrent.ThreadPoolExecutor.runWorker(ThreadPoolExecutor.java:1144)
	at java.base/java.util.concurrent.ThreadPoolExecutor$Worker.run(ThreadPoolExecutor.java:642)
	at java.base/java.lang.Thread.run(Thread.java:1583)
Caused by: scala.meta.internal.metals.debug.DiscoveryFailures$WorkspaceErrorsException$: Cannot run class, since the workspace has errors.
	at scala.meta.internal.metals.debug.DiscoveryFailures$WorkspaceErrorsException$.<clinit>(DiscoveryFailures.scala:53)
	at scala.meta.internal.metals.debug.DebugProvider.ensureNoWorkspaceErrors(DebugProvider.scala:473)
	at scala.meta.internal.metals.debug.DebugProvider.$anonfun$startTestSuite$5(DebugProvider.scala:646)
	at scala.concurrent.impl.Promise$Transformation.run(Promise.scala:470)
	... 3 more

2025.08.26 20:08:56 INFO  compiling week01-intro_d5c0a6989e (1 scala source)
2025.08.26 20:08:58 INFO  time: compiled week01-intro_d5c0a6989e in 2.08s
2025.08.26 20:08:58 INFO  time: compiled week01-intro_d5c0a6989e-test in 7ms
2025.08.26 20:08:59 INFO  tracing is disabled for protocol dap-server, to enable tracing of incoming and outgoing JSON messages create an empty file at /home/casper/GitHub/Computer-Science-ITU/advanced-programming/excercises/week01-intro/.metals/dap-server.trace.json or /home/casper/.cache/metals/dap-server.trace.json
2025.08.26 20:08:59 INFO  tracing is disabled for protocol dap-client, to enable tracing of incoming and outgoing JSON messages create an empty file at /home/casper/GitHub/Computer-Science-ITU/advanced-programming/excercises/week01-intro/.metals/dap-client.trace.json or /home/casper/.cache/metals/dap-client.trace.json
2025.08.26 20:08:59 INFO  Starting debug proxy for [adpro.intro.ExercisesSpec()]
2025.08.26 20:08:58 INFO  Initialized Scala 3 decoder in 1 millisecond
2025.08.26 20:08:59 INFO  Trying to attach to remote debuggee VM localhost:52081 .
2025.08.26 20:08:59 INFO  Attaching to debuggee VM succeeded.
2025.08.26 20:09:01 INFO  Canceling debug proxy for [adpro.intro.ExercisesSpec()]
2025.08.26 20:09:01 INFO  Closing debug server tcp://0.0.0.0:46649
2025.08.26 20:12:38 INFO  compiling week01-intro_d5c0a6989e (1 scala source)
2025.08.26 20:12:40 INFO  time: compiled week01-intro_d5c0a6989e in 2.12s
2025.08.26 20:12:45 INFO  tracing is disabled for protocol dap-server, to enable tracing of incoming and outgoing JSON messages create an empty file at /home/casper/GitHub/Computer-Science-ITU/advanced-programming/excercises/week01-intro/.metals/dap-server.trace.json or /home/casper/.cache/metals/dap-server.trace.json
2025.08.26 20:12:45 INFO  tracing is disabled for protocol dap-client, to enable tracing of incoming and outgoing JSON messages create an empty file at /home/casper/GitHub/Computer-Science-ITU/advanced-programming/excercises/week01-intro/.metals/dap-client.trace.json or /home/casper/.cache/metals/dap-client.trace.json
2025.08.26 20:12:45 INFO  Starting debug proxy for [adpro.intro.ExercisesSpec()]
2025.08.26 20:12:45 INFO  Initialized Scala 3 decoder in 0 milliseconds
2025.08.26 20:12:45 INFO  Trying to attach to remote debuggee VM localhost:35401 .
2025.08.26 20:12:45 INFO  Attaching to debuggee VM succeeded.
2025.08.26 20:12:47 INFO  Canceling debug proxy for [adpro.intro.ExercisesSpec()]
2025.08.26 20:12:47 INFO  Closing debug server tcp://0.0.0.0:44515
Aug 26, 2025 8:13:19 PM org.eclipse.lsp4j.jsonrpc.RemoteEndpoint handleCancellation
WARNING: Unmatched cancel notification for request id 6804
2025.08.26 20:13:25 INFO  compiling week01-intro_d5c0a6989e (1 scala source)
2025.08.26 20:13:25 INFO  time: compiled week01-intro_d5c0a6989e in 0.92s
2025.08.26 20:13:27 INFO  tracing is disabled for protocol dap-server, to enable tracing of incoming and outgoing JSON messages create an empty file at /home/casper/GitHub/Computer-Science-ITU/advanced-programming/excercises/week01-intro/.metals/dap-server.trace.json or /home/casper/.cache/metals/dap-server.trace.json
2025.08.26 20:13:27 INFO  tracing is disabled for protocol dap-client, to enable tracing of incoming and outgoing JSON messages create an empty file at /home/casper/GitHub/Computer-Science-ITU/advanced-programming/excercises/week01-intro/.metals/dap-client.trace.json or /home/casper/.cache/metals/dap-client.trace.json
2025.08.26 20:13:27 INFO  Starting debug proxy for [adpro.intro.ExercisesSpec()]
2025.08.26 20:13:27 INFO  Initialized Scala 3 decoder in 0 milliseconds
2025.08.26 20:13:27 INFO  Trying to attach to remote debuggee VM localhost:42983 .
2025.08.26 20:13:27 INFO  Attaching to debuggee VM succeeded.
2025.08.26 20:13:28 INFO  Canceling debug proxy for [adpro.intro.ExercisesSpec()]
2025.08.26 20:13:28 INFO  Closing debug server tcp://0.0.0.0:37933
2025.08.26 20:13:50 INFO  compiling week01-intro_d5c0a6989e (1 scala source)
2025.08.26 20:13:50 INFO  time: compiled week01-intro_d5c0a6989e in 0.36s
2025.08.26 20:13:52 INFO  compiling week01-intro_d5c0a6989e (1 scala source)
2025.08.26 20:13:52 INFO  time: compiled week01-intro_d5c0a6989e in 0.36s
Aug 26, 2025 8:13:52 PM org.eclipse.lsp4j.jsonrpc.RemoteEndpoint fallbackResponseError
SEVERE: Internal error: scala.meta.internal.metals.debug.DiscoveryFailures$WorkspaceErrorsException$: Cannot run class, since the workspace has errors.
java.util.concurrent.CompletionException: scala.meta.internal.metals.debug.DiscoveryFailures$WorkspaceErrorsException$: Cannot run class, since the workspace has errors.
	at java.base/java.util.concurrent.CompletableFuture.encodeThrowable(CompletableFuture.java:332)
	at java.base/java.util.concurrent.CompletableFuture.completeThrowable(CompletableFuture.java:347)
	at java.base/java.util.concurrent.CompletableFuture$UniAccept.tryFire(CompletableFuture.java:708)
	at java.base/java.util.concurrent.CompletableFuture.postComplete(CompletableFuture.java:510)
	at java.base/java.util.concurrent.CompletableFuture.completeExceptionally(CompletableFuture.java:2194)
	at scala.concurrent.java8.FuturesConvertersImpl$CF.apply(FutureConvertersImpl.scala:29)
	at scala.concurrent.java8.FuturesConvertersImpl$CF.apply(FutureConvertersImpl.scala:26)
	at scala.concurrent.impl.Promise$Transformation.run(Promise.scala:484)
	at scala.concurrent.ExecutionContext$parasitic$.execute(ExecutionContext.scala:222)
	at scala.concurrent.impl.Promise$Transformation.submitWithValue(Promise.scala:429)
	at scala.concurrent.impl.Promise$DefaultPromise.submitWithValue(Promise.scala:338)
	at scala.concurrent.impl.Promise$DefaultPromise.tryComplete0(Promise.scala:285)
	at scala.concurrent.impl.Promise$Transformation.run(Promise.scala:504)
	at java.base/java.util.concurrent.ThreadPoolExecutor.runWorker(ThreadPoolExecutor.java:1144)
	at java.base/java.util.concurrent.ThreadPoolExecutor$Worker.run(ThreadPoolExecutor.java:642)
	at java.base/java.lang.Thread.run(Thread.java:1583)
Caused by: scala.meta.internal.metals.debug.DiscoveryFailures$WorkspaceErrorsException$: Cannot run class, since the workspace has errors.
	at scala.meta.internal.metals.debug.DiscoveryFailures$WorkspaceErrorsException$.<clinit>(DiscoveryFailures.scala:53)
	at scala.meta.internal.metals.debug.DebugProvider.ensureNoWorkspaceErrors(DebugProvider.scala:473)
	at scala.meta.internal.metals.debug.DebugProvider.$anonfun$startTestSuite$5(DebugProvider.scala:646)
	at scala.concurrent.impl.Promise$Transformation.run(Promise.scala:470)
	... 3 more

2025.08.26 20:15:18 INFO  compiling week01-intro_d5c0a6989e (1 scala source)
2025.08.26 20:15:20 INFO  time: compiled week01-intro_d5c0a6989e in 1.21s
2025.08.26 20:15:47 INFO  compiling week01-intro_d5c0a6989e (1 scala source)
2025.08.26 20:15:48 INFO  time: compiled week01-intro_d5c0a6989e in 1.1s
2025.08.26 20:15:49 INFO  time: compiled week01-intro_d5c0a6989e-test in 3ms
2025.08.26 20:15:49 INFO  tracing is disabled for protocol dap-server, to enable tracing of incoming and outgoing JSON messages create an empty file at /home/casper/GitHub/Computer-Science-ITU/advanced-programming/excercises/week01-intro/.metals/dap-server.trace.json or /home/casper/.cache/metals/dap-server.trace.json
2025.08.26 20:15:49 INFO  tracing is disabled for protocol dap-client, to enable tracing of incoming and outgoing JSON messages create an empty file at /home/casper/GitHub/Computer-Science-ITU/advanced-programming/excercises/week01-intro/.metals/dap-client.trace.json or /home/casper/.cache/metals/dap-client.trace.json
2025.08.26 20:15:49 INFO  Starting debug proxy for [adpro.intro.ExercisesSpec()]
2025.08.26 20:15:49 INFO  Initialized Scala 3 decoder in 0 milliseconds
2025.08.26 20:15:49 INFO  Trying to attach to remote debuggee VM localhost:57957 .
2025.08.26 20:15:49 INFO  Attaching to debuggee VM succeeded.
2025.08.26 20:15:51 INFO  Canceling debug proxy for [adpro.intro.ExercisesSpec()]
2025.08.26 20:15:51 INFO  Closing debug server tcp://0.0.0.0:33115
