2025.12.28 20:14:54 INFO  Started: Metals version 1.6.4 in folders '/home/casperh/GitHub/Computer-Science-ITU/advanced-programming/exercises/10-prob' for client VSCodium 1.107.1.
2025.12.28 20:14:54 WARN  Using H2 2.4.240 which is newer than the version Flyway has been verified with. The latest verified version of H2 is 2.3.232.
2025.12.28 20:14:54 INFO  no build target found for /home/casperh/GitHub/Computer-Science-ITU/advanced-programming/exercises/10-prob/Exercises.scala. Using presentation compiler with project's scala-library version: 3.3.6
2025.12.28 20:14:56 INFO  no build target found for /home/casperh/GitHub/Computer-Science-ITU/advanced-programming/exercises/10-prob/Exercises.scala. Using presentation compiler with project's scala-library version: 3.3.6
2025.12.28 20:14:56 INFO  no build target found for /home/casperh/GitHub/Computer-Science-ITU/advanced-programming/exercises/10-prob/Exercises.scala. Using presentation compiler with project's scala-library version: 3.3.6
2025.12.28 20:14:56 INFO  Wrote configuration file for ide in: /home/casperh/GitHub/Computer-Science-ITU/advanced-programming/exercises/10-prob/.bsp/scala-cli.json
2025.12.28 20:14:56 INFO  time: ran 'scala-cli bspConfig' in 46ms
2025.12.28 20:14:56 INFO  Attempting to connect to the build server...
2025.12.28 20:14:56 INFO  Running BSP server List(/home/casperh/.local/bin/scala-cli, bsp, --json-options, /home/casperh/GitHub/Computer-Science-ITU/advanced-programming/exercises/10-prob/.scala-build/ide-options-v2.json, --json-launcher-options, /home/casperh/GitHub/Computer-Science-ITU/advanced-programming/exercises/10-prob/.scala-build/ide-launcher-options.json, --envs-file, /home/casperh/GitHub/Computer-Science-ITU/advanced-programming/exercises/10-prob/.scala-build/ide-envs.json, /home/casperh/GitHub/Computer-Science-ITU/advanced-programming/exercises/10-prob)
2025.12.28 20:14:56 INFO  tracing is disabled for protocol BSP, to enable tracing of incoming and outgoing JSON messages create an empty file at /home/casperh/GitHub/Computer-Science-ITU/advanced-programming/exercises/10-prob/.metals/bsp.trace.json or /home/casperh/.cache/metals/bsp.trace.json
2025.12.28 20:14:57 INFO  BSP server: Checking https://repo1.maven.org/maven2/org/scalactic/scalactic_3/
2025.12.28 20:14:57 INFO  BSP server: Checked https://repo1.maven.org/maven2/org/scalactic/scalactic_3/
2025.12.28 20:14:57 INFO  BSP server: Checking https://repo1.maven.org/maven2/org/scalactic/scalactic_3/maven-metadata.xml
2025.12.28 20:14:57 INFO  BSP server: Checked https://repo1.maven.org/maven2/org/scalactic/scalactic_3/maven-metadata.xml
2025.12.28 20:14:56 INFO  time: Connected to build server in 0.49s
2025.12.28 20:14:57 INFO  Connected to Build server: scala-cli v1.8.5
2025.12.28 20:14:56 INFO  compiling 10-prob_0f10ccc8b3 (7 scala sources)
2025.12.28 20:15:00 WARN  Using H2 2.4.240 which is newer than the version Flyway has been verified with. The latest verified version of H2 is 2.3.232.
2025.12.28 20:15:02 INFO  time: indexed workspace in 5.28s
2025.12.28 20:15:03 INFO  time: compiled 10-prob_0f10ccc8b3 in 6.35s
2025.12.28 20:15:03 INFO  compiling 10-prob_0f10ccc8b3-test (2 scala sources)
2025.12.28 20:15:05 INFO  time: compiled 10-prob_0f10ccc8b3-test in 1.27s
2025.12.28 20:15:51 INFO  Shutting down server
2025.12.28 20:15:51 INFO  shutting down Metals
2025.12.28 20:15:51 INFO  Shut down connection with build server.
2025.12.28 20:15:51 INFO  Exiting server
2026.01.02 10:56:31 INFO  Started: Metals version 1.6.4 in folders '/home/casperh/GitHub/Computer-Science-ITU/advanced-programming/exercises/10-prob' for client VSCodium 1.107.1.
2026.01.02 10:56:31 WARN  Using H2 2.4.240 which is newer than the version Flyway has been verified with. The latest verified version of H2 is 2.3.232.
2026.01.02 10:56:31 INFO  no build target found for /home/casperh/GitHub/Computer-Science-ITU/advanced-programming/exercises/10-prob/Exercises.scala. Using presentation compiler with project's scala-library version: 3.3.6
2026.01.02 10:56:32 INFO  Attempting to connect to the build server...
2026.01.02 10:56:32 INFO  Running BSP server List(/home/casperh/.local/bin/scala-cli, bsp, --json-options, /home/casperh/GitHub/Computer-Science-ITU/advanced-programming/exercises/10-prob/.scala-build/ide-options-v2.json, --json-launcher-options, /home/casperh/GitHub/Computer-Science-ITU/advanced-programming/exercises/10-prob/.scala-build/ide-launcher-options.json, --envs-file, /home/casperh/GitHub/Computer-Science-ITU/advanced-programming/exercises/10-prob/.scala-build/ide-envs.json, /home/casperh/GitHub/Computer-Science-ITU/advanced-programming/exercises/10-prob)
2026.01.02 10:56:32 INFO  tracing is disabled for protocol BSP, to enable tracing of incoming and outgoing JSON messages create an empty file at /home/casperh/GitHub/Computer-Science-ITU/advanced-programming/exercises/10-prob/.metals/bsp.trace.json or /home/casperh/.cache/metals/bsp.trace.json
2026.01.02 10:56:32 INFO  time: Connected to build server in 0.4s
2026.01.02 10:56:32 INFO  Connected to Build server: scala-cli v1.8.5
Jan 02, 2026 10:56:33 AM org.eclipse.lsp4j.jsonrpc.services.GenericEndpoint notify
INFO: Unsupported notification method: $/setTrace
Jan 02, 2026 10:56:33 AM org.eclipse.lsp4j.jsonrpc.RemoteEndpoint handleCancellation
WARNING: Unmatched cancel notification for request id 1
Jan 02, 2026 10:56:33 AM org.eclipse.lsp4j.jsonrpc.RemoteEndpoint handleCancellation
WARNING: Unmatched cancel notification for request id 2
2026.01.02 10:56:34 WARN  Using H2 2.4.240 which is newer than the version Flyway has been verified with. The latest verified version of H2 is 2.3.232.
2026.01.02 10:56:34 INFO  time: indexed workspace in 2.05s
2026.01.02 11:03:50 WARN  Could not find semantic tokens for: file:///home/casperh/GitHub/Computer-Science-ITU/advanced-programming/exercises/10-prob/project.scala
2026.01.02 11:03:51 WARN  Could not find semantic tokens for: file:///home/casperh/GitHub/Computer-Science-ITU/advanced-programming/exercises/10-prob/project.scala
2026.01.02 11:04:44 INFO  compiling 10-prob_0f10ccc8b3 (1 scala source)
2026.01.02 11:04:45 INFO  time: compiled 10-prob_0f10ccc8b3 in 1.4s
2026.01.02 11:21:56 INFO  compiling 10-prob_0f10ccc8b3 (1 scala source)
2026.01.02 11:21:57 INFO  time: compiled 10-prob_0f10ccc8b3 in 1.37s
2026.01.02 11:22:58 INFO  compiling 10-prob_0f10ccc8b3 (1 scala source)
2026.01.02 11:22:58 INFO  time: compiled 10-prob_0f10ccc8b3 in 0.46s
Jan 02, 2026 11:23:15 AM org.eclipse.lsp4j.jsonrpc.RemoteEndpoint handleCancellation
WARNING: Unmatched cancel notification for request id 648
2026.01.02 11:23:21 INFO  compiling 10-prob_0f10ccc8b3 (1 scala source)
2026.01.02 11:23:21 INFO  time: compiled 10-prob_0f10ccc8b3 in 0.19s
Jan 02, 2026 11:23:34 AM org.eclipse.lsp4j.jsonrpc.RemoteEndpoint handleCancellation
WARNING: Unmatched cancel notification for request id 717
2026.01.02 11:23:54 INFO  compiling 10-prob_0f10ccc8b3 (1 scala source)
2026.01.02 11:23:54 INFO  time: compiled 10-prob_0f10ccc8b3 in 0.14s
2026.01.02 11:23:58 INFO  compiling 10-prob_0f10ccc8b3 (1 scala source)
2026.01.02 11:23:58 INFO  time: compiled 10-prob_0f10ccc8b3 in 0.13s
2026.01.02 11:24:02 INFO  compiling 10-prob_0f10ccc8b3 (1 scala source)
2026.01.02 11:24:02 INFO  time: compiled 10-prob_0f10ccc8b3-test in 8ms
2026.01.02 11:24:02 INFO  time: compiled 10-prob_0f10ccc8b3 in 0.7s
2026.01.02 11:29:31 INFO  compiling 10-prob_0f10ccc8b3 (1 scala source)
2026.01.02 11:29:32 INFO  time: compiled 10-prob_0f10ccc8b3 in 1.09s
Jan 02, 2026 11:29:38 AM org.eclipse.lsp4j.jsonrpc.RemoteEndpoint handleCancellation
WARNING: Unmatched cancel notification for request id 962
2026.01.02 11:29:39 INFO  compiling 10-prob_0f10ccc8b3 (1 scala source)
2026.01.02 11:29:39 INFO  time: compiled 10-prob_0f10ccc8b3 in 0.33s
2026.01.02 11:32:38 INFO  compiling 10-prob_0f10ccc8b3 (1 scala source)
2026.01.02 11:32:39 INFO  time: compiled 10-prob_0f10ccc8b3 in 1.03s
Jan 02, 2026 11:33:36 AM org.eclipse.lsp4j.jsonrpc.RemoteEndpoint handleCancellation
WARNING: Unmatched cancel notification for request id 1069
2026.01.02 11:33:40 INFO  compiling 10-prob_0f10ccc8b3 (1 scala source)
2026.01.02 11:33:41 INFO  time: compiled 10-prob_0f10ccc8b3 in 1.24s
Jan 02, 2026 11:33:41 AM org.eclipse.lsp4j.jsonrpc.RemoteEndpoint handleCancellation
WARNING: Unmatched cancel notification for request id 1092
2026.01.02 11:33:41 INFO  compiling 10-prob_0f10ccc8b3 (1 scala source)
2026.01.02 11:33:42 INFO  time: compiled 10-prob_0f10ccc8b3 in 0.38s
2026.01.02 11:35:53 INFO  compiling 10-prob_0f10ccc8b3 (1 scala source)
2026.01.02 11:35:55 INFO  time: compiled 10-prob_0f10ccc8b3 in 2.4s
Jan 02, 2026 11:38:47 AM org.eclipse.lsp4j.jsonrpc.RemoteEndpoint handleCancellation
WARNING: Unmatched cancel notification for request id 1398
Jan 02, 2026 11:39:57 AM org.eclipse.lsp4j.jsonrpc.RemoteEndpoint handleCancellation
WARNING: Unmatched cancel notification for request id 1596
2026.01.02 11:39:58 INFO  compiling 10-prob_0f10ccc8b3 (1 scala source)
2026.01.02 11:40:00 INFO  time: compiled 10-prob_0f10ccc8b3 in 2.12s
2026.01.02 11:40:03 INFO  compiling 10-prob_0f10ccc8b3 (1 scala source)
2026.01.02 11:40:03 INFO  time: compiled 10-prob_0f10ccc8b3 in 0.81s
2026.01.02 11:40:05 INFO  compiling 10-prob_0f10ccc8b3 (1 scala source)
2026.01.02 11:40:05 INFO  time: compiled 10-prob_0f10ccc8b3 in 0.61s
2026.01.02 11:43:10 INFO  compiling 10-prob_0f10ccc8b3 (1 scala source)
2026.01.02 11:43:13 INFO  time: compiled 10-prob_0f10ccc8b3 in 2.39s
Jan 02, 2026 11:44:03 AM org.eclipse.lsp4j.jsonrpc.RemoteEndpoint handleCancellation
WARNING: Unmatched cancel notification for request id 1989
Jan 02, 2026 11:44:22 AM org.eclipse.lsp4j.jsonrpc.RemoteEndpoint handleCancellation
WARNING: Unmatched cancel notification for request id 2174
Jan 02, 2026 11:44:29 AM org.eclipse.lsp4j.jsonrpc.RemoteEndpoint handleCancellation
WARNING: Unmatched cancel notification for request id 2216
Jan 02, 2026 11:44:38 AM org.eclipse.lsp4j.jsonrpc.RemoteEndpoint handleCancellation
WARNING: Unmatched cancel notification for request id 2292
Jan 02, 2026 11:45:43 AM org.eclipse.lsp4j.jsonrpc.RemoteEndpoint handleCancellation
WARNING: Unmatched cancel notification for request id 2758
2026.01.02 11:46:35 INFO  compiling 10-prob_0f10ccc8b3 (1 scala source)
2026.01.02 11:46:38 INFO  time: compiled 10-prob_0f10ccc8b3 in 3.02s
2026.01.02 11:54:32 INFO  Created report: Optional[file:///home/casperh/GitHub/Computer-Science-ITU/advanced-programming/exercises/10-prob/Exercises.scala]
2026.01.02 11:54:32 INFO  java.lang.IndexOutOfBoundsException: 0 (full report at: "/home/casperh/GitHub/Computer-Science-ITU/advanced-programming/exercises/10-prob/.metals/.reports/metals-full/2026-01-02/r_compiler-error_(10-prob_5f0f10ccc8b3)_11-54-32-071.md")
2026.01.02 11:54:38 INFO  Created report: Optional[file:///home/casperh/GitHub/Computer-Science-ITU/advanced-programming/exercises/10-prob/Exercises.scala]
2026.01.02 11:54:38 INFO  java.lang.IndexOutOfBoundsException: 0 (full report at: "/home/casperh/GitHub/Computer-Science-ITU/advanced-programming/exercises/10-prob/.metals/.reports/metals-full/2026-01-02/r_compiler-error_(10-prob_5f0f10ccc8b3)_11-54-38-026.md")
2026.01.02 11:54:41 INFO  compiling 10-prob_0f10ccc8b3 (1 scala source)
2026.01.02 11:54:42 INFO  time: compiled 10-prob_0f10ccc8b3 in 1.14s
2026.01.02 11:54:51 INFO  compiling 10-prob_0f10ccc8b3 (1 scala source)
2026.01.02 11:54:51 INFO  time: compiled 10-prob_0f10ccc8b3 in 0.43s
2026.01.02 11:54:54 INFO  compiling 10-prob_0f10ccc8b3 (1 scala source)
2026.01.02 11:54:55 INFO  time: compiled 10-prob_0f10ccc8b3 in 1.01s
2026.01.02 11:54:57 INFO  compiling 10-prob_0f10ccc8b3 (1 scala source)
2026.01.02 11:54:57 INFO  time: compiled 10-prob_0f10ccc8b3 in 0.74s
2026.01.02 11:55:03 INFO  compiling 10-prob_0f10ccc8b3 (1 scala source)
2026.01.02 11:55:03 INFO  time: compiled 10-prob_0f10ccc8b3 in 0.57s
2026.01.02 11:55:16 INFO  compiling 10-prob_0f10ccc8b3 (1 scala source)
2026.01.02 11:55:17 INFO  time: compiled 10-prob_0f10ccc8b3 in 1.27s
2026.01.02 11:55:50 INFO  compiling 10-prob_0f10ccc8b3 (1 scala source)
2026.01.02 11:55:50 INFO  time: compiled 10-prob_0f10ccc8b3 in 0.67s
2026.01.02 11:55:57 INFO  compiling 10-prob_0f10ccc8b3 (1 scala source)
2026.01.02 11:55:57 INFO  time: compiled 10-prob_0f10ccc8b3 in 0.44s
2026.01.02 11:55:58 INFO  compiling 10-prob_0f10ccc8b3 (1 scala source)
2026.01.02 11:55:58 INFO  time: compiled 10-prob_0f10ccc8b3 in 0.44s
2026.01.02 11:56:03 INFO  compiling 10-prob_0f10ccc8b3 (1 scala source)
2026.01.02 11:56:03 INFO  time: compiled 10-prob_0f10ccc8b3 in 0.77s
Jan 02, 2026 11:59:27 AM org.eclipse.lsp4j.jsonrpc.RemoteEndpoint handleCancellation
WARNING: Unmatched cancel notification for request id 5023
2026.01.02 11:59:28 INFO  compiling 10-prob_0f10ccc8b3 (1 scala source)
2026.01.02 11:59:31 INFO  time: compiled 10-prob_0f10ccc8b3 in 2.46s
2026.01.02 11:59:32 INFO  compiling 10-prob_0f10ccc8b3 (1 scala source)
2026.01.02 11:59:32 INFO  time: compiled 10-prob_0f10ccc8b3 in 0.91s
