2026.01.05 09:24:00 INFO  Started: Metals version 1.6.4 in folders '/home/casper/GitHub/Computer-Science-ITU/advanced-programming/exercises/14-old-exams/2024' for client VSCodium 1.107.1.
2026.01.05 09:24:00 WARN  Using H2 2.4.240 which is newer than the version Flyway has been verified with. The latest verified version of H2 is 2.3.232.
2026.01.05 09:24:00 INFO  no build target found for /home/casper/GitHub/Computer-Science-ITU/advanced-programming/exercises/14-old-exams/2024/Exam.scala. Using presentation compiler with project's scala-library version: 3.3.6
2026.01.05 09:24:01 INFO  no build target found for /home/casper/GitHub/Computer-Science-ITU/advanced-programming/exercises/14-old-exams/2024/Exam.scala. Using presentation compiler with project's scala-library version: 3.3.6
2026.01.05 09:24:01 INFO  no build target found for /home/casper/GitHub/Computer-Science-ITU/advanced-programming/exercises/14-old-exams/2024/Exam.scala. Using presentation compiler with project's scala-library version: 3.3.6
Jan 05, 2026 9:24:01 AM org.eclipse.lsp4j.jsonrpc.RemoteEndpoint handleCancellation
WARNING: Unmatched cancel notification for request id 2
2026.01.05 09:24:02 INFO  Wrote configuration file for ide in: /home/casper/GitHub/Computer-Science-ITU/advanced-programming/exercises/14-old-exams/2024/.bsp/scala-cli.json
2026.01.05 09:24:02 INFO  time: ran 'scala-cli bspConfig' in 28ms
2026.01.05 09:24:02 INFO  Attempting to connect to the build server...
2026.01.05 09:24:02 INFO  Running BSP server List(/home/casper/.cache/scalacli/local-repo/bin/scala-cli/scala-cli, bsp, --json-options, /home/casper/GitHub/Computer-Science-ITU/advanced-programming/exercises/14-old-exams/2024/.scala-build/ide-options-v2.json, --json-launcher-options, /home/casper/GitHub/Computer-Science-ITU/advanced-programming/exercises/14-old-exams/2024/.scala-build/ide-launcher-options.json, --envs-file, /home/casper/GitHub/Computer-Science-ITU/advanced-programming/exercises/14-old-exams/2024/.scala-build/ide-envs.json, /home/casper/GitHub/Computer-Science-ITU/advanced-programming/exercises/14-old-exams/2024)
2026.01.05 09:24:01 INFO  tracing is disabled for protocol BSP, to enable tracing of incoming and outgoing JSON messages create an empty file at /home/casper/GitHub/Computer-Science-ITU/advanced-programming/exercises/14-old-exams/2024/.metals/bsp.trace.json or /home/casper/.cache/metals/bsp.trace.json
2026.01.05 09:24:02 INFO  no build target found for /home/casper/GitHub/Computer-Science-ITU/advanced-programming/exercises/14-old-exams/2024/Exam.scala. Using presentation compiler with project's scala-library version: 3.3.6
2026.01.05 09:24:03 INFO  BSP server: [hint] ./project.scala:4:16
2026.01.05 09:24:03 INFO  BSP server: [hint] "scalacheck is outdated, update to 1.19.0"
2026.01.05 09:24:03 INFO  BSP server: [hint]      scalacheck 1.18.1 -> org.scalacheck::scalacheck:1.19.0
2026.01.05 09:24:03 INFO  BSP server: [hint] //> using dep "org.scalacheck::scalacheck:1.18.1"
2026.01.05 09:24:03 INFO  BSP server: [hint]                ^^^^^^^^^^^^^^^^^^^^^^^^^^^^^^^^^
2026.01.05 09:24:03 INFO  time: Connected to build server in 0.57s
2026.01.05 09:24:02 INFO  Connected to Build server: scala-cli v1.11.0
2026.01.05 09:24:03 INFO  BSP server: [hint] ./project.scala:4:16
2026.01.05 09:24:03 INFO  BSP server: [hint] "scalacheck is outdated, update to 1.19.0"
2026.01.05 09:24:03 INFO  BSP server: [hint]      scalacheck 1.18.1 -> org.scalacheck::scalacheck:1.19.0
2026.01.05 09:24:03 INFO  BSP server: [hint] //> using dep "org.scalacheck::scalacheck:1.18.1"
2026.01.05 09:24:03 INFO  BSP server: [hint]                ^^^^^^^^^^^^^^^^^^^^^^^^^^^^^^^^^
2026.01.05 09:24:02 INFO  compiling 2024_53a8141c8c (15 scala sources)
2026.01.05 09:24:04 INFO  time: compiled 2024_53a8141c8c in 1.09s
2026.01.05 09:24:04 INFO  compiling 2024_53a8141c8c (15 scala sources)
2026.01.05 09:24:04 WARN  Using H2 2.4.240 which is newer than the version Flyway has been verified with. The latest verified version of H2 is 2.3.232.
2026.01.05 09:24:04 INFO  time: compiled 2024_53a8141c8c in 0.83s
2026.01.05 09:24:05 INFO  time: indexed workspace in 2.55s
2026.01.05 09:24:05 INFO  BSP server: [hint] ./project.scala:4:16
2026.01.05 09:24:05 INFO  BSP server: [hint] "scalacheck is outdated, update to 1.19.0"
2026.01.05 09:24:05 INFO  BSP server: [hint]      scalacheck 1.18.1 -> org.scalacheck::scalacheck:1.19.0
2026.01.05 09:24:05 INFO  BSP server: [hint] //> using dep "org.scalacheck::scalacheck:1.18.1"
2026.01.05 09:24:05 INFO  BSP server: [hint]                ^^^^^^^^^^^^^^^^^^^^^^^^^^^^^^^^^
2026.01.05 09:24:05 INFO  compiling 2024_53a8141c8c (15 scala sources)
2026.01.05 09:24:05 INFO  time: compiled 2024_53a8141c8c in 0.64s
2026.01.05 09:24:08 INFO  BSP server: [hint] ./project.scala:4:16
2026.01.05 09:24:08 INFO  BSP server: [hint] "scalacheck is outdated, update to 1.19.0"
2026.01.05 09:24:08 INFO  BSP server: [hint]      scalacheck 1.18.1 -> org.scalacheck::scalacheck:1.19.0
2026.01.05 09:24:08 INFO  BSP server: [hint] //> using dep "org.scalacheck::scalacheck:1.18.1"
2026.01.05 09:24:08 INFO  BSP server: [hint]                ^^^^^^^^^^^^^^^^^^^^^^^^^^^^^^^^^
2026.01.05 09:24:08 INFO  compiling 2024_53a8141c8c (15 scala sources)
2026.01.05 09:24:08 INFO  time: compiled 2024_53a8141c8c in 0.54s
2026.01.05 09:24:12 INFO  Created report: Optional[file:///home/casper/GitHub/Computer-Science-ITU/advanced-programming/exercises/14-old-exams/2024/Exam.scala]
2026.01.05 09:24:12 INFO  empty definition using pc, found symbol in pc: `<none>`. (full report at: "/home/casper/GitHub/Computer-Science-ITU/advanced-programming/exercises/14-old-exams/2024/.metals/.reports/metals-full/2026-01-05/r_empty-definition_(2024_5f53a8141c8c)_09-24-12-203.md")
2026.01.05 09:24:21 INFO  empty definition using pc, found symbol in pc: `<none>`. (full report at: "/home/casper/GitHub/Computer-Science-ITU/advanced-programming/exercises/14-old-exams/2024/.metals/.reports/metals-full/2026-01-05/r_empty-definition_(2024_5f53a8141c8c)_09-24-12-203.md")
2026.01.05 09:24:23 INFO  BSP server: [hint] ./project.scala:4:16
2026.01.05 09:24:23 INFO  BSP server: [hint] "scalacheck is outdated, update to 1.19.0"
2026.01.05 09:24:23 INFO  BSP server: [hint]      scalacheck 1.18.1 -> org.scalacheck::scalacheck:1.19.0
2026.01.05 09:24:23 INFO  BSP server: [hint] //> using dep "org.scalacheck::scalacheck:1.18.1"
2026.01.05 09:24:23 INFO  BSP server: [hint]                ^^^^^^^^^^^^^^^^^^^^^^^^^^^^^^^^^
2026.01.05 09:24:23 INFO  compiling 2024_53a8141c8c (15 scala sources)
2026.01.05 09:24:23 INFO  time: compiled 2024_53a8141c8c in 0.27s
2026.01.05 09:24:27 INFO  empty definition using pc, found symbol in pc: `<none>`. (full report at: "/home/casper/GitHub/Computer-Science-ITU/advanced-programming/exercises/14-old-exams/2024/.metals/.reports/metals-full/2026-01-05/r_empty-definition_(2024_5f53a8141c8c)_09-24-12-203.md")
2026.01.05 09:24:30 INFO  BSP server: [hint] ./project.scala:4:16
2026.01.05 09:24:30 INFO  BSP server: [hint] "scalacheck is outdated, update to 1.19.0"
2026.01.05 09:24:30 INFO  BSP server: [hint]      scalacheck 1.18.1 -> org.scalacheck::scalacheck:1.19.0
2026.01.05 09:24:30 INFO  BSP server: [hint] //> using dep "org.scalacheck::scalacheck:1.18.1"
2026.01.05 09:24:30 INFO  BSP server: [hint]                ^^^^^^^^^^^^^^^^^^^^^^^^^^^^^^^^^
2026.01.05 09:24:30 INFO  compiling 2024_53a8141c8c (15 scala sources)
2026.01.05 09:24:30 INFO  time: compiled 2024_53a8141c8c in 0.34s
2026.01.05 09:24:31 INFO  BSP server: [hint] ./project.scala:4:16
2026.01.05 09:24:31 INFO  BSP server: [hint] "scalacheck is outdated, update to 1.19.0"
2026.01.05 09:24:31 INFO  BSP server: [hint]      scalacheck 1.18.1 -> org.scalacheck::scalacheck:1.19.0
2026.01.05 09:24:31 INFO  BSP server: [hint] //> using dep "org.scalacheck::scalacheck:1.18.1"
2026.01.05 09:24:31 INFO  BSP server: [hint]                ^^^^^^^^^^^^^^^^^^^^^^^^^^^^^^^^^
2026.01.05 09:24:31 INFO  compiling 2024_53a8141c8c (15 scala sources)
2026.01.05 09:24:31 INFO  time: compiled 2024_53a8141c8c in 0.32s
2026.01.05 09:24:31 INFO  BSP server: [hint] ./project.scala:4:16
2026.01.05 09:24:31 INFO  BSP server: [hint] "scalacheck is outdated, update to 1.19.0"
2026.01.05 09:24:31 INFO  BSP server: [hint]      scalacheck 1.18.1 -> org.scalacheck::scalacheck:1.19.0
2026.01.05 09:24:31 INFO  BSP server: [hint] //> using dep "org.scalacheck::scalacheck:1.18.1"
2026.01.05 09:24:31 INFO  BSP server: [hint]                ^^^^^^^^^^^^^^^^^^^^^^^^^^^^^^^^^
2026.01.05 09:24:31 INFO  compiling 2024_53a8141c8c (15 scala sources)
2026.01.05 09:24:33 INFO  time: compiled 2024_53a8141c8c in 0.31s
Jan 05, 2026 9:24:42 AM org.eclipse.lsp4j.jsonrpc.RemoteEndpoint handleCancellation
WARNING: Unmatched cancel notification for request id 160
2026.01.05 09:25:44 INFO  BSP server: [hint] ./project.scala:4:16
2026.01.05 09:25:44 INFO  BSP server: [hint] "scalacheck is outdated, update to 1.19.0"
2026.01.05 09:25:44 INFO  BSP server: [hint]      scalacheck 1.18.1 -> org.scalacheck::scalacheck:1.19.0
2026.01.05 09:25:44 INFO  BSP server: [hint] //> using dep "org.scalacheck::scalacheck:1.18.1"
2026.01.05 09:25:44 INFO  BSP server: [hint]                ^^^^^^^^^^^^^^^^^^^^^^^^^^^^^^^^^
2026.01.05 09:25:44 INFO  compiling 2024_53a8141c8c (15 scala sources)
2026.01.05 09:25:44 INFO  time: compiled 2024_53a8141c8c in 0.73s
2026.01.05 09:25:50 INFO  Shutting down server
2026.01.05 09:25:50 INFO  shutting down Metals
2026.01.05 09:25:50 INFO  BSP server: Jan 05, 2026 9:25:50 AM org.eclipse.lsp4j.jsonrpc.RemoteEndpoint handleNotification
2026.01.05 09:25:50 INFO  BSP server: WARNING: Notification threw an exception: {
2026.01.05 09:25:50 INFO  BSP server:   "jsonrpc": "2.0",
2026.01.05 09:25:50 INFO  BSP server:   "method": "build/exit",
2026.01.05 09:25:50 INFO  BSP server:   "params": null
2026.01.05 09:25:50 INFO  BSP server: }
2026.01.05 09:25:50 INFO  BSP server: java.lang.RuntimeException: java.lang.reflect.InvocationTargetException
2026.01.05 09:25:50 INFO  BSP server: 	at org.eclipse.lsp4j.jsonrpc.services.GenericEndpoint.lambda$null$0(GenericEndpoint.java:67)
2026.01.05 09:25:50 INFO  BSP server: 	at org.eclipse.lsp4j.jsonrpc.services.GenericEndpoint.notify(GenericEndpoint.java:152)
2026.01.05 09:25:50 INFO  BSP server: 	at org.eclipse.lsp4j.jsonrpc.RemoteEndpoint.handleNotification(RemoteEndpoint.java:220)
2026.01.05 09:25:50 INFO  BSP server: 	at org.eclipse.lsp4j.jsonrpc.RemoteEndpoint.consume(RemoteEndpoint.java:187)
2026.01.05 09:25:50 INFO  BSP server: 	at org.eclipse.lsp4j.jsonrpc.json.StreamMessageProducer.handleMessage(StreamMessageProducer.java:194)
2026.01.05 09:25:50 INFO  BSP server: 	at org.eclipse.lsp4j.jsonrpc.json.StreamMessageProducer.listen(StreamMessageProducer.java:94)
2026.01.05 09:25:50 INFO  BSP server: 	at org.eclipse.lsp4j.jsonrpc.json.ConcurrentMessageProcessor.run(ConcurrentMessageProcessor.java:113)
2026.01.05 09:25:50 INFO  BSP server: 	at java.base@17.0.6/java.util.concurrent.Executors$RunnableAdapter.call(Executors.java:539)
2026.01.05 09:25:50 INFO  BSP server: 	at java.base@17.0.6/java.util.concurrent.FutureTask.run(FutureTask.java:264)
2026.01.05 09:25:50 INFO  BSP server: 	at java.base@17.0.6/java.util.concurrent.ThreadPoolExecutor.runWorker(ThreadPoolExecutor.java:1136)
2026.01.05 09:25:50 INFO  BSP server: 	at java.base@17.0.6/java.util.concurrent.ThreadPoolExecutor$Worker.run(ThreadPoolExecutor.java:635)
2026.01.05 09:25:50 INFO  BSP server: 	at java.base@17.0.6/java.lang.Thread.run(Thread.java:833)
2026.01.05 09:25:50 INFO  BSP server: 	at com.oracle.svm.core.thread.PlatformThreads.threadStartRoutine(PlatformThreads.java:775)
2026.01.05 09:25:50 INFO  BSP server: 	at com.oracle.svm.core.posix.thread.PosixPlatformThreads.pthreadStartRoutine(PosixPlatformThreads.java:203)
2026.01.05 09:25:50 INFO  BSP server: Caused by: java.lang.reflect.InvocationTargetException
2026.01.05 09:25:50 INFO  BSP server: 	at java.base@17.0.6/java.lang.reflect.Method.invoke(Method.java:568)
2026.01.05 09:25:50 INFO  BSP server: 	at org.eclipse.lsp4j.jsonrpc.services.GenericEndpoint.lambda$null$0(GenericEndpoint.java:65)
2026.01.05 09:25:50 INFO  BSP server: 	... 13 more
2026.01.05 09:25:50 INFO  BSP server: Caused by: java.lang.RuntimeException: BSP server not initialized yet
2026.01.05 09:25:50 INFO  BSP server: 	at scala.sys.package$.error(package.scala:27)
2026.01.05 09:25:50 INFO  BSP server: 	at scala.build.bsp.BloopSession$Reference.get(BloopSession.scala:70)
2026.01.05 09:25:50 INFO  BSP server: 	at scala.build.bsp.BspImpl.$anonfun$11(BspImpl.scala:471)
2026.01.05 09:25:50 INFO  BSP server: 	at scala.build.bsp.BuildServerProxy.onBuildExit(BuildServerProxy.scala:29)
2026.01.05 09:25:50 INFO  BSP server: 	... 15 more
2026.01.05 09:25:50 INFO  BSP server: 
2026.01.05 09:25:50 INFO  Shut down connection with build server.
2026.01.05 09:25:50 INFO  Exiting server
