2025.12.23 11:33:06 INFO  Started: Metals version 1.6.4 in folders '/home/casperh/GitHub/Computer-Science-ITU/advanced-programming/exercises/02-adt' for client VSCodium 1.106.3.
Dec 23, 2025 11:33:06 AM org.eclipse.lsp4j.jsonrpc.services.GenericEndpoint notify
INFO: Unsupported notification method: $/setTrace
2025.12.23 11:33:07 WARN  Using H2 2.4.240 which is newer than the version Flyway has been verified with. The latest verified version of H2 is 2.3.232.
2025.12.23 11:33:08 INFO  Wrote configuration file for ide in: /home/casperh/GitHub/Computer-Science-ITU/advanced-programming/exercises/02-adt/.bsp/scala-cli.json
2025.12.23 11:33:08 INFO  time: ran 'scala-cli bspConfig' in 34ms
2025.12.23 11:33:08 INFO  Attempting to connect to the build server...
2025.12.23 11:33:08 INFO  Running BSP server List(/home/casperh/.local/bin/scala-cli, bsp, --json-options, /home/casperh/GitHub/Computer-Science-ITU/advanced-programming/exercises/02-adt/.scala-build/ide-options-v2.json, --json-launcher-options, /home/casperh/GitHub/Computer-Science-ITU/advanced-programming/exercises/02-adt/.scala-build/ide-launcher-options.json, --envs-file, /home/casperh/GitHub/Computer-Science-ITU/advanced-programming/exercises/02-adt/.scala-build/ide-envs.json, /home/casperh/GitHub/Computer-Science-ITU/advanced-programming/exercises/02-adt)
2025.12.23 11:33:08 INFO  tracing is disabled for protocol BSP, to enable tracing of incoming and outgoing JSON messages create an empty file at /home/casperh/GitHub/Computer-Science-ITU/advanced-programming/exercises/02-adt/.metals/bsp.trace.json or /home/casperh/.cache/metals/bsp.trace.json
2025.12.23 11:33:08 INFO  no build target found for /home/casperh/GitHub/Computer-Science-ITU/advanced-programming/exercises/02-adt/Exercises.scala. Using presentation compiler with project's scala-library version: 3.3.6
2025.12.23 11:33:08 INFO  time: Connected to build server in 0.38s
2025.12.23 11:33:09 INFO  Connected to Build server: scala-cli v1.8.5
2025.12.23 11:33:08 INFO  compiling 02-adt_0f10ccc8b3 (3 scala sources)
2025.12.23 11:33:10 INFO  compiling 02-adt_0f10ccc8b3-test (1 scala source)
2025.12.23 11:33:11 WARN  Using H2 2.4.240 which is newer than the version Flyway has been verified with. The latest verified version of H2 is 2.3.232.
2025.12.23 11:33:11 INFO  time: compiled 02-adt_0f10ccc8b3-test in 1.64s
2025.12.23 11:33:12 INFO  time: indexed workspace in 3.01s
Dec 23, 2025 11:34:05 AM org.eclipse.lsp4j.jsonrpc.RemoteEndpoint handleCancellation
WARNING: Unmatched cancel notification for request id 59
Dec 23, 2025 11:34:36 AM org.eclipse.lsp4j.jsonrpc.RemoteEndpoint handleCancellation
WARNING: Unmatched cancel notification for request id 250
2025.12.23 11:34:38 INFO  compiling 02-adt_0f10ccc8b3 (1 scala source)
2025.12.23 11:34:38 INFO  time: compiled 02-adt_0f10ccc8b3 in 0.19s
2025.12.23 11:34:42 INFO  compiling 02-adt_0f10ccc8b3 (1 scala source)
2025.12.23 11:34:42 INFO  time: compiled 02-adt_0f10ccc8b3 in 0.19s
Exception in thread "pool-5-thread-1" java.lang.InterruptedException
	at scala.meta.internal.metals.FutureCancelToken.checkCanceled(FutureCancelToken.scala:29)
	at scala.meta.internal.pc.CompilerAccess.onCompilerJobQueue$$anonfun$1(CompilerAccess.scala:208)
	at scala.meta.internal.pc.CompilerJobQueue$Job.run(CompilerJobQueue.scala:153)
	at java.base/java.util.concurrent.ThreadPoolExecutor.runWorker(ThreadPoolExecutor.java:1144)
	at java.base/java.util.concurrent.ThreadPoolExecutor$Worker.run(ThreadPoolExecutor.java:642)
	at java.base/java.lang.Thread.run(Thread.java:1583)
2025.12.23 11:36:33 INFO  compiling 02-adt_0f10ccc8b3 (1 scala source)
2025.12.23 11:36:33 INFO  time: compiled 02-adt_0f10ccc8b3 in 0.13s
2025.12.23 11:36:43 INFO  compiling 02-adt_0f10ccc8b3 (1 scala source)
2025.12.23 11:36:43 INFO  time: compiled 02-adt_0f10ccc8b3 in 0.23s
2025.12.23 11:39:23 INFO  Created report: Optional[file:///home/casperh/GitHub/Computer-Science-ITU/advanced-programming/exercises/02-adt/Exercises.scala]
2025.12.23 11:39:23 INFO  java.lang.IndexOutOfBoundsException: 0 (full report at: "/home/casperh/GitHub/Computer-Science-ITU/advanced-programming/exercises/02-adt/.metals/.reports/metals-full/2025-12-23/r_compiler-error_(02-adt_5f0f10ccc8b3)_11-39-23-930.md")
2025.12.23 11:39:25 INFO  Created report: Optional[file:///home/casperh/GitHub/Computer-Science-ITU/advanced-programming/exercises/02-adt/Exercises.scala]
2025.12.23 11:39:25 INFO  java.lang.IndexOutOfBoundsException: 0 (full report at: "/home/casperh/GitHub/Computer-Science-ITU/advanced-programming/exercises/02-adt/.metals/.reports/metals-full/2025-12-23/r_compiler-error_(02-adt_5f0f10ccc8b3)_11-39-25-807.md")
2025.12.23 11:39:25 INFO  Created report: Optional[file:///home/casperh/GitHub/Computer-Science-ITU/advanced-programming/exercises/02-adt/Exercises.scala]
2025.12.23 11:39:25 INFO  java.lang.IndexOutOfBoundsException: 1 (full report at: "/home/casperh/GitHub/Computer-Science-ITU/advanced-programming/exercises/02-adt/.metals/.reports/metals-full/2025-12-23/r_compiler-error_(02-adt_5f0f10ccc8b3)_11-39-26-341.md")
2025.12.23 11:39:25 INFO  Created report: Optional[file:///home/casperh/GitHub/Computer-Science-ITU/advanced-programming/exercises/02-adt/Exercises.scala]
2025.12.23 11:39:25 INFO  java.lang.IndexOutOfBoundsException: 1 (full report at: "/home/casperh/GitHub/Computer-Science-ITU/advanced-programming/exercises/02-adt/.metals/.reports/metals-full/2025-12-23/r_compiler-error_(02-adt_5f0f10ccc8b3)_11-39-26-687.md")
2025.12.23 11:39:28 INFO  compiling 02-adt_0f10ccc8b3 (1 scala source)
2025.12.23 11:39:28 INFO  time: compiled 02-adt_0f10ccc8b3 in 0.1s
2025.12.23 11:39:31 INFO  compiling 02-adt_0f10ccc8b3 (1 scala source)
2025.12.23 11:39:31 INFO  time: compiled 02-adt_0f10ccc8b3 in 0.22s
2025.12.23 11:39:35 INFO  compiling 02-adt_0f10ccc8b3 (1 scala source)
2025.12.23 11:39:35 INFO  time: compiled 02-adt_0f10ccc8b3 in 0.16s
2025.12.23 11:39:35 INFO  time: compiled 02-adt_0f10ccc8b3-test in 1ms
2025.12.23 11:40:33 INFO  compiling 02-adt_0f10ccc8b3 (1 scala source)
2025.12.23 11:40:33 INFO  time: compiled 02-adt_0f10ccc8b3 in 84ms
2025.12.23 11:40:41 INFO  compiling 02-adt_0f10ccc8b3 (1 scala source)
2025.12.23 11:40:41 INFO  time: compiled 02-adt_0f10ccc8b3 in 0.19s
2025.12.23 11:41:15 INFO  compiling 02-adt_0f10ccc8b3 (1 scala source)
2025.12.23 11:41:15 INFO  time: compiled 02-adt_0f10ccc8b3 in 0.19s
2025.12.23 11:41:44 INFO  compiling 02-adt_0f10ccc8b3 (1 scala source)
2025.12.23 11:41:44 INFO  time: compiled 02-adt_0f10ccc8b3 in 0.15s
2025.12.23 11:43:16 INFO  compiling 02-adt_0f10ccc8b3 (1 scala source)
2025.12.23 11:43:16 INFO  time: compiled 02-adt_0f10ccc8b3 in 0.2s
2025.12.23 11:43:23 INFO  compiling 02-adt_0f10ccc8b3 (1 scala source)
2025.12.23 11:43:23 INFO  time: compiled 02-adt_0f10ccc8b3 in 0.14s
Dec 23, 2025 11:44:33 AM org.eclipse.lsp4j.jsonrpc.RemoteEndpoint handleCancellation
WARNING: Unmatched cancel notification for request id 1837
2025.12.23 11:44:42 INFO  compiling 02-adt_0f10ccc8b3 (1 scala source)
2025.12.23 11:44:42 INFO  time: compiled 02-adt_0f10ccc8b3 in 0.19s
2025.12.23 11:45:01 INFO  compiling 02-adt_0f10ccc8b3 (1 scala source)
2025.12.23 11:45:01 INFO  time: compiled 02-adt_0f10ccc8b3 in 70ms
2025.12.23 11:45:04 INFO  compiling 02-adt_0f10ccc8b3 (1 scala source)
2025.12.23 11:45:04 INFO  time: compiled 02-adt_0f10ccc8b3 in 0.14s
2025.12.23 11:45:16 INFO  compiling 02-adt_0f10ccc8b3 (1 scala source)
2025.12.23 11:45:16 INFO  time: compiled 02-adt_0f10ccc8b3 in 0.13s
2025.12.23 11:46:15 INFO  compiling 02-adt_0f10ccc8b3 (1 scala source)
2025.12.23 11:46:15 INFO  time: compiled 02-adt_0f10ccc8b3 in 79ms
2025.12.23 11:46:24 INFO  compiling 02-adt_0f10ccc8b3 (1 scala source)
2025.12.23 11:46:24 INFO  time: compiled 02-adt_0f10ccc8b3 in 75ms
Dec 23, 2025 11:46:27 AM org.eclipse.lsp4j.jsonrpc.RemoteEndpoint handleCancellation
WARNING: Unmatched cancel notification for request id 2526
2025.12.23 11:46:28 INFO  compiling 02-adt_0f10ccc8b3 (1 scala source)
2025.12.23 11:46:28 INFO  time: compiled 02-adt_0f10ccc8b3 in 0.16s
2025.12.23 11:46:56 INFO  compiling 02-adt_0f10ccc8b3 (1 scala source)
2025.12.23 11:46:56 INFO  time: compiled 02-adt_0f10ccc8b3 in 0.13s
Dec 23, 2025 11:48:51 AM org.eclipse.lsp4j.jsonrpc.RemoteEndpoint handleCancellation
WARNING: Unmatched cancel notification for request id 3137
2025.12.23 11:49:55 INFO  compiling 02-adt_0f10ccc8b3 (1 scala source)
2025.12.23 11:49:55 INFO  time: compiled 02-adt_0f10ccc8b3 in 0.27s
2025.12.23 11:49:59 INFO  compiling 02-adt_0f10ccc8b3 (1 scala source)
2025.12.23 11:49:59 INFO  time: compiled 02-adt_0f10ccc8b3 in 0.16s
2025.12.23 11:51:09 INFO  compiling 02-adt_0f10ccc8b3 (1 scala source)
2025.12.23 11:51:09 INFO  time: compiled 02-adt_0f10ccc8b3 in 0.21s
2025.12.23 11:51:27 INFO  compiling 02-adt_0f10ccc8b3 (1 scala source)
2025.12.23 11:51:27 INFO  time: compiled 02-adt_0f10ccc8b3 in 0.15s
2025.12.23 11:51:57 INFO  compiling 02-adt_0f10ccc8b3 (1 scala source)
2025.12.23 11:51:57 INFO  time: compiled 02-adt_0f10ccc8b3 in 0.66s
2025.12.23 11:52:29 INFO  compiling 02-adt_0f10ccc8b3-test (1 scala source)
2025.12.23 11:52:29 INFO  time: compiled 02-adt_0f10ccc8b3-test in 0.89s
2025.12.23 11:52:30 INFO  tracing is disabled for protocol dap-server, to enable tracing of incoming and outgoing JSON messages create an empty file at /home/casperh/GitHub/Computer-Science-ITU/advanced-programming/exercises/02-adt/.metals/dap-server.trace.json or /home/casperh/.cache/metals/dap-server.trace.json
2025.12.23 11:52:30 INFO  tracing is disabled for protocol dap-client, to enable tracing of incoming and outgoing JSON messages create an empty file at /home/casperh/GitHub/Computer-Science-ITU/advanced-programming/exercises/02-adt/.metals/dap-client.trace.json or /home/casperh/.cache/metals/dap-client.trace.json
2025.12.23 11:52:30 INFO  Starting debug proxy for [adpro.adt.ExercisesSpec()]
2025.12.23 11:52:30 INFO  Loaded expression compiler in 1 millisecond
2025.12.23 11:52:30 INFO  Loaded step filter in 0 milliseconds
2025.12.23 11:52:31 INFO  Loaded all sources and classes in 1 second
2025.12.23 11:52:31 INFO  Initialized Scala 3 decoder in 355 milliseconds
2025.12.23 11:52:31 INFO  Trying to attach to remote debuggee VM localhost:33859 .
2025.12.23 11:52:31 INFO  Attaching to debuggee VM succeeded.
2025.12.23 11:54:52 INFO  compiling 02-adt_0f10ccc8b3 (1 scala source)
2025.12.23 11:54:53 INFO  time: compiled 02-adt_0f10ccc8b3 in 1.2s
2025.12.23 11:54:54 INFO  Closing debug server tcp://0.0.0.0:37685
2025.12.23 11:54:54 INFO  Canceling debug proxy for [adpro.adt.ExercisesSpec()]
2025.12.23 11:54:54 INFO  Created report: Optional.empty
2025.12.23 11:54:54 INFO  Failed to initialize communication: Socket closed (full report at: "/home/casperh/GitHub/Computer-Science-ITU/advanced-programming/exercises/02-adt/.metals/.reports/bloop/2025-12-23/r_Failed to initialize..._11-54-54-627.md")
Dec 23, 2025 11:56:00 AM org.eclipse.lsp4j.jsonrpc.RemoteEndpoint handleCancellation
WARNING: Unmatched cancel notification for request id 4661
Dec 23, 2025 11:56:04 AM org.eclipse.lsp4j.jsonrpc.RemoteEndpoint handleCancellation
WARNING: Unmatched cancel notification for request id 4721
2025.12.23 11:56:10 INFO  compiling 02-adt_0f10ccc8b3 (1 scala source)
2025.12.23 11:56:10 INFO  time: compiled 02-adt_0f10ccc8b3 in 0.69s
2025.12.23 11:56:39 INFO  compiling 02-adt_0f10ccc8b3 (1 scala source)
2025.12.23 11:56:39 INFO  time: compiled 02-adt_0f10ccc8b3 in 0.54s
2025.12.23 11:58:07 INFO  compiling 02-adt_0f10ccc8b3 (1 scala source)
2025.12.23 11:58:07 INFO  time: compiled 02-adt_0f10ccc8b3 in 0.35s
2025.12.23 11:58:44 INFO  compiling 02-adt_0f10ccc8b3 (1 scala source)
2025.12.23 11:58:44 INFO  time: compiled 02-adt_0f10ccc8b3 in 0.66s
Dec 23, 2025 12:03:38 PM org.eclipse.lsp4j.jsonrpc.RemoteEndpoint handleCancellation
WARNING: Unmatched cancel notification for request id 5765
2025.12.23 12:04:41 INFO  compiling 02-adt_0f10ccc8b3 (1 scala source)
2025.12.23 12:04:43 INFO  time: compiled 02-adt_0f10ccc8b3 in 1.69s
2025.12.23 12:05:10 INFO  compiling 02-adt_0f10ccc8b3 (1 scala source)
2025.12.23 12:05:10 INFO  time: compiled 02-adt_0f10ccc8b3 in 0.32s
2025.12.23 12:06:01 INFO  compiling 02-adt_0f10ccc8b3 (1 scala source)
2025.12.23 12:06:03 INFO  time: compiled 02-adt_0f10ccc8b3 in 1.67s
2025.12.23 12:06:11 INFO  compiling 02-adt_0f10ccc8b3 (1 scala source)
2025.12.23 12:06:11 INFO  time: compiled 02-adt_0f10ccc8b3 in 0.36s
2025.12.23 12:06:12 WARN  Could not load snapshot text for /home/casperh/GitHub/Computer-Science-ITU/advanced-programming/exercises/02-adt/Exercises.scala
2025.12.23 12:06:19 WARN  Could not load snapshot text for /home/casperh/GitHub/Computer-Science-ITU/advanced-programming/exercises/02-adt/Exercises.scala
2025.12.23 12:06:41 WARN  Could not load snapshot text for /home/casperh/GitHub/Computer-Science-ITU/advanced-programming/exercises/02-adt/Exercises.scala
2025.12.23 12:06:45 WARN  Could not load snapshot text for /home/casperh/GitHub/Computer-Science-ITU/advanced-programming/exercises/02-adt/Exercises.scala
2025.12.23 12:06:45 WARN  Could not load snapshot text for /home/casperh/GitHub/Computer-Science-ITU/advanced-programming/exercises/02-adt/Exercises.scala
2025.12.23 12:06:46 INFO  compiling 02-adt_0f10ccc8b3 (1 scala source)
2025.12.23 12:06:46 INFO  time: compiled 02-adt_0f10ccc8b3 in 0.5s
2025.12.23 12:06:59 INFO  compiling 02-adt_0f10ccc8b3 (1 scala source)
2025.12.23 12:06:59 INFO  time: compiled 02-adt_0f10ccc8b3 in 0.28s
2025.12.23 12:07:14 INFO  compiling 02-adt_0f10ccc8b3 (1 scala source)
2025.12.23 12:07:14 INFO  time: compiled 02-adt_0f10ccc8b3 in 0.24s
2025.12.23 12:07:33 INFO  compiling 02-adt_0f10ccc8b3 (1 scala source)
2025.12.23 12:07:33 INFO  time: compiled 02-adt_0f10ccc8b3 in 80ms
2025.12.23 12:07:36 INFO  compiling 02-adt_0f10ccc8b3 (1 scala source)
2025.12.23 12:07:36 INFO  time: compiled 02-adt_0f10ccc8b3 in 0.2s
2025.12.23 12:07:53 INFO  compiling 02-adt_0f10ccc8b3 (1 scala source)
2025.12.23 12:07:53 INFO  time: compiled 02-adt_0f10ccc8b3 in 0.18s
Dec 23, 2025 12:08:51 PM org.eclipse.lsp4j.jsonrpc.RemoteEndpoint handleCancellation
WARNING: Unmatched cancel notification for request id 6806
2025.12.23 12:09:00 INFO  compiling 02-adt_0f10ccc8b3 (1 scala source)
2025.12.23 12:09:01 INFO  time: compiled 02-adt_0f10ccc8b3 in 1.28s
2025.12.23 12:09:31 INFO  compiling 02-adt_0f10ccc8b3 (1 scala source)
2025.12.23 12:09:31 INFO  time: compiled 02-adt_0f10ccc8b3 in 0.44s
2025.12.23 12:09:37 INFO  compiling 02-adt_0f10ccc8b3 (1 scala source)
2025.12.23 12:09:37 INFO  time: compiled 02-adt_0f10ccc8b3 in 0.42s
Dec 23, 2025 12:10:11 PM org.eclipse.lsp4j.jsonrpc.RemoteEndpoint handleCancellation
WARNING: Unmatched cancel notification for request id 7135
2025.12.23 12:10:15 INFO  compiling 02-adt_0f10ccc8b3 (1 scala source)
2025.12.23 12:10:15 INFO  time: compiled 02-adt_0f10ccc8b3 in 0.42s
Dec 23, 2025 12:10:59 PM org.eclipse.lsp4j.jsonrpc.RemoteEndpoint handleCancellation
WARNING: Unmatched cancel notification for request id 7286
2025.12.23 12:11:09 INFO  compiling 02-adt_0f10ccc8b3 (1 scala source)
2025.12.23 12:11:09 INFO  time: compiled 02-adt_0f10ccc8b3 in 0.32s
2025.12.23 12:11:50 INFO  compiling 02-adt_0f10ccc8b3 (1 scala source)
2025.12.23 12:11:50 INFO  time: compiled 02-adt_0f10ccc8b3 in 0.24s
2025.12.23 12:11:53 INFO  compiling 02-adt_0f10ccc8b3 (1 scala source)
2025.12.23 12:11:53 INFO  time: compiled 02-adt_0f10ccc8b3 in 0.23s
2025.12.23 12:12:05 INFO  compiling 02-adt_0f10ccc8b3 (1 scala source)
2025.12.23 12:12:05 INFO  time: compiled 02-adt_0f10ccc8b3 in 0.18s
2025.12.23 12:12:31 INFO  compiling 02-adt_0f10ccc8b3 (1 scala source)
2025.12.23 12:12:31 INFO  time: compiled 02-adt_0f10ccc8b3 in 0.17s
2025.12.23 12:12:56 INFO  compiling 02-adt_0f10ccc8b3 (1 scala source)
2025.12.23 12:12:56 INFO  time: compiled 02-adt_0f10ccc8b3 in 0.65s
Dec 23, 2025 12:14:29 PM org.eclipse.lsp4j.jsonrpc.RemoteEndpoint handleCancellation
WARNING: Unmatched cancel notification for request id 7921
2025.12.23 12:14:59 INFO  compiling 02-adt_0f10ccc8b3 (1 scala source)
2025.12.23 12:14:59 INFO  time: compiled 02-adt_0f10ccc8b3 in 0.31s
2025.12.23 12:15:10 INFO  compiling 02-adt_0f10ccc8b3 (1 scala source)
2025.12.23 12:15:10 INFO  time: compiled 02-adt_0f10ccc8b3 in 0.61s
Dec 23, 2025 12:16:02 PM org.eclipse.lsp4j.jsonrpc.RemoteEndpoint handleCancellation
WARNING: Unmatched cancel notification for request id 8629
2025.12.23 12:16:41 INFO  compiling 02-adt_0f10ccc8b3 (1 scala source)
2025.12.23 12:16:41 INFO  time: compiled 02-adt_0f10ccc8b3 in 0.73s
2025.12.23 12:16:56 INFO  compiling 02-adt_0f10ccc8b3 (1 scala source)
2025.12.23 12:16:56 INFO  time: compiled 02-adt_0f10ccc8b3 in 0.21s
2025.12.23 12:17:52 INFO  compiling 02-adt_0f10ccc8b3 (1 scala source)
2025.12.23 12:17:52 INFO  time: compiled 02-adt_0f10ccc8b3 in 0.85s
2025.12.23 12:18:32 INFO  compiling 02-adt_0f10ccc8b3 (1 scala source)
2025.12.23 12:18:32 INFO  time: compiled 02-adt_0f10ccc8b3 in 0.57s
2025.12.23 12:18:53 INFO  compiling 02-adt_0f10ccc8b3 (1 scala source)
2025.12.23 12:18:53 INFO  time: compiled 02-adt_0f10ccc8b3 in 0.71s
2025.12.23 12:19:45 INFO  compiling 02-adt_0f10ccc8b3 (1 scala source)
2025.12.23 12:19:45 INFO  time: compiled 02-adt_0f10ccc8b3 in 0.35s
2025.12.23 12:20:50 INFO  compiling 02-adt_0f10ccc8b3 (1 scala source)
2025.12.23 12:20:50 INFO  time: compiled 02-adt_0f10ccc8b3 in 0.23s
2025.12.23 12:21:49 INFO  compiling 02-adt_0f10ccc8b3 (1 scala source)
2025.12.23 12:21:49 INFO  time: compiled 02-adt_0f10ccc8b3 in 0.41s
2025.12.23 12:22:27 INFO  compiling 02-adt_0f10ccc8b3 (1 scala source)
2025.12.23 12:22:27 INFO  time: compiled 02-adt_0f10ccc8b3 in 0.28s
2025.12.23 12:22:28 INFO  compiling 02-adt_0f10ccc8b3 (1 scala source)
2025.12.23 12:22:28 INFO  time: compiled 02-adt_0f10ccc8b3 in 0.21s
2025.12.23 12:22:39 INFO  compiling 02-adt_0f10ccc8b3 (1 scala source)
2025.12.23 12:22:39 INFO  time: compiled 02-adt_0f10ccc8b3 in 0.46s
2025.12.23 14:32:27 INFO  compiling 02-adt_0f10ccc8b3 (1 scala source)
2025.12.23 14:32:32 INFO  time: compiled 02-adt_0f10ccc8b3 in 4.29s
Dec 23, 2025 2:33:46 PM org.eclipse.lsp4j.jsonrpc.RemoteEndpoint handleCancellation
WARNING: Unmatched cancel notification for request id 10261
2025.12.23 14:34:01 INFO  compiling 02-adt_0f10ccc8b3 (1 scala source)
2025.12.23 14:34:04 INFO  time: compiled 02-adt_0f10ccc8b3 in 2.97s
Dec 23, 2025 2:35:27 PM org.eclipse.lsp4j.jsonrpc.RemoteEndpoint handleCancellation
WARNING: Unmatched cancel notification for request id 10605
2025.12.23 14:35:27 INFO  compiling 02-adt_0f10ccc8b3 (1 scala source)
2025.12.23 14:35:29 INFO  time: compiled 02-adt_0f10ccc8b3 in 1.36s
Dec 23, 2025 2:36:14 PM org.eclipse.lsp4j.jsonrpc.RemoteEndpoint handleCancellation
WARNING: Unmatched cancel notification for request id 10706
2025.12.23 14:36:18 INFO  compiling 02-adt_0f10ccc8b3 (1 scala source)
2025.12.23 14:36:19 INFO  time: compiled 02-adt_0f10ccc8b3 in 1.04s
2025.12.23 14:37:02 INFO  compiling 02-adt_0f10ccc8b3 (1 scala source)
2025.12.23 14:37:02 INFO  time: compiled 02-adt_0f10ccc8b3 in 0.37s
2025.12.23 14:37:12 INFO  compiling 02-adt_0f10ccc8b3 (1 scala source)
2025.12.23 14:37:13 INFO  time: compiled 02-adt_0f10ccc8b3 in 1.03s
2025.12.23 14:37:56 INFO  Created report: Optional[file:///home/casperh/GitHub/Computer-Science-ITU/advanced-programming/exercises/02-adt/Exercises.scala]
2025.12.23 14:37:56 INFO  java.lang.IndexOutOfBoundsException: 0 (full report at: "/home/casperh/GitHub/Computer-Science-ITU/advanced-programming/exercises/02-adt/.metals/.reports/metals-full/2025-12-23/r_compiler-error_(02-adt_5f0f10ccc8b3)_14-37-56-653.md")
2025.12.23 14:37:56 INFO  Created report: Optional[file:///home/casperh/GitHub/Computer-Science-ITU/advanced-programming/exercises/02-adt/Exercises.scala]
2025.12.23 14:37:56 INFO  java.lang.IndexOutOfBoundsException: 1 (full report at: "/home/casperh/GitHub/Computer-Science-ITU/advanced-programming/exercises/02-adt/.metals/.reports/metals-full/2025-12-23/r_compiler-error_(02-adt_5f0f10ccc8b3)_14-37-57-253.md")
Dec 23, 2025 2:38:00 PM org.eclipse.lsp4j.jsonrpc.RemoteEndpoint handleCancellation
WARNING: Unmatched cancel notification for request id 11330
2025.12.23 14:38:17 INFO  compiling 02-adt_0f10ccc8b3 (1 scala source)
2025.12.23 14:38:18 INFO  time: compiled 02-adt_0f10ccc8b3 in 1.04s
2025.12.23 14:38:18 WARN  Could not load snapshot text for /home/casperh/GitHub/Computer-Science-ITU/advanced-programming/exercises/02-adt/Exercises.scala
2025.12.23 14:38:19 WARN  Could not load snapshot text for /home/casperh/GitHub/Computer-Science-ITU/advanced-programming/exercises/02-adt/Exercises.scala
2025.12.23 14:38:18 INFO  compiling 02-adt_0f10ccc8b3 (1 scala source)
2025.12.23 14:38:20 INFO  time: compiled 02-adt_0f10ccc8b3 in 0.73s
2025.12.23 14:38:20 WARN  Could not load snapshot text for /home/casperh/GitHub/Computer-Science-ITU/advanced-programming/exercises/02-adt/Exercises.scala
2025.12.23 14:38:23 WARN  Could not load snapshot text for /home/casperh/GitHub/Computer-Science-ITU/advanced-programming/exercises/02-adt/Exercises.scala
2025.12.23 14:38:23 INFO  compiling 02-adt_0f10ccc8b3 (1 scala source)
2025.12.23 14:38:23 INFO  time: compiled 02-adt_0f10ccc8b3 in 0.7s
Dec 23, 2025 2:41:32 PM org.eclipse.lsp4j.jsonrpc.RemoteEndpoint handleCancellation
WARNING: Unmatched cancel notification for request id 11653
Dec 23, 2025 2:42:58 PM org.eclipse.lsp4j.jsonrpc.RemoteEndpoint handleCancellation
WARNING: Unmatched cancel notification for request id 12348
2025.12.23 14:43:16 INFO  compiling 02-adt_0f10ccc8b3 (1 scala source)
2025.12.23 14:43:21 INFO  time: compiled 02-adt_0f10ccc8b3 in 5.12s
2025.12.23 14:44:48 INFO  compiling 02-adt_0f10ccc8b3 (1 scala source)
2025.12.23 14:44:53 INFO  time: compiled 02-adt_0f10ccc8b3 in 5.49s
2025.12.23 14:47:29 INFO  compiling 02-adt_0f10ccc8b3 (1 scala source)
2025.12.23 14:47:34 INFO  time: compiled 02-adt_0f10ccc8b3 in 4.99s
2025.12.23 14:47:35 WARN  Could not load snapshot text for /home/casperh/GitHub/Computer-Science-ITU/advanced-programming/exercises/02-adt/Exercises.scala
2025.12.23 14:47:34 INFO  compiling 02-adt_0f10ccc8b3 (1 scala source)
2025.12.23 14:47:37 INFO  time: compiled 02-adt_0f10ccc8b3 in 2.4s
2025.12.23 14:48:00 INFO  compiling 02-adt_0f10ccc8b3 (1 scala source)
2025.12.23 14:48:00 INFO  time: compiled 02-adt_0f10ccc8b3 in 0.76s
2025.12.23 14:51:16 INFO  Shutting down server
2025.12.23 14:51:16 INFO  shutting down Metals
2025.12.23 14:51:16 INFO  Shut down connection with build server.
2025.12.23 14:51:16 INFO  BSP server: Dec 23, 2025 2:51:16 PM org.eclipse.lsp4j.jsonrpc.RemoteEndpoint handleNotification
2025.12.23 14:51:16 INFO  BSP server: WARNING: Notification threw an exception: {
2025.12.23 14:51:16 INFO  BSP server:   "jsonrpc": "2.0",
2025.12.23 14:51:16 INFO  BSP server:   "method": "build/exit",
2025.12.23 14:51:16 INFO  BSP server:   "params": null
2025.12.23 14:51:16 INFO  BSP server: }
2025.12.23 14:51:16 INFO  BSP server: java.lang.RuntimeException: java.lang.reflect.InvocationTargetException
2025.12.23 14:51:16 INFO  BSP server: 	at org.eclipse.lsp4j.jsonrpc.services.GenericEndpoint.lambda$null$0(GenericEndpoint.java:67)
2025.12.23 14:51:16 INFO  BSP server: 	at org.eclipse.lsp4j.jsonrpc.services.GenericEndpoint.notify(GenericEndpoint.java:152)
2025.12.23 14:51:16 INFO  BSP server: 	at org.eclipse.lsp4j.jsonrpc.RemoteEndpoint.handleNotification(RemoteEndpoint.java:220)
2025.12.23 14:51:16 INFO  BSP server: 	at org.eclipse.lsp4j.jsonrpc.RemoteEndpoint.consume(RemoteEndpoint.java:187)
2025.12.23 14:51:16 INFO  BSP server: 	at org.eclipse.lsp4j.jsonrpc.json.StreamMessageProducer.handleMessage(StreamMessageProducer.java:194)
2025.12.23 14:51:16 INFO  BSP server: 	at org.eclipse.lsp4j.jsonrpc.json.StreamMessageProducer.listen(StreamMessageProducer.java:94)
2025.12.23 14:51:16 INFO  BSP server: 	at org.eclipse.lsp4j.jsonrpc.json.ConcurrentMessageProcessor.run(ConcurrentMessageProcessor.java:113)
2025.12.23 14:51:16 INFO  BSP server: 	at java.base@17.0.6/java.util.concurrent.Executors$RunnableAdapter.call(Executors.java:539)
2025.12.23 14:51:16 INFO  BSP server: 	at java.base@17.0.6/java.util.concurrent.FutureTask.run(FutureTask.java:264)
2025.12.23 14:51:16 INFO  BSP server: 	at java.base@17.0.6/java.util.concurrent.ThreadPoolExecutor.runWorker(ThreadPoolExecutor.java:1136)
2025.12.23 14:51:16 INFO  BSP server: 	at java.base@17.0.6/java.util.concurrent.ThreadPoolExecutor$Worker.run(ThreadPoolExecutor.java:635)
2025.12.23 14:51:16 INFO  BSP server: 	at java.base@17.0.6/java.lang.Thread.run(Thread.java:833)
2025.12.23 14:51:16 INFO  BSP server: 	at com.oracle.svm.core.thread.PlatformThreads.threadStartRoutine(PlatformThreads.java:775)
2025.12.23 14:51:16 INFO  BSP server: 	at com.oracle.svm.core.posix.thread.PosixPlatformThreads.pthreadStartRoutine(PosixPlatformThreads.java:203)
2025.12.23 14:51:16 INFO  BSP server: Caused by: java.lang.reflect.InvocationTargetException
2025.12.23 14:51:16 INFO  BSP server: 	at java.base@17.0.6/java.lang.reflect.Method.invoke(Method.java:568)
2025.12.23 14:51:16 INFO  BSP server: 	at org.eclipse.lsp4j.jsonrpc.services.GenericEndpoint.lambda$null$0(GenericEndpoint.java:65)
2025.12.23 14:51:16 INFO  BSP server: 	... 13 more
2025.12.23 14:51:16 INFO  BSP server: Caused by: java.lang.RuntimeException: BSP server not initialized yet
2025.12.23 14:51:16 INFO  BSP server: 	at scala.sys.package$.error(package.scala:27)
2025.12.23 14:51:16 INFO  BSP server: 	at scala.build.bsp.BloopSession$Reference.get(BloopSession.scala:70)
2025.12.23 14:51:16 INFO  BSP server: 	at scala.build.bsp.BspImpl.$anonfun$11(BspImpl.scala:475)
2025.12.23 14:51:16 INFO  BSP server: 	at scala.build.bsp.BuildServerProxy.onBuildExit(BuildServerProxy.scala:29)
2025.12.23 14:51:16 INFO  BSP server: 	... 15 more
2025.12.23 14:51:16 INFO  BSP server: 
2025.12.23 14:51:16 INFO  Exiting server
