2025.09.09 07:57:45 INFO  Started: Metals version 1.6.2 in folders '/home/casperh/GitHub/Computer-Science-ITU/advanced-programming/excercises/03-option' for client Visual Studio Code 1.103.2.
2025.09.09 07:57:45 INFO  no build target found for /home/casperh/GitHub/Computer-Science-ITU/advanced-programming/excercises/03-option/Exercises.scala. Using presentation compiler with project's scala-library version: 3.3.6
2025.09.09 07:57:46 INFO  Attempting to connect to the build server...
2025.09.09 07:57:46 INFO  Running BSP server List(/usr/local/bin/scala-cli, bsp, --json-options, /home/casperh/GitHub/Computer-Science-ITU/advanced-programming/excercises/03-option/.scala-build/ide-options-v2.json, --json-launcher-options, /home/casperh/GitHub/Computer-Science-ITU/advanced-programming/excercises/03-option/.scala-build/ide-launcher-options.json, --envs-file, /home/casperh/GitHub/Computer-Science-ITU/advanced-programming/excercises/03-option/.scala-build/ide-envs.json, /home/casperh/GitHub/Computer-Science-ITU/advanced-programming/excercises/03-option)
2025.09.09 07:57:46 INFO  tracing is disabled for protocol BSP, to enable tracing of incoming and outgoing JSON messages create an empty file at /home/casperh/GitHub/Computer-Science-ITU/advanced-programming/excercises/03-option/.metals/bsp.trace.json or /home/casperh/.cache/metals/bsp.trace.json
2025.09.09 07:57:46 INFO  BSP server: [hint] ./project.scala:4:21
2025.09.09 07:57:46 INFO  BSP server: [hint] "scalacheck is outdated, update to 1.19.0"
2025.09.09 07:57:46 INFO  BSP server: [hint]      scalacheck 1.18.1 -> org.scalacheck::scalacheck:1.19.0
2025.09.09 07:57:46 INFO  BSP server: [hint] //> using test.dep "org.scalacheck::scalacheck:1.18.1"
2025.09.09 07:57:46 INFO  BSP server: [hint]                     ^^^^^^^^^^^^^^^^^^^^^^^^^^^^^^^^^
2025.09.09 07:57:46 INFO  time: Connected to build server in 0.53s
2025.09.09 07:57:46 INFO  Connected to Build server: scala-cli v1.8.5
2025.09.09 07:57:46 INFO  BSP server: [hint] ./project.scala:4:21
2025.09.09 07:57:46 INFO  BSP server: [hint] "scalacheck is outdated, update to 1.19.0"
2025.09.09 07:57:46 INFO  BSP server: [hint]      scalacheck 1.18.1 -> org.scalacheck::scalacheck:1.19.0
2025.09.09 07:57:46 INFO  BSP server: [hint] //> using test.dep "org.scalacheck::scalacheck:1.18.1"
2025.09.09 07:57:46 INFO  BSP server: [hint]                     ^^^^^^^^^^^^^^^^^^^^^^^^^^^^^^^^^
2025.09.09 07:57:47 INFO  compiling 03-option_d5c0a6989e (3 scala sources and 1 java source)
Sept 09, 2025 7:57:47 AM org.eclipse.lsp4j.jsonrpc.RemoteEndpoint handleCancellation
WARNING: Unmatched cancel notification for request id 3
2025.09.09 07:57:47 INFO  compiling 03-option_d5c0a6989e (3 scala sources and 1 java source)
2025.09.09 07:57:48 INFO  time: compiled 03-option_d5c0a6989e in 0.55s
2025.09.09 07:57:54 INFO  BSP server: [hint] ./project.scala:4:21
2025.09.09 07:57:54 INFO  BSP server: [hint] "scalacheck is outdated, update to 1.19.0"
2025.09.09 07:57:54 INFO  BSP server: [hint]      scalacheck 1.18.1 -> org.scalacheck::scalacheck:1.19.0
2025.09.09 07:57:54 INFO  BSP server: [hint] //> using test.dep "org.scalacheck::scalacheck:1.18.1"
2025.09.09 07:57:54 INFO  BSP server: [hint]                     ^^^^^^^^^^^^^^^^^^^^^^^^^^^^^^^^^
2025.09.09 07:57:54 INFO  compiling 03-option_d5c0a6989e (3 scala sources and 1 java source)
2025.09.09 07:57:54 INFO  time: compiled 03-option_d5c0a6989e in 0.29s
2025.09.09 07:57:57 INFO  time: indexed workspace in 10s
2025.09.09 07:57:58 INFO  BSP server: [hint] ./project.scala:4:21
2025.09.09 07:57:58 INFO  BSP server: [hint] "scalacheck is outdated, update to 1.19.0"
2025.09.09 07:57:58 INFO  BSP server: [hint]      scalacheck 1.18.1 -> org.scalacheck::scalacheck:1.19.0
2025.09.09 07:57:58 INFO  BSP server: [hint] //> using test.dep "org.scalacheck::scalacheck:1.18.1"
2025.09.09 07:57:58 INFO  BSP server: [hint]                     ^^^^^^^^^^^^^^^^^^^^^^^^^^^^^^^^^
2025.09.09 07:57:58 INFO  compiling 03-option_d5c0a6989e (3 scala sources and 1 java source)
2025.09.09 07:57:58 INFO  time: compiled 03-option_d5c0a6989e in 0.24s
2025.09.09 07:59:47 INFO  BSP server: [hint] ./project.scala:4:21
2025.09.09 07:59:47 INFO  BSP server: [hint] "scalacheck is outdated, update to 1.19.0"
2025.09.09 07:59:47 INFO  BSP server: [hint]      scalacheck 1.18.1 -> org.scalacheck::scalacheck:1.19.0
2025.09.09 07:59:47 INFO  BSP server: [hint] //> using test.dep "org.scalacheck::scalacheck:1.18.1"
2025.09.09 07:59:47 INFO  BSP server: [hint]                     ^^^^^^^^^^^^^^^^^^^^^^^^^^^^^^^^^
2025.09.09 07:59:47 INFO  compiling 03-option_d5c0a6989e (3 scala sources and 1 java source)
2025.09.09 07:59:50 INFO  time: compiled 03-option_d5c0a6989e in 3.15s
2025.09.09 07:59:50 INFO  compiling 03-option_d5c0a6989e (3 scala sources and 1 java source)
2025.09.09 07:59:51 INFO  time: compiled 03-option_d5c0a6989e in 1.03s
2025.09.09 08:00:50 INFO  BSP server: [hint] ./project.scala:4:21
2025.09.09 08:00:50 INFO  BSP server: [hint] "scalacheck is outdated, update to 1.19.0"
2025.09.09 08:00:50 INFO  BSP server: [hint]      scalacheck 1.18.1 -> org.scalacheck::scalacheck:1.19.0
2025.09.09 08:00:50 INFO  BSP server: [hint] //> using test.dep "org.scalacheck::scalacheck:1.18.1"
2025.09.09 08:00:50 INFO  BSP server: [hint]                     ^^^^^^^^^^^^^^^^^^^^^^^^^^^^^^^^^
2025.09.09 08:00:50 INFO  compiling 03-option_d5c0a6989e (3 scala sources and 1 java source)
2025.09.09 08:00:50 INFO  time: compiled 03-option_d5c0a6989e in 0.34s
2025.09.09 08:00:50 INFO  compiling 03-option_d5c0a6989e (3 scala sources and 1 java source)
2025.09.09 08:00:50 INFO  time: compiled 03-option_d5c0a6989e in 0.22s
2025.09.09 08:00:52 INFO  time: indexed workspace in 1.66s
2025.09.09 08:00:52 INFO  BSP server: [hint] ./project.scala:4:21
2025.09.09 08:00:52 INFO  BSP server: [hint] "scalacheck is outdated, update to 1.19.0"
2025.09.09 08:00:52 INFO  BSP server: [hint]      scalacheck 1.18.1 -> org.scalacheck::scalacheck:1.19.0
2025.09.09 08:00:52 INFO  BSP server: [hint] //> using test.dep "org.scalacheck::scalacheck:1.18.1"
2025.09.09 08:00:52 INFO  BSP server: [hint]                     ^^^^^^^^^^^^^^^^^^^^^^^^^^^^^^^^^
2025.09.09 08:00:52 INFO  compiling 03-option_d5c0a6989e (3 scala sources and 1 java source)
2025.09.09 08:00:52 INFO  time: compiled 03-option_d5c0a6989e in 0.12s
2025.09.09 08:01:05 INFO  BSP server: [hint] ./project.scala:4:21
2025.09.09 08:01:05 INFO  BSP server: [hint] "scalacheck is outdated, update to 1.19.0"
2025.09.09 08:01:05 INFO  BSP server: [hint]      scalacheck 1.18.1 -> org.scalacheck::scalacheck:1.19.0
2025.09.09 08:01:05 INFO  BSP server: [hint] //> using test.dep "org.scalacheck::scalacheck:1.18.1"
2025.09.09 08:01:05 INFO  BSP server: [hint]                     ^^^^^^^^^^^^^^^^^^^^^^^^^^^^^^^^^
2025.09.09 08:01:05 INFO  compiling 03-option_d5c0a6989e (3 scala sources and 1 java source)
2025.09.09 08:01:08 INFO  time: compiled 03-option_d5c0a6989e in 3.26s
2025.09.09 08:01:08 INFO  compiling 03-option_d5c0a6989e (1 scala source)
2025.09.09 08:01:08 INFO  compiling 03-option_d5c0a6989e-test (2 scala sources)
2025.09.09 08:01:08 INFO  time: compiled 03-option_d5c0a6989e in 0.84s
2025.09.09 08:01:11 INFO  time: compiled 03-option_d5c0a6989e-test in 2.01s
2025.09.09 08:01:28 INFO  BSP server: [hint] ./project.scala:4:21
2025.09.09 08:01:28 INFO  BSP server: [hint] "scalacheck is outdated, update to 1.19.0"
2025.09.09 08:01:28 INFO  BSP server: [hint]      scalacheck 1.18.1 -> org.scalacheck::scalacheck:1.19.0
2025.09.09 08:01:28 INFO  BSP server: [hint] //> using test.dep "org.scalacheck::scalacheck:1.18.1"
2025.09.09 08:01:28 INFO  BSP server: [hint]                     ^^^^^^^^^^^^^^^^^^^^^^^^^^^^^^^^^
2025.09.09 08:01:28 INFO  compiling 03-option_d5c0a6989e (1 scala source)
2025.09.09 08:01:29 WARN  Could not load snapshot text for /home/casperh/GitHub/Computer-Science-ITU/advanced-programming/excercises/03-option/Exercises.scala
2025.09.09 08:01:28 INFO  time: compiled 03-option_d5c0a6989e in 0.71s
2025.09.09 08:03:20 INFO  Shutting down server
2025.09.09 08:03:20 INFO  shutting down Metals
2025.09.09 08:03:20 INFO  Shut down connection with build server.
2025.09.09 08:03:20 INFO  Exiting server
