2025.12.23 10:53:53 INFO  Started: Metals version 1.6.4 in folders '/home/casperh/GitHub/Computer-Science-ITU/advanced-programming/exercises/01-intro' for client VSCodium 1.106.3.
2025.12.23 10:53:54 WARN  Using H2 2.4.240 which is newer than the version Flyway has been verified with. The latest verified version of H2 is 2.3.232.
2025.12.23 10:53:53 INFO  no build target found for /home/casperh/GitHub/Computer-Science-ITU/advanced-programming/exercises/01-intro/Factorial.scala. Using presentation compiler with project's scala-library version: 3.3.6
2025.12.23 10:53:54 INFO  no build target found for /home/casperh/GitHub/Computer-Science-ITU/advanced-programming/exercises/01-intro/Factorial.scala. Using presentation compiler with project's scala-library version: 3.3.6
Dec 23, 2025 10:53:55 AM org.eclipse.lsp4j.jsonrpc.services.GenericEndpoint notify
INFO: Unsupported notification method: $/setTrace
Dec 23, 2025 10:53:55 AM org.eclipse.lsp4j.jsonrpc.RemoteEndpoint handleCancellation
WARNING: Unmatched cancel notification for request id 3
2025.12.23 10:53:55 INFO  no build target found for /home/casperh/GitHub/Computer-Science-ITU/advanced-programming/exercises/01-intro/Factorial.scala. Using presentation compiler with project's scala-library version: 3.3.6
Dec 23, 2025 10:53:55 AM org.eclipse.lsp4j.jsonrpc.RemoteEndpoint handleCancellation
WARNING: Unmatched cancel notification for request id 2
Dec 23, 2025 10:53:55 AM org.eclipse.lsp4j.jsonrpc.RemoteEndpoint handleCancellation
WARNING: Unmatched cancel notification for request id 7
Dec 23, 2025 10:53:55 AM org.eclipse.lsp4j.jsonrpc.RemoteEndpoint handleCancellation
WARNING: Unmatched cancel notification for request id 5
2025.12.23 10:53:55 INFO  no build target found for /home/casperh/GitHub/Computer-Science-ITU/advanced-programming/exercises/01-intro/Factorial.scala. Using presentation compiler with project's scala-library version: 3.3.6
2025.12.23 10:53:55 INFO  no build target found for /home/casperh/GitHub/Computer-Science-ITU/advanced-programming/exercises/01-intro/Exercises.test.scala. Using presentation compiler with project's scala-library version: 3.3.6
2025.12.23 10:53:55 INFO  no build target found for /home/casperh/GitHub/Computer-Science-ITU/advanced-programming/exercises/01-intro/Exercises.test.scala. Using presentation compiler with project's scala-library version: 3.3.6
2025.12.23 10:53:58 INFO  Wrote configuration file for ide in: /home/casperh/GitHub/Computer-Science-ITU/advanced-programming/exercises/01-intro/.bsp/scala-cli.json
2025.12.23 10:53:58 INFO  time: ran 'scala-cli bspConfig' in 34ms
2025.12.23 10:53:58 INFO  Attempting to connect to the build server...
2025.12.23 10:53:58 INFO  Running BSP server List(/home/casperh/.local/bin/scala-cli, bsp, --json-options, /home/casperh/GitHub/Computer-Science-ITU/advanced-programming/exercises/01-intro/.scala-build/ide-options-v2.json, --json-launcher-options, /home/casperh/GitHub/Computer-Science-ITU/advanced-programming/exercises/01-intro/.scala-build/ide-launcher-options.json, --envs-file, /home/casperh/GitHub/Computer-Science-ITU/advanced-programming/exercises/01-intro/.scala-build/ide-envs.json, /home/casperh/GitHub/Computer-Science-ITU/advanced-programming/exercises/01-intro)
2025.12.23 10:53:58 INFO  tracing is disabled for protocol BSP, to enable tracing of incoming and outgoing JSON messages create an empty file at /home/casperh/GitHub/Computer-Science-ITU/advanced-programming/exercises/01-intro/.metals/bsp.trace.json or /home/casperh/.cache/metals/bsp.trace.json
2025.12.23 10:53:58 INFO  no build target found for /home/casperh/GitHub/Computer-Science-ITU/advanced-programming/exercises/01-intro/Exercises.test.scala. Using presentation compiler with project's scala-library version: 3.3.6
2025.12.23 10:53:58 INFO  BSP server: [hint] ./project.scala:4:21
2025.12.23 10:53:58 INFO  BSP server: [hint] "scalacheck is outdated, update to 1.19.0"
2025.12.23 10:53:58 INFO  BSP server: [hint]      scalacheck 1.18.1 -> org.scalacheck::scalacheck:1.19.0
2025.12.23 10:53:58 INFO  BSP server: [hint] //> using test.dep "org.scalacheck::scalacheck:1.18.1"
2025.12.23 10:53:58 INFO  BSP server: [hint]                     ^^^^^^^^^^^^^^^^^^^^^^^^^^^^^^^^^
2025.12.23 10:53:58 INFO  time: Connected to build server in 0.42s
2025.12.23 10:53:58 INFO  Connected to Build server: scala-cli v1.8.5
2025.12.23 10:53:58 INFO  BSP server: [hint] ./project.scala:4:21
2025.12.23 10:53:58 INFO  BSP server: [hint] "scalacheck is outdated, update to 1.19.0"
2025.12.23 10:53:58 INFO  BSP server: [hint]      scalacheck 1.18.1 -> org.scalacheck::scalacheck:1.19.0
2025.12.23 10:53:58 INFO  BSP server: [hint] //> using test.dep "org.scalacheck::scalacheck:1.18.1"
2025.12.23 10:53:58 INFO  BSP server: [hint]                     ^^^^^^^^^^^^^^^^^^^^^^^^^^^^^^^^^
2025.12.23 10:53:58 INFO  compiling 01-intro_0f10ccc8b3 (4 scala sources)
2025.12.23 10:53:59 INFO  time: compiled 01-intro_0f10ccc8b3 in 0.77s
2025.12.23 10:53:59 INFO  compiling 01-intro_0f10ccc8b3-test (1 scala source)
2025.12.23 10:54:00 WARN  Using H2 2.4.240 which is newer than the version Flyway has been verified with. The latest verified version of H2 is 2.3.232.
2025.12.23 10:54:00 INFO  time: compiled 01-intro_0f10ccc8b3-test in 1.17s
2025.12.23 10:54:00 INFO  time: indexed workspace in 2.65s
2025.12.23 10:54:01 INFO  BSP server: [hint] ./project.scala:4:21
2025.12.23 10:54:01 INFO  BSP server: [hint] "scalacheck is outdated, update to 1.19.0"
2025.12.23 10:54:01 INFO  BSP server: [hint]      scalacheck 1.18.1 -> org.scalacheck::scalacheck:1.19.0
2025.12.23 10:54:01 INFO  BSP server: [hint] //> using test.dep "org.scalacheck::scalacheck:1.18.1"
2025.12.23 10:54:01 INFO  BSP server: [hint]                     ^^^^^^^^^^^^^^^^^^^^^^^^^^^^^^^^^
2025.12.23 10:55:39 INFO  BSP server: [hint] ./project.scala:4:21
2025.12.23 10:55:39 INFO  BSP server: [hint] "scalacheck is outdated, update to 1.19.0"
2025.12.23 10:55:39 INFO  BSP server: [hint]      scalacheck 1.18.1 -> org.scalacheck::scalacheck:1.19.0
2025.12.23 10:55:39 INFO  BSP server: [hint] //> using test.dep "org.scalacheck::scalacheck:1.18.1"
2025.12.23 10:55:39 INFO  BSP server: [hint]                     ^^^^^^^^^^^^^^^^^^^^^^^^^^^^^^^^^
2025.12.23 10:55:39 INFO  compiling 01-intro_0f10ccc8b3 (1 scala source)
2025.12.23 10:55:40 INFO  time: compiled 01-intro_0f10ccc8b3 in 1.03s
2025.12.23 10:56:47 INFO  BSP server: [hint] ./project.scala:4:21
2025.12.23 10:56:47 INFO  BSP server: [hint] "scalacheck is outdated, update to 1.19.0"
2025.12.23 10:56:47 INFO  BSP server: [hint]      scalacheck 1.18.1 -> org.scalacheck::scalacheck:1.19.0
2025.12.23 10:56:47 INFO  BSP server: [hint] //> using test.dep "org.scalacheck::scalacheck:1.18.1"
2025.12.23 10:56:47 INFO  BSP server: [hint]                     ^^^^^^^^^^^^^^^^^^^^^^^^^^^^^^^^^
2025.12.23 10:56:47 INFO  compiling 01-intro_0f10ccc8b3 (1 scala source)
2025.12.23 10:56:48 INFO  time: compiled 01-intro_0f10ccc8b3 in 1.03s
2025.12.23 10:57:25 INFO  BSP server: [hint] ./project.scala:4:21
2025.12.23 10:57:25 INFO  BSP server: [hint] "scalacheck is outdated, update to 1.19.0"
2025.12.23 10:57:25 INFO  BSP server: [hint]      scalacheck 1.18.1 -> org.scalacheck::scalacheck:1.19.0
2025.12.23 10:57:25 INFO  BSP server: [hint] //> using test.dep "org.scalacheck::scalacheck:1.18.1"
2025.12.23 10:57:25 INFO  BSP server: [hint]                     ^^^^^^^^^^^^^^^^^^^^^^^^^^^^^^^^^
2025.12.23 10:57:25 INFO  compiling 01-intro_0f10ccc8b3 (1 scala source)
2025.12.23 10:57:25 INFO  time: compiled 01-intro_0f10ccc8b3 in 0.23s
2025.12.23 10:58:06 INFO  BSP server: [hint] ./project.scala:4:21
2025.12.23 10:58:06 INFO  BSP server: [hint] "scalacheck is outdated, update to 1.19.0"
2025.12.23 10:58:06 INFO  BSP server: [hint]      scalacheck 1.18.1 -> org.scalacheck::scalacheck:1.19.0
2025.12.23 10:58:06 INFO  BSP server: [hint] //> using test.dep "org.scalacheck::scalacheck:1.18.1"
2025.12.23 10:58:06 INFO  BSP server: [hint]                     ^^^^^^^^^^^^^^^^^^^^^^^^^^^^^^^^^
2025.12.23 10:58:06 INFO  compiling 01-intro_0f10ccc8b3 (1 scala source)
2025.12.23 10:58:06 INFO  time: compiled 01-intro_0f10ccc8b3 in 0.2s
2025.12.23 10:58:21 INFO  BSP server: [hint] ./project.scala:4:21
2025.12.23 10:58:21 INFO  BSP server: [hint] "scalacheck is outdated, update to 1.19.0"
2025.12.23 10:58:21 INFO  BSP server: [hint]      scalacheck 1.18.1 -> org.scalacheck::scalacheck:1.19.0
2025.12.23 10:58:21 INFO  BSP server: [hint] //> using test.dep "org.scalacheck::scalacheck:1.18.1"
2025.12.23 10:58:21 INFO  BSP server: [hint]                     ^^^^^^^^^^^^^^^^^^^^^^^^^^^^^^^^^
2025.12.23 10:58:21 INFO  compiling 01-intro_0f10ccc8b3 (1 scala source)
2025.12.23 10:58:21 INFO  time: compiled 01-intro_0f10ccc8b3 in 0.15s
Dec 23, 2025 10:58:45 AM org.eclipse.lsp4j.jsonrpc.RemoteEndpoint handleCancellation
WARNING: Unmatched cancel notification for request id 545
2025.12.23 10:58:50 INFO  BSP server: [hint] ./project.scala:4:21
2025.12.23 10:58:50 INFO  BSP server: [hint] "scalacheck is outdated, update to 1.19.0"
2025.12.23 10:58:50 INFO  BSP server: [hint]      scalacheck 1.18.1 -> org.scalacheck::scalacheck:1.19.0
2025.12.23 10:58:50 INFO  BSP server: [hint] //> using test.dep "org.scalacheck::scalacheck:1.18.1"
2025.12.23 10:58:50 INFO  BSP server: [hint]                     ^^^^^^^^^^^^^^^^^^^^^^^^^^^^^^^^^
2025.12.23 10:58:50 INFO  compiling 01-intro_0f10ccc8b3 (1 scala source)
2025.12.23 10:58:50 INFO  time: compiled 01-intro_0f10ccc8b3 in 0.15s
2025.12.23 10:59:00 INFO  BSP server: [hint] ./project.scala:4:21
2025.12.23 10:59:00 INFO  BSP server: [hint] "scalacheck is outdated, update to 1.19.0"
2025.12.23 10:59:00 INFO  BSP server: [hint]      scalacheck 1.18.1 -> org.scalacheck::scalacheck:1.19.0
2025.12.23 10:59:00 INFO  BSP server: [hint] //> using test.dep "org.scalacheck::scalacheck:1.18.1"
2025.12.23 10:59:00 INFO  BSP server: [hint]                     ^^^^^^^^^^^^^^^^^^^^^^^^^^^^^^^^^
2025.12.23 10:59:00 INFO  compiling 01-intro_0f10ccc8b3 (1 scala source)
2025.12.23 10:59:00 INFO  time: compiled 01-intro_0f10ccc8b3 in 0.1s
2025.12.23 10:59:05 INFO  BSP server: [hint] ./project.scala:4:21
2025.12.23 10:59:05 INFO  BSP server: [hint] "scalacheck is outdated, update to 1.19.0"
2025.12.23 10:59:05 INFO  BSP server: [hint]      scalacheck 1.18.1 -> org.scalacheck::scalacheck:1.19.0
2025.12.23 10:59:05 INFO  BSP server: [hint] //> using test.dep "org.scalacheck::scalacheck:1.18.1"
2025.12.23 10:59:05 INFO  BSP server: [hint]                     ^^^^^^^^^^^^^^^^^^^^^^^^^^^^^^^^^
2025.12.23 10:59:05 INFO  compiling 01-intro_0f10ccc8b3 (1 scala source)
2025.12.23 10:59:05 INFO  time: compiled 01-intro_0f10ccc8b3 in 0.12s
Dec 23, 2025 11:00:17 AM org.eclipse.lsp4j.jsonrpc.RemoteEndpoint handleCancellation
WARNING: Unmatched cancel notification for request id 851
2025.12.23 11:00:27 INFO  BSP server: [hint] ./project.scala:4:21
2025.12.23 11:00:27 INFO  BSP server: [hint] "scalacheck is outdated, update to 1.19.0"
2025.12.23 11:00:27 INFO  BSP server: [hint]      scalacheck 1.18.1 -> org.scalacheck::scalacheck:1.19.0
2025.12.23 11:00:27 INFO  BSP server: [hint] //> using test.dep "org.scalacheck::scalacheck:1.18.1"
2025.12.23 11:00:27 INFO  BSP server: [hint]                     ^^^^^^^^^^^^^^^^^^^^^^^^^^^^^^^^^
2025.12.23 11:00:27 INFO  compiling 01-intro_0f10ccc8b3 (1 scala source)
2025.12.23 11:00:27 INFO  time: compiled 01-intro_0f10ccc8b3 in 0.34s
2025.12.23 11:00:32 INFO  BSP server: [hint] ./project.scala:4:21
2025.12.23 11:00:32 INFO  BSP server: [hint] "scalacheck is outdated, update to 1.19.0"
2025.12.23 11:00:32 INFO  BSP server: [hint]      scalacheck 1.18.1 -> org.scalacheck::scalacheck:1.19.0
2025.12.23 11:00:32 INFO  BSP server: [hint] //> using test.dep "org.scalacheck::scalacheck:1.18.1"
2025.12.23 11:00:32 INFO  BSP server: [hint]                     ^^^^^^^^^^^^^^^^^^^^^^^^^^^^^^^^^
2025.12.23 11:00:32 INFO  compiling 01-intro_0f10ccc8b3 (1 scala source)
2025.12.23 11:00:32 INFO  time: compiled 01-intro_0f10ccc8b3-test in 2ms
2025.12.23 11:00:32 INFO  time: compiled 01-intro_0f10ccc8b3 in 0.13s
2025.12.23 11:01:48 WARN  Could not load snapshot text for /home/casperh/GitHub/Computer-Science-ITU/advanced-programming/exercises/01-intro/Exercises.scala
2025.12.23 11:01:48 WARN  Could not load snapshot text for /home/casperh/GitHub/Computer-Science-ITU/advanced-programming/exercises/01-intro/Exercises.scala
2025.12.23 11:01:48 INFO  BSP server: [hint] ./project.scala:4:21
2025.12.23 11:01:48 INFO  BSP server: [hint] "scalacheck is outdated, update to 1.19.0"
2025.12.23 11:01:48 INFO  BSP server: [hint]      scalacheck 1.18.1 -> org.scalacheck::scalacheck:1.19.0
2025.12.23 11:01:48 INFO  BSP server: [hint] //> using test.dep "org.scalacheck::scalacheck:1.18.1"
2025.12.23 11:01:48 INFO  BSP server: [hint]                     ^^^^^^^^^^^^^^^^^^^^^^^^^^^^^^^^^
2025.12.23 11:01:48 INFO  compiling 01-intro_0f10ccc8b3 (1 scala source)
2025.12.23 11:01:48 WARN  Could not load snapshot text for /home/casperh/GitHub/Computer-Science-ITU/advanced-programming/exercises/01-intro/Exercises.scala
2025.12.23 11:01:48 WARN  Could not load snapshot text for /home/casperh/GitHub/Computer-Science-ITU/advanced-programming/exercises/01-intro/Exercises.scala
2025.12.23 11:01:48 WARN  Could not load snapshot text for /home/casperh/GitHub/Computer-Science-ITU/advanced-programming/exercises/01-intro/Exercises.scala
2025.12.23 11:01:48 INFO  time: compiled 01-intro_0f10ccc8b3 in 0.15s
2025.12.23 11:02:20 INFO  BSP server: [hint] ./project.scala:4:21
2025.12.23 11:02:20 INFO  BSP server: [hint] "scalacheck is outdated, update to 1.19.0"
2025.12.23 11:02:20 INFO  BSP server: [hint]      scalacheck 1.18.1 -> org.scalacheck::scalacheck:1.19.0
2025.12.23 11:02:20 INFO  BSP server: [hint] //> using test.dep "org.scalacheck::scalacheck:1.18.1"
2025.12.23 11:02:20 INFO  BSP server: [hint]                     ^^^^^^^^^^^^^^^^^^^^^^^^^^^^^^^^^
2025.12.23 11:02:21 INFO  tracing is disabled for protocol dap-server, to enable tracing of incoming and outgoing JSON messages create an empty file at /home/casperh/GitHub/Computer-Science-ITU/advanced-programming/exercises/01-intro/.metals/dap-server.trace.json or /home/casperh/.cache/metals/dap-server.trace.json
2025.12.23 11:02:21 INFO  tracing is disabled for protocol dap-client, to enable tracing of incoming and outgoing JSON messages create an empty file at /home/casperh/GitHub/Computer-Science-ITU/advanced-programming/exercises/01-intro/.metals/dap-client.trace.json or /home/casperh/.cache/metals/dap-client.trace.json
2025.12.23 11:02:21 INFO  Starting debug proxy for [adpro.intro.printAbs]
2025.12.23 11:02:23 INFO  Loaded expression compiler in 2 seconds
2025.12.23 11:02:23 INFO  Loaded step filter in 612 milliseconds
2025.12.23 11:02:25 INFO  Loaded all sources and classes in 1 second
2025.12.23 11:02:25 INFO  Initialized Scala 3 decoder in 655 milliseconds
2025.12.23 11:02:25 INFO  Trying to attach to remote debuggee VM localhost:45761 .
2025.12.23 11:02:25 INFO  Attaching to debuggee VM succeeded.
2025.12.23 11:02:26 INFO  Closing debug server tcp://0.0.0.0:38813
2025.12.23 11:02:26 INFO  Canceling debug proxy for [adpro.intro.printAbs]
2025.12.23 11:02:38 INFO  BSP server: [hint] ./project.scala:4:21
2025.12.23 11:02:38 INFO  BSP server: [hint] "scalacheck is outdated, update to 1.19.0"
2025.12.23 11:02:38 INFO  BSP server: [hint]      scalacheck 1.18.1 -> org.scalacheck::scalacheck:1.19.0
2025.12.23 11:02:38 INFO  BSP server: [hint] //> using test.dep "org.scalacheck::scalacheck:1.18.1"
2025.12.23 11:02:38 INFO  BSP server: [hint]                     ^^^^^^^^^^^^^^^^^^^^^^^^^^^^^^^^^
2025.12.23 11:02:39 INFO  tracing is disabled for protocol dap-server, to enable tracing of incoming and outgoing JSON messages create an empty file at /home/casperh/GitHub/Computer-Science-ITU/advanced-programming/exercises/01-intro/.metals/dap-server.trace.json or /home/casperh/.cache/metals/dap-server.trace.json
2025.12.23 11:02:39 INFO  tracing is disabled for protocol dap-client, to enable tracing of incoming and outgoing JSON messages create an empty file at /home/casperh/GitHub/Computer-Science-ITU/advanced-programming/exercises/01-intro/.metals/dap-client.trace.json or /home/casperh/.cache/metals/dap-client.trace.json
2025.12.23 11:02:39 INFO  Starting debug proxy for [adpro.intro.ExercisesSpec()]
2025.12.23 11:02:39 INFO  Initialized Scala 3 decoder in 0 milliseconds
2025.12.23 11:02:39 INFO  Trying to attach to remote debuggee VM localhost:51847 .
2025.12.23 11:02:39 INFO  Attaching to debuggee VM succeeded.
2025.12.23 11:02:40 INFO  Canceling debug proxy for [adpro.intro.ExercisesSpec()]
2025.12.23 11:02:40 INFO  Closing debug server tcp://0.0.0.0:42125
2025.12.23 11:02:59 INFO  BSP server: [hint] ./project.scala:4:21
2025.12.23 11:02:59 INFO  BSP server: [hint] "scalacheck is outdated, update to 1.19.0"
2025.12.23 11:02:59 INFO  BSP server: [hint]      scalacheck 1.18.1 -> org.scalacheck::scalacheck:1.19.0
2025.12.23 11:02:59 INFO  BSP server: [hint] //> using test.dep "org.scalacheck::scalacheck:1.18.1"
2025.12.23 11:02:59 INFO  BSP server: [hint]                     ^^^^^^^^^^^^^^^^^^^^^^^^^^^^^^^^^
2025.12.23 11:02:59 INFO  compiling 01-intro_0f10ccc8b3 (1 scala source)
2025.12.23 11:02:59 INFO  time: compiled 01-intro_0f10ccc8b3 in 0.14s
2025.12.23 11:03:03 INFO  BSP server: [hint] ./project.scala:4:21
2025.12.23 11:03:03 INFO  BSP server: [hint] "scalacheck is outdated, update to 1.19.0"
2025.12.23 11:03:03 INFO  BSP server: [hint]      scalacheck 1.18.1 -> org.scalacheck::scalacheck:1.19.0
2025.12.23 11:03:03 INFO  BSP server: [hint] //> using test.dep "org.scalacheck::scalacheck:1.18.1"
2025.12.23 11:03:03 INFO  BSP server: [hint]                     ^^^^^^^^^^^^^^^^^^^^^^^^^^^^^^^^^
2025.12.23 11:03:03 INFO  tracing is disabled for protocol dap-server, to enable tracing of incoming and outgoing JSON messages create an empty file at /home/casperh/GitHub/Computer-Science-ITU/advanced-programming/exercises/01-intro/.metals/dap-server.trace.json or /home/casperh/.cache/metals/dap-server.trace.json
2025.12.23 11:03:03 INFO  tracing is disabled for protocol dap-client, to enable tracing of incoming and outgoing JSON messages create an empty file at /home/casperh/GitHub/Computer-Science-ITU/advanced-programming/exercises/01-intro/.metals/dap-client.trace.json or /home/casperh/.cache/metals/dap-client.trace.json
2025.12.23 11:03:03 INFO  Starting debug proxy for [adpro.intro.ExercisesSpec()]
2025.12.23 11:03:03 INFO  Initialized Scala 3 decoder in 0 milliseconds
2025.12.23 11:03:03 INFO  Trying to attach to remote debuggee VM localhost:60981 .
2025.12.23 11:03:03 INFO  Attaching to debuggee VM succeeded.
2025.12.23 11:03:03 INFO  Canceling debug proxy for [adpro.intro.ExercisesSpec()]
2025.12.23 11:03:03 INFO  Closing debug server tcp://0.0.0.0:36905
2025.12.23 11:03:13 INFO  BSP server: [hint] ./project.scala:4:21
2025.12.23 11:03:13 INFO  BSP server: [hint] "scalacheck is outdated, update to 1.19.0"
2025.12.23 11:03:13 INFO  BSP server: [hint]      scalacheck 1.18.1 -> org.scalacheck::scalacheck:1.19.0
2025.12.23 11:03:13 INFO  BSP server: [hint] //> using test.dep "org.scalacheck::scalacheck:1.18.1"
2025.12.23 11:03:13 INFO  BSP server: [hint]                     ^^^^^^^^^^^^^^^^^^^^^^^^^^^^^^^^^
2025.12.23 11:03:13 INFO  tracing is disabled for protocol dap-server, to enable tracing of incoming and outgoing JSON messages create an empty file at /home/casperh/GitHub/Computer-Science-ITU/advanced-programming/exercises/01-intro/.metals/dap-server.trace.json or /home/casperh/.cache/metals/dap-server.trace.json
2025.12.23 11:03:13 INFO  tracing is disabled for protocol dap-client, to enable tracing of incoming and outgoing JSON messages create an empty file at /home/casperh/GitHub/Computer-Science-ITU/advanced-programming/exercises/01-intro/.metals/dap-client.trace.json or /home/casperh/.cache/metals/dap-client.trace.json
2025.12.23 11:03:13 INFO  Starting debug proxy for [adpro.intro.ExercisesSpec()]
2025.12.23 11:03:13 INFO  Initialized Scala 3 decoder in 1 millisecond
2025.12.23 11:03:13 INFO  Trying to attach to remote debuggee VM localhost:38859 .
2025.12.23 11:03:13 INFO  Attaching to debuggee VM succeeded.
2025.12.23 11:03:13 INFO  Canceling debug proxy for [adpro.intro.ExercisesSpec()]
2025.12.23 11:03:13 INFO  Closing debug server tcp://0.0.0.0:36793
Dec 23, 2025 11:03:50 AM org.eclipse.lsp4j.jsonrpc.services.GenericEndpoint notify
INFO: Unsupported notification method: $/setTrace
Dec 23, 2025 11:03:51 AM org.eclipse.lsp4j.jsonrpc.services.GenericEndpoint notify
INFO: Unsupported notification method: $/setTrace
2025.12.23 11:03:59 INFO  BSP server: [hint] ./project.scala:4:21
2025.12.23 11:03:59 INFO  BSP server: [hint] "scalacheck is outdated, update to 1.19.0"
2025.12.23 11:03:59 INFO  BSP server: [hint]      scalacheck 1.18.1 -> org.scalacheck::scalacheck:1.19.0
2025.12.23 11:03:59 INFO  BSP server: [hint] //> using test.dep "org.scalacheck::scalacheck:1.18.1"
2025.12.23 11:03:59 INFO  BSP server: [hint]                     ^^^^^^^^^^^^^^^^^^^^^^^^^^^^^^^^^
2025.12.23 11:03:59 INFO  tracing is disabled for protocol dap-server, to enable tracing of incoming and outgoing JSON messages create an empty file at /home/casperh/GitHub/Computer-Science-ITU/advanced-programming/exercises/01-intro/.metals/dap-server.trace.json or /home/casperh/.cache/metals/dap-server.trace.json
2025.12.23 11:03:59 INFO  tracing is disabled for protocol dap-client, to enable tracing of incoming and outgoing JSON messages create an empty file at /home/casperh/GitHub/Computer-Science-ITU/advanced-programming/exercises/01-intro/.metals/dap-client.trace.json or /home/casperh/.cache/metals/dap-client.trace.json
2025.12.23 11:03:59 INFO  Starting debug proxy for [adpro.intro.ExercisesSpec()]
2025.12.23 11:03:59 INFO  Initialized Scala 3 decoder in 0 milliseconds
2025.12.23 11:03:59 INFO  Trying to attach to remote debuggee VM localhost:47049 .
2025.12.23 11:03:59 INFO  Attaching to debuggee VM succeeded.
2025.12.23 11:04:00 INFO  Canceling debug proxy for [adpro.intro.ExercisesSpec()]
2025.12.23 11:04:00 INFO  Closing debug server tcp://0.0.0.0:44039
Dec 23, 2025 11:06:12 AM org.eclipse.lsp4j.jsonrpc.RemoteEndpoint handleCancellation
WARNING: Unmatched cancel notification for request id 1588
2025.12.23 11:06:17 INFO  BSP server: [hint] ./project.scala:4:21
2025.12.23 11:06:17 INFO  BSP server: [hint] "scalacheck is outdated, update to 1.19.0"
2025.12.23 11:06:17 INFO  BSP server: [hint]      scalacheck 1.18.1 -> org.scalacheck::scalacheck:1.19.0
2025.12.23 11:06:17 INFO  BSP server: [hint] //> using test.dep "org.scalacheck::scalacheck:1.18.1"
2025.12.23 11:06:17 INFO  BSP server: [hint]                     ^^^^^^^^^^^^^^^^^^^^^^^^^^^^^^^^^
2025.12.23 11:06:17 INFO  compiling 01-intro_0f10ccc8b3 (1 scala source)
2025.12.23 11:06:17 INFO  time: compiled 01-intro_0f10ccc8b3 in 0.37s
2025.12.23 11:06:26 INFO  BSP server: [hint] ./project.scala:4:21
2025.12.23 11:06:26 INFO  BSP server: [hint] "scalacheck is outdated, update to 1.19.0"
2025.12.23 11:06:26 INFO  BSP server: [hint]      scalacheck 1.18.1 -> org.scalacheck::scalacheck:1.19.0
2025.12.23 11:06:26 INFO  BSP server: [hint] //> using test.dep "org.scalacheck::scalacheck:1.18.1"
2025.12.23 11:06:26 INFO  BSP server: [hint]                     ^^^^^^^^^^^^^^^^^^^^^^^^^^^^^^^^^
2025.12.23 11:06:26 INFO  compiling 01-intro_0f10ccc8b3 (1 scala source)
2025.12.23 11:06:26 INFO  time: compiled 01-intro_0f10ccc8b3 in 0.25s
2025.12.23 11:07:30 INFO  BSP server: [hint] ./project.scala:4:21
2025.12.23 11:07:30 INFO  BSP server: [hint] "scalacheck is outdated, update to 1.19.0"
2025.12.23 11:07:30 INFO  BSP server: [hint]      scalacheck 1.18.1 -> org.scalacheck::scalacheck:1.19.0
2025.12.23 11:07:30 INFO  BSP server: [hint] //> using test.dep "org.scalacheck::scalacheck:1.18.1"
2025.12.23 11:07:30 INFO  BSP server: [hint]                     ^^^^^^^^^^^^^^^^^^^^^^^^^^^^^^^^^
2025.12.23 11:07:30 INFO  compiling 01-intro_0f10ccc8b3 (1 scala source)
2025.12.23 11:07:30 INFO  time: compiled 01-intro_0f10ccc8b3 in 0.23s
2025.12.23 11:07:39 INFO  BSP server: [hint] ./project.scala:4:21
2025.12.23 11:07:39 INFO  BSP server: [hint] "scalacheck is outdated, update to 1.19.0"
2025.12.23 11:07:39 INFO  BSP server: [hint]      scalacheck 1.18.1 -> org.scalacheck::scalacheck:1.19.0
2025.12.23 11:07:39 INFO  BSP server: [hint] //> using test.dep "org.scalacheck::scalacheck:1.18.1"
2025.12.23 11:07:39 INFO  BSP server: [hint]                     ^^^^^^^^^^^^^^^^^^^^^^^^^^^^^^^^^
2025.12.23 11:07:39 INFO  compiling 01-intro_0f10ccc8b3 (1 scala source)
2025.12.23 11:07:39 INFO  time: compiled 01-intro_0f10ccc8b3 in 0.11s
2025.12.23 11:07:42 INFO  BSP server: [hint] ./project.scala:4:21
2025.12.23 11:07:42 INFO  BSP server: [hint] "scalacheck is outdated, update to 1.19.0"
2025.12.23 11:07:42 INFO  BSP server: [hint]      scalacheck 1.18.1 -> org.scalacheck::scalacheck:1.19.0
2025.12.23 11:07:42 INFO  BSP server: [hint] //> using test.dep "org.scalacheck::scalacheck:1.18.1"
2025.12.23 11:07:42 INFO  BSP server: [hint]                     ^^^^^^^^^^^^^^^^^^^^^^^^^^^^^^^^^
2025.12.23 11:07:42 INFO  compiling 01-intro_0f10ccc8b3 (1 scala source)
2025.12.23 11:07:42 INFO  time: compiled 01-intro_0f10ccc8b3 in 0.19s
2025.12.23 11:07:45 INFO  BSP server: [hint] ./project.scala:4:21
2025.12.23 11:07:45 INFO  BSP server: [hint] "scalacheck is outdated, update to 1.19.0"
2025.12.23 11:07:45 INFO  BSP server: [hint]      scalacheck 1.18.1 -> org.scalacheck::scalacheck:1.19.0
2025.12.23 11:07:45 INFO  BSP server: [hint] //> using test.dep "org.scalacheck::scalacheck:1.18.1"
2025.12.23 11:07:45 INFO  BSP server: [hint]                     ^^^^^^^^^^^^^^^^^^^^^^^^^^^^^^^^^
2025.12.23 11:07:45 INFO  compiling 01-intro_0f10ccc8b3 (1 scala source)
2025.12.23 11:07:45 INFO  time: compiled 01-intro_0f10ccc8b3 in 0.12s
Dec 23, 2025 11:12:11 AM org.eclipse.lsp4j.jsonrpc.RemoteEndpoint handleCancellation
WARNING: Unmatched cancel notification for request id 2084
Dec 23, 2025 11:13:24 AM org.eclipse.lsp4j.jsonrpc.RemoteEndpoint handleCancellation
WARNING: Unmatched cancel notification for request id 2371
Dec 23, 2025 11:17:14 AM org.eclipse.lsp4j.jsonrpc.RemoteEndpoint handleCancellation
WARNING: Unmatched cancel notification for request id 2991
2025.12.23 11:17:17 INFO  BSP server: [hint] ./project.scala:4:21
2025.12.23 11:17:17 INFO  BSP server: [hint] "scalacheck is outdated, update to 1.19.0"
2025.12.23 11:17:17 INFO  BSP server: [hint]      scalacheck 1.18.1 -> org.scalacheck::scalacheck:1.19.0
2025.12.23 11:17:17 INFO  BSP server: [hint] //> using test.dep "org.scalacheck::scalacheck:1.18.1"
2025.12.23 11:17:17 INFO  BSP server: [hint]                     ^^^^^^^^^^^^^^^^^^^^^^^^^^^^^^^^^
2025.12.23 11:17:17 INFO  compiling 01-intro_0f10ccc8b3 (1 scala source)
2025.12.23 11:17:17 INFO  time: compiled 01-intro_0f10ccc8b3 in 0.29s
2025.12.23 11:17:44 INFO  BSP server: [hint] ./project.scala:4:21
2025.12.23 11:17:44 INFO  BSP server: [hint] "scalacheck is outdated, update to 1.19.0"
2025.12.23 11:17:44 INFO  BSP server: [hint]      scalacheck 1.18.1 -> org.scalacheck::scalacheck:1.19.0
2025.12.23 11:17:44 INFO  BSP server: [hint] //> using test.dep "org.scalacheck::scalacheck:1.18.1"
2025.12.23 11:17:44 INFO  BSP server: [hint]                     ^^^^^^^^^^^^^^^^^^^^^^^^^^^^^^^^^
2025.12.23 11:17:45 INFO  compiling 01-intro_0f10ccc8b3 (1 scala source)
2025.12.23 11:17:45 INFO  time: compiled 01-intro_0f10ccc8b3 in 0.18s
2025.12.23 11:17:57 INFO  BSP server: [hint] ./project.scala:4:21
2025.12.23 11:17:57 INFO  BSP server: [hint] "scalacheck is outdated, update to 1.19.0"
2025.12.23 11:17:57 INFO  BSP server: [hint]      scalacheck 1.18.1 -> org.scalacheck::scalacheck:1.19.0
2025.12.23 11:17:57 INFO  BSP server: [hint] //> using test.dep "org.scalacheck::scalacheck:1.18.1"
2025.12.23 11:17:57 INFO  BSP server: [hint]                     ^^^^^^^^^^^^^^^^^^^^^^^^^^^^^^^^^
2025.12.23 11:17:57 INFO  compiling 01-intro_0f10ccc8b3 (1 scala source)
2025.12.23 11:17:57 INFO  time: compiled 01-intro_0f10ccc8b3 in 0.13s
2025.12.23 11:18:14 INFO  BSP server: [hint] ./project.scala:4:21
2025.12.23 11:18:14 INFO  BSP server: [hint] "scalacheck is outdated, update to 1.19.0"
2025.12.23 11:18:14 INFO  BSP server: [hint]      scalacheck 1.18.1 -> org.scalacheck::scalacheck:1.19.0
2025.12.23 11:18:14 INFO  BSP server: [hint] //> using test.dep "org.scalacheck::scalacheck:1.18.1"
2025.12.23 11:18:14 INFO  BSP server: [hint]                     ^^^^^^^^^^^^^^^^^^^^^^^^^^^^^^^^^
2025.12.23 11:18:14 INFO  compiling 01-intro_0f10ccc8b3 (1 scala source)
2025.12.23 11:18:14 INFO  time: compiled 01-intro_0f10ccc8b3 in 0.12s
2025.12.23 11:18:38 INFO  BSP server: [hint] ./project.scala:4:21
2025.12.23 11:18:38 INFO  BSP server: [hint] "scalacheck is outdated, update to 1.19.0"
2025.12.23 11:18:38 INFO  BSP server: [hint]      scalacheck 1.18.1 -> org.scalacheck::scalacheck:1.19.0
2025.12.23 11:18:38 INFO  BSP server: [hint] //> using test.dep "org.scalacheck::scalacheck:1.18.1"
2025.12.23 11:18:38 INFO  BSP server: [hint]                     ^^^^^^^^^^^^^^^^^^^^^^^^^^^^^^^^^
2025.12.23 11:18:38 INFO  compiling 01-intro_0f10ccc8b3 (1 scala source)
2025.12.23 11:18:38 INFO  time: compiled 01-intro_0f10ccc8b3 in 0.11s
2025.12.23 11:20:24 INFO  BSP server: [hint] ./project.scala:4:21
2025.12.23 11:20:24 INFO  BSP server: [hint] "scalacheck is outdated, update to 1.19.0"
2025.12.23 11:20:24 INFO  BSP server: [hint]      scalacheck 1.18.1 -> org.scalacheck::scalacheck:1.19.0
2025.12.23 11:20:24 INFO  BSP server: [hint] //> using test.dep "org.scalacheck::scalacheck:1.18.1"
2025.12.23 11:20:24 INFO  BSP server: [hint]                     ^^^^^^^^^^^^^^^^^^^^^^^^^^^^^^^^^
2025.12.23 11:20:24 INFO  compiling 01-intro_0f10ccc8b3 (1 scala source)
2025.12.23 11:20:24 INFO  time: compiled 01-intro_0f10ccc8b3 in 95ms
Dec 23, 2025 11:20:39 AM org.eclipse.lsp4j.jsonrpc.RemoteEndpoint handleCancellation
WARNING: Unmatched cancel notification for request id 3295
2025.12.23 11:20:48 INFO  BSP server: [hint] ./project.scala:4:21
2025.12.23 11:20:48 INFO  BSP server: [hint] "scalacheck is outdated, update to 1.19.0"
2025.12.23 11:20:48 INFO  BSP server: [hint]      scalacheck 1.18.1 -> org.scalacheck::scalacheck:1.19.0
2025.12.23 11:20:48 INFO  BSP server: [hint] //> using test.dep "org.scalacheck::scalacheck:1.18.1"
2025.12.23 11:20:48 INFO  BSP server: [hint]                     ^^^^^^^^^^^^^^^^^^^^^^^^^^^^^^^^^
2025.12.23 11:20:48 INFO  compiling 01-intro_0f10ccc8b3 (1 scala source)
2025.12.23 11:20:48 INFO  time: compiled 01-intro_0f10ccc8b3 in 88ms
Dec 23, 2025 11:20:49 AM org.eclipse.lsp4j.jsonrpc.RemoteEndpoint handleCancellation
WARNING: Unmatched cancel notification for request id 3359
2025.12.23 11:21:12 INFO  BSP server: [hint] ./project.scala:4:21
2025.12.23 11:21:12 INFO  BSP server: [hint] "scalacheck is outdated, update to 1.19.0"
2025.12.23 11:21:12 INFO  BSP server: [hint]      scalacheck 1.18.1 -> org.scalacheck::scalacheck:1.19.0
2025.12.23 11:21:12 INFO  BSP server: [hint] //> using test.dep "org.scalacheck::scalacheck:1.18.1"
2025.12.23 11:21:12 INFO  BSP server: [hint]                     ^^^^^^^^^^^^^^^^^^^^^^^^^^^^^^^^^
2025.12.23 11:21:12 INFO  compiling 01-intro_0f10ccc8b3 (1 scala source)
2025.12.23 11:21:12 INFO  time: compiled 01-intro_0f10ccc8b3 in 0.16s
2025.12.23 11:21:15 INFO  BSP server: [hint] ./project.scala:4:21
2025.12.23 11:21:15 INFO  BSP server: [hint] "scalacheck is outdated, update to 1.19.0"
2025.12.23 11:21:15 INFO  BSP server: [hint]      scalacheck 1.18.1 -> org.scalacheck::scalacheck:1.19.0
2025.12.23 11:21:15 INFO  BSP server: [hint] //> using test.dep "org.scalacheck::scalacheck:1.18.1"
2025.12.23 11:21:15 INFO  BSP server: [hint]                     ^^^^^^^^^^^^^^^^^^^^^^^^^^^^^^^^^
2025.12.23 11:21:15 INFO  compiling 01-intro_0f10ccc8b3 (1 scala source)
2025.12.23 11:21:15 INFO  time: compiled 01-intro_0f10ccc8b3 in 88ms
2025.12.23 11:21:18 INFO  BSP server: [hint] ./project.scala:4:21
2025.12.23 11:21:18 INFO  BSP server: [hint] "scalacheck is outdated, update to 1.19.0"
2025.12.23 11:21:18 INFO  BSP server: [hint]      scalacheck 1.18.1 -> org.scalacheck::scalacheck:1.19.0
2025.12.23 11:21:18 INFO  BSP server: [hint] //> using test.dep "org.scalacheck::scalacheck:1.18.1"
2025.12.23 11:21:18 INFO  BSP server: [hint]                     ^^^^^^^^^^^^^^^^^^^^^^^^^^^^^^^^^
2025.12.23 11:21:18 INFO  time: compiled 01-intro_0f10ccc8b3 in 1ms
Dec 23, 2025 11:22:52 AM org.eclipse.lsp4j.jsonrpc.RemoteEndpoint handleCancellation
WARNING: Unmatched cancel notification for request id 3620
2025.12.23 11:22:58 INFO  BSP server: [hint] ./project.scala:4:21
2025.12.23 11:22:58 INFO  BSP server: [hint] "scalacheck is outdated, update to 1.19.0"
2025.12.23 11:22:58 INFO  BSP server: [hint]      scalacheck 1.18.1 -> org.scalacheck::scalacheck:1.19.0
2025.12.23 11:22:58 INFO  BSP server: [hint] //> using test.dep "org.scalacheck::scalacheck:1.18.1"
2025.12.23 11:22:58 INFO  BSP server: [hint]                     ^^^^^^^^^^^^^^^^^^^^^^^^^^^^^^^^^
2025.12.23 11:22:58 INFO  compiling 01-intro_0f10ccc8b3 (1 scala source)
2025.12.23 11:22:58 INFO  time: compiled 01-intro_0f10ccc8b3 in 86ms
2025.12.23 11:23:59 INFO  BSP server: [hint] ./project.scala:4:21
2025.12.23 11:23:59 INFO  BSP server: [hint] "scalacheck is outdated, update to 1.19.0"
2025.12.23 11:23:59 INFO  BSP server: [hint]      scalacheck 1.18.1 -> org.scalacheck::scalacheck:1.19.0
2025.12.23 11:23:59 INFO  BSP server: [hint] //> using test.dep "org.scalacheck::scalacheck:1.18.1"
2025.12.23 11:23:59 INFO  BSP server: [hint]                     ^^^^^^^^^^^^^^^^^^^^^^^^^^^^^^^^^
2025.12.23 11:23:59 INFO  compiling 01-intro_0f10ccc8b3 (1 scala source)
2025.12.23 11:23:59 INFO  time: compiled 01-intro_0f10ccc8b3 in 0.3s
2025.12.23 11:24:04 INFO  BSP server: [hint] ./project.scala:4:21
2025.12.23 11:24:04 INFO  BSP server: [hint] "scalacheck is outdated, update to 1.19.0"
2025.12.23 11:24:04 INFO  BSP server: [hint]      scalacheck 1.18.1 -> org.scalacheck::scalacheck:1.19.0
2025.12.23 11:24:04 INFO  BSP server: [hint] //> using test.dep "org.scalacheck::scalacheck:1.18.1"
2025.12.23 11:24:04 INFO  BSP server: [hint]                     ^^^^^^^^^^^^^^^^^^^^^^^^^^^^^^^^^
2025.12.23 11:24:04 INFO  compiling 01-intro_0f10ccc8b3 (1 scala source)
2025.12.23 11:24:04 INFO  time: compiled 01-intro_0f10ccc8b3 in 0.15s
Dec 23, 2025 11:25:19 AM org.eclipse.lsp4j.jsonrpc.RemoteEndpoint handleCancellation
WARNING: Unmatched cancel notification for request id 3903
2025.12.23 11:25:21 INFO  BSP server: [hint] ./project.scala:4:21
2025.12.23 11:25:21 INFO  BSP server: [hint] "scalacheck is outdated, update to 1.19.0"
2025.12.23 11:25:21 INFO  BSP server: [hint]      scalacheck 1.18.1 -> org.scalacheck::scalacheck:1.19.0
2025.12.23 11:25:21 INFO  BSP server: [hint] //> using test.dep "org.scalacheck::scalacheck:1.18.1"
2025.12.23 11:25:21 INFO  BSP server: [hint]                     ^^^^^^^^^^^^^^^^^^^^^^^^^^^^^^^^^
2025.12.23 11:25:21 INFO  compiling 01-intro_0f10ccc8b3 (1 scala source)
2025.12.23 11:25:21 INFO  time: compiled 01-intro_0f10ccc8b3 in 0.27s
2025.12.23 11:25:32 INFO  BSP server: [hint] ./project.scala:4:21
2025.12.23 11:25:32 INFO  BSP server: [hint] "scalacheck is outdated, update to 1.19.0"
2025.12.23 11:25:32 INFO  BSP server: [hint]      scalacheck 1.18.1 -> org.scalacheck::scalacheck:1.19.0
2025.12.23 11:25:32 INFO  BSP server: [hint] //> using test.dep "org.scalacheck::scalacheck:1.18.1"
2025.12.23 11:25:32 INFO  BSP server: [hint]                     ^^^^^^^^^^^^^^^^^^^^^^^^^^^^^^^^^
2025.12.23 11:25:32 INFO  compiling 01-intro_0f10ccc8b3 (1 scala source)
2025.12.23 11:25:32 INFO  time: compiled 01-intro_0f10ccc8b3 in 87ms
2025.12.23 11:25:35 INFO  BSP server: [hint] ./project.scala:4:21
2025.12.23 11:25:35 INFO  BSP server: [hint] "scalacheck is outdated, update to 1.19.0"
2025.12.23 11:25:35 INFO  BSP server: [hint]      scalacheck 1.18.1 -> org.scalacheck::scalacheck:1.19.0
2025.12.23 11:25:35 INFO  BSP server: [hint] //> using test.dep "org.scalacheck::scalacheck:1.18.1"
2025.12.23 11:25:35 INFO  BSP server: [hint]                     ^^^^^^^^^^^^^^^^^^^^^^^^^^^^^^^^^
2025.12.23 11:25:35 INFO  compiling 01-intro_0f10ccc8b3 (1 scala source)
2025.12.23 11:25:35 INFO  time: compiled 01-intro_0f10ccc8b3 in 0.18s
2025.12.23 11:26:04 INFO  BSP server: [hint] ./project.scala:4:21
2025.12.23 11:26:04 INFO  BSP server: [hint] "scalacheck is outdated, update to 1.19.0"
2025.12.23 11:26:04 INFO  BSP server: [hint]      scalacheck 1.18.1 -> org.scalacheck::scalacheck:1.19.0
2025.12.23 11:26:04 INFO  BSP server: [hint] //> using test.dep "org.scalacheck::scalacheck:1.18.1"
2025.12.23 11:26:04 INFO  BSP server: [hint]                     ^^^^^^^^^^^^^^^^^^^^^^^^^^^^^^^^^
2025.12.23 11:26:04 INFO  compiling 01-intro_0f10ccc8b3 (1 scala source)
2025.12.23 11:26:04 INFO  time: compiled 01-intro_0f10ccc8b3 in 82ms
2025.12.23 11:27:23 INFO  BSP server: [hint] ./project.scala:4:21
2025.12.23 11:27:23 INFO  BSP server: [hint] "scalacheck is outdated, update to 1.19.0"
2025.12.23 11:27:23 INFO  BSP server: [hint]      scalacheck 1.18.1 -> org.scalacheck::scalacheck:1.19.0
2025.12.23 11:27:23 INFO  BSP server: [hint] //> using test.dep "org.scalacheck::scalacheck:1.18.1"
2025.12.23 11:27:23 INFO  BSP server: [hint]                     ^^^^^^^^^^^^^^^^^^^^^^^^^^^^^^^^^
2025.12.23 11:27:23 INFO  compiling 01-intro_0f10ccc8b3 (1 scala source)
2025.12.23 11:27:23 INFO  time: compiled 01-intro_0f10ccc8b3 in 0.12s
2025.12.23 11:27:29 INFO  BSP server: [hint] ./project.scala:4:21
2025.12.23 11:27:29 INFO  BSP server: [hint] "scalacheck is outdated, update to 1.19.0"
2025.12.23 11:27:29 INFO  BSP server: [hint]      scalacheck 1.18.1 -> org.scalacheck::scalacheck:1.19.0
2025.12.23 11:27:29 INFO  BSP server: [hint] //> using test.dep "org.scalacheck::scalacheck:1.18.1"
2025.12.23 11:27:29 INFO  BSP server: [hint]                     ^^^^^^^^^^^^^^^^^^^^^^^^^^^^^^^^^
2025.12.23 11:27:29 INFO  compiling 01-intro_0f10ccc8b3 (1 scala source)
2025.12.23 11:27:29 INFO  time: compiled 01-intro_0f10ccc8b3 in 82ms
2025.12.23 11:27:56 INFO  BSP server: [hint] ./project.scala:4:21
2025.12.23 11:27:56 INFO  BSP server: [hint] "scalacheck is outdated, update to 1.19.0"
2025.12.23 11:27:56 INFO  BSP server: [hint]      scalacheck 1.18.1 -> org.scalacheck::scalacheck:1.19.0
2025.12.23 11:27:56 INFO  BSP server: [hint] //> using test.dep "org.scalacheck::scalacheck:1.18.1"
2025.12.23 11:27:56 INFO  BSP server: [hint]                     ^^^^^^^^^^^^^^^^^^^^^^^^^^^^^^^^^
2025.12.23 11:27:56 INFO  compiling 01-intro_0f10ccc8b3 (1 scala source)
2025.12.23 11:27:56 INFO  time: compiled 01-intro_0f10ccc8b3 in 0.22s
2025.12.23 11:27:57 INFO  BSP server: [hint] ./project.scala:4:21
2025.12.23 11:27:57 INFO  BSP server: [hint] "scalacheck is outdated, update to 1.19.0"
2025.12.23 11:27:57 INFO  BSP server: [hint]      scalacheck 1.18.1 -> org.scalacheck::scalacheck:1.19.0
2025.12.23 11:27:57 INFO  BSP server: [hint] //> using test.dep "org.scalacheck::scalacheck:1.18.1"
2025.12.23 11:27:57 INFO  BSP server: [hint]                     ^^^^^^^^^^^^^^^^^^^^^^^^^^^^^^^^^
2025.12.23 11:27:57 INFO  compiling 01-intro_0f10ccc8b3 (1 scala source)
2025.12.23 11:27:57 INFO  time: compiled 01-intro_0f10ccc8b3 in 0.21s
2025.12.23 11:28:00 INFO  BSP server: [hint] ./project.scala:4:21
2025.12.23 11:28:00 INFO  BSP server: [hint] "scalacheck is outdated, update to 1.19.0"
2025.12.23 11:28:00 INFO  BSP server: [hint]      scalacheck 1.18.1 -> org.scalacheck::scalacheck:1.19.0
2025.12.23 11:28:00 INFO  BSP server: [hint] //> using test.dep "org.scalacheck::scalacheck:1.18.1"
2025.12.23 11:28:00 INFO  BSP server: [hint]                     ^^^^^^^^^^^^^^^^^^^^^^^^^^^^^^^^^
2025.12.23 11:28:00 INFO  compiling 01-intro_0f10ccc8b3 (1 scala source)
2025.12.23 11:28:00 INFO  time: compiled 01-intro_0f10ccc8b3 in 89ms
2025.12.23 11:28:02 INFO  BSP server: [hint] ./project.scala:4:21
2025.12.23 11:28:02 INFO  BSP server: [hint] "scalacheck is outdated, update to 1.19.0"
2025.12.23 11:28:02 INFO  BSP server: [hint]      scalacheck 1.18.1 -> org.scalacheck::scalacheck:1.19.0
2025.12.23 11:28:02 INFO  BSP server: [hint] //> using test.dep "org.scalacheck::scalacheck:1.18.1"
2025.12.23 11:28:02 INFO  BSP server: [hint]                     ^^^^^^^^^^^^^^^^^^^^^^^^^^^^^^^^^
2025.12.23 11:28:02 INFO  compiling 01-intro_0f10ccc8b3 (1 scala source)
2025.12.23 11:28:02 INFO  time: compiled 01-intro_0f10ccc8b3 in 0.18s
2025.12.23 11:28:08 INFO  BSP server: [hint] ./project.scala:4:21
2025.12.23 11:28:08 INFO  BSP server: [hint] "scalacheck is outdated, update to 1.19.0"
2025.12.23 11:28:08 INFO  BSP server: [hint]      scalacheck 1.18.1 -> org.scalacheck::scalacheck:1.19.0
2025.12.23 11:28:08 INFO  BSP server: [hint] //> using test.dep "org.scalacheck::scalacheck:1.18.1"
2025.12.23 11:28:08 INFO  BSP server: [hint]                     ^^^^^^^^^^^^^^^^^^^^^^^^^^^^^^^^^
2025.12.23 11:28:08 INFO  compiling 01-intro_0f10ccc8b3 (1 scala source)
2025.12.23 11:28:08 INFO  time: compiled 01-intro_0f10ccc8b3 in 79ms
2025.12.23 11:29:41 INFO  BSP server: [hint] ./project.scala:4:21
2025.12.23 11:29:41 INFO  BSP server: [hint] "scalacheck is outdated, update to 1.19.0"
2025.12.23 11:29:41 INFO  BSP server: [hint]      scalacheck 1.18.1 -> org.scalacheck::scalacheck:1.19.0
2025.12.23 11:29:41 INFO  BSP server: [hint] //> using test.dep "org.scalacheck::scalacheck:1.18.1"
2025.12.23 11:29:41 INFO  BSP server: [hint]                     ^^^^^^^^^^^^^^^^^^^^^^^^^^^^^^^^^
2025.12.23 11:29:41 INFO  compiling 01-intro_0f10ccc8b3 (1 scala source)
2025.12.23 11:29:41 INFO  time: compiled 01-intro_0f10ccc8b3 in 0.15s
2025.12.23 11:30:32 INFO  BSP server: [hint] ./project.scala:4:21
2025.12.23 11:30:32 INFO  BSP server: [hint] "scalacheck is outdated, update to 1.19.0"
2025.12.23 11:30:32 INFO  BSP server: [hint]      scalacheck 1.18.1 -> org.scalacheck::scalacheck:1.19.0
2025.12.23 11:30:32 INFO  BSP server: [hint] //> using test.dep "org.scalacheck::scalacheck:1.18.1"
2025.12.23 11:30:32 INFO  BSP server: [hint]                     ^^^^^^^^^^^^^^^^^^^^^^^^^^^^^^^^^
2025.12.23 11:30:32 INFO  compiling 01-intro_0f10ccc8b3 (1 scala source)
2025.12.23 11:30:32 INFO  time: compiled 01-intro_0f10ccc8b3 in 0.15s
2025.12.23 11:31:17 INFO  BSP server: [hint] ./project.scala:4:21
2025.12.23 11:31:17 INFO  BSP server: [hint] "scalacheck is outdated, update to 1.19.0"
2025.12.23 11:31:17 INFO  BSP server: [hint]      scalacheck 1.18.1 -> org.scalacheck::scalacheck:1.19.0
2025.12.23 11:31:17 INFO  BSP server: [hint] //> using test.dep "org.scalacheck::scalacheck:1.18.1"
2025.12.23 11:31:17 INFO  BSP server: [hint]                     ^^^^^^^^^^^^^^^^^^^^^^^^^^^^^^^^^
2025.12.23 11:31:17 INFO  compiling 01-intro_0f10ccc8b3 (1 scala source)
2025.12.23 11:31:17 INFO  time: compiled 01-intro_0f10ccc8b3 in 0.16s
2025.12.23 11:31:20 INFO  BSP server: [hint] ./project.scala:4:21
2025.12.23 11:31:20 INFO  BSP server: [hint] "scalacheck is outdated, update to 1.19.0"
2025.12.23 11:31:20 INFO  BSP server: [hint]      scalacheck 1.18.1 -> org.scalacheck::scalacheck:1.19.0
2025.12.23 11:31:20 INFO  BSP server: [hint] //> using test.dep "org.scalacheck::scalacheck:1.18.1"
2025.12.23 11:31:20 INFO  BSP server: [hint]                     ^^^^^^^^^^^^^^^^^^^^^^^^^^^^^^^^^
2025.12.23 11:31:20 INFO  compiling 01-intro_0f10ccc8b3 (1 scala source)
2025.12.23 11:31:20 INFO  time: compiled 01-intro_0f10ccc8b3 in 0.13s
2025.12.23 11:33:03 INFO  Shutting down server
2025.12.23 11:33:03 INFO  shutting down Metals
2025.12.23 11:33:03 INFO  Shut down connection with build server.
2025.12.23 11:33:03 INFO  Exiting server
