2025.09.09 07:46:04 INFO  no build target found for /home/casperh/GitHub/Computer-Science-ITU/advanced-programming/excercises/03-option/Exercises.scala. Using presentation compiler with project's scala-library version: 3.3.6[0m
2025.09.09 07:46:05 INFO  Running List(/home/casperh/.local/bin/scala-cli, setup-ide, /home/casperh/GitHub/Computer-Science-ITU)[0m
2025.09.09 07:46:05 INFO  Attempting to connect to the build server...[0m
2025.09.09 07:46:05 INFO  Running BSP server List(/home/casperh/.local/bin/scala-cli, bsp, --json-options, /home/casperh/GitHub/Computer-Science-ITU/.scala-build/ide-options-v2.json, --json-launcher-options, /home/casperh/GitHub/Computer-Science-ITU/.scala-build/ide-launcher-options.json, --envs-file, /home/casperh/GitHub/Computer-Science-ITU/.scala-build/ide-envs.json, /home/casperh/GitHub/Computer-Science-ITU)[0m
2025.09.09 07:46:05 INFO  tracing is disabled for protocol BSP, to enable tracing of incoming and outgoing JSON messages create an empty file at /home/casperh/GitHub/Computer-Science-ITU/.metals/bsp.trace.json or /home/casperh/.cache/metals/bsp.trace.json[0m
2025.09.09 07:46:06 INFO  BSP server: [warn] ./advanced-programming/excercises/01week-intro/project.scala:1:1[0m
2025.09.09 07:46:06 INFO  BSP server: [warn] Using directives detected in multiple files. It is recommended to keep them centralized in the /home/casperh/GitHub/Computer-Science-ITU/project.scala file.[0m
2025.09.09 07:46:06 INFO  BSP server: [warn] ./advanced-programming/excercises/02-adt/project.scala:1:1[0m
2025.09.09 07:46:06 INFO  BSP server: [warn] Using directives detected in multiple files. It is recommended to keep them centralized in the /home/casperh/GitHub/Computer-Science-ITU/project.scala file.[0m
2025.09.09 07:46:06 INFO  BSP server: [warn] ./advanced-programming/excercises/03-option/project.scala:1:1[0m
2025.09.09 07:46:06 INFO  BSP server: [warn] Using directives detected in multiple files. It is recommended to keep them centralized in the /home/casperh/GitHub/Computer-Science-ITU/project.scala file.[0m
2025.09.09 07:46:06 INFO  BSP server: [warn] ./advanced-programming/excercises/01week-intro/project.scala:1:1[0m
2025.09.09 07:46:06 INFO  BSP server: [warn] Using directives detected in multiple files. It is recommended to keep them centralized in the /home/casperh/GitHub/Computer-Science-ITU/project.scala file.[0m
2025.09.09 07:46:06 INFO  BSP server: [warn] ./advanced-programming/excercises/02-adt/project.scala:1:1[0m
2025.09.09 07:46:06 INFO  BSP server: [warn] Using directives detected in multiple files. It is recommended to keep them centralized in the /home/casperh/GitHub/Computer-Science-ITU/project.scala file.[0m
2025.09.09 07:46:06 INFO  BSP server: [warn] ./advanced-programming/excercises/03-option/project.scala:1:1[0m
2025.09.09 07:46:06 INFO  BSP server: [warn] Using directives detected in multiple files. It is recommended to keep them centralized in the /home/casperh/GitHub/Computer-Science-ITU/project.scala file.[0m
2025.09.09 07:46:06 INFO  BSP server: [hint] ./advanced-programming/excercises/01week-intro/project.scala:4:21[0m
2025.09.09 07:46:06 INFO  BSP server: [hint] "scalacheck is outdated, update to 1.19.0"[0m
2025.09.09 07:46:06 INFO  BSP server: [hint]      scalacheck 1.18.1 -> org.scalacheck::scalacheck:1.19.0[0m
2025.09.09 07:46:06 INFO  BSP server: [hint] //> using test.dep "org.scalacheck::scalacheck:1.18.1"[0m
2025.09.09 07:46:06 INFO  BSP server: [hint]                     ^^^^^^^^^^^^^^^^^^^^^^^^^^^^^^^^^[0m
2025.09.09 07:46:05 INFO  time: Connected to build server in 0.8s[0m
2025.09.09 07:46:06 INFO  Connected to Build server: scala-cli v1.8.5[0m
2025.09.09 07:46:06 INFO  BSP server: [warn] ./advanced-programming/excercises/01week-intro/project.scala:1:1[0m
2025.09.09 07:46:06 INFO  BSP server: [warn] Using directives detected in multiple files. It is recommended to keep them centralized in the /home/casperh/GitHub/Computer-Science-ITU/project.scala file.[0m
2025.09.09 07:46:06 INFO  BSP server: [warn] ./advanced-programming/excercises/02-adt/project.scala:1:1[0m
2025.09.09 07:46:06 INFO  BSP server: [warn] Using directives detected in multiple files. It is recommended to keep them centralized in the /home/casperh/GitHub/Computer-Science-ITU/project.scala file.[0m
2025.09.09 07:46:06 INFO  BSP server: [warn] ./advanced-programming/excercises/03-option/project.scala:1:1[0m
2025.09.09 07:46:06 INFO  BSP server: [warn] Using directives detected in multiple files. It is recommended to keep them centralized in the /home/casperh/GitHub/Computer-Science-ITU/project.scala file.[0m
2025.09.09 07:46:06 INFO  time: Imported build in 0.12s[0m
2025.09.09 07:46:06 INFO  BSP server: [hint] ./advanced-programming/excercises/01week-intro/project.scala:4:21[0m
2025.09.09 07:46:06 INFO  BSP server: [hint] "scalacheck is outdated, update to 1.19.0"[0m
2025.09.09 07:46:06 INFO  BSP server: [hint]      scalacheck 1.18.1 -> org.scalacheck::scalacheck:1.19.0[0m
2025.09.09 07:46:06 INFO  BSP server: [hint] //> using test.dep "org.scalacheck::scalacheck:1.18.1"[0m
2025.09.09 07:46:06 INFO  BSP server: [hint]                     ^^^^^^^^^^^^^^^^^^^^^^^^^^^^^^^^^[0m
2025.09.09 07:46:07 INFO  compiling computer-science-itu_d5c0a6989e (10 scala sources and 1 java source)[0m
2025.09.09 07:46:09 WARN  Could not find java sources in /usr/lib/jvm/src.zip, /usr/lib/jvm/lib/src.zip, /usr/lib/jvm/java-17-openjdk-amd64/src.zip, /usr/lib/jvm/java-17-openjdk-amd64/lib/src.zip. Java symbols will not be available.[0m
2025.09.09 07:46:09 INFO  time: indexed workspace in 3.34s[0m
2025.09.09 07:46:12 INFO  time: compiled Computer-Science-ITU_d5c0a6989e in 5.52s[0m
2025.09.09 07:46:12 INFO  compiling computer-science-itu_d5c0a6989e-test (4 scala sources)[0m
2025.09.09 07:46:15 INFO  time: compiled Computer-Science-ITU_d5c0a6989e-test in 2.8s[0m
2025.09.09 07:46:15 INFO  BSP server: [warn] ./advanced-programming/excercises/01week-intro/project.scala:1:1[0m
2025.09.09 07:46:15 INFO  BSP server: [warn] Using directives detected in multiple files. It is recommended to keep them centralized in the /home/casperh/GitHub/Computer-Science-ITU/project.scala file.[0m
2025.09.09 07:46:15 INFO  BSP server: [warn] ./advanced-programming/excercises/02-adt/project.scala:1:1[0m
2025.09.09 07:46:15 INFO  BSP server: [warn] Using directives detected in multiple files. It is recommended to keep them centralized in the /home/casperh/GitHub/Computer-Science-ITU/project.scala file.[0m
2025.09.09 07:46:15 INFO  BSP server: [warn] ./advanced-programming/excercises/03-option/project.scala:1:1[0m
2025.09.09 07:46:15 INFO  BSP server: [warn] Using directives detected in multiple files. It is recommended to keep them centralized in the /home/casperh/GitHub/Computer-Science-ITU/project.scala file.[0m
2025.09.09 07:46:15 INFO  BSP server: [hint] ./advanced-programming/excercises/01week-intro/project.scala:4:21[0m
2025.09.09 07:46:15 INFO  BSP server: [hint] "scalacheck is outdated, update to 1.19.0"[0m
2025.09.09 07:46:15 INFO  BSP server: [hint]      scalacheck 1.18.1 -> org.scalacheck::scalacheck:1.19.0[0m
2025.09.09 07:46:15 INFO  BSP server: [hint] //> using test.dep "org.scalacheck::scalacheck:1.18.1"[0m
2025.09.09 07:46:15 INFO  BSP server: [hint]                     ^^^^^^^^^^^^^^^^^^^^^^^^^^^^^^^^^[0m
2025.09.09 07:53:53 INFO  BSP server: [warn] ./advanced-programming/excercises/01week-intro/project.scala:1:1[0m
2025.09.09 07:53:53 INFO  BSP server: [warn] Using directives detected in multiple files. It is recommended to keep them centralized in the /home/casperh/GitHub/Computer-Science-ITU/project.scala file.[0m
2025.09.09 07:53:53 INFO  BSP server: [warn] ./advanced-programming/excercises/02-adt/project.scala:1:1[0m
2025.09.09 07:53:53 INFO  BSP server: [warn] Using directives detected in multiple files. It is recommended to keep them centralized in the /home/casperh/GitHub/Computer-Science-ITU/project.scala file.[0m
2025.09.09 07:53:53 INFO  BSP server: [warn] ./advanced-programming/excercises/03-option/project.scala:1:1[0m
2025.09.09 07:53:53 INFO  BSP server: [warn] Using directives detected in multiple files. It is recommended to keep them centralized in the /home/casperh/GitHub/Computer-Science-ITU/project.scala file.[0m
2025.09.09 07:53:53 INFO  BSP server: [hint] ./advanced-programming/excercises/01week-intro/project.scala:4:21[0m
2025.09.09 07:53:53 INFO  BSP server: [hint] "scalacheck is outdated, update to 1.19.0"[0m
2025.09.09 07:53:53 INFO  BSP server: [hint]      scalacheck 1.18.1 -> org.scalacheck::scalacheck:1.19.0[0m
2025.09.09 07:53:53 INFO  BSP server: [hint] //> using test.dep "org.scalacheck::scalacheck:1.18.1"[0m
2025.09.09 07:53:53 INFO  BSP server: [hint]                     ^^^^^^^^^^^^^^^^^^^^^^^^^^^^^^^^^[0m
2025.09.09 07:53:53 INFO  compiling computer-science-itu_d5c0a6989e (1 scala source)[0m
2025.09.09 07:53:53 INFO  time: compiled Computer-Science-ITU_d5c0a6989e in 0.33s[0m
2025.09.09 07:53:53 INFO  compiling computer-science-itu_d5c0a6989e (1 scala source)[0m
2025.09.09 07:53:53 INFO  time: compiled Computer-Science-ITU_d5c0a6989e in 0.24s[0m
2025.09.09 07:57:33 INFO  BSP server: [E] Caught java.lang.InterruptedException[0m
2025.09.09 07:57:33 INFO  BSP server: Bloop 'bsp' command exited with code 1. Something may be wrong with the current configuration.[0m
2025.09.09 07:57:33 INFO  BSP server: Running the clean sub-command to clear the working directory and remove caches might help.[0m
2025.09.09 07:57:33 INFO  BSP server: If the error persists, please report the issue as a bug and attach a log with increased verbosity by passing -v -v -v.[0m
2025.09.09 07:59:47 INFO  BSP server: [warn] ./advanced-programming/excercises/01week-intro/project.scala:1:1[0m
2025.09.09 07:59:47 INFO  BSP server: [warn] Using directives detected in multiple files. It is recommended to keep them centralized in the /home/casperh/GitHub/Computer-Science-ITU/project.scala file.[0m
2025.09.09 07:59:47 INFO  BSP server: [warn] ./advanced-programming/excercises/02-adt/project.scala:1:1[0m
2025.09.09 07:59:47 INFO  BSP server: [warn] Using directives detected in multiple files. It is recommended to keep them centralized in the /home/casperh/GitHub/Computer-Science-ITU/project.scala file.[0m
2025.09.09 07:59:47 INFO  BSP server: [warn] ./advanced-programming/excercises/03-option/project.scala:1:1[0m
2025.09.09 07:59:47 INFO  BSP server: [warn] Using directives detected in multiple files. It is recommended to keep them centralized in the /home/casperh/GitHub/Computer-Science-ITU/project.scala file.[0m
2025.09.09 07:59:47 INFO  BSP server: [hint] ./advanced-programming/excercises/01week-intro/project.scala:4:21[0m
2025.09.09 07:59:47 INFO  BSP server: [hint] "scalacheck is outdated, update to 1.19.0"[0m
2025.09.09 07:59:47 INFO  BSP server: [hint]      scalacheck 1.18.1 -> org.scalacheck::scalacheck:1.19.0[0m
2025.09.09 07:59:47 INFO  BSP server: [hint] //> using test.dep "org.scalacheck::scalacheck:1.18.1"[0m
2025.09.09 07:59:47 INFO  BSP server: [hint]                     ^^^^^^^^^^^^^^^^^^^^^^^^^^^^^^^^^[0m
2025.09.09 07:59:50 INFO  compiling computer-science-itu_d5c0a6989e (10 scala sources and 1 java source)[0m
2025.09.09 07:59:52 INFO  time: compiled Computer-Science-ITU_d5c0a6989e in 1.97s[0m
2025.09.09 07:59:52 INFO  compiling computer-science-itu_d5c0a6989e (10 scala sources and 1 java source)[0m
2025.09.09 07:59:52 INFO  time: compiled Computer-Science-ITU_d5c0a6989e in 0.92s[0m
2025.09.09 08:00:50 INFO  BSP server: [warn] ./advanced-programming/excercises/01week-intro/project.scala:1:1[0m
2025.09.09 08:00:50 INFO  BSP server: [warn] Using directives detected in multiple files. It is recommended to keep them centralized in the /home/casperh/GitHub/Computer-Science-ITU/project.scala file.[0m
2025.09.09 08:00:50 INFO  BSP server: [warn] ./advanced-programming/excercises/02-adt/project.scala:1:1[0m
2025.09.09 08:00:50 INFO  BSP server: [warn] Using directives detected in multiple files. It is recommended to keep them centralized in the /home/casperh/GitHub/Computer-Science-ITU/project.scala file.[0m
2025.09.09 08:00:50 INFO  BSP server: [warn] ./advanced-programming/excercises/03-option/project.scala:1:1[0m
2025.09.09 08:00:50 INFO  BSP server: [warn] Using directives detected in multiple files. It is recommended to keep them centralized in the /home/casperh/GitHub/Computer-Science-ITU/project.scala file.[0m
2025.09.09 08:00:50 INFO  BSP server: [hint] ./advanced-programming/excercises/01week-intro/project.scala:4:21[0m
2025.09.09 08:00:50 INFO  BSP server: [hint] "scalacheck is outdated, update to 1.19.0"[0m
2025.09.09 08:00:50 INFO  BSP server: [hint]      scalacheck 1.18.1 -> org.scalacheck::scalacheck:1.19.0[0m
2025.09.09 08:00:50 INFO  BSP server: [hint] //> using test.dep "org.scalacheck::scalacheck:1.18.1"[0m
2025.09.09 08:00:50 INFO  BSP server: [hint]                     ^^^^^^^^^^^^^^^^^^^^^^^^^^^^^^^^^[0m
2025.09.09 08:00:50 INFO  compiling computer-science-itu_d5c0a6989e (10 scala sources and 1 java source)[0m
2025.09.09 08:00:50 INFO  time: compiled Computer-Science-ITU_d5c0a6989e in 0.57s[0m
2025.09.09 08:00:50 INFO  compiling computer-science-itu_d5c0a6989e (10 scala sources and 1 java source)[0m
2025.09.09 08:00:50 INFO  time: compiled Computer-Science-ITU_d5c0a6989e in 0.35s[0m
2025.09.09 08:01:05 INFO  BSP server: [warn] ./advanced-programming/excercises/01week-intro/project.scala:1:1[0m
2025.09.09 08:01:05 INFO  BSP server: [warn] Using directives detected in multiple files. It is recommended to keep them centralized in the /home/casperh/GitHub/Computer-Science-ITU/project.scala file.[0m
2025.09.09 08:01:05 INFO  BSP server: [warn] ./advanced-programming/excercises/02-adt/project.scala:1:1[0m
2025.09.09 08:01:05 INFO  BSP server: [warn] Using directives detected in multiple files. It is recommended to keep them centralized in the /home/casperh/GitHub/Computer-Science-ITU/project.scala file.[0m
2025.09.09 08:01:05 INFO  BSP server: [warn] ./advanced-programming/excercises/03-option/project.scala:1:1[0m
2025.09.09 08:01:05 INFO  BSP server: [warn] Using directives detected in multiple files. It is recommended to keep them centralized in the /home/casperh/GitHub/Computer-Science-ITU/project.scala file.[0m
2025.09.09 08:01:05 INFO  BSP server: [hint] ./advanced-programming/excercises/01week-intro/project.scala:4:21[0m
2025.09.09 08:01:05 INFO  BSP server: [hint] "scalacheck is outdated, update to 1.19.0"[0m
2025.09.09 08:01:05 INFO  BSP server: [hint]      scalacheck 1.18.1 -> org.scalacheck::scalacheck:1.19.0[0m
2025.09.09 08:01:05 INFO  BSP server: [hint] //> using test.dep "org.scalacheck::scalacheck:1.18.1"[0m
2025.09.09 08:01:05 INFO  BSP server: [hint]                     ^^^^^^^^^^^^^^^^^^^^^^^^^^^^^^^^^[0m
2025.09.09 08:01:05 INFO  compiling computer-science-itu_d5c0a6989e (10 scala sources and 1 java source)[0m
2025.09.09 08:01:08 INFO  time: compiled Computer-Science-ITU_d5c0a6989e in 3.23s[0m
2025.09.09 08:01:08 INFO  compiling computer-science-itu_d5c0a6989e (1 scala source)[0m
2025.09.09 08:01:08 INFO  compiling computer-science-itu_d5c0a6989e-test (4 scala sources)[0m
2025.09.09 08:01:08 INFO  time: compiled Computer-Science-ITU_d5c0a6989e in 0.91s[0m
2025.09.09 08:01:13 INFO  time: compiled Computer-Science-ITU_d5c0a6989e-test in 3.83s[0m
2025.09.09 08:01:28 INFO  BSP server: [warn] ./advanced-programming/excercises/01week-intro/project.scala:1:1[0m
2025.09.09 08:01:28 INFO  BSP server: [warn] Using directives detected in multiple files. It is recommended to keep them centralized in the /home/casperh/GitHub/Computer-Science-ITU/project.scala file.[0m
2025.09.09 08:01:28 INFO  BSP server: [warn] ./advanced-programming/excercises/02-adt/project.scala:1:1[0m
2025.09.09 08:01:28 INFO  BSP server: [warn] Using directives detected in multiple files. It is recommended to keep them centralized in the /home/casperh/GitHub/Computer-Science-ITU/project.scala file.[0m
2025.09.09 08:01:28 INFO  BSP server: [warn] ./advanced-programming/excercises/03-option/project.scala:1:1[0m
2025.09.09 08:01:28 INFO  BSP server: [warn] Using directives detected in multiple files. It is recommended to keep them centralized in the /home/casperh/GitHub/Computer-Science-ITU/project.scala file.[0m
2025.09.09 08:01:28 INFO  BSP server: [hint] ./advanced-programming/excercises/01week-intro/project.scala:4:21[0m
2025.09.09 08:01:28 INFO  BSP server: [hint] "scalacheck is outdated, update to 1.19.0"[0m
2025.09.09 08:01:28 INFO  BSP server: [hint]      scalacheck 1.18.1 -> org.scalacheck::scalacheck:1.19.0[0m
2025.09.09 08:01:28 INFO  BSP server: [hint] //> using test.dep "org.scalacheck::scalacheck:1.18.1"[0m
2025.09.09 08:01:28 INFO  BSP server: [hint]                     ^^^^^^^^^^^^^^^^^^^^^^^^^^^^^^^^^[0m
2025.09.09 08:01:28 INFO  compiling computer-science-itu_d5c0a6989e (1 scala source)[0m
2025.09.09 08:01:28 INFO  time: compiled Computer-Science-ITU_d5c0a6989e in 0.72s[0m
2025.09.09 08:08:33 INFO  BSP server: [warn] ./advanced-programming/excercises/01week-intro/project.scala:1:1[0m
2025.09.09 08:08:33 INFO  BSP server: [warn] Using directives detected in multiple files. It is recommended to keep them centralized in the /home/casperh/GitHub/Computer-Science-ITU/project.scala file.[0m
2025.09.09 08:08:33 INFO  BSP server: [warn] ./advanced-programming/excercises/02-adt/project.scala:1:1[0m
2025.09.09 08:08:33 INFO  BSP server: [warn] Using directives detected in multiple files. It is recommended to keep them centralized in the /home/casperh/GitHub/Computer-Science-ITU/project.scala file.[0m
2025.09.09 08:08:33 INFO  BSP server: [warn] ./advanced-programming/excercises/03-option/project.scala:1:1[0m
2025.09.09 08:08:33 INFO  BSP server: [warn] Using directives detected in multiple files. It is recommended to keep them centralized in the /home/casperh/GitHub/Computer-Science-ITU/project.scala file.[0m
2025.09.09 08:08:33 INFO  BSP server: [hint] ./advanced-programming/excercises/01week-intro/project.scala:4:21[0m
2025.09.09 08:08:33 INFO  BSP server: [hint] "scalacheck is outdated, update to 1.19.0"[0m
2025.09.09 08:08:33 INFO  BSP server: [hint]      scalacheck 1.18.1 -> org.scalacheck::scalacheck:1.19.0[0m
2025.09.09 08:08:33 INFO  BSP server: [hint] //> using test.dep "org.scalacheck::scalacheck:1.18.1"[0m
2025.09.09 08:08:33 INFO  BSP server: [hint]                     ^^^^^^^^^^^^^^^^^^^^^^^^^^^^^^^^^[0m
2025.09.09 08:08:33 INFO  compiling computer-science-itu_d5c0a6989e (1 scala source)[0m
2025.09.09 08:08:40 INFO  time: compiled Computer-Science-ITU_d5c0a6989e in 6.5s[0m
2025.09.09 08:10:13 INFO  BSP server: [warn] ./advanced-programming/excercises/01week-intro/project.scala:1:1[0m
2025.09.09 08:10:13 INFO  BSP server: [warn] Using directives detected in multiple files. It is recommended to keep them centralized in the /home/casperh/GitHub/Computer-Science-ITU/project.scala file.[0m
2025.09.09 08:10:13 INFO  BSP server: [warn] ./advanced-programming/excercises/02-adt/project.scala:1:1[0m
2025.09.09 08:10:13 INFO  BSP server: [warn] Using directives detected in multiple files. It is recommended to keep them centralized in the /home/casperh/GitHub/Computer-Science-ITU/project.scala file.[0m
2025.09.09 08:10:13 INFO  BSP server: [warn] ./advanced-programming/excercises/03-option/project.scala:1:1[0m
2025.09.09 08:10:13 INFO  BSP server: [warn] Using directives detected in multiple files. It is recommended to keep them centralized in the /home/casperh/GitHub/Computer-Science-ITU/project.scala file.[0m
2025.09.09 08:10:13 INFO  BSP server: [hint] ./advanced-programming/excercises/01week-intro/project.scala:4:21[0m
2025.09.09 08:10:13 INFO  BSP server: [hint] "scalacheck is outdated, update to 1.19.0"[0m
2025.09.09 08:10:13 INFO  BSP server: [hint]      scalacheck 1.18.1 -> org.scalacheck::scalacheck:1.19.0[0m
2025.09.09 08:10:13 INFO  BSP server: [hint] //> using test.dep "org.scalacheck::scalacheck:1.18.1"[0m
2025.09.09 08:10:13 INFO  BSP server: [hint]                     ^^^^^^^^^^^^^^^^^^^^^^^^^^^^^^^^^[0m
2025.09.09 08:10:14 INFO  compiling computer-science-itu_d5c0a6989e (1 scala source)[0m
2025.09.09 08:10:16 INFO  time: compiled Computer-Science-ITU_d5c0a6989e in 2.19s[0m
2025.09.09 08:10:16 INFO  compiling computer-science-itu_d5c0a6989e (1 scala source)[0m
2025.09.09 08:10:17 INFO  time: compiled Computer-Science-ITU_d5c0a6989e in 0.93s[0m
2025.09.09 08:10:51 INFO  BSP server: [warn] ./advanced-programming/excercises/01week-intro/project.scala:1:1[0m
2025.09.09 08:10:51 INFO  BSP server: [warn] Using directives detected in multiple files. It is recommended to keep them centralized in the /home/casperh/GitHub/Computer-Science-ITU/project.scala file.[0m
2025.09.09 08:10:51 INFO  BSP server: [warn] ./advanced-programming/excercises/02-adt/project.scala:1:1[0m
2025.09.09 08:10:51 INFO  BSP server: [warn] Using directives detected in multiple files. It is recommended to keep them centralized in the /home/casperh/GitHub/Computer-Science-ITU/project.scala file.[0m
2025.09.09 08:10:51 INFO  BSP server: [warn] ./advanced-programming/excercises/03-option/project.scala:1:1[0m
2025.09.09 08:10:51 INFO  BSP server: [warn] Using directives detected in multiple files. It is recommended to keep them centralized in the /home/casperh/GitHub/Computer-Science-ITU/project.scala file.[0m
2025.09.09 08:10:51 INFO  BSP server: [hint] ./advanced-programming/excercises/01week-intro/project.scala:4:21[0m
2025.09.09 08:10:51 INFO  BSP server: [hint] "scalacheck is outdated, update to 1.19.0"[0m
2025.09.09 08:10:51 INFO  BSP server: [hint]      scalacheck 1.18.1 -> org.scalacheck::scalacheck:1.19.0[0m
2025.09.09 08:10:51 INFO  BSP server: [hint] //> using test.dep "org.scalacheck::scalacheck:1.18.1"[0m
2025.09.09 08:10:51 INFO  BSP server: [hint]                     ^^^^^^^^^^^^^^^^^^^^^^^^^^^^^^^^^[0m
2025.09.09 08:10:51 INFO  time: compiled Computer-Science-ITU_d5c0a6989e in 18ms[0m
2025.09.09 08:10:51 INFO  time: compiled Computer-Science-ITU_d5c0a6989e-test in 32ms[0m
2025.09.09 08:11:24 INFO  BSP server: [warn] ./advanced-programming/excercises/01week-intro/project.scala:1:1[0m
2025.09.09 08:11:24 INFO  BSP server: [warn] Using directives detected in multiple files. It is recommended to keep them centralized in the /home/casperh/GitHub/Computer-Science-ITU/project.scala file.[0m
2025.09.09 08:11:24 INFO  BSP server: [warn] ./advanced-programming/excercises/02-adt/project.scala:1:1[0m
2025.09.09 08:11:24 INFO  BSP server: [warn] Using directives detected in multiple files. It is recommended to keep them centralized in the /home/casperh/GitHub/Computer-Science-ITU/project.scala file.[0m
2025.09.09 08:11:24 INFO  BSP server: [warn] ./advanced-programming/excercises/03-option/project.scala:1:1[0m
2025.09.09 08:11:24 INFO  BSP server: [warn] Using directives detected in multiple files. It is recommended to keep them centralized in the /home/casperh/GitHub/Computer-Science-ITU/project.scala file.[0m
2025.09.09 08:11:24 INFO  BSP server: [hint] ./advanced-programming/excercises/01week-intro/project.scala:4:21[0m
2025.09.09 08:11:24 INFO  BSP server: [hint] "scalacheck is outdated, update to 1.19.0"[0m
2025.09.09 08:11:24 INFO  BSP server: [hint]      scalacheck 1.18.1 -> org.scalacheck::scalacheck:1.19.0[0m
2025.09.09 08:11:24 INFO  BSP server: [hint] //> using test.dep "org.scalacheck::scalacheck:1.18.1"[0m
2025.09.09 08:11:24 INFO  BSP server: [hint]                     ^^^^^^^^^^^^^^^^^^^^^^^^^^^^^^^^^[0m
2025.09.09 08:11:24 INFO  compiling computer-science-itu_d5c0a6989e (1 scala source)[0m
2025.09.09 08:11:25 INFO  time: compiled Computer-Science-ITU_d5c0a6989e in 1.81s[0m
2025.09.09 08:11:25 INFO  compiling computer-science-itu_d5c0a6989e (1 scala source)[0m
2025.09.09 08:11:27 INFO  time: compiled Computer-Science-ITU_d5c0a6989e in 1.08s[0m
2025.09.09 08:12:07 INFO  BSP server: [warn] ./advanced-programming/excercises/01week-intro/project.scala:1:1[0m
2025.09.09 08:12:07 INFO  BSP server: [warn] Using directives detected in multiple files. It is recommended to keep them centralized in the /home/casperh/GitHub/Computer-Science-ITU/project.scala file.[0m
2025.09.09 08:12:07 INFO  BSP server: [warn] ./advanced-programming/excercises/02-adt/project.scala:1:1[0m
2025.09.09 08:12:07 INFO  BSP server: [warn] Using directives detected in multiple files. It is recommended to keep them centralized in the /home/casperh/GitHub/Computer-Science-ITU/project.scala file.[0m
2025.09.09 08:12:07 INFO  BSP server: [warn] ./advanced-programming/excercises/03-option/project.scala:1:1[0m
2025.09.09 08:12:07 INFO  BSP server: [warn] Using directives detected in multiple files. It is recommended to keep them centralized in the /home/casperh/GitHub/Computer-Science-ITU/project.scala file.[0m
2025.09.09 08:12:07 INFO  BSP server: [hint] ./advanced-programming/excercises/01week-intro/project.scala:4:21[0m
2025.09.09 08:12:07 INFO  BSP server: [hint] "scalacheck is outdated, update to 1.19.0"[0m
2025.09.09 08:12:07 INFO  BSP server: [hint]      scalacheck 1.18.1 -> org.scalacheck::scalacheck:1.19.0[0m
2025.09.09 08:12:07 INFO  BSP server: [hint] //> using test.dep "org.scalacheck::scalacheck:1.18.1"[0m
2025.09.09 08:12:07 INFO  BSP server: [hint]                     ^^^^^^^^^^^^^^^^^^^^^^^^^^^^^^^^^[0m
2025.09.09 08:12:07 INFO  compiling computer-science-itu_d5c0a6989e (1 scala source)[0m
2025.09.09 08:12:07 INFO  time: compiled Computer-Science-ITU_d5c0a6989e in 0.73s[0m
2025.09.09 08:15:44 INFO  Shutting down server[0m
2025.09.09 08:15:44 INFO  shutting down Metals[0m
2025.09.09 08:15:44 INFO  Shut down connection with build server.[0m
2025.09.09 08:15:44 INFO  BSP server: Sep 09, 2025 8:15:44 AM org.eclipse.lsp4j.jsonrpc.RemoteEndpoint handleNotification[0m
2025.09.09 08:15:44 INFO  BSP server: WARNING: Notification threw an exception: {[0m
2025.09.09 08:15:44 INFO  BSP server:   "jsonrpc": "2.0",[0m
2025.09.09 08:15:44 INFO  BSP server:   "method": "build/exit",[0m
2025.09.09 08:15:44 INFO  BSP server:   "params": null[0m
2025.09.09 08:15:44 INFO  BSP server: }[0m
2025.09.09 08:15:44 INFO  BSP server: java.lang.RuntimeException: java.lang.reflect.InvocationTargetException[0m
2025.09.09 08:15:44 INFO  BSP server: 	at org.eclipse.lsp4j.jsonrpc.services.GenericEndpoint.lambda$null$0(GenericEndpoint.java:67)[0m
2025.09.09 08:15:44 INFO  BSP server: 	at org.eclipse.lsp4j.jsonrpc.services.GenericEndpoint.notify(GenericEndpoint.java:152)[0m
2025.09.09 08:15:44 INFO  BSP server: 	at org.eclipse.lsp4j.jsonrpc.RemoteEndpoint.handleNotification(RemoteEndpoint.java:220)[0m
2025.09.09 08:15:44 INFO  BSP server: 	at org.eclipse.lsp4j.jsonrpc.RemoteEndpoint.consume(RemoteEndpoint.java:187)[0m
2025.09.09 08:15:44 INFO  BSP server: 	at org.eclipse.lsp4j.jsonrpc.json.StreamMessageProducer.handleMessage(StreamMessageProducer.java:194)[0m
2025.09.09 08:15:44 INFO  BSP server: 	at org.eclipse.lsp4j.jsonrpc.json.StreamMessageProducer.listen(StreamMessageProducer.java:94)[0m
2025.09.09 08:15:44 INFO  BSP server: 	at org.eclipse.lsp4j.jsonrpc.json.ConcurrentMessageProcessor.run(ConcurrentMessageProcessor.java:113)[0m
2025.09.09 08:15:44 INFO  BSP server: 	at java.base@17.0.6/java.util.concurrent.Executors$RunnableAdapter.call(Executors.java:539)[0m
2025.09.09 08:15:44 INFO  BSP server: 	at java.base@17.0.6/java.util.concurrent.FutureTask.run(FutureTask.java:264)[0m
2025.09.09 08:15:44 INFO  BSP server: 	at java.base@17.0.6/java.util.concurrent.ThreadPoolExecutor.runWorker(ThreadPoolExecutor.java:1136)[0m
2025.09.09 08:15:44 INFO  BSP server: 	at java.base@17.0.6/java.util.concurrent.ThreadPoolExecutor$Worker.run(ThreadPoolExecutor.java:635)[0m
2025.09.09 08:15:44 INFO  BSP server: 	at java.base@17.0.6/java.lang.Thread.run(Thread.java:833)[0m
2025.09.09 08:15:44 INFO  BSP server: 	at com.oracle.svm.core.thread.PlatformThreads.threadStartRoutine(PlatformThreads.java:775)[0m
2025.09.09 08:15:44 INFO  BSP server: 	at com.oracle.svm.core.posix.thread.PosixPlatformThreads.pthreadStartRoutine(PosixPlatformThreads.java:203)[0m
2025.09.09 08:15:44 INFO  BSP server: Caused by: java.lang.reflect.InvocationTargetException[0m
2025.09.09 08:15:44 INFO  BSP server: 	at java.base@17.0.6/java.lang.reflect.Method.invoke(Method.java:568)[0m
2025.09.09 08:15:44 INFO  BSP server: 	at org.eclipse.lsp4j.jsonrpc.services.GenericEndpoint.lambda$null$0(GenericEndpoint.java:65)[0m
2025.09.09 08:15:44 INFO  BSP server: 	... 13 more[0m
2025.09.09 08:15:44 INFO  BSP server: Caused by: java.lang.RuntimeException: BSP server not initialized yet[0m
2025.09.09 08:15:44 INFO  BSP server: 	at scala.sys.package$.error(package.scala:27)[0m
2025.09.09 08:15:44 INFO  BSP server: 	at scala.build.bsp.BloopSession$Reference.get(BloopSession.scala:70)[0m
2025.09.09 08:15:44 INFO  BSP server: 	at scala.build.bsp.BspImpl.$anonfun$11(BspImpl.scala:475)[0m
2025.09.09 08:15:44 INFO  BSP server: 	at scala.build.bsp.BuildServerProxy.onBuildExit(BuildServerProxy.scala:29)[0m
2025.09.09 08:15:44 INFO  BSP server: 	... 15 more[0m
2025.09.09 08:15:44 INFO  BSP server: [0m
Exception in thread "pool-9-thread-1" java.lang.InterruptedException
	at scala.meta.internal.metals.FutureCancelToken.checkCanceled(FutureCancelToken.scala:29)
	at scala.meta.internal.pc.CompilerAccess.onCompilerJobQueue$$anonfun$1(CompilerAccess.scala:208)
	at scala.meta.internal.pc.CompilerJobQueue$Job.run(CompilerJobQueue.scala:153)
	at java.base/java.util.concurrent.ThreadPoolExecutor.runWorker(ThreadPoolExecutor.java:1136)
	at java.base/java.util.concurrent.ThreadPoolExecutor$Worker.run(ThreadPoolExecutor.java:635)
	at java.base/java.lang.Thread.run(Thread.java:840)
Exception in thread "pool-9-thread-2" java.lang.InterruptedException
	at scala.meta.internal.metals.FutureCancelToken.checkCanceled(FutureCancelToken.scala:29)
	at scala.meta.internal.pc.CompilerAccess.onCompilerJobQueue$$anonfun$1(CompilerAccess.scala:208)
	at scala.meta.internal.pc.CompilerJobQueue$Job.run(CompilerJobQueue.scala:153)
	at java.base/java.util.concurrent.ThreadPoolExecutor.runWorker(ThreadPoolExecutor.java:1136)
	at java.base/java.util.concurrent.ThreadPoolExecutor$Worker.run(ThreadPoolExecutor.java:635)
	at java.base/java.lang.Thread.run(Thread.java:840)
2025.09.09 08:15:44 INFO  Exiting server[0m
